<?xml version="1.0" encoding="utf-8"?>
<TestRun id="f7c477f8-f840-451b-b462-145f26c27ef2" name="novik@TIM 2026-09-05 20:32:05" runUser="TIM\novik" xmlns="http://microsoft.com/schemas/VisualStudio/TeamTest/2010">
  <Times creation="2026-09-05T20:32:05.0980316+03:00" queuing="2026-09-05T20:32:05.0980320+03:00" start="2026-09-05T20:32:04.0128176+03:00" finish="2026-09-05T20:32:07.7026810+03:00" />
  <TestSettings name="default" id="ac1681a6-2f98-46d7-83ae-1d9c1a4b0caf">
    <Deployment runDeploymentRoot="novik_TIM_2026-09-05_20_32_05" />
  </TestSettings>
  <Results>
    <UnitTestResult executionId="3cbc15d2-2ce5-41cf-b1ee-e252e21d8a40" testId="eb8e4d3f-4e78-dce7-7a6f-c3bfa927a150" testName="Task.Desktop.Tests.DesktopAuthApiClientTests.ChangePassword_Problem_MapsStableCode(status: Unauthorized, code: &quot;SESSION_EXPIRED&quot;, expected: SessionExpired)" computerName="TIM" duration="00:00:00.0000264" startTime="2026-09-05T20:32:05.1525391+03:00" endTime="2026-09-05T20:32:05.1525714+03:00" testType="13cdc9d9-ddb5-4fa4-a97d-d965ccfc6d4b" outcome="Passed" testListId="8c84fa94-04c1-424b-9868-57a2d4851a1d" relativeResultsDirectory="3cbc15d2-2ce5-41cf-b1ee-e252e21d8a40" />
    <UnitTestResult executionId="e7dba439-3a32-4e45-8aa8-f67990e48c8a" testId="d5270f45-de07-8cd5-5c04-c22881d040d4" testName="Task.Desktop.Tests.Calendar.RecurrencePaneTests.TransientSaveRetry_ReusesIdempotencyKey" computerName="TIM" duration="00:00:00.0267603" startTime="2026-09-05T20:32:05.2633557+03:00" endTime="2026-09-05T20:32:05.2896834+03:00" testType="13cdc9d9-ddb5-4fa4-a97d-d965ccfc6d4b" outcome="Passed" testListId="8c84fa94-04c1-424b-9868-57a2d4851a1d" relativeResultsDirectory="e7dba439-3a32-4e45-8aa8-f67990e48c8a" />
    <UnitTestResult executionId="7e37d21f-c89f-40d9-8a8f-f50e4aa869c2" testId="e640218d-e8f4-9a14-db1d-6601549ee3f5" testName="Task.Desktop.Tests.TaskApi.DesktopTasksApiClientTests.RequiredOrInvalidTaskFields_ReturnMalformedResponse" computerName="TIM" duration="00:00:00.0038358" startTime="2026-09-05T20:32:05.2950033+03:00" endTime="2026-09-05T20:32:05.2995561+03:00" testType="13cdc9d9-ddb5-4fa4-a97d-d965ccfc6d4b" outcome="Passed" testListId="8c84fa94-04c1-424b-9868-57a2d4851a1d" relativeResultsDirectory="7e37d21f-c89f-40d9-8a8f-f50e4aa869c2" />
    <UnitTestResult executionId="7fe1f809-d01f-47c1-9e0c-8e2d8e018f84" testId="de8e52e6-d645-8980-49f1-934604e12b7a" testName="Task.Desktop.Tests.AuthWorkflowViewModelTests.LoginCommand_Cancellation_IsContainedAndClearsPassword" computerName="TIM" duration="00:00:00.0161477" startTime="2026-09-05T20:32:05.4037836+03:00" endTime="2026-09-05T20:32:05.4220192+03:00" testType="13cdc9d9-ddb5-4fa4-a97d-d965ccfc6d4b" outcome="Passed" testListId="8c84fa94-04c1-424b-9868-57a2d4851a1d" relativeResultsDirectory="7fe1f809-d01f-47c1-9e0c-8e2d8e018f84" />
    <UnitTestResult executionId="9afc9354-24e8-4bee-871c-8eb5bbad406d" testId="6d1e626c-d656-d796-d96b-39857e7d19a8" testName="Task.Desktop.Tests.DesktopCredentialVaultTests.CorruptPayload_InvalidButDecryptable_ReturnsNull_AndIsolatesFile(payload: &quot;null&quot;)" computerName="TIM" duration="00:00:00.0114722" startTime="2026-09-05T20:32:05.2114564+03:00" endTime="2026-09-05T20:32:05.2228584+03:00" testType="13cdc9d9-ddb5-4fa4-a97d-d965ccfc6d4b" outcome="Passed" testListId="8c84fa94-04c1-424b-9868-57a2d4851a1d" relativeResultsDirectory="9afc9354-24e8-4bee-871c-8eb5bbad406d" />
    <UnitTestResult executionId="920f38a9-ceec-4532-9284-c7a2e6e8eee9" testId="787b1d5f-cbac-3eaf-1314-7a6681fb9f36" testName="Task.Desktop.Tests.TaskScreen.TasksViewModelTests.TransitionRevoke_CancelsPendingConfirmationAndBlocksApiCall" computerName="TIM" duration="00:00:00.0018240" startTime="2026-09-05T20:32:07.5011129+03:00" endTime="2026-09-05T20:32:07.5028730+03:00" testType="13cdc9d9-ddb5-4fa4-a97d-d965ccfc6d4b" outcome="Passed" testListId="8c84fa94-04c1-424b-9868-57a2d4851a1d" relativeResultsDirectory="920f38a9-ceec-4532-9284-c7a2e6e8eee9" />
    <UnitTestResult executionId="d915a5db-3ce5-4cd9-9eb9-c506264ff3bb" testId="2f3db7e2-8fec-4e6e-8978-d1cbc9680b89" testName="Task.Desktop.Tests.VisualFoundationTests.PriorityMapping_IsTextPlusDirectionalShapeAndSemanticTone(priority: Low, expectedIcon: &quot;Task.Icon.Priority.Low&quot;, expectedTone: Success)" computerName="TIM" duration="00:00:00.0003655" startTime="2026-09-05T20:32:05.1052820+03:00" endTime="2026-09-05T20:32:05.1054347+03:00" testType="13cdc9d9-ddb5-4fa4-a97d-d965ccfc6d4b" outcome="Passed" testListId="8c84fa94-04c1-424b-9868-57a2d4851a1d" relativeResultsDirectory="d915a5db-3ce5-4cd9-9eb9-c506264ff3bb" />
    <UnitTestResult executionId="1ee1ffe9-2fd9-47a5-8deb-b3fcbe2bef21" testId="19f1b1cb-ee1d-563c-9e6c-5f5ea2a2aba2" testName="Task.Desktop.Tests.SessionServiceTests.Login_CanceledDuringSessionConfirmation_ClearsPartialSession" computerName="TIM" duration="00:00:00.0055411" startTime="2026-09-05T20:32:06.1400358+03:00" endTime="2026-09-05T20:32:06.1447112+03:00" testType="13cdc9d9-ddb5-4fa4-a97d-d965ccfc6d4b" outcome="Passed" testListId="8c84fa94-04c1-424b-9868-57a2d4851a1d" relativeResultsDirectory="1ee1ffe9-2fd9-47a5-8deb-b3fcbe2bef21" />
    <UnitTestResult executionId="c7ed69e8-8449-45da-92db-512419064615" testId="64b270a8-d9b9-eab1-47a5-0db3a8e20a4d" testName="Task.Desktop.Tests.DesktopAuthApiClientTests.GetSession_NetworkError_ReturnsNetworkFailure" computerName="TIM" duration="00:00:00.0006373" startTime="2026-09-05T20:32:05.2639336+03:00" endTime="2026-09-05T20:32:05.2644192+03:00" testType="13cdc9d9-ddb5-4fa4-a97d-d965ccfc6d4b" outcome="Passed" testListId="8c84fa94-04c1-424b-9868-57a2d4851a1d" relativeResultsDirectory="c7ed69e8-8449-45da-92db-512419064615" />
    <UnitTestResult executionId="1b51b781-6996-41fc-849d-b1c10bc864b7" testId="ce06116c-5ca5-ef77-aa7d-7e65ec139319" testName="Task.Desktop.Tests.Calendar.CalendarModesTests.UtcRange_UsesLocalMidnightsForLeapDay" computerName="TIM" duration="00:00:00.0004893" startTime="2026-09-05T20:32:05.0858256+03:00" endTime="2026-09-05T20:32:05.0858591+03:00" testType="13cdc9d9-ddb5-4fa4-a97d-d965ccfc6d4b" outcome="Passed" testListId="8c84fa94-04c1-424b-9868-57a2d4851a1d" relativeResultsDirectory="1b51b781-6996-41fc-849d-b1c10bc864b7" />
    <UnitTestResult executionId="8dd1eb1a-82d9-4e4f-a487-9900b70bd81d" testId="f2729453-a0d2-6eff-835e-ed31b05ac417" testName="Task.Desktop.Tests.DesktopCredentialVaultTests.CorruptFile_VersionOneFileWithoutDeviceKey_ReturnsNull_AndIsolatesFile" computerName="TIM" duration="00:00:00.1569916" startTime="2026-09-05T20:32:05.0353006+03:00" endTime="2026-09-05T20:32:05.1651220+03:00" testType="13cdc9d9-ddb5-4fa4-a97d-d965ccfc6d4b" outcome="Passed" testListId="8c84fa94-04c1-424b-9868-57a2d4851a1d" relativeResultsDirectory="8dd1eb1a-82d9-4e4f-a487-9900b70bd81d" />
    <UnitTestResult executionId="1bb94510-c2fd-4c94-9c4e-8908bf1d70d1" testId="0d8913a6-43b9-4edb-a25b-d00d78fb7062" testName="Task.Desktop.Tests.TaskScreen.TasksViewModelTests.SelectingTask_NotFound_ShowsObjectDisappearedState" computerName="TIM" duration="00:00:00.0013000" startTime="2026-09-05T20:32:05.3014021+03:00" endTime="2026-09-05T20:32:05.3026096+03:00" testType="13cdc9d9-ddb5-4fa4-a97d-d965ccfc6d4b" outcome="Passed" testListId="8c84fa94-04c1-424b-9868-57a2d4851a1d" relativeResultsDirectory="1bb94510-c2fd-4c94-9c4e-8908bf1d70d1" />
    <UnitTestResult executionId="80a2df38-1491-4c33-94d6-e711e8556fbd" testId="61774726-f036-8830-effb-8c059f94b56b" testName="Task.Desktop.Tests.DesktopAuthApiClientTests.Login_HttpClientTimeout_ReturnsNetworkFailure" computerName="TIM" duration="00:00:00.0613161" startTime="2026-09-05T20:32:05.1971275+03:00" endTime="2026-09-05T20:32:05.2610387+03:00" testType="13cdc9d9-ddb5-4fa4-a97d-d965ccfc6d4b" outcome="Passed" testListId="8c84fa94-04c1-424b-9868-57a2d4851a1d" relativeResultsDirectory="80a2df38-1491-4c33-94d6-e711e8556fbd" />
    <UnitTestResult executionId="64618250-7571-4ef2-bff6-cc28f9a9f453" testId="cb3a65b4-6367-bb55-a69f-b99601a7c653" testName="Task.Desktop.Tests.TaskScreen.TasksViewModelTests.EmptyPage_CreateCommandTracksActivationAndRaisesCanExecuteChanged" computerName="TIM" duration="00:00:00.0008882" startTime="2026-09-05T20:32:05.2797437+03:00" endTime="2026-09-05T20:32:05.2805596+03:00" testType="13cdc9d9-ddb5-4fa4-a97d-d965ccfc6d4b" outcome="Passed" testListId="8c84fa94-04c1-424b-9868-57a2d4851a1d" relativeResultsDirectory="64618250-7571-4ef2-bff6-cc28f9a9f453" />
    <UnitTestResult executionId="f40781f6-66af-41d8-8d17-4edd95c21ef9" testId="d53992b5-80cc-bba7-4a1a-68a647f9f584" testName="Task.Desktop.Tests.DesktopAuthApiClientTests.Login_NonJsonErrorBody_ReturnsMalformedResponse" computerName="TIM" duration="00:00:00.0010593" startTime="2026-09-05T20:32:05.1747941+03:00" endTime="2026-09-05T20:32:05.1749874+03:00" testType="13cdc9d9-ddb5-4fa4-a97d-d965ccfc6d4b" outcome="Passed" testListId="8c84fa94-04c1-424b-9868-57a2d4851a1d" relativeResultsDirectory="f40781f6-66af-41d8-8d17-4edd95c21ef9" />
    <UnitTestResult executionId="3d8e05b7-2fd8-46a0-9800-c88b9b5bb204" testId="1ecf7954-b079-f7bb-579b-f341ba27ac71" testName="Task.Desktop.Tests.AuthWorkflowViewModelTests.Login_SuccessWithConfirmedSession_TransitionsToReady" computerName="TIM" duration="00:00:00.0141846" startTime="2026-09-05T20:32:05.2019672+03:00" endTime="2026-09-05T20:32:05.2163191+03:00" testType="13cdc9d9-ddb5-4fa4-a97d-d965ccfc6d4b" outcome="Passed" testListId="8c84fa94-04c1-424b-9868-57a2d4851a1d" relativeResultsDirectory="3d8e05b7-2fd8-46a0-9800-c88b9b5bb204" />
    <UnitTestResult executionId="c283a89a-a7a5-43ae-be4b-9f30c97d79c9" testId="69d2dd46-7214-affb-7ac5-6503196cdb05" testName="Task.Desktop.Tests.MainWindowViewModelTests.EverySection_HasUniqueNonEmptyRoute" computerName="TIM" duration="00:00:00.0005318" startTime="2026-09-05T20:32:05.0943686+03:00" endTime="2026-09-05T20:32:05.1041006+03:00" testType="13cdc9d9-ddb5-4fa4-a97d-d965ccfc6d4b" outcome="Passed" testListId="8c84fa94-04c1-424b-9868-57a2d4851a1d" relativeResultsDirectory="c283a89a-a7a5-43ae-be4b-9f30c97d79c9" />
    <UnitTestResult executionId="2305c1f3-9458-43f7-8173-f022ef0634d5" testId="a083531b-56c9-b0ec-a1d4-d370bcb984c2" testName="Task.Desktop.Tests.DesktopAuthApiClientTests.ChangePassword_Problem_MapsStableCode(status: Unauthorized, code: &quot;INVALID_CREDENTIALS&quot;, expected: InvalidCredentials)" computerName="TIM" duration="00:00:00.0000730" startTime="2026-09-05T20:32:05.1522367+03:00" endTime="2026-09-05T20:32:05.1522826+03:00" testType="13cdc9d9-ddb5-4fa4-a97d-d965ccfc6d4b" outcome="Passed" testListId="8c84fa94-04c1-424b-9868-57a2d4851a1d" relativeResultsDirectory="2305c1f3-9458-43f7-8173-f022ef0634d5" />
    <UnitTestResult executionId="64ac3270-a3ca-4132-bc1d-25f3320994f6" testId="d9ea02d5-85d7-cca8-64a7-8d4c76fb6ce0" testName="Task.Desktop.Tests.VisualFoundationTests.StatusMapping_IsTextPlusShapeAndSemanticTone(status: InProgress, expectedIcon: &quot;Task.Icon.Status.InProgress&quot;, expectedTone: Brand)" computerName="TIM" duration="00:00:00.0000126" startTime="2026-09-05T20:32:05.1066090+03:00" endTime="2026-09-05T20:32:05.1066410+03:00" testType="13cdc9d9-ddb5-4fa4-a97d-d965ccfc6d4b" outcome="Passed" testListId="8c84fa94-04c1-424b-9868-57a2d4851a1d" relativeResultsDirectory="64ac3270-a3ca-4132-bc1d-25f3320994f6" />
    <UnitTestResult executionId="f4b87450-ade5-4619-9f38-c323c9707c15" testId="5134ae91-0289-1036-e5f0-37f0428285cb" testName="Task.Desktop.Tests.DesktopCredentialVaultTests.Get_WhenNoFileExists_ReturnsNull" computerName="TIM" duration="00:00:00.0003228" startTime="2026-09-05T20:32:06.0648169+03:00" endTime="2026-09-05T20:32:06.0650071+03:00" testType="13cdc9d9-ddb5-4fa4-a97d-d965ccfc6d4b" outcome="Passed" testListId="8c84fa94-04c1-424b-9868-57a2d4851a1d" relativeResultsDirectory="f4b87450-ade5-4619-9f38-c323c9707c15" />
    <UnitTestResult executionId="410877fd-8363-4166-b8d7-fca13a183785" testId="80b1f30c-540a-51c5-73fe-b57a988b0301" testName="Task.Desktop.Tests.VisualFoundationTests.NavigationItems_HaveOfficialIconKeysAccessibleNamesAndStableIds" computerName="TIM" duration="00:00:00.0013213" startTime="2026-09-05T20:32:05.1072613+03:00" endTime="2026-09-05T20:32:05.1072889+03:00" testType="13cdc9d9-ddb5-4fa4-a97d-d965ccfc6d4b" outcome="Passed" testListId="8c84fa94-04c1-424b-9868-57a2d4851a1d" relativeResultsDirectory="410877fd-8363-4166-b8d7-fca13a183785" />
    <UnitTestResult executionId="df93f571-7612-4520-97f1-3ae567c838bd" testId="317351e6-8f63-15e1-6d22-f33400e6d946" testName="Task.Desktop.Tests.AuthWorkflowViewModelTests.Login_SessionMetadataUnavailable_ShowsRecoveryAndKeepsVault" computerName="TIM" duration="00:00:00.0164109" startTime="2026-09-05T20:32:05.3143001+03:00" endTime="2026-09-05T20:32:05.3307035+03:00" testType="13cdc9d9-ddb5-4fa4-a97d-d965ccfc6d4b" outcome="Passed" testListId="8c84fa94-04c1-424b-9868-57a2d4851a1d" relativeResultsDirectory="df93f571-7612-4520-97f1-3ae567c838bd" />
    <UnitTestResult executionId="ff9e93a6-19b4-43e2-8af6-abc4c8e5b3c4" testId="d4873ebc-19e8-2cce-cd2e-2ebf9aa4d047" testName="Task.Desktop.Tests.DesktopAuthApiClientTests.Logout_401_Problem_ReturnsAuthError" computerName="TIM" duration="00:00:00.0009075" startTime="2026-09-05T20:32:05.2725794+03:00" endTime="2026-09-05T20:32:05.2728073+03:00" testType="13cdc9d9-ddb5-4fa4-a97d-d965ccfc6d4b" outcome="Passed" testListId="8c84fa94-04c1-424b-9868-57a2d4851a1d" relativeResultsDirectory="ff9e93a6-19b4-43e2-8af6-abc4c8e5b3c4" />
    <UnitTestResult executionId="fa713054-db23-47f7-b86f-16291adf6352" testId="22a7d5c1-0d10-07e7-361b-05a06e4e0385" testName="Task.Desktop.Tests.DesktopAuthApiClientTests.ChangePassword_Problem_MapsStableCode(status: TooManyRequests, code: &quot;RATE_LIMITED&quot;, expected: RateLimited)" computerName="TIM" duration="00:00:00.0000237" startTime="2026-09-05T20:32:05.1535939+03:00" endTime="2026-09-05T20:32:05.1536504+03:00" testType="13cdc9d9-ddb5-4fa4-a97d-d965ccfc6d4b" outcome="Passed" testListId="8c84fa94-04c1-424b-9868-57a2d4851a1d" relativeResultsDirectory="fa713054-db23-47f7-b86f-16291adf6352" />
    <UnitTestResult executionId="27a97b2c-aed4-404b-8587-fb4b1618b73e" testId="302464e7-ecd9-9ee6-3aec-90215b6c7e7e" testName="Task.Desktop.Tests.Calendar.CalendarViewModelTests.WeekRange_KeepsRussianLabelsAcrossHostCultures(cultureName: &quot;ru-RU&quot;)" computerName="TIM" duration="00:00:00.0005515" startTime="2026-09-05T20:32:05.0921105+03:00" endTime="2026-09-05T20:32:05.0922756+03:00" testType="13cdc9d9-ddb5-4fa4-a97d-d965ccfc6d4b" outcome="Passed" testListId="8c84fa94-04c1-424b-9868-57a2d4851a1d" relativeResultsDirectory="27a97b2c-aed4-404b-8587-fb4b1618b73e" />
    <UnitTestResult executionId="96814ba2-e6b7-430b-9339-af19f19f494e" testId="9382352c-4a03-f386-d5e8-afbfb8298921" testName="Task.Desktop.Tests.AuthWorkflowViewModelTests.StartupRestore_Offline_ShowsRecoveryAndKeepsVault_ThenRetryCanSucceed" computerName="TIM" duration="00:00:00.0466882" startTime="2026-09-05T20:32:05.3415228+03:00" endTime="2026-09-05T20:32:05.3981524+03:00" testType="13cdc9d9-ddb5-4fa4-a97d-d965ccfc6d4b" outcome="Passed" testListId="8c84fa94-04c1-424b-9868-57a2d4851a1d" relativeResultsDirectory="96814ba2-e6b7-430b-9339-af19f19f494e" />
    <UnitTestResult executionId="27640fe1-dc9b-4379-80f4-f361ce8dd55f" testId="131cd3f8-da65-f328-fec6-7570d8e38575" testName="Task.Desktop.Tests.TaskScreen.TasksViewModelTests.TerminalReadFailure_DisablesAllMutationCommands(sessionEnded: False)" computerName="TIM" duration="00:00:00.0004927" startTime="2026-09-05T20:32:05.3007946+03:00" endTime="2026-09-05T20:32:05.3012252+03:00" testType="13cdc9d9-ddb5-4fa4-a97d-d965ccfc6d4b" outcome="Passed" testListId="8c84fa94-04c1-424b-9868-57a2d4851a1d" relativeResultsDirectory="27640fe1-dc9b-4379-80f4-f361ce8dd55f" />
    <UnitTestResult executionId="11b2431a-6aad-44c5-925e-cb6a0429d351" testId="5ebd2a10-2e57-0d94-94b1-b89fa5798af4" testName="Task.Desktop.Tests.DesktopAuthApiClientTests.ChangePassword_CallerCancellation_IsPropagated" computerName="TIM" duration="00:00:00.0299671" startTime="2026-09-05T20:32:05.2728649+03:00" endTime="2026-09-05T20:32:05.3030796+03:00" testType="13cdc9d9-ddb5-4fa4-a97d-d965ccfc6d4b" outcome="Passed" testListId="8c84fa94-04c1-424b-9868-57a2d4851a1d" relativeResultsDirectory="11b2431a-6aad-44c5-925e-cb6a0429d351" />
    <UnitTestResult executionId="6e2c5778-f44d-4025-a71b-6084d6a4945e" testId="bfd3b604-0fe9-69d6-2e54-bd381c4add5a" testName="Task.Desktop.Tests.Calendar.DesktopCalendarApiClientTests.Writes_SendIdempotencyAndStrongIfMatch" computerName="TIM" duration="00:00:00.1889189" startTime="2026-09-05T20:32:05.0353607+03:00" endTime="2026-09-05T20:32:05.1971801+03:00" testType="13cdc9d9-ddb5-4fa4-a97d-d965ccfc6d4b" outcome="Passed" testListId="8c84fa94-04c1-424b-9868-57a2d4851a1d" relativeResultsDirectory="6e2c5778-f44d-4025-a71b-6084d6a4945e" />
    <UnitTestResult executionId="70d244bd-77e7-41eb-99b2-e76ae8e80977" testId="b6214c4b-f4ff-f1aa-dc70-a685c8897cb6" testName="Task.Desktop.Tests.SessionServiceTests.Refresh_NoStoredSession_SignsOut" computerName="TIM" duration="00:00:00.0036465" startTime="2026-09-05T20:32:06.5677505+03:00" endTime="2026-09-05T20:32:06.5717914+03:00" testType="13cdc9d9-ddb5-4fa4-a97d-d965ccfc6d4b" outcome="Passed" testListId="8c84fa94-04c1-424b-9868-57a2d4851a1d" relativeResultsDirectory="70d244bd-77e7-41eb-99b2-e76ae8e80977" />
    <UnitTestResult executionId="c5782b25-309b-4c6b-a383-9a34a8dceb76" testId="db584739-7d03-5805-6fdf-a2769ada6329" testName="Task.Desktop.Tests.Security.DesktopServerConnectionTests.Settings_SaveLoad_IsAtomic_AndSameEndpointKeepsVault" computerName="TIM" duration="00:00:00.0184689" startTime="2026-09-05T20:32:05.1745932+03:00" endTime="2026-09-05T20:32:05.1938158+03:00" testType="13cdc9d9-ddb5-4fa4-a97d-d965ccfc6d4b" outcome="Passed" testListId="8c84fa94-04c1-424b-9868-57a2d4851a1d" relativeResultsDirectory="c5782b25-309b-4c6b-a383-9a34a8dceb76" />
    <UnitTestResult executionId="b0b41fc4-1209-4c37-9450-7020b8742dac" testId="0feaea67-3197-66fe-5ad8-0662568dfb34" testName="Task.Desktop.Tests.MainWindowViewModelTests.TaskWriteState_IsReactiveAndDisposeUnsubscribes" computerName="TIM" duration="00:00:00.0028739" startTime="2026-09-05T20:32:05.2682809+03:00" endTime="2026-09-05T20:32:05.2711289+03:00" testType="13cdc9d9-ddb5-4fa4-a97d-d965ccfc6d4b" outcome="Passed" testListId="8c84fa94-04c1-424b-9868-57a2d4851a1d" relativeResultsDirectory="b0b41fc4-1209-4c37-9450-7020b8742dac" />
    <UnitTestResult executionId="0d1397bd-be86-421b-8cc6-bea83351fefc" testId="211c2adb-e9ba-b9f8-7f49-6914ec5e351d" testName="Task.Desktop.Tests.Security.DesktopServerConnectionTests.Address_InvalidValues_AreRejected(value: &quot;https://task.local#part&quot;, expected: FragmentNotAllowed)" computerName="TIM" duration="00:00:00.0000397" startTime="2026-09-05T20:32:05.0855443+03:00" endTime="2026-09-05T20:32:05.0856075+03:00" testType="13cdc9d9-ddb5-4fa4-a97d-d965ccfc6d4b" outcome="Passed" testListId="8c84fa94-04c1-424b-9868-57a2d4851a1d" relativeResultsDirectory="0d1397bd-be86-421b-8cc6-bea83351fefc" />
    <UnitTestResult executionId="7a2d75b3-1c5e-430a-9755-a7d06a3cb31c" testId="2df344e4-4027-9ec1-e72b-93d444382a66" testName="Task.Desktop.Tests.AuthWorkflowViewModelTests.ServerSetup_TlsFailure_IsDistinct_AndCannotContinue" computerName="TIM" duration="00:00:00.0027702" startTime="2026-09-05T20:32:05.2745253+03:00" endTime="2026-09-05T20:32:05.2772788+03:00" testType="13cdc9d9-ddb5-4fa4-a97d-d965ccfc6d4b" outcome="Passed" testListId="8c84fa94-04c1-424b-9868-57a2d4851a1d" relativeResultsDirectory="7a2d75b3-1c5e-430a-9755-a7d06a3cb31c" />
    <UnitTestResult executionId="a5508a59-ef14-43d2-b97f-a6c7d21912d0" testId="59af65ef-e701-c042-6198-f7c42e152e9a" testName="Task.Desktop.Tests.Today.TodayViewModelTests.SessionEnd_ClearsProtectedData" computerName="TIM" duration="00:00:00.0006115" startTime="2026-09-05T20:32:05.1409207+03:00" endTime="2026-09-05T20:32:05.1414206+03:00" testType="13cdc9d9-ddb5-4fa4-a97d-d965ccfc6d4b" outcome="Passed" testListId="8c84fa94-04c1-424b-9868-57a2d4851a1d" relativeResultsDirectory="a5508a59-ef14-43d2-b97f-a6c7d21912d0" />
    <UnitTestResult executionId="a71602dd-5af8-44e2-be02-5ca87c5a7549" testId="7d43f6af-cd76-8b40-a2b4-4e80fffd59bc" testName="Task.Desktop.Tests.AuthWorkflowViewModelTests.PasswordChange_AccountBlocked_ClearsVaultAndReturnsToLogin" computerName="TIM" duration="00:00:00.0072389" startTime="2026-09-05T20:32:05.2941043+03:00" endTime="2026-09-05T20:32:05.3014356+03:00" testType="13cdc9d9-ddb5-4fa4-a97d-d965ccfc6d4b" outcome="Passed" testListId="8c84fa94-04c1-424b-9868-57a2d4851a1d" relativeResultsDirectory="a71602dd-5af8-44e2-be02-5ca87c5a7549" />
    <UnitTestResult executionId="51f331fa-c28e-4b6f-bf1d-35fd35442705" testId="b8c7230b-0185-2dac-3f7b-188b4f0118ef" testName="Task.Desktop.Tests.MainWindowLifecycleTests.AuthenticationClose_DirtyEditor_CannotBeCancelled" computerName="TIM" duration="00:00:00.1293188" startTime="2026-09-05T20:32:05.0331587+03:00" endTime="2026-09-05T20:32:05.1376276+03:00" testType="13cdc9d9-ddb5-4fa4-a97d-d965ccfc6d4b" outcome="Passed" testListId="8c84fa94-04c1-424b-9868-57a2d4851a1d" relativeResultsDirectory="51f331fa-c28e-4b6f-bf1d-35fd35442705" />
    <UnitTestResult executionId="c489e3fe-b08c-4d2d-8a54-ffd6357d4b9f" testId="88c265f4-10d4-97de-dda8-86c002881f3b" testName="Task.Desktop.Tests.Today.TodayViewModelTests.NextDayRefresh_DoesNotKeepYesterdayOnFailure" computerName="TIM" duration="00:00:00.0019101" startTime="2026-09-05T20:32:05.1190856+03:00" endTime="2026-09-05T20:32:05.1208661+03:00" testType="13cdc9d9-ddb5-4fa4-a97d-d965ccfc6d4b" outcome="Passed" testListId="8c84fa94-04c1-424b-9868-57a2d4851a1d" relativeResultsDirectory="c489e3fe-b08c-4d2d-8a54-ffd6357d4b9f" />
    <UnitTestResult executionId="95414c4a-c73a-430a-9cf0-75854281cc37" testId="a8c40c01-f374-af37-f278-884d33997e4c" testName="Task.Desktop.Tests.DesktopAuthApiClientTests.Refresh_401_RefreshTokenReuse_ReturnsAuthError_AndSendsContractRequest" computerName="TIM" duration="00:00:00.0021557" startTime="2026-09-05T20:32:05.2692612+03:00" endTime="2026-09-05T20:32:05.2705287+03:00" testType="13cdc9d9-ddb5-4fa4-a97d-d965ccfc6d4b" outcome="Passed" testListId="8c84fa94-04c1-424b-9868-57a2d4851a1d" relativeResultsDirectory="95414c4a-c73a-430a-9cf0-75854281cc37" />
    <UnitTestResult executionId="b7710a4b-ef12-4b88-a6e3-90a2d8e12fb9" testId="eb5673ef-a1ed-010f-c572-6e7c9ed5798c" testName="Task.Desktop.Tests.SessionServiceTests.Refresh_RefreshTokenReuse_SignsOut" computerName="TIM" duration="00:00:00.0341772" startTime="2026-09-05T20:32:06.3650926+03:00" endTime="2026-09-05T20:32:06.4071268+03:00" testType="13cdc9d9-ddb5-4fa4-a97d-d965ccfc6d4b" outcome="Passed" testListId="8c84fa94-04c1-424b-9868-57a2d4851a1d" relativeResultsDirectory="b7710a4b-ef12-4b88-a6e3-90a2d8e12fb9" />
    <UnitTestResult executionId="4f358742-e453-4575-bd55-09b915c4f20f" testId="25b119aa-7fbd-4aae-8dc0-8fe971775aaf" testName="Task.Desktop.Tests.DesktopAuthApiClientTests.Login_DevicePlatform_SerializesToContractString(platform: MacOs, expected: &quot;macos&quot;)" computerName="TIM" duration="00:00:00.0000842" startTime="2026-09-05T20:32:05.1745718+03:00" endTime="2026-09-05T20:32:05.1746591+03:00" testType="13cdc9d9-ddb5-4fa4-a97d-d965ccfc6d4b" outcome="Passed" testListId="8c84fa94-04c1-424b-9868-57a2d4851a1d" relativeResultsDirectory="4f358742-e453-4575-bd55-09b915c4f20f" />
    <UnitTestResult executionId="c90f64c7-c548-4d9d-9c11-a29ce9bd7be3" testId="2f783b1b-fc4b-6344-4108-6e222fc59a62" testName="Task.Desktop.Tests.Security.DesktopServerConnectionTests.Probe_LiveAndReady_ReturnsNormalizedEndpoint" computerName="TIM" duration="00:00:00.0016083" startTime="2026-09-05T20:32:05.1545417+03:00" endTime="2026-09-05T20:32:05.1559539+03:00" testType="13cdc9d9-ddb5-4fa4-a97d-d965ccfc6d4b" outcome="Passed" testListId="8c84fa94-04c1-424b-9868-57a2d4851a1d" relativeResultsDirectory="c90f64c7-c548-4d9d-9c11-a29ce9bd7be3" />
    <UnitTestResult executionId="fd94ce87-e34a-4b28-8e87-5414a8e23756" testId="8a865835-8536-7c47-7266-c96c8abf374d" testName="Task.Desktop.Tests.TaskScreen.TaskCardEditorTests.DescriptionOnlyPatchPreservesOtherFields" computerName="TIM" duration="00:00:00.1464269" startTime="2026-09-05T20:32:05.0354231+03:00" endTime="2026-09-05T20:32:05.1547971+03:00" testType="13cdc9d9-ddb5-4fa4-a97d-d965ccfc6d4b" outcome="Passed" testListId="8c84fa94-04c1-424b-9868-57a2d4851a1d" relativeResultsDirectory="fd94ce87-e34a-4b28-8e87-5414a8e23756" />
    <UnitTestResult executionId="4190cac6-6324-4a43-b193-2322a783af31" testId="2dbf75c7-72b7-660e-a5e9-6a42414afd3f" testName="Task.Desktop.Tests.TaskApi.DesktopTasksApiClientTests.RetryableRefreshFailure_KeepsSession_AndDoesNotRetryGet" computerName="TIM" duration="00:00:00.0099808" startTime="2026-09-05T20:32:05.5342344+03:00" endTime="2026-09-05T20:32:05.5448097+03:00" testType="13cdc9d9-ddb5-4fa4-a97d-d965ccfc6d4b" outcome="Passed" testListId="8c84fa94-04c1-424b-9868-57a2d4851a1d" relativeResultsDirectory="4190cac6-6324-4a43-b193-2322a783af31" />
    <UnitTestResult executionId="5afdd777-51a1-407c-bec9-ff797c10b5af" testId="c2917193-9188-d0d9-d70c-c37e9ecddb0a" testName="Task.Desktop.Tests.AuthWorkflowViewModelTests.Logout_FromReady_AlwaysClearsLocalSessionAndShowsLogin" computerName="TIM" duration="00:00:00.2766333" startTime="2026-09-05T20:32:06.0929600+03:00" endTime="2026-09-05T20:32:06.3873804+03:00" testType="13cdc9d9-ddb5-4fa4-a97d-d965ccfc6d4b" outcome="Passed" testListId="8c84fa94-04c1-424b-9868-57a2d4851a1d" relativeResultsDirectory="5afdd777-51a1-407c-bec9-ff797c10b5af" />
    <UnitTestResult executionId="f8c6404a-054c-47da-b386-2d8071aaf089" testId="07612dbb-5b65-6b2f-cc13-24a7683893bb" testName="Task.Desktop.Tests.Today.TodayViewModelTests.Summary_RepeatedCursorDoesNotPublishPartialData" computerName="TIM" duration="00:00:00.0009234" startTime="2026-09-05T20:32:05.1399169+03:00" endTime="2026-09-05T20:32:05.1407684+03:00" testType="13cdc9d9-ddb5-4fa4-a97d-d965ccfc6d4b" outcome="Passed" testListId="8c84fa94-04c1-424b-9868-57a2d4851a1d" relativeResultsDirectory="f8c6404a-054c-47da-b386-2d8071aaf089" />
    <UnitTestResult executionId="90b61e77-2b9a-4485-9e8b-e4db101dd080" testId="ed17dc6f-14fb-2d3f-5b31-ba18f46b87c7" testName="Task.Desktop.Tests.Security.DesktopServerConnectionTests.Probe_UnexpectedPayload_ReturnsUnexpectedResponse" computerName="TIM" duration="00:00:00.0109285" startTime="2026-09-05T20:32:05.1953585+03:00" endTime="2026-09-05T20:32:05.2064121+03:00" testType="13cdc9d9-ddb5-4fa4-a97d-d965ccfc6d4b" outcome="Passed" testListId="8c84fa94-04c1-424b-9868-57a2d4851a1d" relativeResultsDirectory="90b61e77-2b9a-4485-9e8b-e4db101dd080" />
    <UnitTestResult executionId="f4aef971-9bf8-4e09-b468-20fb1e1860a4" testId="163fa2a8-3710-83c9-635e-18d0cb4ee76f" testName="Task.Desktop.Tests.DesktopAuthApiClientTests.Login_UnrecognizedProblemCode_ReturnsUnknown" computerName="TIM" duration="00:00:00.0007487" startTime="2026-09-05T20:32:05.2661275+03:00" endTime="2026-09-05T20:32:05.2662705+03:00" testType="13cdc9d9-ddb5-4fa4-a97d-d965ccfc6d4b" outcome="Passed" testListId="8c84fa94-04c1-424b-9868-57a2d4851a1d" relativeResultsDirectory="f4aef971-9bf8-4e09-b468-20fb1e1860a4" />
    <UnitTestResult executionId="8ca6e7a7-9c47-4321-a58f-fbd03c0cb765" testId="4e59dc9b-abf9-1e3d-69c0-07f4cf30dd62" testName="Task.Desktop.Tests.Calendar.DesktopCalendarApiClientTests.ReadEndpoints_UseCanonicalUrisAndStrictlyMapPayloads" computerName="TIM" duration="00:00:00.0193040" startTime="2026-09-05T20:32:05.2099624+03:00" endTime="2026-09-05T20:32:05.2291764+03:00" testType="13cdc9d9-ddb5-4fa4-a97d-d965ccfc6d4b" outcome="Passed" testListId="8c84fa94-04c1-424b-9868-57a2d4851a1d" relativeResultsDirectory="8ca6e7a7-9c47-4321-a58f-fbd03c0cb765" />
    <UnitTestResult executionId="931c6143-7fa6-4e7d-8325-48dacda32b59" testId="b53a45e2-f5df-f63a-febb-ce34225afd28" testName="Task.Desktop.Tests.TaskApi.DesktopTasksApiClientTests.WriteProblems_MapToExhaustiveSafeOutcomes" computerName="TIM" duration="00:00:00.0165861" startTime="2026-09-05T20:32:05.8197057+03:00" endTime="2026-09-05T20:32:05.8372110+03:00" testType="13cdc9d9-ddb5-4fa4-a97d-d965ccfc6d4b" outcome="Passed" testListId="8c84fa94-04c1-424b-9868-57a2d4851a1d" relativeResultsDirectory="931c6143-7fa6-4e7d-8325-48dacda32b59" />
    <UnitTestResult executionId="77a13477-d642-499b-85b1-065795ab0881" testId="944ce58c-b648-2b96-2115-d915fc909f1d" testName="Task.Desktop.Tests.Today.TodayViewModelTests.Summary_CompletedTaskDisappearsAfterRefresh" computerName="TIM" duration="00:00:00.0013201" startTime="2026-09-05T20:32:05.1425622+03:00" endTime="2026-09-05T20:32:05.1427894+03:00" testType="13cdc9d9-ddb5-4fa4-a97d-d965ccfc6d4b" outcome="Passed" testListId="8c84fa94-04c1-424b-9868-57a2d4851a1d" relativeResultsDirectory="77a13477-d642-499b-85b1-065795ab0881" />
    <UnitTestResult executionId="865e4de6-97e0-4442-95a6-ce87105e15e6" testId="01dec992-533c-771a-7446-1cb47ec8bd97" testName="Task.Desktop.Tests.TaskApi.DesktopTasksApiClientTests.WriteBoundary_RejectsInvalidDto_AndPropagatesCancellation" computerName="TIM" duration="00:00:00.0132794" startTime="2026-09-05T20:32:05.8375290+03:00" endTime="2026-09-05T20:32:05.8489404+03:00" testType="13cdc9d9-ddb5-4fa4-a97d-d965ccfc6d4b" outcome="Passed" testListId="8c84fa94-04c1-424b-9868-57a2d4851a1d" relativeResultsDirectory="865e4de6-97e0-4442-95a6-ce87105e15e6" />
    <UnitTestResult executionId="fb8b65c2-a3f6-419a-acd0-c93b254790f2" testId="3d0c5d06-788f-6770-a837-f117716fc771" testName="Task.Desktop.Tests.Calendar.RecurrencePaneTests.SourceWorkdays_RoundTripRetainsWeekdays" computerName="TIM" duration="00:00:00.0024835" startTime="2026-09-05T20:32:05.2897949+03:00" endTime="2026-09-05T20:32:05.2922366+03:00" testType="13cdc9d9-ddb5-4fa4-a97d-d965ccfc6d4b" outcome="Passed" testListId="8c84fa94-04c1-424b-9868-57a2d4851a1d" relativeResultsDirectory="fb8b65c2-a3f6-419a-acd0-c93b254790f2" />
    <UnitTestResult executionId="09a4602c-3e1d-43e3-9baf-14aed62eac16" testId="6367640f-5939-760b-9e18-45d081a8122c" testName="Task.Desktop.Tests.TaskApi.DesktopTasksApiClientTests.Write401_ReusesBodyHeadersAndKey_ForExactlyOneRetry" computerName="TIM" duration="00:00:00.0525183" startTime="2026-09-05T20:32:05.3133924+03:00" endTime="2026-09-05T20:32:05.3689011+03:00" testType="13cdc9d9-ddb5-4fa4-a97d-d965ccfc6d4b" outcome="Passed" testListId="8c84fa94-04c1-424b-9868-57a2d4851a1d" relativeResultsDirectory="09a4602c-3e1d-43e3-9baf-14aed62eac16" />
    <UnitTestResult executionId="1081495c-5642-4cea-887e-6c7922a00762" testId="b7022640-3268-a79f-e3c1-fa3388bb91bd" testName="Task.Desktop.Tests.DesktopAuthApiClientTests.Login_DeviceWithoutOsVersion_SerializesOsVersionAsNull" computerName="TIM" duration="00:00:00.0040346" startTime="2026-09-05T20:32:05.1877310+03:00" endTime="2026-09-05T20:32:05.1926492+03:00" testType="13cdc9d9-ddb5-4fa4-a97d-d965ccfc6d4b" outcome="Passed" testListId="8c84fa94-04c1-424b-9868-57a2d4851a1d" relativeResultsDirectory="1081495c-5642-4cea-887e-6c7922a00762" />
    <UnitTestResult executionId="f3696263-3527-44c3-9ff1-a99ff92c15b3" testId="456e63cc-5538-c233-539c-8f688445a591" testName="Task.Desktop.Tests.DesktopAuthApiClientTests.ChangePassword_204_SendsBearerAndContractBody" computerName="TIM" duration="00:00:00.0021733" startTime="2026-09-05T20:32:05.1948103+03:00" endTime="2026-09-05T20:32:05.1969168+03:00" testType="13cdc9d9-ddb5-4fa4-a97d-d965ccfc6d4b" outcome="Passed" testListId="8c84fa94-04c1-424b-9868-57a2d4851a1d" relativeResultsDirectory="f3696263-3527-44c3-9ff1-a99ff92c15b3" />
    <UnitTestResult executionId="7a28aa77-242c-4aac-9b71-aa8442f67683" testId="94662614-cc82-16fe-cc77-d3e7eb4fb0db" testName="Task.Desktop.Tests.TaskScreen.TasksViewModelTests.LoadMore_AppendsNextPage" computerName="TIM" duration="00:00:00.0017080" startTime="2026-09-05T20:32:05.3135689+03:00" endTime="2026-09-05T20:32:05.3147070+03:00" testType="13cdc9d9-ddb5-4fa4-a97d-d965ccfc6d4b" outcome="Passed" testListId="8c84fa94-04c1-424b-9868-57a2d4851a1d" relativeResultsDirectory="7a28aa77-242c-4aac-9b71-aa8442f67683" />
    <UnitTestResult executionId="42e14cc8-5cae-4283-91f2-4f38b4b8b767" testId="bba23f4b-f0f3-e5e3-ddf8-a7a45c7f3f8a" testName="Task.Desktop.Tests.TaskApi.DesktopTasksApiClientTests.Unauthorized_PerformsOneRefresh_AndOneGetRetry" computerName="TIM" duration="00:00:00.2658876" startTime="2026-09-05T20:32:05.0368598+03:00" endTime="2026-09-05T20:32:05.2769185+03:00" testType="13cdc9d9-ddb5-4fa4-a97d-d965ccfc6d4b" outcome="Passed" testListId="8c84fa94-04c1-424b-9868-57a2d4851a1d" relativeResultsDirectory="42e14cc8-5cae-4283-91f2-4f38b4b8b767" />
    <UnitTestResult executionId="7a3c7959-0e05-48b0-88a7-554085ccd255" testId="33f9e388-c060-4573-ff3b-5a18b4d07a67" testName="Task.Desktop.Tests.Security.DesktopServerConnectionTests.Address_InvalidValues_AreRejected(value: &quot;https://task.local?x=1&quot;, expected: QueryNotAllowed)" computerName="TIM" duration="00:00:00.0000435" startTime="2026-09-05T20:32:05.0830645+03:00" endTime="2026-09-05T20:32:05.0831194+03:00" testType="13cdc9d9-ddb5-4fa4-a97d-d965ccfc6d4b" outcome="Passed" testListId="8c84fa94-04c1-424b-9868-57a2d4851a1d" relativeResultsDirectory="7a3c7959-0e05-48b0-88a7-554085ccd255" />
    <UnitTestResult executionId="37fc652d-9ff6-4bb5-9056-12650401f4eb" testId="41830c30-c2b3-9766-6394-04b981d9eca7" testName="Task.Desktop.Tests.DesktopAuthApiClientTests.GetSession_401Problem_ReturnsAuthError" computerName="TIM" duration="00:00:00.0014354" startTime="2026-09-05T20:32:05.3178062+03:00" endTime="2026-09-05T20:32:05.3189469+03:00" testType="13cdc9d9-ddb5-4fa4-a97d-d965ccfc6d4b" outcome="Passed" testListId="8c84fa94-04c1-424b-9868-57a2d4851a1d" relativeResultsDirectory="37fc652d-9ff6-4bb5-9056-12650401f4eb" />
    <UnitTestResult executionId="7c5e3d96-1ec0-4872-a1d2-7df035825a90" testId="9c0dab3c-d195-1cdd-a695-7ba2e8fb5e9a" testName="Task.Desktop.Tests.MainWindowViewModelTests.LogoutCommand_BlocksSecondSubmission" computerName="TIM" duration="00:00:00.1695261" startTime="2026-09-05T20:32:05.1054011+03:00" endTime="2026-09-05T20:32:05.2609758+03:00" testType="13cdc9d9-ddb5-4fa4-a97d-d965ccfc6d4b" outcome="Passed" testListId="8c84fa94-04c1-424b-9868-57a2d4851a1d" relativeResultsDirectory="7c5e3d96-1ec0-4872-a1d2-7df035825a90" />
    <UnitTestResult executionId="340c661b-d739-45e4-979c-782677d6a58d" testId="2194f438-2ece-1930-5867-53115e19bb0f" testName="Task.Desktop.Tests.TaskScreen.TasksViewModelTests.Refresh_BlocksSecondSubmission" computerName="TIM" duration="00:00:00.0211219" startTime="2026-09-05T20:32:07.4763180+03:00" endTime="2026-09-05T20:32:07.5008770+03:00" testType="13cdc9d9-ddb5-4fa4-a97d-d965ccfc6d4b" outcome="Passed" testListId="8c84fa94-04c1-424b-9868-57a2d4851a1d" relativeResultsDirectory="340c661b-d739-45e4-979c-782677d6a58d" />
    <UnitTestResult executionId="ef3e9cc5-612b-483f-b572-bc913ab457c9" testId="4bdcd143-f3b0-3118-a344-fe9f5b447639" testName="Task.Desktop.Tests.VisualFoundationTests.PriorityMapping_IsTextPlusDirectionalShapeAndSemanticTone(priority: Critical, expectedIcon: &quot;Task.Icon.Priority.Critical&quot;, expectedTone: Critical)" computerName="TIM" duration="00:00:00.0000099" startTime="2026-09-05T20:32:05.1055753+03:00" endTime="2026-09-05T20:32:05.1056065+03:00" testType="13cdc9d9-ddb5-4fa4-a97d-d965ccfc6d4b" outcome="Passed" testListId="8c84fa94-04c1-424b-9868-57a2d4851a1d" relativeResultsDirectory="ef3e9cc5-612b-483f-b572-bc913ab457c9" />
    <UnitTestResult executionId="71fb6a19-b477-419c-bbc5-cd7f75331e98" testId="d25dfba3-5f59-08bf-c2cb-5958b71f54a3" testName="Task.Desktop.Tests.Today.TodayViewModelTests.LateResponse_CannotRestoreStaleData(action: &quot;capability&quot;)" computerName="TIM" duration="00:00:00.0008148" startTime="2026-09-05T20:32:05.0862045+03:00" endTime="2026-09-05T20:32:05.0862456+03:00" testType="13cdc9d9-ddb5-4fa4-a97d-d965ccfc6d4b" outcome="Passed" testListId="8c84fa94-04c1-424b-9868-57a2d4851a1d" relativeResultsDirectory="71fb6a19-b477-419c-bbc5-cd7f75331e98" />
    <UnitTestResult executionId="a2f8a480-d13c-4c3d-9f48-034964516684" testId="423db34c-03cd-c9fe-955f-2a79efd752f9" testName="Task.Desktop.Tests.Today.TodayViewModelTests.Summary_SessionLossClearsAndRejectsLateResponse" computerName="TIM" duration="00:00:00.0007844" startTime="2026-09-05T20:32:05.1210523+03:00" endTime="2026-09-05T20:32:05.1218025+03:00" testType="13cdc9d9-ddb5-4fa4-a97d-d965ccfc6d4b" outcome="Passed" testListId="8c84fa94-04c1-424b-9868-57a2d4851a1d" relativeResultsDirectory="a2f8a480-d13c-4c3d-9f48-034964516684" />
    <UnitTestResult executionId="5eec2cac-fa76-4e81-90f6-d89762e97781" testId="0d99694a-72f1-687a-c6dc-6d7fccb78be3" testName="Task.Desktop.Tests.AuthWorkflowViewModelTests.Login_InvalidCredentials_StaysOnLogin_KeepsLoginAndClearsPassword" computerName="TIM" duration="00:00:00.0101455" startTime="2026-09-05T20:32:06.3876480+03:00" endTime="2026-09-05T20:32:06.3976759+03:00" testType="13cdc9d9-ddb5-4fa4-a97d-d965ccfc6d4b" outcome="Passed" testListId="8c84fa94-04c1-424b-9868-57a2d4851a1d" relativeResultsDirectory="5eec2cac-fa76-4e81-90f6-d89762e97781" />
    <UnitTestResult executionId="bbc0a14c-b278-41d5-97a4-be6c2876d2d7" testId="bdfd2be7-f6a6-e8e0-5472-cbcbbdc5e4cd" testName="Task.Desktop.Tests.Today.TodayViewModelTests.RefreshFailure_PreservesLastConfirmedData" computerName="TIM" duration="00:00:00.0007249" startTime="2026-09-05T20:32:05.1386410+03:00" endTime="2026-09-05T20:32:05.1392685+03:00" testType="13cdc9d9-ddb5-4fa4-a97d-d965ccfc6d4b" outcome="Passed" testListId="8c84fa94-04c1-424b-9868-57a2d4851a1d" relativeResultsDirectory="bbc0a14c-b278-41d5-97a4-be6c2876d2d7" />
    <UnitTestResult executionId="6723bc27-e8f0-4060-83ea-429c433c13ff" testId="e1b845a9-9479-219e-9c1c-d22dc05c14da" testName="Task.Desktop.Tests.MainWindowViewModelTests.Sections_ArePopulated_WithAtLeastEight" computerName="TIM" duration="00:00:00.0003744" startTime="2026-09-05T20:32:05.1042877+03:00" endTime="2026-09-05T20:32:05.1043301+03:00" testType="13cdc9d9-ddb5-4fa4-a97d-d965ccfc6d4b" outcome="Passed" testListId="8c84fa94-04c1-424b-9868-57a2d4851a1d" relativeResultsDirectory="6723bc27-e8f0-4060-83ea-429c433c13ff" />
    <UnitTestResult executionId="0e4fffd6-5eda-4675-9e5f-da9f02dc7bf6" testId="14a2923e-724e-c189-f530-fcc445072660" testName="Task.Desktop.Tests.VisualFoundationTests.NavigationWidth_UsesCanonicalCompactBreakpoint(windowWidth: 1219, expected: 178)" computerName="TIM" duration="00:00:00.0000066" startTime="2026-09-05T20:32:05.1070787+03:00" endTime="2026-09-05T20:32:05.1071078+03:00" testType="13cdc9d9-ddb5-4fa4-a97d-d965ccfc6d4b" outcome="Passed" testListId="8c84fa94-04c1-424b-9868-57a2d4851a1d" relativeResultsDirectory="0e4fffd6-5eda-4675-9e5f-da9f02dc7bf6" />
    <UnitTestResult executionId="27df3317-3f1f-40b7-b20a-0ca94f30ed5b" testId="367fa43f-e349-ed7a-0904-473da7e10a9e" testName="Task.Desktop.Tests.Today.TodayViewModelTests.LateResponse_CannotRestoreStaleData(action: &quot;navigation&quot;)" computerName="TIM" duration="00:00:00.0423684" startTime="2026-09-05T20:32:05.0873164+03:00" endTime="2026-09-05T20:32:05.0924919+03:00" testType="13cdc9d9-ddb5-4fa4-a97d-d965ccfc6d4b" outcome="Passed" testListId="8c84fa94-04c1-424b-9868-57a2d4851a1d" relativeResultsDirectory="27df3317-3f1f-40b7-b20a-0ca94f30ed5b" />
    <UnitTestResult executionId="3a3a431d-fcfe-4545-9f7a-eba67c3f5cd6" testId="e7088740-8794-23b5-94bb-d1257f09a694" testName="Task.Desktop.Tests.TaskScreen.TasksViewModelTests.Transition_Success_UsesSelectedVersionAndServerResponse" computerName="TIM" duration="00:00:00.0063925" startTime="2026-09-05T20:32:05.3507297+03:00" endTime="2026-09-05T20:32:05.3570608+03:00" testType="13cdc9d9-ddb5-4fa4-a97d-d965ccfc6d4b" outcome="Passed" testListId="8c84fa94-04c1-424b-9868-57a2d4851a1d" relativeResultsDirectory="3a3a431d-fcfe-4545-9f7a-eba67c3f5cd6" />
    <UnitTestResult executionId="5d6957a0-446b-4f24-9f6c-951c7c5481c7" testId="a7ec4bac-3e46-736b-24f0-c1fd4b08ee3e" testName="Task.Desktop.Tests.DesktopCredentialVaultTests.ConcurrentMultiWindowAccess_NeverThrows_AndEndsInConsistentState" computerName="TIM" duration="00:00:00.7322116" startTime="2026-09-05T20:32:05.3105629+03:00" endTime="2026-09-05T20:32:06.0427015+03:00" testType="13cdc9d9-ddb5-4fa4-a97d-d965ccfc6d4b" outcome="Passed" testListId="8c84fa94-04c1-424b-9868-57a2d4851a1d" relativeResultsDirectory="5d6957a0-446b-4f24-9f6c-951c7c5481c7" />
    <UnitTestResult executionId="46f426a0-1146-4c68-b92e-3cb0e6afca3a" testId="fd4322ef-1eb6-bc95-430e-ad118085d422" testName="Task.Desktop.Tests.AuthWorkflowViewModelTests.Login_TemporaryRestriction_ShowsRetryHint(code: &quot;RATE_LIMITED&quot;, retryAfterSeconds: 19, expected: &quot;19 сек&quot;)" computerName="TIM" duration="00:00:00.0038406" startTime="2026-09-05T20:32:05.2707230+03:00" endTime="2026-09-05T20:32:05.2744008+03:00" testType="13cdc9d9-ddb5-4fa4-a97d-d965ccfc6d4b" outcome="Passed" testListId="8c84fa94-04c1-424b-9868-57a2d4851a1d" relativeResultsDirectory="46f426a0-1146-4c68-b92e-3cb0e6afca3a" />
    <UnitTestResult executionId="4fba055d-8a9c-43f7-9f81-98447d6a15b8" testId="899546f8-b7ba-91ab-8a69-fdcd6eced245" testName="Task.Desktop.Tests.TaskScreen.TaskCardEditorTests.SearchRetainsSelectionsAndExplicitClear" computerName="TIM" duration="00:00:00.0140448" startTime="2026-09-05T20:32:05.1550167+03:00" endTime="2026-09-05T20:32:05.1692152+03:00" testType="13cdc9d9-ddb5-4fa4-a97d-d965ccfc6d4b" outcome="Passed" testListId="8c84fa94-04c1-424b-9868-57a2d4851a1d" relativeResultsDirectory="4fba055d-8a9c-43f7-9f81-98447d6a15b8" />
    <UnitTestResult executionId="bc91fe90-29a3-4c5c-8850-fd0ff4c55a61" testId="02df02b7-586c-2eb5-efed-01fec38cc313" testName="Task.Desktop.Tests.TaskScreen.TasksViewModelTests.Edit_SendsOnlyChangedFieldsAndUsesFreshVersion" computerName="TIM" duration="00:00:00.0011473" startTime="2026-09-05T20:32:05.3167925+03:00" endTime="2026-09-05T20:32:05.3178598+03:00" testType="13cdc9d9-ddb5-4fa4-a97d-d965ccfc6d4b" outcome="Passed" testListId="8c84fa94-04c1-424b-9868-57a2d4851a1d" relativeResultsDirectory="bc91fe90-29a3-4c5c-8850-fd0ff4c55a61" />
    <UnitTestResult executionId="8037b9e3-0ebd-4f0d-8acc-1c94b8cc279a" testId="3a4d6a06-5813-d7d2-35e6-f9220f30def2" testName="Task.Desktop.Tests.Today.TodayViewModelTests.DayRange_UsesLocalMidnightsAcrossDst" computerName="TIM" duration="00:00:00.0018801" startTime="2026-09-05T20:32:05.1470430+03:00" endTime="2026-09-05T20:32:05.1488194+03:00" testType="13cdc9d9-ddb5-4fa4-a97d-d965ccfc6d4b" outcome="Passed" testListId="8c84fa94-04c1-424b-9868-57a2d4851a1d" relativeResultsDirectory="8037b9e3-0ebd-4f0d-8acc-1c94b8cc279a" />
    <UnitTestResult executionId="0f942856-66bc-43f4-8eb9-0d614e3f80e5" testId="8922c0fb-1ca0-35bf-786c-fb6c804769cd" testName="Task.Desktop.Tests.VisualFoundationTests.ResponsiveColumns_SelectExpectedWidth(windowWidth: 1320, parameter: &quot;1320:336&quot;, expected: 336)" computerName="TIM" duration="00:00:00.0000090" startTime="2026-09-05T20:32:05.0822948+03:00" endTime="2026-09-05T20:32:05.0823661+03:00" testType="13cdc9d9-ddb5-4fa4-a97d-d965ccfc6d4b" outcome="Passed" testListId="8c84fa94-04c1-424b-9868-57a2d4851a1d" relativeResultsDirectory="0f942856-66bc-43f4-8eb9-0d614e3f80e5" />
    <UnitTestResult executionId="83ed0b8e-3cee-4f6a-ac54-7c8f2c17d611" testId="dab0085d-4d95-45a7-c2fb-73c3bec14fae" testName="Task.Desktop.Tests.AuthWorkflowViewModelTests.StartupRestore_ConfirmedSession_TransitionsToReady" computerName="TIM" duration="00:00:00.0394963" startTime="2026-09-05T20:32:06.3979471+03:00" endTime="2026-09-05T20:32:06.4383366+03:00" testType="13cdc9d9-ddb5-4fa4-a97d-d965ccfc6d4b" outcome="Passed" testListId="8c84fa94-04c1-424b-9868-57a2d4851a1d" relativeResultsDirectory="83ed0b8e-3cee-4f6a-ac54-7c8f2c17d611" />
    <UnitTestResult executionId="113764ce-145c-4570-b17a-5d666ba694cb" testId="68e2caeb-04a9-d983-5697-d106a4dcdaab" testName="Task.Desktop.Tests.SessionServiceTests.Login_NetworkFailure_StateStaysSignedOut" computerName="TIM" duration="00:00:00.0014360" startTime="2026-09-05T20:32:07.0174841+03:00" endTime="2026-09-05T20:32:07.0186426+03:00" testType="13cdc9d9-ddb5-4fa4-a97d-d965ccfc6d4b" outcome="Passed" testListId="8c84fa94-04c1-424b-9868-57a2d4851a1d" relativeResultsDirectory="113764ce-145c-4570-b17a-5d666ba694cb" />
    <UnitTestResult executionId="e7054174-a447-4035-9b70-69819c5a02c4" testId="7b07a194-b23c-027a-f481-1f5e8cfcda11" testName="Task.Desktop.Tests.DesktopAuthApiClientTests.Login_BrokenJsonBody_ReturnsMalformedResponse" computerName="TIM" duration="00:00:00.0014633" startTime="2026-09-05T20:32:05.1695029+03:00" endTime="2026-09-05T20:32:05.1708080+03:00" testType="13cdc9d9-ddb5-4fa4-a97d-d965ccfc6d4b" outcome="Passed" testListId="8c84fa94-04c1-424b-9868-57a2d4851a1d" relativeResultsDirectory="e7054174-a447-4035-9b70-69819c5a02c4" />
    <UnitTestResult executionId="77be5c12-19d5-4c80-9751-dda881493060" testId="2f916946-db21-0054-321a-b874320b0ff5" testName="Task.Desktop.Tests.SessionServiceTests.Login_ReusesExistingDeviceKeyFromVault" computerName="TIM" duration="00:00:00.0213582" startTime="2026-09-05T20:32:06.5737445+03:00" endTime="2026-09-05T20:32:06.5952293+03:00" testType="13cdc9d9-ddb5-4fa4-a97d-d965ccfc6d4b" outcome="Passed" testListId="8c84fa94-04c1-424b-9868-57a2d4851a1d" relativeResultsDirectory="77be5c12-19d5-4c80-9751-dda881493060" />
    <UnitTestResult executionId="f6a3c413-0cc1-4bce-a4fb-45a90712e698" testId="ea3bc40a-c32c-6b09-87d3-96cb9de46906" testName="Task.Desktop.Tests.SessionServiceTests.Restore_MustChangePassword_IsNotReadyForMainShell" computerName="TIM" duration="00:00:00.0443000" startTime="2026-09-05T20:32:05.5512643+03:00" endTime="2026-09-05T20:32:05.6011465+03:00" testType="13cdc9d9-ddb5-4fa4-a97d-d965ccfc6d4b" outcome="Passed" testListId="8c84fa94-04c1-424b-9868-57a2d4851a1d" relativeResultsDirectory="f6a3c413-0cc1-4bce-a4fb-45a90712e698" />
    <UnitTestResult executionId="88994048-087f-4301-ba50-3b6b86b21085" testId="f08df435-4e8e-d471-1f12-a55d0e92ce72" testName="Task.Desktop.Tests.DesktopAuthApiClientTests.Logout_204_ReturnsSucceeded_AndSendsContractRequest" computerName="TIM" duration="00:00:00.0051353" startTime="2026-09-05T20:32:05.1552689+03:00" endTime="2026-09-05T20:32:05.1605652+03:00" testType="13cdc9d9-ddb5-4fa4-a97d-d965ccfc6d4b" outcome="Passed" testListId="8c84fa94-04c1-424b-9868-57a2d4851a1d" relativeResultsDirectory="88994048-087f-4301-ba50-3b6b86b21085" />
    <UnitTestResult executionId="c7484fdb-16f9-45bc-963a-75f57c50e277" testId="5f1339ad-82d1-288e-2b45-e36caf394181" testName="Task.Desktop.Tests.Today.TodayViewModelTests.Shell_ActivatesTodayAndRoutesFooterRefresh" computerName="TIM" duration="00:00:00.0024478" startTime="2026-09-05T20:32:05.1082376+03:00" endTime="2026-09-05T20:32:05.1082677+03:00" testType="13cdc9d9-ddb5-4fa4-a97d-d965ccfc6d4b" outcome="Passed" testListId="8c84fa94-04c1-424b-9868-57a2d4851a1d" relativeResultsDirectory="c7484fdb-16f9-45bc-963a-75f57c50e277" />
    <UnitTestResult executionId="986a9abe-16d6-4352-93fa-b92996cb052d" testId="8866a2e2-0ab9-08a7-2fba-f188ff0d9def" testName="Task.Desktop.Tests.DesktopAuthApiClientTests.Login_429_RateLimited_ReturnsAuthError_WithRetryHint" computerName="TIM" duration="00:00:00.0011826" startTime="2026-09-05T20:32:05.3149927+03:00" endTime="2026-09-05T20:32:05.3163553+03:00" testType="13cdc9d9-ddb5-4fa4-a97d-d965ccfc6d4b" outcome="Passed" testListId="8c84fa94-04c1-424b-9868-57a2d4851a1d" relativeResultsDirectory="986a9abe-16d6-4352-93fa-b92996cb052d" />
    <UnitTestResult executionId="a3217110-2131-42cf-9a18-41ff254ef34f" testId="790c6fa1-0e00-b0f1-a531-5626088dc550" testName="Task.Desktop.Tests.SessionServiceTests.Dispose_IsIdempotent" computerName="TIM" duration="00:00:00.0003553" startTime="2026-09-05T20:32:05.5300725+03:00" endTime="2026-09-05T20:32:05.5302695+03:00" testType="13cdc9d9-ddb5-4fa4-a97d-d965ccfc6d4b" outcome="Passed" testListId="8c84fa94-04c1-424b-9868-57a2d4851a1d" relativeResultsDirectory="a3217110-2131-42cf-9a18-41ff254ef34f" />
    <UnitTestResult executionId="c9dcea33-f6d5-4d9b-bf2f-d1083b3b20af" testId="7fdbbc20-ca59-ed44-1638-093f8de89b70" testName="Task.Desktop.Tests.SessionServiceTests.Refresh_StoredEntryWithoutDeviceKey_SignsOut" computerName="TIM" duration="00:00:00.0110680" startTime="2026-09-05T20:32:05.5303965+03:00" endTime="2026-09-05T20:32:05.5420313+03:00" testType="13cdc9d9-ddb5-4fa4-a97d-d965ccfc6d4b" outcome="Passed" testListId="8c84fa94-04c1-424b-9868-57a2d4851a1d" relativeResultsDirectory="c9dcea33-f6d5-4d9b-bf2f-d1083b3b20af" />
    <UnitTestResult executionId="e90ba958-4103-446b-bc1d-44c04b7ce37b" testId="6d638548-8e41-6fb1-f98e-fc2582aa694c" testName="Task.Desktop.Tests.TaskScreen.TasksViewModelTests.CapabilityGrant_UpdatesWriteStateWithoutRecreatingViewModel" computerName="TIM" duration="00:00:00.0066320" startTime="2026-09-05T20:32:05.3100567+03:00" endTime="2026-09-05T20:32:05.3103204+03:00" testType="13cdc9d9-ddb5-4fa4-a97d-d965ccfc6d4b" outcome="Passed" testListId="8c84fa94-04c1-424b-9868-57a2d4851a1d" relativeResultsDirectory="e90ba958-4103-446b-bc1d-44c04b7ce37b" />
    <UnitTestResult executionId="605052a0-090d-46d8-b824-cb4965e21f51" testId="a89ca278-a569-846d-fb2f-c19b8b19eb1b" testName="Task.Desktop.Tests.DesktopAuthApiClientTests.ChangePassword_Problem_MapsStableCode(status: Unauthorized, code: &quot;AUTHENTICATION_REQUIRED&quot;, expected: AuthenticationRequired)" computerName="TIM" duration="00:00:00.0000220" startTime="2026-09-05T20:32:05.1524512+03:00" endTime="2026-09-05T20:32:05.1524842+03:00" testType="13cdc9d9-ddb5-4fa4-a97d-d965ccfc6d4b" outcome="Passed" testListId="8c84fa94-04c1-424b-9868-57a2d4851a1d" relativeResultsDirectory="605052a0-090d-46d8-b824-cb4965e21f51" />
    <UnitTestResult executionId="5ecb368d-df12-4b2a-9c9f-7b744bbbf5a8" testId="b23c9797-729e-3416-d2f0-5b6501356c7e" testName="Task.Desktop.Tests.TaskScreen.TasksViewModelTests.InitialLoad_EmptyPage_ShowsEmptyState" computerName="TIM" duration="00:00:00.0009653" startTime="2026-09-05T20:32:05.3027583+03:00" endTime="2026-09-05T20:32:05.3099471+03:00" testType="13cdc9d9-ddb5-4fa4-a97d-d965ccfc6d4b" outcome="Passed" testListId="8c84fa94-04c1-424b-9868-57a2d4851a1d" relativeResultsDirectory="5ecb368d-df12-4b2a-9c9f-7b744bbbf5a8" />
    <UnitTestResult executionId="3d812263-a298-4cba-9908-bbe683068b3d" testId="da182d2f-a690-d14a-5e22-5e2aa9261f98" testName="Task.Desktop.Tests.MainWindowViewModelTests.ReadOnlyNotice_DoesNotContainMojibakeCharacters" computerName="TIM" duration="00:00:00.0001325" startTime="2026-09-05T20:32:05.2716818+03:00" endTime="2026-09-05T20:32:05.2726216+03:00" testType="13cdc9d9-ddb5-4fa4-a97d-d965ccfc6d4b" outcome="Passed" testListId="8c84fa94-04c1-424b-9868-57a2d4851a1d" relativeResultsDirectory="3d812263-a298-4cba-9908-bbe683068b3d" />
    <UnitTestResult executionId="90b99ccf-72ac-4322-b16c-85de9864365f" testId="ba53e51a-5170-562a-f283-1f70e8b32dea" testName="Task.Desktop.Tests.Security.DesktopServerConnectionTests.Address_InvalidValues_AreRejected(value: null, expected: Missing)" computerName="TIM" duration="00:00:00.0000595" startTime="2026-09-05T20:32:05.0827294+03:00" endTime="2026-09-05T20:32:05.0828723+03:00" testType="13cdc9d9-ddb5-4fa4-a97d-d965ccfc6d4b" outcome="Passed" testListId="8c84fa94-04c1-424b-9868-57a2d4851a1d" relativeResultsDirectory="90b99ccf-72ac-4322-b16c-85de9864365f" />
    <UnitTestResult executionId="ffbd0f7c-2102-4aaf-bf19-d2cfa1df6391" testId="c83f7e42-ba93-133e-dab0-8788d9ab0977" testName="Task.Desktop.Tests.TaskScreen.TasksViewModelTests.OpenById_PreservesExistingDraft" computerName="TIM" duration="00:00:00.0046744" startTime="2026-09-05T20:32:05.2807075+03:00" endTime="2026-09-05T20:32:05.2853323+03:00" testType="13cdc9d9-ddb5-4fa4-a97d-d965ccfc6d4b" outcome="Passed" testListId="8c84fa94-04c1-424b-9868-57a2d4851a1d" relativeResultsDirectory="ffbd0f7c-2102-4aaf-bf19-d2cfa1df6391" />
    <UnitTestResult executionId="adf75b7b-c24a-4bbc-9d10-cd83115c1878" testId="2e641536-8d2f-d723-58e1-5f1de4d8f49b" testName="Task.Desktop.Tests.TaskScreen.TasksViewModelTests.Forbidden_ClearsPreviouslyVisibleData" computerName="TIM" duration="00:00:00.0007054" startTime="2026-09-05T20:32:05.3148526+03:00" endTime="2026-09-05T20:32:05.3154658+03:00" testType="13cdc9d9-ddb5-4fa4-a97d-d965ccfc6d4b" outcome="Passed" testListId="8c84fa94-04c1-424b-9868-57a2d4851a1d" relativeResultsDirectory="adf75b7b-c24a-4bbc-9d10-cd83115c1878" />
    <UnitTestResult executionId="dd09d38a-8dde-413c-8cc0-d82c266226f3" testId="0d9545aa-c03c-27a2-bc10-6a8cd291a986" testName="Task.Desktop.Tests.DesktopCredentialVaultTests.CorruptPayload_InvalidButDecryptable_ReturnsNull_AndIsolatesFile(payload: &quot;[1,2,3]&quot;)" computerName="TIM" duration="00:00:00.0115124" startTime="2026-09-05T20:32:05.1652973+03:00" endTime="2026-09-05T20:32:05.1767153+03:00" testType="13cdc9d9-ddb5-4fa4-a97d-d965ccfc6d4b" outcome="Passed" testListId="8c84fa94-04c1-424b-9868-57a2d4851a1d" relativeResultsDirectory="dd09d38a-8dde-413c-8cc0-d82c266226f3" />
    <UnitTestResult executionId="a8ff9044-2a48-4f84-a6d8-f2ae7bdb41bf" testId="281deee5-0795-63d9-800d-0dbb30af3869" testName="Task.Desktop.Tests.DesktopCredentialVaultTests.CorruptFile_TamperedBytes_ReturnsNull_AndIsolatesFile" computerName="TIM" duration="00:00:00.0196509" startTime="2026-09-05T20:32:05.2404921+03:00" endTime="2026-09-05T20:32:05.2542853+03:00" testType="13cdc9d9-ddb5-4fa4-a97d-d965ccfc6d4b" outcome="Passed" testListId="8c84fa94-04c1-424b-9868-57a2d4851a1d" relativeResultsDirectory="a8ff9044-2a48-4f84-a6d8-f2ae7bdb41bf" />
    <UnitTestResult executionId="4f3e4a61-55a0-4806-8370-d703581f3fcb" testId="b8a2a1bc-34fd-d04e-b79f-e4747648b8fb" testName="Task.Desktop.Tests.Security.DesktopServerConnectionTests.Address_InvalidValues_AreRejected(value: &quot;https://user:pw@task.local&quot;, expected: UserInfoNotAllowed)" computerName="TIM" duration="00:00:00.0003813" startTime="2026-09-05T20:32:05.0804733+03:00" endTime="2026-09-05T20:32:05.0825138+03:00" testType="13cdc9d9-ddb5-4fa4-a97d-d965ccfc6d4b" outcome="Passed" testListId="8c84fa94-04c1-424b-9868-57a2d4851a1d" relativeResultsDirectory="4f3e4a61-55a0-4806-8370-d703581f3fcb" />
    <UnitTestResult executionId="ffb2d2b8-e19f-484d-8e00-1a29e433ab79" testId="75da1819-7dd3-e621-1e42-beee0b5f175c" testName="Task.Desktop.Tests.TaskApi.DesktopTasksApiClientTests.Write401Failures_AreTyped_AndNeverSendMoreThanOneRetry" computerName="TIM" duration="00:00:00.1123184" startTime="2026-09-05T20:32:05.4216559+03:00" endTime="2026-09-05T20:32:05.5340468+03:00" testType="13cdc9d9-ddb5-4fa4-a97d-d965ccfc6d4b" outcome="Passed" testListId="8c84fa94-04c1-424b-9868-57a2d4851a1d" relativeResultsDirectory="ffb2d2b8-e19f-484d-8e00-1a29e433ab79" />
    <UnitTestResult executionId="c7e05ca7-51b5-40e1-912c-784eb3edd3a2" testId="e7c32975-9993-812f-de19-4e9fb930082f" testName="Task.Desktop.Tests.TaskScreen.TasksViewModelTests.ForbiddenWrite_PreservesDraftAndDisablesFurtherWrites" computerName="TIM" duration="00:00:00.0013477" startTime="2026-09-05T20:32:07.5031113+03:00" endTime="2026-09-05T20:32:07.5043950+03:00" testType="13cdc9d9-ddb5-4fa4-a97d-d965ccfc6d4b" outcome="Passed" testListId="8c84fa94-04c1-424b-9868-57a2d4851a1d" relativeResultsDirectory="c7e05ca7-51b5-40e1-912c-784eb3edd3a2" />
    <UnitTestResult executionId="68112c07-ae4a-431c-9704-3a170c15e33c" testId="e39c1d9d-1288-deb3-02f6-0df22c722598" testName="Task.Desktop.Tests.DesktopCredentialVaultTests.AccessToken_IsOnlyInMemory_NeverOnDisk" computerName="TIM" duration="00:00:00.0109451" startTime="2026-09-05T20:32:05.2254632+03:00" endTime="2026-09-05T20:32:05.2403027+03:00" testType="13cdc9d9-ddb5-4fa4-a97d-d965ccfc6d4b" outcome="Passed" testListId="8c84fa94-04c1-424b-9868-57a2d4851a1d" relativeResultsDirectory="68112c07-ae4a-431c-9704-3a170c15e33c" />
    <UnitTestResult executionId="9e227b57-3e4c-4c49-934e-92c189955d85" testId="57eaf7a4-6b88-b948-9c2b-e9095c092a93" testName="Task.Desktop.Tests.TaskScreen.TasksViewModelTests.Navigation_ActivatesAndDeactivatesTaskScreen" computerName="TIM" duration="00:00:00.0032699" startTime="2026-09-05T20:32:05.2771315+03:00" endTime="2026-09-05T20:32:05.2795726+03:00" testType="13cdc9d9-ddb5-4fa4-a97d-d965ccfc6d4b" outcome="Passed" testListId="8c84fa94-04c1-424b-9868-57a2d4851a1d" relativeResultsDirectory="9e227b57-3e4c-4c49-934e-92c189955d85" />
    <UnitTestResult executionId="48d01c7d-e75a-483e-9346-38c93bb55722" testId="a199f6c0-6ca6-7952-234d-1d6c84d17d35" testName="Task.Desktop.Tests.VisualFoundationTests.StatusMapping_IsTextPlusShapeAndSemanticTone(status: Cancelled, expectedIcon: &quot;Task.Icon.Status.Cancelled&quot;, expectedTone: Neutral)" computerName="TIM" duration="00:00:00.0003265" startTime="2026-09-05T20:32:05.1056826+03:00" endTime="2026-09-05T20:32:05.1057124+03:00" testType="13cdc9d9-ddb5-4fa4-a97d-d965ccfc6d4b" outcome="Passed" testListId="8c84fa94-04c1-424b-9868-57a2d4851a1d" relativeResultsDirectory="48d01c7d-e75a-483e-9346-38c93bb55722" />
    <UnitTestResult executionId="37aa02b1-bb2e-470d-a0e9-4eca4e2eb0a5" testId="4f112a31-c493-171b-131d-02d546f6ce24" testName="Task.Desktop.Tests.SessionServiceTests.Login_Success_FillsVault_StateSignedIn_AndSchedulesRefresh" computerName="TIM" duration="00:00:00.0191717" startTime="2026-09-05T20:32:06.4073400+03:00" endTime="2026-09-05T20:32:06.4274882+03:00" testType="13cdc9d9-ddb5-4fa4-a97d-d965ccfc6d4b" outcome="Passed" testListId="8c84fa94-04c1-424b-9868-57a2d4851a1d" relativeResultsDirectory="37aa02b1-bb2e-470d-a0e9-4eca4e2eb0a5" />
    <UnitTestResult executionId="403fc5f2-5283-499f-a612-7fa658b8ab96" testId="e267faac-fc6c-0fec-e43f-24b9f2de2cb6" testName="Task.Desktop.Tests.Security.DesktopServerConnectionTests.Probe_CertificateFailure_ReturnsTlsFailure" computerName="TIM" duration="00:00:00.0649120" startTime="2026-09-05T20:32:05.0856997+03:00" endTime="2026-09-05T20:32:05.1080125+03:00" testType="13cdc9d9-ddb5-4fa4-a97d-d965ccfc6d4b" outcome="Passed" testListId="8c84fa94-04c1-424b-9868-57a2d4851a1d" relativeResultsDirectory="403fc5f2-5283-499f-a612-7fa658b8ab96" />
    <UnitTestResult executionId="adca6d92-7136-4817-a268-aa0c671ce60c" testId="97de22c7-0ef5-dffb-b716-ee1a46f7a38b" testName="Task.Desktop.Tests.Today.TodayViewModelTests.Summary_OpenCommandNavigatesToExistingTaskCard" computerName="TIM" duration="00:00:00.0247469" startTime="2026-09-05T20:32:05.1085744+03:00" endTime="2026-09-05T20:32:05.1188761+03:00" testType="13cdc9d9-ddb5-4fa4-a97d-d965ccfc6d4b" outcome="Passed" testListId="8c84fa94-04c1-424b-9868-57a2d4851a1d" relativeResultsDirectory="adca6d92-7136-4817-a268-aa0c671ce60c" />
    <UnitTestResult executionId="6bcdbfca-564d-4d36-9467-d1a5462f48aa" testId="db88df72-ccfa-e02a-183b-bfe067f79a7a" testName="Task.Desktop.Tests.Security.DesktopServerConnectionTests.Address_InvalidValues_AreRejected(value: &quot;http://task.local&quot;, expected: NotHttps)" computerName="TIM" duration="00:00:00.0000383" startTime="2026-09-05T20:32:05.0853471+03:00" endTime="2026-09-05T20:32:05.0854344+03:00" testType="13cdc9d9-ddb5-4fa4-a97d-d965ccfc6d4b" outcome="Passed" testListId="8c84fa94-04c1-424b-9868-57a2d4851a1d" relativeResultsDirectory="6bcdbfca-564d-4d36-9467-d1a5462f48aa" />
    <UnitTestResult executionId="57a558b2-8d32-402d-8ee5-a7ce2da7da53" testId="c1720af1-0ce8-2f66-549e-d3607ba7ec66" testName="Task.Desktop.Tests.TaskApi.DesktopTasksApiClientTests.GetTasks_SendsUrlBearerAndCorrelation_AndParsesPage" computerName="TIM" duration="00:00:00.0173710" startTime="2026-09-05T20:32:05.5536084+03:00" endTime="2026-09-05T20:32:05.5709174+03:00" testType="13cdc9d9-ddb5-4fa4-a97d-d965ccfc6d4b" outcome="Passed" testListId="8c84fa94-04c1-424b-9868-57a2d4851a1d" relativeResultsDirectory="57a558b2-8d32-402d-8ee5-a7ce2da7da53" />
    <UnitTestResult executionId="b693761c-71a5-4627-9e35-65649c8e6998" testId="2922ffe6-c5f4-7705-a6be-a35305e310ff" testName="Task.Desktop.Tests.SessionServiceTests.ServerChange_ClearsCompleteLocalSessionAndDeliversReason" computerName="TIM" duration="00:00:00.0070299" startTime="2026-09-05T20:32:07.0099389+03:00" endTime="2026-09-05T20:32:07.0169775+03:00" testType="13cdc9d9-ddb5-4fa4-a97d-d965ccfc6d4b" outcome="Passed" testListId="8c84fa94-04c1-424b-9868-57a2d4851a1d" relativeResultsDirectory="b693761c-71a5-4627-9e35-65649c8e6998" />
    <UnitTestResult executionId="e0274148-f6e1-4ba1-8943-127f377dba7b" testId="5f2b2722-0b2a-c23e-c7b6-dabc2e311f99" testName="Task.Desktop.Tests.TaskScreen.TasksViewModelTests.Create_DoubleSubmit_IsSingleFlight" computerName="TIM" duration="00:00:00.2478806" startTime="2026-09-05T20:32:05.0353842+03:00" endTime="2026-09-05T20:32:05.2610569+03:00" testType="13cdc9d9-ddb5-4fa4-a97d-d965ccfc6d4b" outcome="Passed" testListId="8c84fa94-04c1-424b-9868-57a2d4851a1d" relativeResultsDirectory="e0274148-f6e1-4ba1-8943-127f377dba7b" />
    <UnitTestResult executionId="908b988c-ca52-4302-a9a9-0ef6b93cece9" testId="c9bd6d23-ddfd-9397-a05f-fc9b416af685" testName="Task.Desktop.Tests.AuthWorkflowViewModelTests.PasswordChange_InvalidCurrentPassword_StaysOnMandatoryScreen" computerName="TIM" duration="00:00:00.0120319" startTime="2026-09-05T20:32:05.3015450+03:00" endTime="2026-09-05T20:32:05.3136619+03:00" testType="13cdc9d9-ddb5-4fa4-a97d-d965ccfc6d4b" outcome="Passed" testListId="8c84fa94-04c1-424b-9868-57a2d4851a1d" relativeResultsDirectory="908b988c-ca52-4302-a9a9-0ef6b93cece9" />
    <UnitTestResult executionId="df65db84-d0a4-4368-89f0-a51700a79021" testId="6c215d64-df1f-c0f0-cf5e-daeea0002ab8" testName="Task.Desktop.Tests.VisualFoundationTests.NavigationWidth_UsesCanonicalCompactBreakpoint(windowWidth: 1487, expected: 212)" computerName="TIM" duration="00:00:00.0004235" startTime="2026-09-05T20:32:05.1069099+03:00" endTime="2026-09-05T20:32:05.1069436+03:00" testType="13cdc9d9-ddb5-4fa4-a97d-d965ccfc6d4b" outcome="Passed" testListId="8c84fa94-04c1-424b-9868-57a2d4851a1d" relativeResultsDirectory="df65db84-d0a4-4368-89f0-a51700a79021" />
    <UnitTestResult executionId="1f4abc35-4c2d-4d20-9340-05c053864a33" testId="f58dccc2-7700-a643-6416-8e8352e34951" testName="Task.Desktop.Tests.DesktopAuthApiClientTests.Login_EmptyArguments_Throw" computerName="TIM" duration="00:00:00.0087969" startTime="2026-09-05T20:32:05.3190377+03:00" endTime="2026-09-05T20:32:05.3278438+03:00" testType="13cdc9d9-ddb5-4fa4-a97d-d965ccfc6d4b" outcome="Passed" testListId="8c84fa94-04c1-424b-9868-57a2d4851a1d" relativeResultsDirectory="1f4abc35-4c2d-4d20-9340-05c053864a33" />
    <UnitTestResult executionId="f80acf39-0a11-4a82-9e38-885b716d5909" testId="336ab4f0-2522-cb79-1525-42bc1a86e8b2" testName="Task.Desktop.Tests.DesktopAuthApiClientTests.Login_ProblemJsonWithoutCode_ReturnsMalformedResponse" computerName="TIM" duration="00:00:00.0048688" startTime="2026-09-05T20:32:05.1750861+03:00" endTime="2026-09-05T20:32:05.1796588+03:00" testType="13cdc9d9-ddb5-4fa4-a97d-d965ccfc6d4b" outcome="Passed" testListId="8c84fa94-04c1-424b-9868-57a2d4851a1d" relativeResultsDirectory="f80acf39-0a11-4a82-9e38-885b716d5909" />
    <UnitTestResult executionId="ff80dc97-5aa9-4e9e-a26b-25a2d2ffd35c" testId="87eda9e8-3bfb-e04d-e25b-8207836b38db" testName="Task.Desktop.Tests.TaskScreen.TasksViewModelTests.OpenById_OpensTaskOutsideFirstPageForReadOnlyUser" computerName="TIM" duration="00:00:00.0009678" startTime="2026-09-05T20:32:05.2854869+03:00" endTime="2026-09-05T20:32:05.2863798+03:00" testType="13cdc9d9-ddb5-4fa4-a97d-d965ccfc6d4b" outcome="Passed" testListId="8c84fa94-04c1-424b-9868-57a2d4851a1d" relativeResultsDirectory="ff80dc97-5aa9-4e9e-a26b-25a2d2ffd35c" />
    <UnitTestResult executionId="4133d72e-babd-47a9-b36d-a6e1e0358edb" testId="6a8d3097-b1c1-f563-52e2-054f11e07e9e" testName="Task.Desktop.Tests.AuthWorkflowViewModelTests.PasswordChange_SuccessRequiresSecondSessionConfirmation" computerName="TIM" duration="00:00:00.0165682" startTime="2026-09-05T20:32:05.2774255+03:00" endTime="2026-09-05T20:32:05.2939582+03:00" testType="13cdc9d9-ddb5-4fa4-a97d-d965ccfc6d4b" outcome="Passed" testListId="8c84fa94-04c1-424b-9868-57a2d4851a1d" relativeResultsDirectory="4133d72e-babd-47a9-b36d-a6e1e0358edb" />
    <UnitTestResult executionId="8cbe42a5-87a4-4638-b966-7c2b68a5b070" testId="96ebd57e-1821-6008-ef4a-be441307b294" testName="Task.Desktop.Tests.DesktopCredentialVaultTests.Save_RejectsNullOrWhitespaceDeviceKey" computerName="TIM" duration="00:00:00.0007505" startTime="2026-09-05T20:32:06.0551928+03:00" endTime="2026-09-05T20:32:06.0552851+03:00" testType="13cdc9d9-ddb5-4fa4-a97d-d965ccfc6d4b" outcome="Passed" testListId="8c84fa94-04c1-424b-9868-57a2d4851a1d" relativeResultsDirectory="8cbe42a5-87a4-4638-b966-7c2b68a5b070" />
    <UnitTestResult executionId="c7fa3095-319d-48be-ae78-3392ca94348f" testId="e7a9a731-eed0-855c-53f3-9656716db298" testName="Task.Desktop.Tests.Calendar.CalendarViewModelTests.RefreshFailure_PreservesConfirmedDataWithHonestBanner" computerName="TIM" duration="00:00:00.0091961" startTime="2026-09-05T20:32:05.0924557+03:00" endTime="2026-09-05T20:32:05.1057913+03:00" testType="13cdc9d9-ddb5-4fa4-a97d-d965ccfc6d4b" outcome="Passed" testListId="8c84fa94-04c1-424b-9868-57a2d4851a1d" relativeResultsDirectory="c7fa3095-319d-48be-ae78-3392ca94348f" />
    <UnitTestResult executionId="0b483d5f-9877-4ab3-a3ff-14edacf9b544" testId="a91f5eba-fff0-6c6a-1d42-6dc7ac58465e" testName="Task.Desktop.Tests.TaskScreen.TasksViewModelTests.RequestInProgress_RetryReusesSameIdempotencyKey" computerName="TIM" duration="00:00:02.0554049" startTime="2026-09-05T20:32:05.3572724+03:00" endTime="2026-09-05T20:32:07.4735590+03:00" testType="13cdc9d9-ddb5-4fa4-a97d-d965ccfc6d4b" outcome="Passed" testListId="8c84fa94-04c1-424b-9868-57a2d4851a1d" relativeResultsDirectory="0b483d5f-9877-4ab3-a3ff-14edacf9b544" />
    <UnitTestResult executionId="fe83c619-57b0-4163-9838-c443ed24c10d" testId="c3d8159b-375b-3cfe-6493-41caacfc4475" testName="Task.Desktop.Tests.DesktopAuthApiClientTests.ChangePassword_NetworkAndMalformed_AreTyped" computerName="TIM" duration="00:00:00.0017833" startTime="2026-09-05T20:32:05.1538251+03:00" endTime="2026-09-05T20:32:05.1542120+03:00" testType="13cdc9d9-ddb5-4fa4-a97d-d965ccfc6d4b" outcome="Passed" testListId="8c84fa94-04c1-424b-9868-57a2d4851a1d" relativeResultsDirectory="fe83c619-57b0-4163-9838-c443ed24c10d" />
    <UnitTestResult executionId="42d5197e-2722-4e2a-b32e-6e476c2b6c62" testId="f2a36873-88d8-932d-82df-4200d7446426" testName="Task.Desktop.Tests.DesktopAuthApiClientTests.Refresh_NetworkError_ReturnsNetworkFailure" computerName="TIM" duration="00:00:00.0010705" startTime="2026-09-05T20:32:05.2707030+03:00" endTime="2026-09-05T20:32:05.2717190+03:00" testType="13cdc9d9-ddb5-4fa4-a97d-d965ccfc6d4b" outcome="Passed" testListId="8c84fa94-04c1-424b-9868-57a2d4851a1d" relativeResultsDirectory="42d5197e-2722-4e2a-b32e-6e476c2b6c62" />
    <UnitTestResult executionId="d0c5cec6-2744-4cf8-b4c4-3b0201c740d8" testId="c9cce939-dc7c-0455-4b7e-32b180ea52f5" testName="Task.Desktop.Tests.SessionServiceTests.ChangePassword_Success_ClearsRequirementOnlyAfterConfirmation" computerName="TIM" duration="00:00:00.0928443" startTime="2026-09-05T20:32:06.2720170+03:00" endTime="2026-09-05T20:32:06.3648740+03:00" testType="13cdc9d9-ddb5-4fa4-a97d-d965ccfc6d4b" outcome="Passed" testListId="8c84fa94-04c1-424b-9868-57a2d4851a1d" relativeResultsDirectory="d0c5cec6-2744-4cf8-b4c4-3b0201c740d8" />
    <UnitTestResult executionId="dd5a73dc-35b7-41d1-b1b2-655fed0f3f36" testId="b62d6e74-297e-e176-9434-d59092a2c3d9" testName="Task.Desktop.Tests.Today.TodayViewModelTests.Summary_TaskReadWorksWithoutCalendarRead" computerName="TIM" duration="00:00:00.0240032" startTime="2026-09-05T20:32:05.0354585+03:00" endTime="2026-09-05T20:32:05.0859669+03:00" testType="13cdc9d9-ddb5-4fa4-a97d-d965ccfc6d4b" outcome="Passed" testListId="8c84fa94-04c1-424b-9868-57a2d4851a1d" relativeResultsDirectory="dd5a73dc-35b7-41d1-b1b2-655fed0f3f36" />
    <UnitTestResult executionId="08c61896-eac6-486f-bafe-c3bce6717408" testId="dd218172-58a8-9d02-445e-4c166130b004" testName="Task.Desktop.Tests.AuthWorkflowViewModelTests.Login_MustChangePassword_CannotReachReady" computerName="TIM" duration="00:00:00.0271455" startTime="2026-09-05T20:32:05.4221776+03:00" endTime="2026-09-05T20:32:05.4509134+03:00" testType="13cdc9d9-ddb5-4fa4-a97d-d965ccfc6d4b" outcome="Passed" testListId="8c84fa94-04c1-424b-9868-57a2d4851a1d" relativeResultsDirectory="08c61896-eac6-486f-bafe-c3bce6717408" />
    <UnitTestResult executionId="07815460-04ae-4938-9af9-f9727ac9395e" testId="ddc30870-ba7f-ff40-9985-535b039e6343" testName="Task.Desktop.Tests.TaskApi.DesktopTasksApiClientTests.Writes_SendCanonicalContracts_AndReturnValidatedMetadata" computerName="TIM" duration="00:00:00.0205967" startTime="2026-09-05T20:32:05.4002467+03:00" endTime="2026-09-05T20:32:05.4209847+03:00" testType="13cdc9d9-ddb5-4fa4-a97d-d965ccfc6d4b" outcome="Passed" testListId="8c84fa94-04c1-424b-9868-57a2d4851a1d" relativeResultsDirectory="07815460-04ae-4938-9af9-f9727ac9395e" />
    <UnitTestResult executionId="03c6aac2-b137-44d7-9498-0459d1932926" testId="1c8d6126-01bb-983f-107d-c32dd3906080" testName="Task.Desktop.Tests.DesktopAuthApiClientTests.Ctor_RejectsNullOrWhitespaceBaseUrl" computerName="TIM" duration="00:00:00.0008362" startTime="2026-09-05T20:32:05.1543837+03:00" endTime="2026-09-05T20:32:05.1551360+03:00" testType="13cdc9d9-ddb5-4fa4-a97d-d965ccfc6d4b" outcome="Passed" testListId="8c84fa94-04c1-424b-9868-57a2d4851a1d" relativeResultsDirectory="03c6aac2-b137-44d7-9498-0459d1932926" />
    <UnitTestResult executionId="f0a0f799-b3cc-4b24-b48b-b1e659a93cb8" testId="d142964a-28e1-31ef-f078-65ede920107a" testName="Task.Desktop.Tests.VisualFoundationTests.Xaml_PreservesAutomationContractAndNonColorSelectionIndicators" computerName="TIM" duration="00:00:00.0021747" startTime="2026-09-05T20:32:05.3758502+03:00" endTime="2026-09-05T20:32:05.3758924+03:00" testType="13cdc9d9-ddb5-4fa4-a97d-d965ccfc6d4b" outcome="Passed" testListId="8c84fa94-04c1-424b-9868-57a2d4851a1d" relativeResultsDirectory="f0a0f799-b3cc-4b24-b48b-b1e659a93cb8" />
    <UnitTestResult executionId="74c94f09-f9be-42f4-9d8e-1bd46de3308b" testId="725b0b89-d4c2-adc3-f609-3e523e47e8dd" testName="Task.Desktop.Tests.TaskApi.DesktopTasksApiClientTests.GetTaskById_UsesCanonicalRoute_AndParsesDetails" computerName="TIM" duration="00:00:00.0143467" startTime="2026-09-05T20:32:05.2770312+03:00" endTime="2026-09-05T20:32:05.2905092+03:00" testType="13cdc9d9-ddb5-4fa4-a97d-d965ccfc6d4b" outcome="Passed" testListId="8c84fa94-04c1-424b-9868-57a2d4851a1d" relativeResultsDirectory="74c94f09-f9be-42f4-9d8e-1bd46de3308b" />
    <UnitTestResult executionId="35e0c68c-a6f4-40e4-8a52-72c3e8b1a18b" testId="4326c47f-10be-8956-757f-cdf32ae57057" testName="Task.Desktop.Tests.TaskScreen.TasksViewModelTests.InitialLoad_ShowsLocalizedItemsAndDetails" computerName="TIM" duration="00:00:00.0022251" startTime="2026-09-05T20:32:07.5066056+03:00" endTime="2026-09-05T20:32:07.5086326+03:00" testType="13cdc9d9-ddb5-4fa4-a97d-d965ccfc6d4b" outcome="Passed" testListId="8c84fa94-04c1-424b-9868-57a2d4851a1d" relativeResultsDirectory="35e0c68c-a6f4-40e4-8a52-72c3e8b1a18b" />
    <UnitTestResult executionId="8cf701c2-c2fa-40fc-b385-1d126c40a298" testId="e604ff93-1cb5-c7cf-d4a1-8d628f359ede" testName="Task.Desktop.Tests.Calendar.CalendarViewModelTests.SessionEnd_ClearsDataAndDisablesCommands" computerName="TIM" duration="00:00:00.0011809" startTime="2026-09-05T20:32:05.1095251+03:00" endTime="2026-09-05T20:32:05.1125553+03:00" testType="13cdc9d9-ddb5-4fa4-a97d-d965ccfc6d4b" outcome="Passed" testListId="8c84fa94-04c1-424b-9868-57a2d4851a1d" relativeResultsDirectory="8cf701c2-c2fa-40fc-b385-1d126c40a298" />
    <UnitTestResult executionId="2d8935fe-5524-45d2-97e9-21a4bad38eb8" testId="d187816d-1629-e4c3-fc47-878ec679e927" testName="Task.Desktop.Tests.SessionServiceTests.Refresh_SessionExpired_SignsOutAndClearsVault" computerName="TIM" duration="00:00:00.0083270" startTime="2026-09-05T20:32:06.4282501+03:00" endTime="2026-09-05T20:32:06.4371525+03:00" testType="13cdc9d9-ddb5-4fa4-a97d-d965ccfc6d4b" outcome="Passed" testListId="8c84fa94-04c1-424b-9868-57a2d4851a1d" relativeResultsDirectory="2d8935fe-5524-45d2-97e9-21a4bad38eb8" />
    <UnitTestResult executionId="5efdfb84-0fb1-4975-b6ca-59a5ae0ae195" testId="2e8df467-4699-ab59-a98f-c4fd94e42190" testName="Task.Desktop.Tests.VisualFoundationTests.NavigationWidth_UsesCanonicalCompactBreakpoint(windowWidth: 1220, expected: 212)" computerName="TIM" duration="00:00:00.0003369" startTime="2026-09-05T20:32:05.1069988+03:00" endTime="2026-09-05T20:32:05.1070273+03:00" testType="13cdc9d9-ddb5-4fa4-a97d-d965ccfc6d4b" outcome="Passed" testListId="8c84fa94-04c1-424b-9868-57a2d4851a1d" relativeResultsDirectory="5efdfb84-0fb1-4975-b6ca-59a5ae0ae195" />
    <UnitTestResult executionId="8d94f779-ccf0-4824-87fe-858d211fcbf0" testId="4e207903-ae3f-8035-00e0-2a3e239fcece" testName="Task.Desktop.Tests.MainWindowViewModelTests.Sections_ExposeCanonicalRoutes_InExactOrder" computerName="TIM" duration="00:00:00.0003674" startTime="2026-09-05T20:32:05.2712834+03:00" endTime="2026-09-05T20:32:05.2715504+03:00" testType="13cdc9d9-ddb5-4fa4-a97d-d965ccfc6d4b" outcome="Passed" testListId="8c84fa94-04c1-424b-9868-57a2d4851a1d" relativeResultsDirectory="8d94f779-ccf0-4824-87fe-858d211fcbf0" />
    <UnitTestResult executionId="53212f27-f79c-4095-ae0d-59a1f40b2a33" testId="e8a45bb8-c9fc-3cea-3ca1-22b6b07a16b3" testName="Task.Desktop.Tests.AuthWorkflowViewModelTests.StartupRestore_RevokedSession_ClearsVaultAndReturnsToLogin" computerName="TIM" duration="00:00:00.2849255" startTime="2026-09-05T20:32:05.5890060+03:00" endTime="2026-09-05T20:32:05.9440628+03:00" testType="13cdc9d9-ddb5-4fa4-a97d-d965ccfc6d4b" outcome="Passed" testListId="8c84fa94-04c1-424b-9868-57a2d4851a1d" relativeResultsDirectory="53212f27-f79c-4095-ae0d-59a1f40b2a33" />
    <UnitTestResult executionId="45d1e0a9-306a-4cbf-9242-c1cbc2e7835b" testId="fbd9d209-7991-e427-6255-fc2f712851e9" testName="Task.Desktop.Tests.Calendar.CalendarViewModelTests.EventSelection_LoadsDetails_TaskSelectionDoesNot" computerName="TIM" duration="00:00:00.0140799" startTime="2026-09-05T20:32:05.1084707+03:00" endTime="2026-09-05T20:32:05.1086072+03:00" testType="13cdc9d9-ddb5-4fa4-a97d-d965ccfc6d4b" outcome="Passed" testListId="8c84fa94-04c1-424b-9868-57a2d4851a1d" relativeResultsDirectory="45d1e0a9-306a-4cbf-9242-c1cbc2e7835b" />
    <UnitTestResult executionId="12dfe6df-5d4e-4fac-a7d1-70ad5f31ca64" testId="d56e0ed1-dc41-c1b1-f1ed-89b5810e53d0" testName="Task.Desktop.Tests.Today.TodayViewModelTests.Activate_LoadsTimedAndUntimedItemsForCurrentDay" computerName="TIM" duration="00:00:00.0039098" startTime="2026-09-05T20:32:05.1429447+03:00" endTime="2026-09-05T20:32:05.1468426+03:00" testType="13cdc9d9-ddb5-4fa4-a97d-d965ccfc6d4b" outcome="Passed" testListId="8c84fa94-04c1-424b-9868-57a2d4851a1d" relativeResultsDirectory="12dfe6df-5d4e-4fac-a7d1-70ad5f31ca64" />
    <UnitTestResult executionId="51452ce0-3ae1-406a-8aee-7b5d6e638a67" testId="67c3f2b3-d52e-496f-813b-5b931d0f8da0" testName="Task.Desktop.Tests.MainWindowViewModelTests.IsReadOnlyMode_IsAlwaysTrue" computerName="TIM" duration="00:00:00.0002564" startTime="2026-09-05T20:32:05.1051324+03:00" endTime="2026-09-05T20:32:05.1053153+03:00" testType="13cdc9d9-ddb5-4fa4-a97d-d965ccfc6d4b" outcome="Passed" testListId="8c84fa94-04c1-424b-9868-57a2d4851a1d" relativeResultsDirectory="51452ce0-3ae1-406a-8aee-7b5d6e638a67" />
    <UnitTestResult executionId="55772bfd-8dab-4387-bd79-0e9931b53550" testId="78a46a07-6efa-9647-73dc-c5654cad704c" testName="Task.Desktop.Tests.SessionServiceTests.ChangePassword_SessionConfirmationFailure_KeepsRequirement" computerName="TIM" duration="00:00:00.0173572" startTime="2026-09-05T20:32:07.0197517+03:00" endTime="2026-09-05T20:32:07.0362240+03:00" testType="13cdc9d9-ddb5-4fa4-a97d-d965ccfc6d4b" outcome="Passed" testListId="8c84fa94-04c1-424b-9868-57a2d4851a1d" relativeResultsDirectory="55772bfd-8dab-4387-bd79-0e9931b53550" />
    <UnitTestResult executionId="0d73ea3a-d839-4ddb-a795-cabd9d0b8d66" testId="cacaff0d-90d2-f091-25a8-0fca76722eac" testName="Task.Desktop.Tests.Security.DesktopServerConnectionTests.Probe_Ready503_ReturnsNotReady" computerName="TIM" duration="00:00:00.0331631" startTime="2026-09-05T20:32:05.1081195+03:00" endTime="2026-09-05T20:32:05.1255446+03:00" testType="13cdc9d9-ddb5-4fa4-a97d-d965ccfc6d4b" outcome="Passed" testListId="8c84fa94-04c1-424b-9868-57a2d4851a1d" relativeResultsDirectory="0d73ea3a-d839-4ddb-a795-cabd9d0b8d66" />
    <UnitTestResult executionId="fa0b0bf2-6c55-4b70-b330-67c74a905c76" testId="86422f27-c9dc-fb28-bb10-7f31838e3c73" testName="Task.Desktop.Tests.SessionServiceTests.ChangePassword_TerminalRefresh_ClearsVaultAndSignsOut" computerName="TIM" duration="00:00:00.0098130" startTime="2026-09-05T20:32:05.2888437+03:00" endTime="2026-09-05T20:32:05.2986207+03:00" testType="13cdc9d9-ddb5-4fa4-a97d-d965ccfc6d4b" outcome="Passed" testListId="8c84fa94-04c1-424b-9868-57a2d4851a1d" relativeResultsDirectory="fa0b0bf2-6c55-4b70-b330-67c74a905c76" />
    <UnitTestResult executionId="f853cbed-1512-4ff8-a570-35291adfffb2" testId="c607af1d-e63d-80e0-f65d-ec79d62a4048" testName="Task.Desktop.Tests.AuthWorkflowViewModelTests.Login_NetworkFailure_StaysRetryableWithoutPersistingSession" computerName="TIM" duration="00:00:00.0052165" startTime="2026-09-05T20:32:05.5298106+03:00" endTime="2026-09-05T20:32:05.5350720+03:00" testType="13cdc9d9-ddb5-4fa4-a97d-d965ccfc6d4b" outcome="Passed" testListId="8c84fa94-04c1-424b-9868-57a2d4851a1d" relativeResultsDirectory="f853cbed-1512-4ff8-a570-35291adfffb2" />
    <UnitTestResult executionId="006e0f91-2290-42d5-ba9d-ab90ce421d28" testId="a1deb016-908a-e9bd-032c-ec935029d322" testName="Task.Desktop.Tests.DesktopAuthApiClientTests.Login_200_ParsesFullResponse_AndSendsContractRequest" computerName="TIM" duration="00:00:00.0075736" startTime="2026-09-05T20:32:05.3099023+03:00" endTime="2026-09-05T20:32:05.3107178+03:00" testType="13cdc9d9-ddb5-4fa4-a97d-d965ccfc6d4b" outcome="Passed" testListId="8c84fa94-04c1-424b-9868-57a2d4851a1d" relativeResultsDirectory="006e0f91-2290-42d5-ba9d-ab90ce421d28" />
    <UnitTestResult executionId="a5b6b69f-b7e1-4e2e-878f-15e8dd0e4654" testId="daffee0a-c608-830e-c94e-a65dd08dc78e" testName="Task.Desktop.Tests.SessionServiceTests.Refresh_RateLimited_StaysSignedIn_AndSchedulesRetry" computerName="TIM" duration="00:00:00.0458290" startTime="2026-09-05T20:32:05.9324457+03:00" endTime="2026-09-05T20:32:06.0188054+03:00" testType="13cdc9d9-ddb5-4fa4-a97d-d965ccfc6d4b" outcome="Passed" testListId="8c84fa94-04c1-424b-9868-57a2d4851a1d" relativeResultsDirectory="a5b6b69f-b7e1-4e2e-878f-15e8dd0e4654" />
    <UnitTestResult executionId="905a7624-e14f-4de6-a842-c993fb53485f" testId="11f8fb3f-240f-88c5-0c5d-3306e8bc7e17" testName="Task.Desktop.Tests.VisualFoundationTests.Theme_LoadsCanonicalResourcesAndIcons" computerName="TIM" duration="00:00:00.2830249" startTime="2026-09-05T20:32:05.1079612+03:00" endTime="2026-09-05T20:32:05.3747362+03:00" testType="13cdc9d9-ddb5-4fa4-a97d-d965ccfc6d4b" outcome="Passed" testListId="8c84fa94-04c1-424b-9868-57a2d4851a1d" relativeResultsDirectory="905a7624-e14f-4de6-a842-c993fb53485f" />
    <UnitTestResult executionId="6ee70517-117d-4b02-97bc-205b99cf467d" testId="bd789bd6-01f1-a0f8-c8b8-97fc28ede79e" testName="Task.Desktop.Tests.Today.TodayViewModelTests.CapabilityRevocation_CancelsAndClearsProtectedData" computerName="TIM" duration="00:00:00.0006867" startTime="2026-09-05T20:32:05.1083570+03:00" endTime="2026-09-05T20:32:05.1085015+03:00" testType="13cdc9d9-ddb5-4fa4-a97d-d965ccfc6d4b" outcome="Passed" testListId="8c84fa94-04c1-424b-9868-57a2d4851a1d" relativeResultsDirectory="6ee70517-117d-4b02-97bc-205b99cf467d" />
[...]
    <TestEntry testId="349b8954-50e4-6e84-ae79-ab7aad23ae41" executionId="d6e1763e-56b0-47db-8e21-066436e043a9" testListId="8c84fa94-04c1-424b-9868-57a2d4851a1d" />
    <TestEntry testId="afe366d6-719d-21fb-807f-a29b43f9a01b" executionId="35e61908-839c-4a75-a0b8-60def894e02a" testListId="8c84fa94-04c1-424b-9868-57a2d4851a1d" />
    <TestEntry testId="1e7ed1fa-6bf0-ca25-e2f3-f39e2b400640" executionId="b1b0ecf6-f336-40c7-ab0b-11fe73f8a109" testListId="8c84fa94-04c1-424b-9868-57a2d4851a1d" />
    <TestEntry testId="8c93eb10-43c7-0f4b-4b09-8157072ab5a3" executionId="48da4ff1-d1dd-430e-9fa8-65f525e1a51e" testListId="8c84fa94-04c1-424b-9868-57a2d4851a1d" />
    <TestEntry testId="735424a7-effa-5415-ada0-6064a99f9f16" executionId="65709c2b-167b-4143-bdbf-7d2652c53a91" testListId="8c84fa94-04c1-424b-9868-57a2d4851a1d" />
    <TestEntry testId="069bf8e0-3f73-4ad2-48e0-90e71ddb2ab3" executionId="bfdb7a95-5d53-4360-a4f7-b9d16ea548b6" testListId="8c84fa94-04c1-424b-9868-57a2d4851a1d" />
    <TestEntry testId="0568c32b-86a3-c34f-6fe3-04a75a35bd15" executionId="89e6c423-92a5-4637-aa33-76b2b6dfa55b" testListId="8c84fa94-04c1-424b-9868-57a2d4851a1d" />
    <TestEntry testId="8d19eaf4-3579-c71f-9908-edd475ee78bc" executionId="1e9b4aff-72b8-4000-aecf-94eba8caa11d" testListId="8c84fa94-04c1-424b-9868-57a2d4851a1d" />
    <TestEntry testId="5d65ae98-2580-6457-862a-e8791c8e4f91" executionId="0ca6fd74-2d31-4790-ae23-4eb3771a24a8" testListId="8c84fa94-04c1-424b-9868-57a2d4851a1d" />
    <TestEntry testId="4d41a6b2-23bb-bb2b-ac9b-7e31c5a3985b" executionId="062d5cd5-d982-4a91-b87d-84394edbc081" testListId="8c84fa94-04c1-424b-9868-57a2d4851a1d" />
    <TestEntry testId="b4ce9fdd-cff0-fb4b-3a3e-de0842a9cc8a" executionId="722d8b0c-ee9f-48ad-93ee-9e98ce3f4c64" testListId="8c84fa94-04c1-424b-9868-57a2d4851a1d" />
    <TestEntry testId="51fed36a-aab5-e7c5-f837-17c4b66ad799" executionId="7b966265-fe57-4d4b-8a3d-2567d5711dc9" testListId="8c84fa94-04c1-424b-9868-57a2d4851a1d" />
    <TestEntry testId="80f4295c-bb9e-f0f8-541a-f72995b6e97c" executionId="fb9bdfa5-380c-42f2-80d3-a77df2a57eb6" testListId="8c84fa94-04c1-424b-9868-57a2d4851a1d" />
    <TestEntry testId="1cc9d7c2-d8be-7617-007f-f25ddda03e4c" executionId="9dfeb16f-0dde-4a13-bdce-da85976640d9" testListId="8c84fa94-04c1-424b-9868-57a2d4851a1d" />
    <TestEntry testId="e412b367-0e63-d58d-edf3-e5069219b570" executionId="bfd96e24-4e99-4ad9-9cd7-a0a0072e4b82" testListId="8c84fa94-04c1-424b-9868-57a2d4851a1d" />
    <TestEntry testId="05117786-0ba5-8710-3f63-17c7b16720cf" executionId="e416cf68-5e55-4aa7-987a-17ad652ae060" testListId="8c84fa94-04c1-424b-9868-57a2d4851a1d" />
    <TestEntry testId="81f3631d-41ba-391e-770d-847d64f31555" executionId="cf134b33-6f35-4e2f-a720-91662512b911" testListId="8c84fa94-04c1-424b-9868-57a2d4851a1d" />
    <TestEntry testId="3c74c8ec-c471-5efe-c8d7-e24a299806e2" executionId="11ee8b57-84ac-4aa4-b90d-88d591d0b348" testListId="8c84fa94-04c1-424b-9868-57a2d4851a1d" />
    <TestEntry testId="3fbe6c07-f05a-5271-03e8-5c4b63ac942b" executionId="baa3760f-543e-421f-8eb1-78ae6d07675b" testListId="8c84fa94-04c1-424b-9868-57a2d4851a1d" />
    <TestEntry testId="e4038893-d430-2683-7cee-8e5f2045917e" executionId="6a2ce599-3018-4ec2-ac93-80982fdfcb33" testListId="8c84fa94-04c1-424b-9868-57a2d4851a1d" />
    <TestEntry testId="6078ec74-c268-f9ac-c45f-66999e94d018" executionId="ef02ae28-9073-40fa-aa5e-101ea6212647" testListId="8c84fa94-04c1-424b-9868-57a2d4851a1d" />
    <TestEntry testId="d3c6ff2e-4808-366f-704a-6c98e3bc923b" executionId="a66ff46d-89e7-4e9e-aa30-97936f3e6501" testListId="8c84fa94-04c1-424b-9868-57a2d4851a1d" />
    <TestEntry testId="6e0cecdb-f159-72f4-53e6-bbed70976bac" executionId="712d4d56-f011-4703-a0bf-09bc8999bfc4" testListId="8c84fa94-04c1-424b-9868-57a2d4851a1d" />
    <TestEntry testId="e00c9dc4-7919-81ae-97c1-0c02f6791a0c" executionId="1c6e93e1-1509-43ed-8d93-cbd9be062c61" testListId="8c84fa94-04c1-424b-9868-57a2d4851a1d" />
    <TestEntry testId="f45b7558-7f8a-5953-4d20-32b232fffa66" executionId="daf26d98-0fc4-4bb1-8f62-2fa3395334bb" testListId="8c84fa94-04c1-424b-9868-57a2d4851a1d" />
    <TestEntry testId="e4ef0170-17c4-2f68-f311-d86e66744f3b" executionId="ade6c000-0b86-4e47-ae7e-9c3f184d41df" testListId="8c84fa94-04c1-424b-9868-57a2d4851a1d" />
    <TestEntry testId="dce07d09-99f7-87d4-e886-29e936cf55ca" executionId="ddceb330-ea36-4457-b10a-d812298b3241" testListId="8c84fa94-04c1-424b-9868-57a2d4851a1d" />
    <TestEntry testId="4f3fa097-4005-4d3b-9921-c936e2489381" executionId="3b23aa89-2e1f-483d-a916-19c7086cafbf" testListId="8c84fa94-04c1-424b-9868-57a2d4851a1d" />
    <TestEntry testId="d1fe2a79-d2a3-1f82-c177-d2a210ac6e0d" executionId="ad21e349-ed24-4b27-8ce6-66f1b181dbc4" testListId="8c84fa94-04c1-424b-9868-57a2d4851a1d" />
    <TestEntry testId="2d67a645-8105-cd87-aa5a-53ba15764060" executionId="9e4a62b2-8a2a-4eab-9293-98dbc682d575" testListId="8c84fa94-04c1-424b-9868-57a2d4851a1d" />
    <TestEntry testId="3c6fec8b-7aff-fadd-37bf-ad6fb7e2c231" executionId="19dbe15a-73f6-457b-9902-fd64b99705e8" testListId="8c84fa94-04c1-424b-9868-57a2d4851a1d" />
    <TestEntry testId="59793e35-5431-230a-d274-8d02a30e099b" executionId="b7c942e1-47fe-40f9-9f07-206d7e415afc" testListId="8c84fa94-04c1-424b-9868-57a2d4851a1d" />
    <TestEntry testId="4a19eefe-df4d-8c6e-a106-e79a4ee9d6bb" executionId="11b0f828-084f-4291-81b7-babe826f9caa" testListId="8c84fa94-04c1-424b-9868-57a2d4851a1d" />
    <TestEntry testId="726013e0-ad33-2881-d164-a416815d70d7" executionId="de3f1d4b-f4d2-49fa-afe7-408679c29cbd" testListId="8c84fa94-04c1-424b-9868-57a2d4851a1d" />
    <TestEntry testId="d1d0c781-c9c9-eb48-ee23-ce13aa79ba76" executionId="9e45127b-be90-4cd8-b5e0-c05d96f9e4af" testListId="8c84fa94-04c1-424b-9868-57a2d4851a1d" />
    <TestEntry testId="2e60936e-1920-d5d0-3e17-0446bd85e23f" executionId="fcb22d73-c3ca-4c5a-b052-03d99dfb1fae" testListId="8c84fa94-04c1-424b-9868-57a2d4851a1d" />
    <TestEntry testId="35c7232e-8898-41db-5fb5-430cfd515f43" executionId="406894c3-1269-4366-bbea-b342e62715eb" testListId="8c84fa94-04c1-424b-9868-57a2d4851a1d" />
    <TestEntry testId="43f30076-ca1f-2344-9002-64b5236abd35" executionId="1f2e6f67-1e30-497e-8b24-fd0e1aab66fd" testListId="8c84fa94-04c1-424b-9868-57a2d4851a1d" />
    <TestEntry testId="b6496866-e686-b86d-3404-a601d0517693" executionId="d62c4445-32e4-4749-b0ca-d5aa497f9465" testListId="8c84fa94-04c1-424b-9868-57a2d4851a1d" />
    <TestEntry testId="5d5758a5-7da1-28e6-9ce3-17901f2e8e4f" executionId="6220a57c-2ec8-4114-9912-729d527a42f4" testListId="8c84fa94-04c1-424b-9868-57a2d4851a1d" />
    <TestEntry testId="30348672-8664-3147-313d-742040d7f644" executionId="dcce5f35-c934-48dc-b712-83426fa117a9" testListId="8c84fa94-04c1-424b-9868-57a2d4851a1d" />
    <TestEntry testId="8586bf44-3c31-4885-bd31-d4a69cc3ed3a" executionId="d53852b4-62a6-4e1d-ae99-ddd5c1820f18" testListId="8c84fa94-04c1-424b-9868-57a2d4851a1d" />
    <TestEntry testId="8869487e-56cb-26b3-39f5-a5e693874bf9" executionId="eb523c0c-1f15-4699-b461-230bb5108613" testListId="8c84fa94-04c1-424b-9868-57a2d4851a1d" />
    <TestEntry testId="3e79e57c-d5e9-9f65-fc48-eb8ba0209de0" executionId="aba1c7a5-227a-41cf-b822-6ccf2292a2a0" testListId="8c84fa94-04c1-424b-9868-57a2d4851a1d" />
    <TestEntry testId="9dae2361-45a9-503d-7e6a-ee52d286de85" executionId="6c790669-17db-4ac9-9c2b-f1b3d3762889" testListId="8c84fa94-04c1-424b-9868-57a2d4851a1d" />
    <TestEntry testId="88f2043f-8781-04a1-d468-aa51a5f453a2" executionId="86f15126-c258-42ef-86b5-b48096b9471d" testListId="8c84fa94-04c1-424b-9868-57a2d4851a1d" />
    <TestEntry testId="01065cef-3ce7-a012-96aa-ef5df66fc899" executionId="3a6daf7f-e871-4c59-8cc2-be8d6f899277" testListId="8c84fa94-04c1-424b-9868-57a2d4851a1d" />
    <TestEntry testId="29bf7ff7-9451-2552-8e06-127b9b34165d" executionId="19d9038d-68d5-42e0-bea3-69b909c3ae32" testListId="8c84fa94-04c1-424b-9868-57a2d4851a1d" />
    <TestEntry testId="5ab164e0-04dd-c14b-615f-3cd2d5fd1b88" executionId="fea3a193-70e8-4c8f-96ce-5e04f848d4b0" testListId="8c84fa94-04c1-424b-9868-57a2d4851a1d" />
    <TestEntry testId="56ea7543-f387-77fc-b441-764d2f805c54" executionId="105f66ba-fca6-4812-abb6-b4f9d4307de1" testListId="8c84fa94-04c1-424b-9868-57a2d4851a1d" />
    <TestEntry testId="5ce1bfa0-f7b0-f8b5-7bd8-8d9627f4d473" executionId="d923f33e-4319-491c-bda1-6d0ac0b5900b" testListId="8c84fa94-04c1-424b-9868-57a2d4851a1d" />
    <TestEntry testId="3b8a2199-b778-a717-d5ea-f4994d3ec9aa" executionId="053f9f11-1c0a-4a7e-9466-83eb7b49f229" testListId="8c84fa94-04c1-424b-9868-57a2d4851a1d" />
    <TestEntry testId="921442e6-a2b7-1af4-c225-50d18b9f62ed" executionId="db0d4f46-a872-4ddf-827b-91efbaa3b08b" testListId="8c84fa94-04c1-424b-9868-57a2d4851a1d" />
    <TestEntry testId="fde78142-fd7f-a412-3ebf-158a6fb7bba9" executionId="61dd625e-2ac3-42af-908c-37ece80ec00b" testListId="8c84fa94-04c1-424b-9868-57a2d4851a1d" />
    <TestEntry testId="75d0a10a-b2a7-ad4a-4f3c-5ebcd253b496" executionId="9dec37fd-4713-4dff-8309-ec6405bb36b6" testListId="8c84fa94-04c1-424b-9868-57a2d4851a1d" />
    <TestEntry testId="943edb66-e168-9109-7769-5438be8b9ae6" executionId="423b490f-84b2-4e72-944b-7ab0ed513a94" testListId="8c84fa94-04c1-424b-9868-57a2d4851a1d" />
    <TestEntry testId="870094f1-c565-d535-50a8-e132daf3228d" executionId="c44ac3ea-b868-4502-8451-d58c7bbe71c9" testListId="8c84fa94-04c1-424b-9868-57a2d4851a1d" />
    <TestEntry testId="ed5a8de9-96f9-aeed-a314-0b52d5a644da" executionId="45112d97-3f02-4e4a-b798-3df3e5355980" testListId="8c84fa94-04c1-424b-9868-57a2d4851a1d" />
    <TestEntry testId="7ab85740-baf5-14d1-d67f-6414b26b5aaa" executionId="3e80c328-fe57-4a64-9cae-ba164692fae1" testListId="8c84fa94-04c1-424b-9868-57a2d4851a1d" />
    <TestEntry testId="71191d7c-1062-d8de-293a-0ac9451da5be" executionId="52a76fb6-0a08-45db-8ba1-1e1dae3bf16f" testListId="8c84fa94-04c1-424b-9868-57a2d4851a1d" />
    <TestEntry testId="945fa93b-fb44-9004-b9a2-cf79019c8d55" executionId="e5ff4a57-0b65-4668-8514-1aa0c6bb396c" testListId="8c84fa94-04c1-424b-9868-57a2d4851a1d" />
    <TestEntry testId="711249e1-db7f-9833-eb11-ac5a871a574a" executionId="58b8eb88-3065-4c4d-858a-74f6bf83d605" testListId="8c84fa94-04c1-424b-9868-57a2d4851a1d" />
    <TestEntry testId="346def2f-5325-9339-d177-6d33549c4b2c" executionId="46ba6e29-b9a2-465a-bf96-7999d53a4042" testListId="8c84fa94-04c1-424b-9868-57a2d4851a1d" />
    <TestEntry testId="293580a6-9838-5113-9352-6317a2638f73" executionId="2448cd1f-2134-43bc-87c1-beba1ce03b29" testListId="8c84fa94-04c1-424b-9868-57a2d4851a1d" />
    <TestEntry testId="36a13565-f0ea-533a-3216-25818bf3baf9" executionId="c87b82ba-fed0-4329-a6ce-af264f1ab9cb" testListId="8c84fa94-04c1-424b-9868-57a2d4851a1d" />
    <TestEntry testId="7f79958b-760e-bad7-1596-53cca7d968b3" executionId="aacbf6fe-cb71-4cbd-9681-8caab3d2b8bd" testListId="8c84fa94-04c1-424b-9868-57a2d4851a1d" />
    <TestEntry testId="9abbc2b3-2ef8-d0bb-db18-2a7bfd10dcb4" executionId="d70acb29-ccd5-4912-a5ff-81a5cf3bcd71" testListId="8c84fa94-04c1-424b-9868-57a2d4851a1d" />
    <TestEntry testId="7fc8c444-59de-f058-d813-293e48741f84" executionId="9e40373c-8cef-49cb-b2d7-810d292aec10" testListId="8c84fa94-04c1-424b-9868-57a2d4851a1d" />
    <TestEntry testId="1798a13d-33a0-57d2-e58f-08fe542f7aef" executionId="c1ef2169-f69c-413e-8002-eb3350e343d3" testListId="8c84fa94-04c1-424b-9868-57a2d4851a1d" />
    <TestEntry testId="0b44f3c4-9c38-7b27-491f-6c4becb5790a" executionId="80e0a1c7-90ad-4b1e-82cd-82cd19055c4e" testListId="8c84fa94-04c1-424b-9868-57a2d4851a1d" />
    <TestEntry testId="55d7e535-80f0-2cf1-c546-635d7b7dfe87" executionId="77eb11e5-f836-4ad3-aa83-6169c6aa51b8" testListId="8c84fa94-04c1-424b-9868-57a2d4851a1d" />
    <TestEntry testId="99bc133b-7b45-9971-98da-d8e14ddb8b8e" executionId="493431d8-eae2-4167-8411-6c203139dd19" testListId="8c84fa94-04c1-424b-9868-57a2d4851a1d" />
    <TestEntry testId="64e33822-df38-f3d3-485f-67ec44e8eddf" executionId="f5fb22fe-0d92-4f2f-a289-4eb9432fd032" testListId="8c84fa94-04c1-424b-9868-57a2d4851a1d" />
    <TestEntry testId="287a853c-9961-372d-9f78-b2949b7e36f2" executionId="f02bc9c7-5be4-48f6-b21d-b5ca6ba40868" testListId="8c84fa94-04c1-424b-9868-57a2d4851a1d" />
    <TestEntry testId="1c44352b-2ddf-fe45-58d2-476d74283a6a" executionId="d4945114-b3df-4430-bf6e-f2e559d06252" testListId="8c84fa94-04c1-424b-9868-57a2d4851a1d" />
    <TestEntry testId="f3bbedf8-3645-59e3-87de-e081690c5126" executionId="0e0c5e11-b823-4363-9e57-075ce59e3fa4" testListId="8c84fa94-04c1-424b-9868-57a2d4851a1d" />
    <TestEntry testId="03fd4e8f-0a2a-bde7-c580-167aa80f91c4" executionId="818d2822-b520-4593-bf51-69c42a62a205" testListId="8c84fa94-04c1-424b-9868-57a2d4851a1d" />
    <TestEntry testId="9acd0f12-3c3b-ec59-5dd2-5757b20e4570" executionId="521abcb4-5184-45d8-a0ff-7e07757ed8b6" testListId="8c84fa94-04c1-424b-9868-57a2d4851a1d" />
    <TestEntry testId="a73e97eb-192e-ee62-929c-4ca146e22760" executionId="5d8b9e6a-2e28-4f39-aa82-74f696850169" testListId="8c84fa94-04c1-424b-9868-57a2d4851a1d" />
    <TestEntry testId="2a063370-a9d1-d4fe-28ea-c4c5659b9059" executionId="c9f64ea2-21b9-4c29-9013-2422a5dfef45" testListId="8c84fa94-04c1-424b-9868-57a2d4851a1d" />
    <TestEntry testId="d7e823c7-1f42-75ad-bb66-bdd63cd6eb9f" executionId="087e4409-7731-4a5d-895a-cdeaa084646c" testListId="8c84fa94-04c1-424b-9868-57a2d4851a1d" />
    <TestEntry testId="c80cdfac-0d94-ec0b-f266-226c9b825b49" executionId="ad39c277-22ad-4cf6-8fb6-b94a82b00452" testListId="8c84fa94-04c1-424b-9868-57a2d4851a1d" />
    <TestEntry testId="3ed04727-75cd-78b3-8969-add5de753ab0" executionId="1dddd787-6f2a-40d2-8d2d-963ff2907299" testListId="8c84fa94-04c1-424b-9868-57a2d4851a1d" />
    <TestEntry testId="7df82a4c-c219-6323-b7c4-eedc6002686d" executionId="edc1bc47-5488-467b-b0fe-36f88702e5c7" testListId="8c84fa94-04c1-424b-9868-57a2d4851a1d" />
    <TestEntry testId="bc82ee34-23cf-84b3-ee0f-f9e48af9ea22" executionId="e6f54e17-3400-41e8-83b1-192ef1290a79" testListId="8c84fa94-04c1-424b-9868-57a2d4851a1d" />
    <TestEntry testId="20ee2cb0-3bdc-ac01-5400-2a29b9894c49" executionId="249679c0-f142-4e09-b4fa-712c88a1e265" testListId="8c84fa94-04c1-424b-9868-57a2d4851a1d" />
    <TestEntry testId="f634f3aa-f28c-5ccf-fd7b-10c65842eab2" executionId="28f38ec4-2a91-4e2e-9032-4ab7557ceeb5" testListId="8c84fa94-04c1-424b-9868-57a2d4851a1d" />
    <TestEntry testId="6d0d08a1-9bd9-7bad-95b9-ea3deffd0892" executionId="0f25e334-d4a2-4dbf-a1f7-68b115a6641e" testListId="8c84fa94-04c1-424b-9868-57a2d4851a1d" />
    <TestEntry testId="d888890c-9cf2-f0fd-7d83-122bf8a9c4e2" executionId="ed5e94dc-7b44-433b-a986-fdacf30aed19" testListId="8c84fa94-04c1-424b-9868-57a2d4851a1d" />
    <TestEntry testId="b7727c8f-db5a-3546-e71e-3d2b2834ec3d" executionId="c183940d-debb-4d10-9cf2-627fc6fef5c8" testListId="8c84fa94-04c1-424b-9868-57a2d4851a1d" />
    <TestEntry testId="1ca9cfc3-1a83-71bb-3505-b192bef3630e" executionId="65fdd589-8d4e-4a52-9a7c-1c8c9eece82d" testListId="8c84fa94-04c1-424b-9868-57a2d4851a1d" />
    <TestEntry testId="c74af0c0-f55f-cf59-c7ee-a696b1e3f31f" executionId="a4e2f198-919d-40ce-bfdf-7a8ffb09d311" testListId="8c84fa94-04c1-424b-9868-57a2d4851a1d" />
    <TestEntry testId="99b9645e-a4af-6092-a468-d03aaf64f280" executionId="54ecd85a-b375-4b9c-9626-4dd0631bca8e" testListId="8c84fa94-04c1-424b-9868-57a2d4851a1d" />
    <TestEntry testId="89d490fe-e485-a20e-5194-b89c054047d1" executionId="26b43ad9-5ddd-4a26-b3aa-774592132201" testListId="8c84fa94-04c1-424b-9868-57a2d4851a1d" />
    <TestEntry testId="4d42fc34-1ff8-49e4-9f45-4d3deefbf1f5" executionId="f3d40c92-58a3-481f-949d-b7c9b192f250" testListId="8c84fa94-04c1-424b-9868-57a2d4851a1d" />
    <TestEntry testId="bc1a1633-1fe8-8521-b408-95896a4d4e4b" executionId="a0784dd8-b96b-487b-8331-06948d9aed2c" testListId="8c84fa94-04c1-424b-9868-57a2d4851a1d" />
    <TestEntry testId="b84d2496-0752-0f9e-ba1c-eaedf4406e14" executionId="1cd11d57-5433-427f-9f8d-cf68ee8a10ad" testListId="8c84fa94-04c1-424b-9868-57a2d4851a1d" />
    <TestEntry testId="9960c905-7d40-69fe-a95b-7e45261c89a2" executionId="5c64bbaa-2511-467a-9ac8-bdf9a1f8798d" testListId="8c84fa94-04c1-424b-9868-57a2d4851a1d" />
    <TestEntry testId="13f911e4-b665-e748-7793-c51d1cbb3939" executionId="40b2a32a-7b19-428b-b92d-f3542d89ed24" testListId="8c84fa94-04c1-424b-9868-57a2d4851a1d" />
    <TestEntry testId="7272dc63-4cd1-d276-e3db-41b08a0a65ba" executionId="64bc179d-d820-41d6-9b44-bf60251e9c5f" testListId="8c84fa94-04c1-424b-9868-57a2d4851a1d" />
    <TestEntry testId="6d9fc5aa-68af-2f15-8415-fab150444b0a" executionId="e039a445-3df5-4423-ad8b-fc56da3884ec" testListId="8c84fa94-04c1-424b-9868-57a2d4851a1d" />
    <TestEntry testId="c4468fa2-d9f7-6c4a-d92a-81b812de9fd9" executionId="02bb0110-205f-4b9b-9f91-48c82abeeadd" testListId="8c84fa94-04c1-424b-9868-57a2d4851a1d" />
    <TestEntry testId="e825440b-ebf6-9799-6947-7aa66abd929a" executionId="705edbb1-f48c-4cce-a87f-08fbbebf61cf" testListId="8c84fa94-04c1-424b-9868-57a2d4851a1d" />
    <TestEntry testId="993d6c37-9d29-6561-4764-0d6518564648" executionId="f4f23b8b-341b-476d-aa2d-c6f51d4a4330" testListId="8c84fa94-04c1-424b-9868-57a2d4851a1d" />
    <TestEntry testId="1840313d-c393-d901-6463-0b4b847ac05b" executionId="1d7f5134-5f82-4c45-8d80-38616f54f1a4" testListId="8c84fa94-04c1-424b-9868-57a2d4851a1d" />
    <TestEntry testId="a677db05-cbbb-556f-59b8-aab16b92128c" executionId="afe20d75-c275-4b10-be91-1e4d98d69d6d" testListId="8c84fa94-04c1-424b-9868-57a2d4851a1d" />
    <TestEntry testId="b42dca97-5913-da46-e081-71ab8ba5aba3" executionId="2e59328b-062a-4677-966e-e2b0cba15c1b" testListId="8c84fa94-04c1-424b-9868-57a2d4851a1d" />
    <TestEntry testId="da94c42d-361f-b42c-11db-ffbec6ed6f65" executionId="953ea729-c2e8-4287-8194-1f781aa69cb3" testListId="8c84fa94-04c1-424b-9868-57a2d4851a1d" />
    <TestEntry testId="45811efe-691d-b2fe-b254-76f69b2b1936" executionId="f16ce6cf-1cc0-4087-90fd-af017ca48bb6" testListId="8c84fa94-04c1-424b-9868-57a2d4851a1d" />
    <TestEntry testId="b73ea535-f7a8-b841-06aa-b896d134793c" executionId="6be530ef-a596-40a5-a7d1-f8520faf4ffa" testListId="8c84fa94-04c1-424b-9868-57a2d4851a1d" />
    <TestEntry testId="6b514437-5661-56ae-6e7e-393dc81c7e34" executionId="baec58b4-35e3-4170-a353-72a54ad15c39" testListId="8c84fa94-04c1-424b-9868-57a2d4851a1d" />
    <TestEntry testId="b4f4d48b-f829-fdbb-da40-29491a70fa01" executionId="4622e655-42ed-4ed4-8588-76b9624eae93" testListId="8c84fa94-04c1-424b-9868-57a2d4851a1d" />
    <TestEntry testId="191cdec1-6fc1-2908-6f98-a0d84623ab69" executionId="8097b098-0fd6-4f58-8b0b-9534b4e24285" testListId="8c84fa94-04c1-424b-9868-57a2d4851a1d" />
    <TestEntry testId="bf23896a-7a77-b466-2b5f-4c874becf5dd" executionId="a2fe083b-9229-4a91-a6f5-a8e0f829b341" testListId="8c84fa94-04c1-424b-9868-57a2d4851a1d" />
    <TestEntry testId="887fd546-edc1-ff5b-7fdc-15090896169b" executionId="046eefd4-5f4f-4455-b80a-f3f61da319af" testListId="8c84fa94-04c1-424b-9868-57a2d4851a1d" />
  </TestEntries>
  <TestLists>
    <TestList name="Список результатов" id="8c84fa94-04c1-424b-9868-57a2d4851a1d" />
    <TestList name="Все загруженные результаты" id="19431567-8539-422a-85d7-44ee4e166bda" />
  </TestLists>
  <ResultSummary outcome="Completed">
    <Counters total="269" executed="269" passed="269" failed="0" error="0" timeout="0" aborted="0" inconclusive="0" passedButRunAborted="0" notRunnable="0" notExecuted="0" disconnected="0" warning="0" completed="0" inProgress="0" pending="0" />
    <Output>
      <StdOut>[xUnit.net 00:00:00.00] xUnit.net VSTest Adapter v3.1.4+50e68bbb8b (64-bit .NET 10.0.11)&#xD;
[xUnit.net 00:00:00.23]   Discovering: Task.Desktop.Tests&#xD;
[xUnit.net 00:00:00.36]   Discovered:  Task.Desktop.Tests&#xD;
[xUnit.net 00:00:00.45]   Starting:    Task.Desktop.Tests&#xD;
[xUnit.net 00:00:02.98]   Finished:    Task.Desktop.Tests&#xD;
</StdOut>
    </Output>
  </ResultSummary>
</TestRun>