<?xml version="1.0" encoding="utf-8"?>
<TestRun id="6c11ecb0-4013-43f1-81ba-b96d92daf73b" name="novik@TIM 2026-09-06 01:14:13" runUser="TIM\novik" xmlns="http://microsoft.com/schemas/VisualStudio/TeamTest/2010">
  <Times creation="2026-09-06T01:14:13.5620268+03:00" queuing="2026-09-06T01:14:13.5620273+03:00" start="2026-09-06T01:14:12.0325532+03:00" finish="2026-09-06T01:14:30.0933996+03:00" />
  <TestSettings name="default" id="6f158806-3559-411c-83df-8e1fe199674a">
    <Deployment runDeploymentRoot="novik_TIM_2026-09-06_01_14_13" />
  </TestSettings>
  <Results>
    <UnitTestResult executionId="30e81efc-e21d-4115-9bed-b01da47e1e13" testId="9e91afe5-9743-c3f8-dff4-8f050fc4db3b" testName="Task.ServiceHosts.Tests.TaskEndpointsTests.PatchTask_WithInvalidFieldValues_Returns400(body: &quot;{\&quot;title\&quot;:5}&quot;)" computerName="TIM" duration="00:00:00.1646197" startTime="2026-09-06T01:14:13.9419817+03:00" endTime="2026-09-06T01:14:14.1281908+03:00" testType="13cdc9d9-ddb5-4fa4-a97d-d965ccfc6d4b" outcome="Passed" testListId="8c84fa94-04c1-424b-9868-57a2d4851a1d" relativeResultsDirectory="30e81efc-e21d-4115-9bed-b01da47e1e13" />
    <UnitTestResult executionId="85d125fa-cead-4451-996f-2ddc13c7c7a8" testId="9ce3f0fa-98e1-934f-9454-5d8363cdc9e0" testName="Task.ServiceHosts.Tests.TaskEndpointsTests.BlockUser_UsesProtectedTransition" computerName="TIM" duration="00:00:00.0749655" startTime="2026-09-06T01:14:26.8054718+03:00" endTime="2026-09-06T01:14:26.8807862+03:00" testType="13cdc9d9-ddb5-4fa4-a97d-d965ccfc6d4b" outcome="Passed" testListId="8c84fa94-04c1-424b-9868-57a2d4851a1d" relativeResultsDirectory="85d125fa-cead-4451-996f-2ddc13c7c7a8" />
    <UnitTestResult executionId="76c31270-cf70-48a2-8f28-fe18b235274c" testId="6fcf41a3-4004-8701-7867-333c59f7c6ac" testName="Task.ServiceHosts.Tests.AuditEndpointsTests.GetAudit_WhenFromAfterTo_Returns422" computerName="TIM" duration="00:00:00.1193165" startTime="2026-09-06T01:14:13.6797829+03:00" endTime="2026-09-06T01:14:13.8000635+03:00" testType="13cdc9d9-ddb5-4fa4-a97d-d965ccfc6d4b" outcome="Passed" testListId="8c84fa94-04c1-424b-9868-57a2d4851a1d" relativeResultsDirectory="76c31270-cf70-48a2-8f28-fe18b235274c" />
    <UnitTestResult executionId="d429965c-d116-4d6e-ab8a-76c160281af1" testId="874a1c8e-9b47-40b6-d681-dcdf4076b8b4" testName="Task.ServiceHosts.Tests.ProductEndpointsTests.EveryRouteDeclaresItsPermissionPolicy(method: &quot;PATCH&quot;, path: &quot;/api/v1/contacts/{id}&quot;, permission: &quot;Contact.Update&quot;)" computerName="TIM" duration="00:00:00.0375188" startTime="2026-09-06T01:14:26.9980058+03:00" endTime="2026-09-06T01:14:27.0354088+03:00" testType="13cdc9d9-ddb5-4fa4-a97d-d965ccfc6d4b" outcome="Passed" testListId="8c84fa94-04c1-424b-9868-57a2d4851a1d" relativeResultsDirectory="d429965c-d116-4d6e-ab8a-76c160281af1" />
    <UnitTestResult executionId="3ad7acb7-7091-4424-8b7c-4663b36b3dd3" testId="7202edfb-c3d7-aa9e-225b-82d8262ed5c0" testName="Task.ServiceHosts.Tests.DatabaseMigratorCommandTests.Status_MapsEveryInspectionState(status: Pending, expectedExitCode: 6, expectedCode: &quot;MigrationsRequired&quot;)" computerName="TIM" duration="00:00:00.0000184" startTime="2026-09-06T01:14:13.5520807+03:00" endTime="2026-09-06T01:14:13.5521208+03:00" testType="13cdc9d9-ddb5-4fa4-a97d-d965ccfc6d4b" outcome="Passed" testListId="8c84fa94-04c1-424b-9868-57a2d4851a1d" relativeResultsDirectory="3ad7acb7-7091-4424-8b7c-4663b36b3dd3" />
    <UnitTestResult executionId="c4cd6bb0-ff38-47f6-8e20-4093ee8b2166" testId="99cdc4ce-3d50-8e47-4727-5d86f769d125" testName="Task.ServiceHosts.Tests.TaskEndpointsTests.PatchTask_WhenAbsentOrMalformed_ReturnsObjectNotVisible(taskId: &quot;cccccccc-cccc-cccc-cccc-cccccccccccc&quot;)" computerName="TIM" duration="00:00:00.1202135" startTime="2026-09-06T01:14:23.1882170+03:00" endTime="2026-09-06T01:14:23.3182906+03:00" testType="13cdc9d9-ddb5-4fa4-a97d-d965ccfc6d4b" outcome="Passed" testListId="8c84fa94-04c1-424b-9868-57a2d4851a1d" relativeResultsDirectory="c4cd6bb0-ff38-47f6-8e20-4093ee8b2166" />
    <UnitTestResult executionId="2577898b-81cf-4124-8cac-6d07056f009f" testId="5faa985d-9234-d723-616e-d0e6e56a6efa" testName="Task.ServiceHosts.Tests.ProductEndpointsTests.EveryRouteDeniesMissingPermissionBeforeStore(method: &quot;GET&quot;, path: &quot;/api/v1/catalog/tree&quot;)" computerName="TIM" duration="00:00:00.1002077" startTime="2026-09-06T01:14:23.9704528+03:00" endTime="2026-09-06T01:14:24.0709687+03:00" testType="13cdc9d9-ddb5-4fa4-a97d-d965ccfc6d4b" outcome="Passed" testListId="8c84fa94-04c1-424b-9868-57a2d4851a1d" relativeResultsDirectory="2577898b-81cf-4124-8cac-6d07056f009f" />
    <UnitTestResult executionId="8c8383e5-7d87-4c6f-aff6-f2a827a6a8e7" testId="bd2105ad-59e5-0f63-2037-0241889cfe2c" testName="Task.ServiceHosts.Tests.ProductEndpointsTests.EveryRouteDeclaresItsPermissionPolicy(method: &quot;PATCH&quot;, path: &quot;/api/v1/companies/{id}&quot;, permission: &quot;Contact.Update&quot;)" computerName="TIM" duration="00:00:00.0373880" startTime="2026-09-06T01:14:27.7385913+03:00" endTime="2026-09-06T01:14:27.7758991+03:00" testType="13cdc9d9-ddb5-4fa4-a97d-d965ccfc6d4b" outcome="Passed" testListId="8c84fa94-04c1-424b-9868-57a2d4851a1d" relativeResultsDirectory="8c8383e5-7d87-4c6f-aff6-f2a827a6a8e7" />
    <UnitTestResult executionId="685b8ba5-7a7b-41b6-be6a-ad71bebbdeda" testId="23792ea8-ed83-7e4f-417d-54050913a6e8" testName="Task.ServiceHosts.Tests.RecordingLoggerTests.LogInformation_StoresFormattedMessage" computerName="TIM" duration="00:00:00.0002321" startTime="2026-09-06T01:14:14.5307301+03:00" endTime="2026-09-06T01:14:14.5308884+03:00" testType="13cdc9d9-ddb5-4fa4-a97d-d965ccfc6d4b" outcome="Passed" testListId="8c84fa94-04c1-424b-9868-57a2d4851a1d" relativeResultsDirectory="685b8ba5-7a7b-41b6-be6a-ad71bebbdeda" />
    <UnitTestResult executionId="91e55290-b16c-4f16-b71a-e715ae19f870" testId="8167cf32-f54d-e242-18f2-93c7375bcdf1" testName="Task.ServiceHosts.Tests.CalendarScheduleEndpointsTests.CalendarReads_WithoutToken_Return401(url: &quot;/api/v1/calendar-events/aaaaaaaa-aaaa-aaaa-aaaa-aa&quot;···)" computerName="TIM" duration="00:00:00.2571981" startTime="2026-09-06T01:14:14.6471821+03:00" endTime="2026-09-06T01:14:14.9048833+03:00" testType="13cdc9d9-ddb5-4fa4-a97d-d965ccfc6d4b" outcome="Passed" testListId="8c84fa94-04c1-424b-9868-57a2d4851a1d" relativeResultsDirectory="91e55290-b16c-4f16-b71a-e715ae19f870" />
    <UnitTestResult executionId="f57d242b-019c-44ed-8e68-f3de647c985d" testId="fc64a323-8b1d-aac8-df85-5186eea8dc82" testName="Task.ServiceHosts.Tests.BackupScheduleTests.FutureSuccess_IsRejectedAndCannotSuppressProtection(field: &quot;LastBackup&quot;)" computerName="TIM" duration="00:00:00.0289171" startTime="2026-09-06T01:14:13.5975897+03:00" endTime="2026-09-06T01:14:13.6265017+03:00" testType="13cdc9d9-ddb5-4fa4-a97d-d965ccfc6d4b" outcome="Passed" testListId="8c84fa94-04c1-424b-9868-57a2d4851a1d" relativeResultsDirectory="f57d242b-019c-44ed-8e68-f3de647c985d" />
    <UnitTestResult executionId="1b3d34ad-dba4-4845-b04a-b22f8f3a3582" testId="4dbf7cfc-1614-f04f-fbf6-6f923eb23f36" testName="Task.ServiceHosts.Tests.TaskEndpointsTests.GetTask_WhenAbsentOrMalformed_ReturnsObjectNotVisible(taskId: &quot;00000000-0000-0000-0000-000000000000&quot;)" computerName="TIM" duration="00:00:00.0478216" startTime="2026-09-06T01:14:25.0793541+03:00" endTime="2026-09-06T01:14:25.1267989+03:00" testType="13cdc9d9-ddb5-4fa4-a97d-d965ccfc6d4b" outcome="Passed" testListId="8c84fa94-04c1-424b-9868-57a2d4851a1d" relativeResultsDirectory="1b3d34ad-dba4-4845-b04a-b22f8f3a3582" />
    <UnitTestResult executionId="eb0d9995-b2e2-440c-b689-86f817936fd9" testId="4c487c9e-6ccf-8aac-947f-9b768724159c" testName="Task.ServiceHosts.Tests.AuthSessionEndpointsTests.ChangePassword_Success_Returns204" computerName="TIM" duration="00:00:00.1547497" startTime="2026-09-06T01:14:16.0103529+03:00" endTime="2026-09-06T01:14:16.1908047+03:00" testType="13cdc9d9-ddb5-4fa4-a97d-d965ccfc6d4b" outcome="Passed" testListId="8c84fa94-04c1-424b-9868-57a2d4851a1d" relativeResultsDirectory="eb0d9995-b2e2-440c-b689-86f817936fd9" />
    <UnitTestResult executionId="840e0241-9714-48ea-ab4b-2bb73392f38b" testId="97332790-a7c3-f4b9-787d-540c5deb64af" testName="Task.ServiceHosts.Tests.TaskEndpointsTests.TransitionTask_AllOtherTransitionsReturn409(from: Cancelled, target: Completed)" computerName="TIM" duration="00:00:00.0738070" startTime="2026-09-06T01:14:19.7164944+03:00" endTime="2026-09-06T01:14:19.7905636+03:00" testType="13cdc9d9-ddb5-4fa4-a97d-d965ccfc6d4b" outcome="Passed" testListId="8c84fa94-04c1-424b-9868-57a2d4851a1d" relativeResultsDirectory="840e0241-9714-48ea-ab4b-2bb73392f38b" />
    <UnitTestResult executionId="d1e9d026-f6c2-4df1-9032-6a1afa522cdd" testId="6bf7317b-ae38-4e0b-0615-c21cce56abe1" testName="Task.ServiceHosts.Tests.TaskEndpointsTests.GetTasks_WithInvalidCursor_Returns400SearchCursorInvalid" computerName="TIM" duration="00:00:00.0744431" startTime="2026-09-06T01:14:27.4233136+03:00" endTime="2026-09-06T01:14:27.4980089+03:00" testType="13cdc9d9-ddb5-4fa4-a97d-d965ccfc6d4b" outcome="Passed" testListId="8c84fa94-04c1-424b-9868-57a2d4851a1d" relativeResultsDirectory="d1e9d026-f6c2-4df1-9032-6a1afa522cdd" />
    <UnitTestResult executionId="229ba409-9842-4f07-884c-8b80b454c1e1" testId="a75c6388-b731-5cd2-5f5f-c4ff166cf428" testName="Task.ServiceHosts.Tests.ProductEndpointsTests.EveryRouteDeniesMissingPermissionBeforeStore(method: &quot;GET&quot;, path: &quot;/api/v1/tasks/{id}/history&quot;)" computerName="TIM" duration="00:00:00.1428398" startTime="2026-09-06T01:14:14.1634023+03:00" endTime="2026-09-06T01:14:14.3081652+03:00" testType="13cdc9d9-ddb5-4fa4-a97d-d965ccfc6d4b" outcome="Passed" testListId="8c84fa94-04c1-424b-9868-57a2d4851a1d" relativeResultsDirectory="229ba409-9842-4f07-884c-8b80b454c1e1" />
    <UnitTestResult executionId="40ae6a65-ef83-4d6b-8983-dd15070fc5ed" testId="456e0753-5d69-eaed-b944-81773b780d30" testName="Task.ServiceHosts.Tests.TaskEndpointsTests.IdentityCommands_RejectWrongJsonTypes(path: &quot;/api/v1/users&quot;, body: &quot;{\&quot;firstName\&quot;:\&quot;Test\&quot;,\&quot;firstName\&quot;:\&quot;Other\&quot;,\&quot;&quot;···)" computerName="TIM" duration="00:00:00.0483422" startTime="2026-09-06T01:14:20.5250080+03:00" endTime="2026-09-06T01:14:20.5730714+03:00" testType="13cdc9d9-ddb5-4fa4-a97d-d965ccfc6d4b" outcome="Passed" testListId="8c84fa94-04c1-424b-9868-57a2d4851a1d" relativeResultsDirectory="40ae6a65-ef83-4d6b-8983-dd15070fc5ed" />
    <UnitTestResult executionId="b88a5127-1d7a-49fa-ba36-3f363bacb95b" testId="c8b9ef35-b762-e123-fb89-96a4a5f89e6d" testName="Task.ServiceHosts.Tests.RecordingLoggerTests.WaitUntilAsync_WithoutMessages_ReturnsEmptySnapshotOnTimeout" computerName="TIM" duration="00:00:00.5248682" startTime="2026-09-06T01:14:13.5011146+03:00" endTime="2026-09-06T01:14:13.9614736+03:00" testType="13cdc9d9-ddb5-4fa4-a97d-d965ccfc6d4b" outcome="Passed" testListId="8c84fa94-04c1-424b-9868-57a2d4851a1d" relativeResultsDirectory="b88a5127-1d7a-49fa-ba36-3f363bacb95b" />
    <UnitTestResult executionId="589c3bc0-6265-4cfa-a4d9-28f7f954dfd9" testId="655e43e0-5e4b-3d18-ad74-ad3bf62ef54d" testName="Task.ServiceHosts.Tests.TaskEndpointsTests.PostTask_MalformedJson_Returns400" computerName="TIM" duration="00:00:00.0575706" startTime="2026-09-06T01:14:28.0999466+03:00" endTime="2026-09-06T01:14:28.1570267+03:00" testType="13cdc9d9-ddb5-4fa4-a97d-d965ccfc6d4b" outcome="Passed" testListId="8c84fa94-04c1-424b-9868-57a2d4851a1d" relativeResultsDirectory="589c3bc0-6265-4cfa-a4d9-28f7f954dfd9" />
    <UnitTestResult executionId="02bdcbe6-4d1a-49ce-af13-ec2472827472" testId="9d0a7bb2-faea-544f-9c72-81dec59c4329" testName="Task.ServiceHosts.Tests.TaskEndpointsTests.GetUser_WhenMalformedOrAbsent_ReturnsObjectNotVisible(id: &quot;00000000-0000-0000-0000-000000000000&quot;)" computerName="TIM" duration="00:00:00.1529074" startTime="2026-09-06T01:14:18.1165595+03:00" endTime="2026-09-06T01:14:18.2864125+03:00" testType="13cdc9d9-ddb5-4fa4-a97d-d965ccfc6d4b" outcome="Passed" testListId="8c84fa94-04c1-424b-9868-57a2d4851a1d" relativeResultsDirectory="02bdcbe6-4d1a-49ce-af13-ec2472827472" />
    <UnitTestResult executionId="a92b3c80-b920-485c-a141-85d060f3cd5e" testId="88302eb9-2ce7-ef81-aab1-15f94bde9a23" testName="Task.ServiceHosts.Tests.ProductEndpointsTests.EveryRouteDeclaresItsPermissionPolicy(method: &quot;GET&quot;, path: &quot;/api/v1/contacts&quot;, permission: &quot;Contact.Read&quot;)" computerName="TIM" duration="00:00:00.0350867" startTime="2026-09-06T01:14:28.2354262+03:00" endTime="2026-09-06T01:14:28.2703675+03:00" testType="13cdc9d9-ddb5-4fa4-a97d-d965ccfc6d4b" outcome="Passed" testListId="8c84fa94-04c1-424b-9868-57a2d4851a1d" relativeResultsDirectory="a92b3c80-b920-485c-a141-85d060f3cd5e" />
    <UnitTestResult executionId="f34d558a-1501-4e55-a511-fc9110494516" testId="6566cc01-86b5-3857-86a1-49b74e72f9bb" testName="Task.ServiceHosts.Tests.TaskEndpointsTests.PostTask_ExactReplay_ReturnsStoredResponseWithoutNewMutation" computerName="TIM" duration="00:00:00.0727859" startTime="2026-09-06T01:14:26.7316062+03:00" endTime="2026-09-06T01:14:26.8052882+03:00" testType="13cdc9d9-ddb5-4fa4-a97d-d965ccfc6d4b" outcome="Passed" testListId="8c84fa94-04c1-424b-9868-57a2d4851a1d" relativeResultsDirectory="f34d558a-1501-4e55-a511-fc9110494516" />
    <UnitTestResult executionId="a3212caf-4aa0-4f11-929e-d8f4392e92d5" testId="8c148668-cfdd-d220-39fb-53287c17e68b" testName="Task.ServiceHosts.Tests.ProductEndpointsTests.EveryRouteDeniesMissingPermissionBeforeStore(method: &quot;DELETE&quot;, path: &quot;/api/v1/projects/{id}&quot;)" computerName="TIM" duration="00:00:00.0948676" startTime="2026-09-06T01:14:20.7476134+03:00" endTime="2026-09-06T01:14:20.8422247+03:00" testType="13cdc9d9-ddb5-4fa4-a97d-d965ccfc6d4b" outcome="Passed" testListId="8c84fa94-04c1-424b-9868-57a2d4851a1d" relativeResultsDirectory="a3212caf-4aa0-4f11-929e-d8f4392e92d5" />
    <UnitTestResult executionId="bd7dceca-b2d9-4959-b86d-2f3689584096" testId="bdd3fffa-7c34-21f8-2c6f-acedb53acd84" testName="Task.ServiceHosts.Tests.TaskApiSecurityFoundationTests.KeyMaterialStartupValidator_WithValidRingAndPepper_Succeeds" computerName="TIM" duration="00:00:00.0275423" startTime="2026-09-06T01:14:13.5621422+03:00" endTime="2026-09-06T01:14:13.5726518+03:00" testType="13cdc9d9-ddb5-4fa4-a97d-d965ccfc6d4b" outcome="Passed" testListId="8c84fa94-04c1-424b-9868-57a2d4851a1d" relativeResultsDirectory="bd7dceca-b2d9-4959-b86d-2f3689584096" />
    <UnitTestResult executionId="75f7b345-c663-4ea8-ac6a-b89b5859b35c" testId="0f2fa3d8-f87f-e7be-4fee-d43c2286ad16" testName="Task.ServiceHosts.Tests.TaskEndpointsTests.PatchTask_WithReusedKeyAndDifferentHash_Returns409" computerName="TIM" duration="00:00:00.0767061" startTime="2026-09-06T01:14:26.4892444+03:00" endTime="2026-09-06T01:14:26.5662063+03:00" testType="13cdc9d9-ddb5-4fa4-a97d-d965ccfc6d4b" outcome="Passed" testListId="8c84fa94-04c1-424b-9868-57a2d4851a1d" relativeResultsDirectory="75f7b345-c663-4ea8-ac6a-b89b5859b35c" />
    <UnitTestResult executionId="92d0250d-2ad2-4ad4-978b-4a09da1ea2a2" testId="6694d9d1-83fb-6349-9a0f-734397bc0eac" testName="Task.ServiceHosts.Tests.TaskEndpointsTests.GetUser_WithoutReadStore_Returns503" computerName="TIM" duration="00:00:00.0729791" startTime="2026-09-06T01:14:27.8555742+03:00" endTime="2026-09-06T01:14:27.9289510+03:00" testType="13cdc9d9-ddb5-4fa4-a97d-d965ccfc6d4b" outcome="Passed" testListId="8c84fa94-04c1-424b-9868-57a2d4851a1d" relativeResultsDirectory="92d0250d-2ad2-4ad4-978b-4a09da1ea2a2" />
    <UnitTestResult executionId="e190bb6d-f1f5-45ec-9adc-648240d3f83e" testId="2ade5408-e74f-afb4-98f6-15d3d76d138f" testName="Task.ServiceHosts.Tests.ProductEndpointsTests.EveryRouteDeclaresItsPermissionPolicy(method: &quot;DELETE&quot;, path: &quot;/api/v1/catalog-items/{id}&quot;, permission: &quot;FileCatalog.Delete&quot;)" computerName="TIM" duration="00:00:00.0397215" startTime="2026-09-06T01:14:28.6947624+03:00" endTime="2026-09-06T01:14:28.7344517+03:00" testType="13cdc9d9-ddb5-4fa4-a97d-d965ccfc6d4b" outcome="Passed" testListId="8c84fa94-04c1-424b-9868-57a2d4851a1d" relativeResultsDirectory="e190bb6d-f1f5-45ec-9adc-648240d3f83e" />
    <UnitTestResult executionId="839ea031-2fbc-478a-8745-8190c76a57c8" testId="05f95401-af1c-f96f-9759-1064ea5dc0aa" testName="Task.ServiceHosts.Tests.TaskEndpointsTests.PostTask_HashMismatch_Returns409" computerName="TIM" duration="00:00:00.0900553" startTime="2026-09-06T01:14:25.6202224+03:00" endTime="2026-09-06T01:14:25.7104923+03:00" testType="13cdc9d9-ddb5-4fa4-a97d-d965ccfc6d4b" outcome="Passed" testListId="8c84fa94-04c1-424b-9868-57a2d4851a1d" relativeResultsDirectory="839ea031-2fbc-478a-8745-8190c76a57c8" />
    <UnitTestResult executionId="f9bde4e1-90d2-4bfa-95b5-92895b97b8e8" testId="b009e89f-a6b7-fdde-f4a6-01f70174f7f6" testName="Task.ServiceHosts.Tests.DatabaseMigratorCommandTests.Status_MapsEveryInspectionState(status: SchemaObjectsMissing, expectedExitCode: 7, expectedCode: &quot;SchemaObjectsMissing&quot;)" computerName="TIM" duration="00:00:00.0000052" startTime="2026-09-06T01:14:13.5523081+03:00" endTime="2026-09-06T01:14:13.5523463+03:00" testType="13cdc9d9-ddb5-4fa4-a97d-d965ccfc6d4b" outcome="Passed" testListId="8c84fa94-04c1-424b-9868-57a2d4851a1d" relativeResultsDirectory="f9bde4e1-90d2-4bfa-95b5-92895b97b8e8" />
    <UnitTestResult executionId="74660db4-5cdd-4095-92d5-c0c3137b7ccf" testId="8b2f44e2-8f81-df09-8c79-a0d1f5fb1938" testName="Task.ServiceHosts.Tests.AuthEndpointsTests.Login_WithLockedAccount_Returns423_WithRetryAfter" computerName="TIM" duration="00:00:00.0379658" startTime="2026-09-06T01:14:14.2448801+03:00" endTime="2026-09-06T01:14:14.2966627+03:00" testType="13cdc9d9-ddb5-4fa4-a97d-d965ccfc6d4b" outcome="Passed" testListId="8c84fa94-04c1-424b-9868-57a2d4851a1d" relativeResultsDirectory="74660db4-5cdd-4095-92d5-c0c3137b7ccf" />
    <UnitTestResult executionId="64d203b6-8691-4861-b838-646866be38f0" testId="aa3b5613-daec-a585-ff34-c6347fdec58f" testName="Task.ServiceHosts.Tests.TaskEndpointsTests.PostTask_WithValidBody_Returns201ContractAndUsesServerActor" computerName="TIM" duration="00:00:00.0641888" startTime="2026-09-06T01:14:26.0399501+03:00" endTime="2026-09-06T01:14:26.1044965+03:00" testType="13cdc9d9-ddb5-4fa4-a97d-d965ccfc6d4b" outcome="Passed" testListId="8c84fa94-04c1-424b-9868-57a2d4851a1d" relativeResultsDirectory="64d203b6-8691-4861-b838-646866be38f0" />
    <UnitTestResult executionId="d4d6123d-19dc-4d18-9e62-f53d3b6ff596" testId="7f2f7da5-50fd-ba24-f3bd-e3084d2eb0b6" testName="Task.ServiceHosts.Tests.ProductEndpointsTests.EveryRouteDeclaresItsPermissionPolicy(method: &quot;POST&quot;, path: &quot;/api/v1/interactions/{id}/restore&quot;, permission: &quot;Interaction.Update&quot;)" computerName="TIM" duration="00:00:00.0364913" startTime="2026-09-06T01:14:26.6406771+03:00" endTime="2026-09-06T01:14:26.6758812+03:00" testType="13cdc9d9-ddb5-4fa4-a97d-d965ccfc6d4b" outcome="Passed" testListId="8c84fa94-04c1-424b-9868-57a2d4851a1d" relativeResultsDirectory="d4d6123d-19dc-4d18-9e62-f53d3b6ff596" />
    <UnitTestResult executionId="9ecc8f03-ee14-455b-a26d-62d7390d3334" testId="3ce56263-b63a-ce99-29ed-31c049e51a7f" testName="Task.ServiceHosts.Tests.DatabaseMigratorCommandTests.UnexpectedException_DoesNotLeakCredentialsOrRawText" computerName="TIM" duration="00:00:00.0010663" startTime="2026-09-06T01:14:13.5594209+03:00" endTime="2026-09-06T01:14:13.5594601+03:00" testType="13cdc9d9-ddb5-4fa4-a97d-d965ccfc6d4b" outcome="Passed" testListId="8c84fa94-04c1-424b-9868-57a2d4851a1d" relativeResultsDirectory="9ecc8f03-ee14-455b-a26d-62d7390d3334" />
    <UnitTestResult executionId="4810ba00-cc92-4cac-8c6c-7e766f250022" testId="ba47a537-1a79-4225-150c-97ef3bc94c31" testName="Task.ServiceHosts.Tests.TaskEndpointsTests.PatchTask_WithoutIfMatch_Returns428" computerName="TIM" duration="00:00:00.0659050" startTime="2026-09-06T01:14:28.6792510+03:00" endTime="2026-09-06T01:14:28.7453792+03:00" testType="13cdc9d9-ddb5-4fa4-a97d-d965ccfc6d4b" outcome="Passed" testListId="8c84fa94-04c1-424b-9868-57a2d4851a1d" relativeResultsDirectory="4810ba00-cc92-4cac-8c6c-7e766f250022" />
    <UnitTestResult executionId="ed083885-fc34-4886-abb3-89958fc55753" testId="a15d0727-8fc4-4f7b-68e9-d78985755727" testName="Task.ServiceHosts.Tests.TaskEndpointsTests.TransitionTask_AllAllowedTransitionsSucceed(from: Review, target: Cancelled)" computerName="TIM" duration="00:00:00.0582345" startTime="2026-09-06T01:14:23.7531579+03:00" endTime="2026-09-06T01:14:23.8118543+03:00" testType="13cdc9d9-ddb5-4fa4-a97d-d965ccfc6d4b" outcome="Passed" testListId="8c84fa94-04c1-424b-9868-57a2d4851a1d" relativeResultsDirectory="ed083885-fc34-4886-abb3-89958fc55753" />
    <UnitTestResult executionId="7fdcf908-d38a-447f-aec8-5026d17fafc0" testId="7a4892d3-15dc-3393-b740-b9ac1eb83119" testName="Task.ServiceHosts.Tests.ProductEndpointsTests.DomainErrorsUseProblemEnvelope(status: 412, code: &quot;VERSION_CONFLICT&quot;)" computerName="TIM" duration="00:00:00.0644073" startTime="2026-09-06T01:14:29.3567339+03:00" endTime="2026-09-06T01:14:29.4210610+03:00" testType="13cdc9d9-ddb5-4fa4-a97d-d965ccfc6d4b" outcome="Passed" testListId="8c84fa94-04c1-424b-9868-57a2d4851a1d" relativeResultsDirectory="7fdcf908-d38a-447f-aec8-5026d17fafc0" />
    <UnitTestResult executionId="e136287f-395d-4ef9-afc4-daedc0ba811a" testId="8ff26949-2bcb-f593-260d-805e2dd81563" testName="Task.ServiceHosts.Tests.ProductEndpointsTests.EveryRouteDeniesMissingPermissionBeforeStore(method: &quot;POST&quot;, path: &quot;/api/v1/contacts/{id}/channels&quot;)" computerName="TIM" duration="00:00:00.1041485" startTime="2026-09-06T01:14:21.1119125+03:00" endTime="2026-09-06T01:14:21.2156117+03:00" testType="13cdc9d9-ddb5-4fa4-a97d-d965ccfc6d4b" outcome="Passed" testListId="8c84fa94-04c1-424b-9868-57a2d4851a1d" relativeResultsDirectory="e136287f-395d-4ef9-afc4-daedc0ba811a" />
    <UnitTestResult executionId="acca6516-1c9f-4560-8878-6a5bbb139bfd" testId="711e3be2-e1c3-badb-f852-62143ab6d4c7" testName="Task.ServiceHosts.Tests.CalendarConflictsEndpointsTests.GetConflicts_InvalidQuery_ReturnsValidationProblem(url: &quot;/api/v1/calendar/conflicts?from=2026-08-20T00:00:0&quot;···)" computerName="TIM" duration="00:00:00.1094042" startTime="2026-09-06T01:14:13.8157325+03:00" endTime="2026-09-06T01:14:13.9301073+03:00" testType="13cdc9d9-ddb5-4fa4-a97d-d965ccfc6d4b" outcome="Passed" testListId="8c84fa94-04c1-424b-9868-57a2d4851a1d" relativeResultsDirectory="acca6516-1c9f-4560-8878-6a5bbb139bfd" />
    <UnitTestResult executionId="fe2b4e63-6200-4e7c-94e3-1e9aca1a4343" testId="646acbe9-ea16-885f-a162-2c7d70b6247d" testName="Task.ServiceHosts.Tests.ProductEndpointsTests.EveryRouteDeniesMissingPermissionBeforeStore(method: &quot;GET&quot;, path: &quot;/api/v1/interactions/{id}&quot;)" computerName="TIM" duration="00:00:00.0914940" startTime="2026-09-06T01:14:23.7908108+03:00" endTime="2026-09-06T01:14:23.8827328+03:00" testType="13cdc9d9-ddb5-4fa4-a97d-d965ccfc6d4b" outcome="Passed" testListId="8c84fa94-04c1-424b-9868-57a2d4851a1d" relativeResultsDirectory="fe2b4e63-6200-4e7c-94e3-1e9aca1a4343" />
    <UnitTestResult executionId="c4503f04-a804-49b0-a3ee-95bf6a878b00" testId="f4a67d02-9a1c-95f6-01ad-8bf693f12ddd" testName="Task.ServiceHosts.Tests.ProductEndpointsTests.EveryRouteDeniesMissingPermissionBeforeStore(method: &quot;GET&quot;, path: &quot;/api/v1/projects/{id}&quot;)" computerName="TIM" duration="00:00:00.0612320" startTime="2026-09-06T01:14:25.0902208+03:00" endTime="2026-09-06T01:14:25.1517089+03:00" testType="13cdc9d9-ddb5-4fa4-a97d-d965ccfc6d4b" outcome="Passed" testListId="8c84fa94-04c1-424b-9868-57a2d4851a1d" relativeResultsDirectory="c4503f04-a804-49b0-a3ee-95bf6a878b00" />
    <UnitTestResult executionId="b264e1a9-5c26-4971-ad0f-c985dcec396b" testId="a617b97a-25f4-8e9f-3103-1eb46fe991d2" testName="Task.ServiceHosts.Tests.ProductEndpointsTests.EveryRouteDeclaresItsPermissionPolicy(method: &quot;POST&quot;, path: &quot;/api/v1/catalog-items/{id}/locations&quot;, permission: &quot;FileLocation.Update&quot;)" computerName="TIM" duration="00:00:00.0411889" startTime="2026-09-06T01:14:27.1115381+03:00" endTime="2026-09-06T01:14:27.1527323+03:00" testType="13cdc9d9-ddb5-4fa4-a97d-d965ccfc6d4b" outcome="Passed" testListId="8c84fa94-04c1-424b-9868-57a2d4851a1d" relativeResultsDirectory="b264e1a9-5c26-4971-ad0f-c985dcec396b" />
    <UnitTestResult executionId="b6a83932-4a2e-48ef-828b-adb918f07291" testId="b8319218-cf4c-c714-1db4-4f3130a261b6" testName="Task.ServiceHosts.Tests.TaskEndpointsTests.GetUsers_ReturnsTenantPage" computerName="TIM" duration="00:00:00.0761046" startTime="2026-09-06T01:14:26.1046594+03:00" endTime="2026-09-06T01:14:26.1810830+03:00" testType="13cdc9d9-ddb5-4fa4-a97d-d965ccfc6d4b" outcome="Passed" testListId="8c84fa94-04c1-424b-9868-57a2d4851a1d" relativeResultsDirectory="b6a83932-4a2e-48ef-828b-adb918f07291" />
    <UnitTestResult executionId="de680c18-3288-4659-a76e-a281e2fac785" testId="204e18cd-e356-18e1-932d-40435b5d4d7d" testName="Task.ServiceHosts.Tests.ProductEndpointsTests.EveryRouteDeclaresItsPermissionPolicy(method: &quot;POST&quot;, path: &quot;/api/v1/companies/{id}/archive&quot;, permission: &quot;Contact.Update&quot;)" computerName="TIM" duration="00:00:00.0447284" startTime="2026-09-06T01:14:26.2193321+03:00" endTime="2026-09-06T01:14:26.2639345+03:00" testType="13cdc9d9-ddb5-4fa4-a97d-d965ccfc6d4b" outcome="Passed" testListId="8c84fa94-04c1-424b-9868-57a2d4851a1d" relativeResultsDirectory="de680c18-3288-4659-a76e-a281e2fac785" />
    <UnitTestResult executionId="f6f09e67-a5a9-4bc6-817b-b5cbdf03d4fe" testId="7b993773-737c-c082-0cee-b8605a181962" testName="Task.ServiceHosts.Tests.ProductEndpointsTests.EveryRouteDeniesMissingPermissionBeforeStore(method: &quot;POST&quot;, path: &quot;/api/v1/catalog-items/{id}/restore&quot;)" computerName="TIM" duration="00:00:00.1201499" startTime="2026-09-06T01:14:20.9903540+03:00" endTime="2026-09-06T01:14:21.1109394+03:00" testType="13cdc9d9-ddb5-4fa4-a97d-d965ccfc6d4b" outcome="Passed" testListId="8c84fa94-04c1-424b-9868-57a2d4851a1d" relativeResultsDirectory="f6f09e67-a5a9-4bc6-817b-b5cbdf03d4fe" />
    <UnitTestResult executionId="b98a486a-d2bf-4868-95c3-b481d372d827" testId="aa19f0e7-39f2-2e16-843e-15764892a536" testName="Task.ServiceHosts.Tests.ProductEndpointsTests.EveryRouteDeniesMissingPermissionBeforeStore(method: &quot;PUT&quot;, path: &quot;/api/v1/interactions/{id}/participants&quot;)" computerName="TIM" duration="00:00:00.2229444" startTime="2026-09-06T01:14:14.9369024+03:00" endTime="2026-09-06T01:14:15.1743994+03:00" testType="13cdc9d9-ddb5-4fa4-a97d-d965ccfc6d4b" outcome="Passed" testListId="8c84fa94-04c1-424b-9868-57a2d4851a1d" relativeResultsDirectory="b98a486a-d2bf-4868-95c3-b481d372d827" />
    <UnitTestResult executionId="7589c111-a80d-4308-abc9-adacfb48be68" testId="989e7635-88d5-1e7c-bfae-a52811729eda" testName="Task.ServiceHosts.Tests.TaskApiSecurityFoundationTests.IdentityOptions_RejectInlineVerificationKeysDirectory" computerName="TIM" duration="00:00:00.0006070" startTime="2026-09-06T01:14:13.5512288+03:00" endTime="2026-09-06T01:14:13.5513210+03:00" testType="13cdc9d9-ddb5-4fa4-a97d-d965ccfc6d4b" outcome="Passed" testListId="8c84fa94-04c1-424b-9868-57a2d4851a1d" relativeResultsDirectory="7589c111-a80d-4308-abc9-adacfb48be68" />
    <UnitTestResult executionId="633c30ba-b161-403c-942e-72e7fd55bfea" testId="2e532e4a-20a5-04e9-5e08-771a0da7d738" testName="Task.ServiceHosts.Tests.ProductEndpointsTests.EveryRouteDeclaresItsPermissionPolicy(method: &quot;PATCH&quot;, path: &quot;/api/v1/projects/{id}/members/{childId}&quot;, permission: &quot;Project.ManageMembers&quot;)" computerName="TIM" duration="00:00:00.0403549" startTime="2026-09-06T01:14:27.9534647+03:00" endTime="2026-09-06T01:14:27.9937314+03:00" testType="13cdc9d9-ddb5-4fa4-a97d-d965ccfc6d4b" outcome="Passed" testListId="8c84fa94-04c1-424b-9868-57a2d4851a1d" relativeResultsDirectory="633c30ba-b161-403c-942e-72e7fd55bfea" />
    <UnitTestResult executionId="2a998d4c-5dc7-4d65-9858-25af602a98b5" testId="4b11bf71-b806-f8b3-d5ec-49c1cce34840" testName="Task.ServiceHosts.Tests.AuthEndpointsTests.Refresh_WithRevokedToken_Returns401_SessionRevoked" computerName="TIM" duration="00:00:00.0062381" startTime="2026-09-06T01:14:14.1766594+03:00" endTime="2026-09-06T01:14:14.1831597+03:00" testType="13cdc9d9-ddb5-4fa4-a97d-d965ccfc6d4b" outcome="Passed" testListId="8c84fa94-04c1-424b-9868-57a2d4851a1d" relativeResultsDirectory="2a998d4c-5dc7-4d65-9858-25af602a98b5" />
    <UnitTestResult executionId="98c2934f-7009-4543-a741-b8d68681e9c9" testId="127e4c4d-4a9f-24eb-8e66-072a09eb288e" testName="Task.ServiceHosts.Tests.TaskEndpointsTests.TransitionTask_AllOtherTransitionsReturn409(from: Completed, target: New)" computerName="TIM" duration="00:00:00.0557595" startTime="2026-09-06T01:14:20.0348849+03:00" endTime="2026-09-06T01:14:20.0903413+03:00" testType="13cdc9d9-ddb5-4fa4-a97d-d965ccfc6d4b" outcome="Passed" testListId="8c84fa94-04c1-424b-9868-57a2d4851a1d" relativeResultsDirectory="98c2934f-7009-4543-a741-b8d68681e9c9" />
    <UnitTestResult executionId="05731a23-de4d-4cea-8c40-ec7117b14dd2" testId="06e29ef8-d8bb-6c81-d34d-ab1d1853156c" testName="Task.ServiceHosts.Tests.TaskEndpointsTests.PostTask_UnknownProperty_Returns400(body: &quot;{\&quot;title\&quot;:\&quot;A\&quot;,\&quot;status\&quot;:\&quot;new\&quot;}&quot;)" computerName="TIM" duration="00:00:00.2071041" startTime="2026-09-06T01:14:17.5155910+03:00" endTime="2026-09-06T01:14:17.7420466+03:00" testType="13cdc9d9-ddb5-4fa4-a97d-d965ccfc6d4b" outcome="Passed" testListId="8c84fa94-04c1-424b-9868-57a2d4851a1d" relativeResultsDirectory="05731a23-de4d-4cea-8c40-ec7117b14dd2" />
    <UnitTestResult executionId="c5bfecb4-ff2b-4147-b818-18c06afdc373" testId="50a96c7c-4215-91ac-de7c-90819e1675c9" testName="Task.ServiceHosts.Tests.AuthSessionEndpointsTests.LoginAttempts_FromAfterTo_Returns422_ValidationFailed" computerName="TIM" duration="00:00:00.1187398" startTime="2026-09-06T01:14:15.4343455+03:00" endTime="2026-09-06T01:14:15.5536983+03:00" testType="13cdc9d9-ddb5-4fa4-a97d-d965ccfc6d4b" outcome="Passed" testListId="8c84fa94-04c1-424b-9868-57a2d4851a1d" relativeResultsDirectory="c5bfecb4-ff2b-4147-b818-18c06afdc373" />
    <UnitTestResult executionId="a8c4f7cb-2b7e-42aa-af4c-759caa9510f2" testId="f932cea5-2efd-9944-05eb-e879317953cb" testName="Task.ServiceHosts.Tests.TaskEndpointsTests.TransitionTask_AllAllowedTransitionsSucceed(from: New, target: Completed)" computerName="TIM" duration="00:00:00.0751454" startTime="2026-09-06T01:14:24.0196859+03:00" endTime="2026-09-06T01:14:24.0952734+03:00" testType="13cdc9d9-ddb5-4fa4-a97d-d965ccfc6d4b" outcome="Passed" testListId="8c84fa94-04c1-424b-9868-57a2d4851a1d" relativeResultsDirectory="a8c4f7cb-2b7e-42aa-af4c-759caa9510f2" />
    <UnitTestResult executionId="32a1abae-d618-4616-bcdf-8d58a68dacf4" testId="4eeeb115-55f8-e2e6-e251-74f5062a1226" testName="Task.ServiceHosts.Tests.TaskEndpointsTests.PostTask_WithForeignAuthor_Returns403" computerName="TIM" duration="00:00:00.0728085" startTime="2026-09-06T01:14:21.1418748+03:00" endTime="2026-09-06T01:14:21.2151309+03:00" testType="13cdc9d9-ddb5-4fa4-a97d-d965ccfc6d4b" outcome="Passed" testListId="8c84fa94-04c1-424b-9868-57a2d4851a1d" relativeResultsDirectory="32a1abae-d618-4616-bcdf-8d58a68dacf4" />
    <UnitTestResult executionId="bafaa253-6f03-4e25-8057-9469659ff8da" testId="0bf69242-dd4f-0d87-70a1-1a43772216d1" testName="Task.ServiceHosts.Tests.TaskEndpointsTests.TransitionTask_InvalidBodyIsRejected(body: &quot;{\&quot;targetStatus\&quot;:\&quot;unknown\&quot;}&quot;, status: BadRequest)" computerName="TIM" duration="00:00:00.1101536" startTime="2026-09-06T01:14:22.5770612+03:00" endTime="2026-09-06T01:14:22.7020671+03:00" testType="13cdc9d9-ddb5-4fa4-a97d-d965ccfc6d4b" outcome="Passed" testListId="8c84fa94-04c1-424b-9868-57a2d4851a1d" relativeResultsDirectory="bafaa253-6f03-4e25-8057-9469659ff8da" />
    <UnitTestResult executionId="17e31432-8df6-4ade-8c08-82b122fb68a3" testId="e71244d8-ea7b-cdbe-089c-f80150c86366" testName="Task.ServiceHosts.Tests.TaskEndpointsTests.IdentityRequestHash_BindsTargetAndVersionAndIgnoresPropertyOrder" computerName="TIM" duration="00:00:00.0007366" startTime="2026-09-06T01:14:28.4405994+03:00" endTime="2026-09-06T01:14:28.4407050+03:00" testType="13cdc9d9-ddb5-4fa4-a97d-d965ccfc6d4b" outcome="Passed" testListId="8c84fa94-04c1-424b-9868-57a2d4851a1d" relativeResultsDirectory="17e31432-8df6-4ade-8c08-82b122fb68a3" />
    <UnitTestResult executionId="ca631116-3041-4781-a501-331afb50987c" testId="3b6865b8-7bef-16c2-bcbf-de0b67f3aa7e" testName="Task.ServiceHosts.Tests.TaskEndpointsTests.Devices_ListAndDetail_ReturnCanonicalProjection" computerName="TIM" duration="00:00:00.0690888" startTime="2026-09-06T01:14:24.0955413+03:00" endTime="2026-09-06T01:14:24.1648338+03:00" testType="13cdc9d9-ddb5-4fa4-a97d-d965ccfc6d4b" outcome="Passed" testListId="8c84fa94-04c1-424b-9868-57a2d4851a1d" relativeResultsDirectory="ca631116-3041-4781-a501-331afb50987c" />
    <UnitTestResult executionId="4ac7d5b7-43cb-4d97-8bb7-8f6b673525ef" testId="faf35d98-e3c5-777a-018c-dc48e59f02a7" testName="Task.ServiceHosts.Tests.ProductEndpointsTests.EveryRouteDeniesMissingPermissionBeforeStore(method: &quot;POST&quot;, path: &quot;/api/v1/catalog-items&quot;)" computerName="TIM" duration="00:00:00.2574349" startTime="2026-09-06T01:14:17.9745849+03:00" endTime="2026-09-06T01:14:18.2558473+03:00" testType="13cdc9d9-ddb5-4fa4-a97d-d965ccfc6d4b" outcome="Passed" testListId="8c84fa94-04c1-424b-9868-57a2d4851a1d" relativeResultsDirectory="4ac7d5b7-43cb-4d97-8bb7-8f6b673525ef" />
    <UnitTestResult executionId="a9f98766-0147-49d6-acab-52d1ab2b1824" testId="a46448d6-539c-88cf-9042-21f0672004d7" testName="Task.ServiceHosts.Tests.ProductEndpointsTests.InvalidBodiesNeverReachStore(body: &quot;{\&quot;name\&quot;:\&quot;a\&quot;,\&quot;name\&quot;:\&quot;b\&quot;}&quot;, status: 400)" computerName="TIM" duration="00:00:00.0515306" startTime="2026-09-06T01:14:29.6733668+03:00" endTime="2026-09-06T01:14:29.7249900+03:00" testType="13cdc9d9-ddb5-4fa4-a97d-d965ccfc6d4b" outcome="Passed" testListId="8c84fa94-04c1-424b-9868-57a2d4851a1d" relativeResultsDirectory="a9f98766-0147-49d6-acab-52d1ab2b1824" />
    <UnitTestResult executionId="74076448-cb23-44d3-be9a-669c92c0fbaf" testId="3c6a223f-f506-00cb-4ef8-7e8cab856f2a" testName="Task.ServiceHosts.Tests.TaskEndpointsTests.PatchTask_WithSingleField_Returns200WithNewVersionAndEtag" computerName="TIM" duration="00:00:00.1357973" startTime="2026-09-06T01:14:18.8352296+03:00" endTime="2026-09-06T01:14:18.9812087+03:00" testType="13cdc9d9-ddb5-4fa4-a97d-d965ccfc6d4b" outcome="Passed" testListId="8c84fa94-04c1-424b-9868-57a2d4851a1d" relativeResultsDirectory="74076448-cb23-44d3-be9a-669c92c0fbaf" />
    <UnitTestResult executionId="9d65b59a-284b-4941-a2bc-c28af53b6abf" testId="52df4593-af5a-4681-b961-af6f272fe492" testName="Task.ServiceHosts.Tests.AuthSessionEndpointsTests.ChangePassword_WeakPassword_Returns422_ValidationFailed" computerName="TIM" duration="00:00:00.1237163" startTime="2026-09-06T01:14:13.6764620+03:00" endTime="2026-09-06T01:14:13.8091900+03:00" testType="13cdc9d9-ddb5-4fa4-a97d-d965ccfc6d4b" outcome="Passed" testListId="8c84fa94-04c1-424b-9868-57a2d4851a1d" relativeResultsDirectory="9d65b59a-284b-4941-a2bc-c28af53b6abf" />
    <UnitTestResult executionId="0863e9c1-058e-4389-8601-0c69fbdcdd8b" testId="79fe5b74-ba82-4bb8-0032-668673efded4" testName="Task.ServiceHosts.Tests.TaskApiSecurityFoundationTests.Foundation_UsesAuthenticatedFallbackPolicy" computerName="TIM" duration="00:00:00.0150863" startTime="2026-09-06T01:14:13.5619959+03:00" endTime="2026-09-06T01:14:13.5620380+03:00" testType="13cdc9d9-ddb5-4fa4-a97d-d965ccfc6d4b" outcome="Passed" testListId="8c84fa94-04c1-424b-9868-57a2d4851a1d" relativeResultsDirectory="0863e9c1-058e-4389-8601-0c69fbdcdd8b" />
    <UnitTestResult executionId="6470f6bd-1614-49e2-b0ff-4b7c1e856d08" testId="3481928e-2799-877b-7140-17398a254d40" testName="Task.ServiceHosts.Tests.ProductEndpointsTests.EveryRouteDeniesMissingPermissionBeforeStore(method: &quot;GET&quot;, path: &quot;/api/v1/notifications/preferences&quot;)" computerName="TIM" duration="00:00:00.2061791" startTime="2026-09-06T01:14:16.7585161+03:00" endTime="2026-09-06T01:14:16.9973104+03:00" testType="13cdc9d9-ddb5-4fa4-a97d-d965ccfc6d4b" outcome="Passed" testListId="8c84fa94-04c1-424b-9868-57a2d4851a1d" relativeResultsDirectory="6470f6bd-1614-49e2-b0ff-4b7c1e856d08" />
    <UnitTestResult executionId="310e0bd5-41f7-469f-a64a-90c9f04bb47b" testId="52d16158-56bb-d0e4-8f78-15b114e643e0" testName="Task.ServiceHosts.Tests.BackupScheduleTests.UnsafeConfiguration_IsRejected(hour: 24, check: 300, days: 7)" computerName="TIM" duration="00:00:00.0009493" startTime="2026-09-06T01:14:13.6307711+03:00" endTime="2026-09-06T01:14:13.6309855+03:00" testType="13cdc9d9-ddb5-4fa4-a97d-d965ccfc6d4b" outcome="Passed" testListId="8c84fa94-04c1-424b-9868-57a2d4851a1d" relativeResultsDirectory="310e0bd5-41f7-469f-a64a-90c9f04bb47b" />
    <UnitTestResult executionId="b47cfcbd-7834-4c0e-b0b9-8d7d9f0fd958" testId="c080f311-852d-14aa-50bb-6a8bad1ec24a" testName="Task.ServiceHosts.Tests.ProductEndpointsTests.EveryRouteDeclaresItsPermissionPolicy(method: &quot;DELETE&quot;, path: &quot;/api/v1/tasks/{id}/checklist/{childId}&quot;, permission: &quot;Task.Update&quot;)" computerName="TIM" duration="00:00:00.0425129" startTime="2026-09-06T01:14:26.7615234+03:00" endTime="2026-09-06T01:14:26.8040014+03:00" testType="13cdc9d9-ddb5-4fa4-a97d-d965ccfc6d4b" outcome="Passed" testListId="8c84fa94-04c1-424b-9868-57a2d4851a1d" relativeResultsDirectory="b47cfcbd-7834-4c0e-b0b9-8d7d9f0fd958" />
    <UnitTestResult executionId="5f54b141-da12-47a8-8802-209376d9a299" testId="71c0e944-224a-60ed-b3df-3ea13fe60779" testName="Task.ServiceHosts.Tests.ProductEndpointsTests.EveryRouteDeclaresItsPermissionPolicy(method: &quot;DELETE&quot;, path: &quot;/api/v1/tasks/{id}/dependencies/{childId}&quot;, permission: &quot;Task.Update&quot;)" computerName="TIM" duration="00:00:00.0353938" startTime="2026-09-06T01:14:25.9948840+03:00" endTime="2026-09-06T01:14:26.0293550+03:00" testType="13cdc9d9-ddb5-4fa4-a97d-d965ccfc6d4b" outcome="Passed" testListId="8c84fa94-04c1-424b-9868-57a2d4851a1d" relativeResultsDirectory="5f54b141-da12-47a8-8802-209376d9a299" />
    <UnitTestResult executionId="925224ea-7519-4fe3-82ff-be2988313420" testId="ca5b6fcb-c60c-6248-881a-c3eb6cca3403" testName="Task.ServiceHosts.Tests.CalendarScheduleEndpointsTests.GetSchedule_ReturnsCanonicalBoundedPageAndForwardsTenantFilters" computerName="TIM" duration="00:00:00.0955951" startTime="2026-09-06T01:14:14.9051409+03:00" endTime="2026-09-06T01:14:15.0093982+03:00" testType="13cdc9d9-ddb5-4fa4-a97d-d965ccfc6d4b" outcome="Passed" testListId="8c84fa94-04c1-424b-9868-57a2d4851a1d" relativeResultsDirectory="925224ea-7519-4fe3-82ff-be2988313420" />
    <UnitTestResult executionId="5414ca36-5858-42d0-971d-dbf95a3e2860" testId="61ebc516-d392-dabb-5ddf-6033e16a203f" testName="Task.ServiceHosts.Tests.TaskPermissionAuthorizationTests.Handler_WithNoOrg_Fails" computerName="TIM" duration="00:00:00.0010566" startTime="2026-09-06T01:14:13.6293701+03:00" endTime="2026-09-06T01:14:13.6308134+03:00" testType="13cdc9d9-ddb5-4fa4-a97d-d965ccfc6d4b" outcome="Passed" testListId="8c84fa94-04c1-424b-9868-57a2d4851a1d" relativeResultsDirectory="5414ca36-5858-42d0-971d-dbf95a3e2860" />
    <UnitTestResult executionId="1515e70e-5bbf-4aa4-b13a-7501bc9a7ba9" testId="a8d7507a-8ee9-16cb-10e6-e3f74446d5d9" testName="Task.ServiceHosts.Tests.ProductEndpointsTests.EveryRouteDeniesMissingPermissionBeforeStore(method: &quot;GET&quot;, path: &quot;/api/v1/network-resources&quot;)" computerName="TIM" duration="00:00:00.0691163" startTime="2026-09-06T01:14:20.0587000+03:00" endTime="2026-09-06T01:14:20.1279828+03:00" testType="13cdc9d9-ddb5-4fa4-a97d-d965ccfc6d4b" outcome="Passed" testListId="8c84fa94-04c1-424b-9868-57a2d4851a1d" relativeResultsDirectory="1515e70e-5bbf-4aa4-b13a-7501bc9a7ba9" />
    <UnitTestResult executionId="a936d06a-ac01-4404-a0c5-8a8b59fc5cce" testId="82903fa5-84be-507d-c81f-86f9ccca7781" testName="Task.ServiceHosts.Tests.DatabaseMigratorCommandTests.InvalidArguments_ReturnUsageError(arguments: [&quot;status&quot;, &quot;extra&quot;])" computerName="TIM" duration="00:00:00.0000210" startTime="2026-09-06T01:14:13.5434305+03:00" endTime="2026-09-06T01:14:13.5435786+03:00" testType="13cdc9d9-ddb5-4fa4-a97d-d965ccfc6d4b" outcome="Passed" testListId="8c84fa94-04c1-424b-9868-57a2d4851a1d" relativeResultsDirectory="a936d06a-ac01-4404-a0c5-8a8b59fc5cce" />
    <UnitTestResult executionId="947f89be-7e2d-4152-9b26-fdaef18690b5" testId="52372388-f403-9da1-9ce3-bade71a686d8" testName="Task.ServiceHosts.Tests.ProductEndpointsTests.EveryRouteDeniesMissingPermissionBeforeStore(method: &quot;GET&quot;, path: &quot;/api/v1/catalog-items/{id}&quot;)" computerName="TIM" duration="00:00:00.0983708" startTime="2026-09-06T01:14:24.2412203+03:00" endTime="2026-09-06T01:14:24.3383412+03:00" testType="13cdc9d9-ddb5-4fa4-a97d-d965ccfc6d4b" outcome="Passed" testListId="8c84fa94-04c1-424b-9868-57a2d4851a1d" relativeResultsDirectory="947f89be-7e2d-4152-9b26-fdaef18690b5" />
    <UnitTestResult executionId="2af6cb70-33ae-4a83-861e-5e04feef7e3e" testId="894f8352-5e76-a6d6-f086-29e9e773c8da" testName="Task.ServiceHosts.Tests.TaskEndpointsTests.TransitionTask_StaleForeignArchivedTrashedAndDeniedAreStable" computerName="TIM" duration="00:00:00.3287814" startTime="2026-09-06T01:14:25.7108318+03:00" endTime="2026-09-06T01:14:26.0397671+03:00" testType="13cdc9d9-ddb5-4fa4-a97d-d965ccfc6d4b" outcome="Passed" testListId="8c84fa94-04c1-424b-9868-57a2d4851a1d" relativeResultsDirectory="2af6cb70-33ae-4a83-861e-5e04feef7e3e" />
    <UnitTestResult executionId="f2ba1f53-7783-459a-814c-6abd295fb62f" testId="d14e3c0b-36f4-9073-2823-99b58ea15024" testName="Task.ServiceHosts.Tests.ProductEndpointsTests.EveryRouteDeclaresItsPermissionPolicy(method: &quot;POST&quot;, path: &quot;/api/v1/tasks/{id}/comments&quot;, permission: &quot;Comment.Create&quot;)" computerName="TIM" duration="00:00:00.0357077" startTime="2026-09-06T01:14:28.1203870+03:00" endTime="2026-09-06T01:14:28.1534972+03:00" testType="13cdc9d9-ddb5-4fa4-a97d-d965ccfc6d4b" outcome="Passed" testListId="8c84fa94-04c1-424b-9868-57a2d4851a1d" relativeResultsDirectory="f2ba1f53-7783-459a-814c-6abd295fb62f" />
    <UnitTestResult executionId="679c7fc1-0fdd-4e6a-af6f-20e98774b494" testId="83f3a4c7-e978-b498-6a0b-38d06675bd67" testName="Task.ServiceHosts.Tests.TaskJwtAuthenticationHandlerTests.Authenticate_WithMalformedToken_RejectsOnce" computerName="TIM" duration="00:00:00.0023037" startTime="2026-09-06T01:14:13.8728885+03:00" endTime="2026-09-06T01:14:13.8751214+03:00" testType="13cdc9d9-ddb5-4fa4-a97d-d965ccfc6d4b" outcome="Passed" testListId="8c84fa94-04c1-424b-9868-57a2d4851a1d" relativeResultsDirectory="679c7fc1-0fdd-4e6a-af6f-20e98774b494" />
    <UnitTestResult executionId="e8d907d7-eda3-4747-861f-2a08d2d62b0e" testId="0fc6ed70-b369-b05f-06a7-cb4bdc045b6e" testName="Task.ServiceHosts.Tests.ProductEndpointsTests.EveryRouteDeclaresItsPermissionPolicy(method: &quot;POST&quot;, path: &quot;/api/v1/catalog-items/{id}/archive&quot;, permission: &quot;FileCatalog.Update&quot;)" computerName="TIM" duration="00:00:00.0420335" startTime="2026-09-06T01:14:26.3089780+03:00" endTime="2026-09-06T01:14:26.3508906+03:00" testType="13cdc9d9-ddb5-4fa4-a97d-d965ccfc6d4b" outcome="Passed" testListId="8c84fa94-04c1-424b-9868-57a2d4851a1d" relativeResultsDirectory="e8d907d7-eda3-4747-861f-2a08d2d62b0e" />
    <UnitTestResult executionId="2e1bc1c9-289d-41ad-89f4-82ec06010d0a" testId="f67f4a8f-3e04-48d8-757e-b884084074d1" testName="Task.ServiceHosts.Tests.TaskEndpointsTests.TransitionTask_AllAllowedTransitionsSucceed(from: New, target: InProgress)" computerName="TIM" duration="00:00:00.0663851" startTime="2026-09-06T01:14:23.6046779+03:00" endTime="2026-09-06T01:14:23.6721587+03:00" testType="13cdc9d9-ddb5-4fa4-a97d-d965ccfc6d4b" outcome="Passed" testListId="8c84fa94-04c1-424b-9868-57a2d4851a1d" relativeResultsDirectory="2e1bc1c9-289d-41ad-89f4-82ec06010d0a" />
    <UnitTestResult executionId="10b6bdea-c022-4bcb-ae4e-be7d57dbbddc" testId="7f9526dd-03c4-335a-ab11-8723621e56af" testName="Task.ServiceHosts.Tests.TaskEndpointsTests.TransitionTask_AllOtherTransitionsReturn409(from: Completed, target: Completed)" computerName="TIM" duration="00:00:00.0736562" startTime="2026-09-06T01:14:19.3434726+03:00" endTime="2026-09-06T01:14:19.4174972+03:00" testType="13cdc9d9-ddb5-4fa4-a97d-d965ccfc6d4b" outcome="Passed" testListId="8c84fa94-04c1-424b-9868-57a2d4851a1d" relativeResultsDirectory="10b6bdea-c022-4bcb-ae4e-be7d57dbbddc" />
    <UnitTestResult executionId="6b674d24-bf45-4865-a340-00f056b2b8ec" testId="1575083d-aed2-3fd9-b7d2-da81f3d9d934" testName="Task.ServiceHosts.Tests.TaskEndpointsTests.TransitionTask_AllOtherTransitionsReturn409(from: InProgress, target: InProgress)" computerName="TIM" duration="00:00:00.0621960" startTime="2026-09-06T01:14:19.8526295+03:00" endTime="2026-09-06T01:14:19.9151928+03:00" testType="13cdc9d9-ddb5-4fa4-a97d-d965ccfc6d4b" outcome="Passed" testListId="8c84fa94-04c1-424b-9868-57a2d4851a1d" relativeResultsDirectory="6b674d24-bf45-4865-a340-00f056b2b8ec" />
    <UnitTestResult executionId="898b9fe9-366a-4d43-aabb-6ece9716fc8e" testId="55d9c0d5-3c4a-40c9-42de-3f9cad2363c0" testName="Task.ServiceHosts.Tests.TaskEndpointsTests.IdentityCommands_RejectWrongJsonTypes(path: &quot;/api/v1/auth/admin-reset-password&quot;, body: &quot;{\&quot;targetUserId\&quot;:\&quot;55555555-5555-5555-5555-555555&quot;···)" computerName="TIM" duration="00:00:00.0626947" startTime="2026-09-06T01:14:20.3512969+03:00" endTime="2026-09-06T01:14:20.4142516+03:00" testType="13cdc9d9-ddb5-4fa4-a97d-d965ccfc6d4b" outcome="Passed" testListId="8c84fa94-04c1-424b-9868-57a2d4851a1d" relativeResultsDirectory="898b9fe9-366a-4d43-aabb-6ece9716fc8e" />
    <UnitTestResult executionId="8b6d8872-8dc4-42c6-af70-0b6894f6d53b" testId="afb88583-79d5-a510-7938-4afe70e895ee" testName="Task.ServiceHosts.Tests.TaskEndpointsTests.PatchTask_WithInvalidIdempotencyKey_Returns400(key: &quot;short&quot;)" computerName="TIM" duration="00:00:00.1714401" startTime="2026-09-06T01:14:21.7688790+03:00" endTime="2026-09-06T01:14:21.9422025+03:00" testType="13cdc9d9-ddb5-4fa4-a97d-d965ccfc6d4b" outcome="Passed" testListId="8c84fa94-04c1-424b-9868-57a2d4851a1d" relativeResultsDirectory="8b6d8872-8dc4-42c6-af70-0b6894f6d53b" />
    <UnitTestResult executionId="0485f298-192a-4357-9332-a0ab1f65fcd9" testId="8d6edc2e-eb98-936d-34f1-2fb7d14bc2dd" testName="Task.ServiceHosts.Tests.ProductEndpointsTests.EveryRouteDeniesMissingPermissionBeforeStore(method: &quot;DELETE&quot;, path: &quot;/api/v1/catalog-items/{id}/locations/{childId}&quot;)" computerName="TIM" duration="00:00:00.1355954" startTime="2026-09-06T01:14:18.6819828+03:00" endTime="2026-09-06T01:14:18.8272084+03:00" testType="13cdc9d9-ddb5-4fa4-a97d-d965ccfc6d4b" outcome="Passed" testListId="8c84fa94-04c1-424b-9868-57a2d4851a1d" relativeResultsDirectory="0485f298-192a-4357-9332-a0ab1f65fcd9" />
    <UnitTestResult executionId="aa47fe1b-1558-4012-acde-dbed5e6efc74" testId="dfd4cb69-0905-43b4-1877-93515f5f6922" testName="Task.ServiceHosts.Tests.ProductEndpointsTests.EveryRouteDeniesMissingPermissionBeforeStore(method: &quot;DELETE&quot;, path: &quot;/api/v1/contacts/{id}/channels/{childId}&quot;)" computerName="TIM" duration="00:00:00.1039525" startTime="2026-09-06T01:14:22.3248548+03:00" endTime="2026-09-06T01:14:22.4289319+03:00" testType="13cdc9d9-ddb5-4fa4-a97d-d965ccfc6d4b" outcome="Passed" testListId="8c84fa94-04c1-424b-9868-57a2d4851a1d" relativeResultsDirectory="aa47fe1b-1558-4012-acde-dbed5e6efc74" />
    <UnitTestResult executionId="f2c9c2a9-6615-4148-a050-30afaeef6006" testId="e0783c9c-9c04-3f8c-416a-d11b7a6ba06b" testName="Task.ServiceHosts.Tests.ProductEndpointsTests.EveryRouteDeclaresItsPermissionPolicy(method: &quot;PUT&quot;, path: &quot;/api/v1/interactions/{id}/participants&quot;, permission: &quot;Interaction.Update&quot;)" computerName="TIM" duration="00:00:00.0343046" startTime="2026-09-06T01:14:25.5807940+03:00" endTime="2026-09-06T01:14:25.6145016+03:00" testType="13cdc9d9-ddb5-4fa4-a97d-d965ccfc6d4b" outcome="Passed" testListId="8c84fa94-04c1-424b-9868-57a2d4851a1d" relativeResultsDirectory="f2c9c2a9-6615-4148-a050-30afaeef6006" />
    <UnitTestResult executionId="3bd864bd-0d99-4e72-a5a5-2e424606fa52" testId="2c570b0c-2046-a3b4-1b63-f5526a781a8a" testName="Task.ServiceHosts.Tests.AuthSessionEndpointsTests.ChangePassword_UnknownAccount_Returns401_InvalidCredentials" computerName="TIM" duration="00:00:00.1878633" startTime="2026-09-06T01:14:14.5300956+03:00" endTime="2026-09-06T01:14:14.7797616+03:00" testType="13cdc9d9-ddb5-4fa4-a97d-d965ccfc6d4b" outcome="Passed" testListId="8c84fa94-04c1-424b-9868-57a2d4851a1d" relativeResultsDirectory="3bd864bd-0d99-4e72-a5a5-2e424606fa52" />
    <UnitTestResult executionId="f3d3e74f-68bb-4145-8879-199f57ee0f88" testId="3f1f7e89-dc85-a965-51b9-0e5ebd00e0bd" testName="Task.ServiceHosts.Tests.ProductEndpointsTests.EveryRouteDeniesMissingPermissionBeforeStore(method: &quot;GET&quot;, path: &quot;/api/v1/settings/me&quot;)" computerName="TIM" duration="00:00:00.0729850" startTime="2026-09-06T01:14:24.9578582+03:00" endTime="2026-09-06T01:14:25.0311393+03:00" testType="13cdc9d9-ddb5-4fa4-a97d-d965ccfc6d4b" outcome="Passed" testListId="8c84fa94-04c1-424b-9868-57a2d4851a1d" relativeResultsDirectory="f3d3e74f-68bb-4145-8879-199f57ee0f88" />
    <UnitTestResult executionId="6838b10d-8449-4be8-902f-ed175c19ae41" testId="5a81e97f-12d7-1e35-2cb6-1a7b8b1dfb26" testName="Task.ServiceHosts.Tests.ProductEndpointsTests.EveryRouteDeclaresItsPermissionPolicy(method: &quot;POST&quot;, path: &quot;/api/v1/catalog-items/{id}/restore&quot;, permission: &quot;FileCatalog.Restore&quot;)" computerName="TIM" duration="00:00:00.0444047" startTime="2026-09-06T01:14:26.5948731+03:00" endTime="2026-09-06T01:14:26.6393437+03:00" testType="13cdc9d9-ddb5-4fa4-a97d-d965ccfc6d4b" outcome="Passed" testListId="8c84fa94-04c1-424b-9868-57a2d4851a1d" relativeResultsDirectory="6838b10d-8449-4be8-902f-ed175c19ae41" />
    <UnitTestResult executionId="e4b0217a-a010-4c02-975b-d84c4c73c055" testId="2191887a-c802-601c-0e67-e1d81a9eb804" testName="Task.ServiceHosts.Tests.TaskEndpointsTests.PostTask_ScheduleValidation(body: &quot;{\&quot;title\&quot;:\&quot;Dated\&quot;,\&quot;startAtUtc\&quot;:\&quot;2026-08-26T0&quot;···, status: Created, code: null)" computerName="TIM" duration="00:00:00.0532055" startTime="2026-09-06T01:14:28.0456158+03:00" endTime="2026-09-06T01:14:28.0990183+03:00" testType="13cdc9d9-ddb5-4fa4-a97d-d965ccfc6d4b" outcome="Passed" testListId="8c84fa94-04c1-424b-9868-57a2d4851a1d" relativeResultsDirectory="e4b0217a-a010-4c02-975b-d84c4c73c055" />
    <UnitTestResult executionId="fbd210b7-72f3-426e-99ab-b0ca98243fb7" testId="fd22bf9e-79a5-489f-62cc-b66708bfef31" testName="Task.ServiceHosts.Tests.AuthSessionEndpointsTests.SessionEndpoints_WithoutToken_Return401" computerName="TIM" duration="00:00:00.1762577" startTime="2026-09-06T01:14:16.1910594+03:00" endTime="2026-09-06T01:14:16.3787989+03:00" testType="13cdc9d9-ddb5-4fa4-a97d-d965ccfc6d4b" outcome="Passed" testListId="8c84fa94-04c1-424b-9868-57a2d4851a1d" relativeResultsDirectory="fbd210b7-72f3-426e-99ab-b0ca98243fb7" />
    <UnitTestResult executionId="4af3371e-f316-42fb-a494-22ada4f12cb2" testId="85928cbd-49b2-19e8-651d-85645c2c31c2" testName="Task.ServiceHosts.Tests.TaskEndpointsTests.PatchUser_RequiresIfMatch_AndMapsVersionConflict" computerName="TIM" duration="00:00:00.0781055" startTime="2026-09-06T01:14:26.5664741+03:00" endTime="2026-09-06T01:14:26.6449711+03:00" testType="13cdc9d9-ddb5-4fa4-a97d-d965ccfc6d4b" outcome="Passed" testListId="8c84fa94-04c1-424b-9868-57a2d4851a1d" relativeResultsDirectory="4af3371e-f316-42fb-a494-22ada4f12cb2" />
    <UnitTestResult executionId="e9ff9908-b6ac-4c1f-9abb-7d1e8998a63c" testId="da208b60-c201-c9fb-9916-ddfaa126233d" testName="Task.ServiceHosts.Tests.ProductEndpointsTests.DomainErrorsUseProblemEnvelope(status: 409, code: &quot;IDEMPOTENCY_KEY_REUSED&quot;)" computerName="TIM" duration="00:00:00.0683796" startTime="2026-09-06T01:14:29.4826309+03:00" endTime="2026-09-06T01:14:29.5511263+03:00" testType="13cdc9d9-ddb5-4fa4-a97d-d965ccfc6d4b" outcome="Passed" testListId="8c84fa94-04c1-424b-9868-57a2d4851a1d" relativeResultsDirectory="e9ff9908-b6ac-4c1f-9abb-7d1e8998a63c" />
    <UnitTestResult executionId="b04cceab-478f-444f-9aa4-34e1337867fe" testId="8244c908-8681-77aa-ae7d-19aac81db7c6" testName="Task.ServiceHosts.Tests.TaskJwtAuthenticationHandlerTests.Authenticate_WithExpiredServerSession_RejectsOnceWithSessionExpired" computerName="TIM" duration="00:00:00.0046712" startTime="2026-09-06T01:14:13.8443925+03:00" endTime="2026-09-06T01:14:13.8489623+03:00" testType="13cdc9d9-ddb5-4fa4-a97d-d965ccfc6d4b" outcome="Passed" testListId="8c84fa94-04c1-424b-9868-57a2d4851a1d" relativeResultsDirectory="b04cceab-478f-444f-9aa4-34e1337867fe" />
    <UnitTestResult executionId="3ad77a6f-ca58-468b-9404-ff217f911ea4" testId="79dbb4a0-d530-14a4-0459-31f26f622214" testName="Task.ServiceHosts.Tests.ProductEndpointsTests.EveryRouteDeclaresItsPermissionPolicy(method: &quot;GET&quot;, path: &quot;/api/v1/search&quot;, permission: &quot;Search.Use&quot;)" computerName="TIM" duration="00:00:00.0352259" startTime="2026-09-06T01:14:25.3619362+03:00" endTime="2026-09-06T01:14:25.3968654+03:00" testType="13cdc9d9-ddb5-4fa4-a97d-d965ccfc6d4b" outcome="Passed" testListId="8c84fa94-04c1-424b-9868-57a2d4851a1d" relativeResultsDirectory="3ad77a6f-ca58-468b-9404-ff217f911ea4" />
    <UnitTestResult executionId="3c380eda-e261-486c-8566-99817d26a17a" testId="23f6d836-cff2-dd35-13fc-2edb6251c16b" testName="Task.ServiceHosts.Tests.TaskEndpointsTests.PatchTask_WithMalformedIfMatch_Returns400(ifMatch: &quot;W/\&quot;v7\&quot;&quot;)" computerName="TIM" duration="00:00:00.0577534" startTime="2026-09-06T01:14:20.8427377+03:00" endTime="2026-09-06T01:14:20.9006791+03:00" testType="13cdc9d9-ddb5-4fa4-a97d-d965ccfc6d4b" outcome="Passed" testListId="8c84fa94-04c1-424b-9868-57a2d4851a1d" relativeResultsDirectory="3c380eda-e261-486c-8566-99817d26a17a" />
    <UnitTestResult executionId="f3961d61-21f8-42c7-a03f-44df5e6b55a6" testId="49e8b6b3-7412-15b6-7528-531a94cb0eb0" testName="Task.ServiceHosts.Tests.ProductEndpointsTests.EveryRouteDeniesMissingPermissionBeforeStore(method: &quot;POST&quot;, path: &quot;/api/v1/projects/{id}/restore&quot;)" computerName="TIM" duration="00:00:00.0904968" startTime="2026-09-06T01:14:19.6458375+03:00" endTime="2026-09-06T01:14:19.7372671+03:00" testType="13cdc9d9-ddb5-4fa4-a97d-d965ccfc6d4b" outcome="Passed" testListId="8c84fa94-04c1-424b-9868-57a2d4851a1d" relativeResultsDirectory="f3961d61-21f8-42c7-a03f-44df5e6b55a6" />
    <UnitTestResult executionId="8693f4b4-60d2-4873-bc9a-5453cdb0f356" testId="d28e4fcb-9ebb-2e60-57f5-e57e9b63f874" testName="Task.ServiceHosts.Tests.ProductEndpointsTests.EveryRouteDeclaresItsPermissionPolicy(method: &quot;POST&quot;, path: &quot;/api/v1/notifications/{id}/action&quot;, permission: &quot;Notification.ManageOwn&quot;)" computerName="TIM" duration="00:00:00.0402492" startTime="2026-09-06T01:14:27.5512421+03:00" endTime="2026-09-06T01:14:27.5914658+03:00" testType="13cdc9d9-ddb5-4fa4-a97d-d965ccfc6d4b" outcome="Passed" testListId="8c84fa94-04c1-424b-9868-57a2d4851a1d" relativeResultsDirectory="8693f4b4-60d2-4873-bc9a-5453cdb0f356" />
    <UnitTestResult executionId="37259e3e-8682-4ff5-8255-4c284eca0752" testId="710b0679-ab5d-553e-aab0-6e9c9f51bf54" testName="Task.ServiceHosts.Tests.TaskEndpointsTests.GetTaskEndpoints_WithoutToken_Return401(url: &quot;/api/v1/tasks&quot;)" computerName="TIM" duration="00:00:00.0635978" startTime="2026-09-06T01:14:27.2246749+03:00" endTime="2026-09-06T01:14:27.2884422+03:00" testType="13cdc9d9-ddb5-4fa4-a97d-d965ccfc6d4b" outcome="Passed" testListId="8c84fa94-04c1-424b-9868-57a2d4851a1d" relativeResultsDirectory="37259e3e-8682-4ff5-8255-4c284eca0752" />
    <UnitTestResult executionId="696c3778-6206-4c65-bbc9-ddfa5086e64b" testId="1363403e-7257-4619-fe3b-c29cdf8580b1" testName="Task.ServiceHosts.Tests.BackupScheduleTests.Cancellation_DoesNotPublishSuccess" computerName="TIM" duration="00:00:00.0033185" startTime="2026-09-06T01:14:13.6266709+03:00" endTime="2026-09-06T01:14:13.6306268+03:00" testType="13cdc9d9-ddb5-4fa4-a97d-d965ccfc6d4b" outcome="Passed" testListId="8c84fa94-04c1-424b-9868-57a2d4851a1d" relativeResultsDirectory="696c3778-6206-4c65-bbc9-ddfa5086e64b" />
    <UnitTestResult executionId="14da47f3-4e3c-4050-94b2-50fa7c2fbd51" testId="f3e2ca74-9068-9881-6bfd-79269071e23f" testName="Task.ServiceHosts.Tests.ProductEndpointsTests.EveryRouteDeniesMissingPermissionBeforeStore(method: &quot;PUT&quot;, path: &quot;/api/v1/projects/{id}/members/{childId}/overrides&quot;)" computerName="TIM" duration="00:00:00.0962787" startTime="2026-09-06T01:14:23.3227470+03:00" endTime="2026-09-06T01:14:23.4197394+03:00" testType="13cdc9d9-ddb5-4fa4-a97d-d965ccfc6d4b" outcome="Passed" testListId="8c84fa94-04c1-424b-9868-57a2d4851a1d" relativeResultsDirectory="14da47f3-4e3c-4050-94b2-50fa7c2fbd51" />
    <UnitTestResult executionId="9b514f03-7f35-4f8c-8a45-61b5f6a20da2" testId="d07bf247-6513-30bd-e987-20540ed11be0" testName="Task.ServiceHosts.Tests.TaskEndpointsTests.PostTask_ScheduleValidation(body: &quot;{\&quot;title\&quot;:\&quot;Dated\&quot;,\&quot;startAtUtc\&quot;:\&quot;2026-08-26T1&quot;···, status: UnprocessableEntity, code: &quot;VALIDATION_FAILED&quot;)" computerName="TIM" duration="00:00:00.0516801" startTime="2026-09-06T01:14:27.9935347+03:00" endTime="2026-09-06T01:14:28.0454708+03:00" testType="13cdc9d9-ddb5-4fa4-a97d-d965ccfc6d4b" outcome="Passed" testListId="8c84fa94-04c1-424b-9868-57a2d4851a1d" relativeResultsDirectory="9b514f03-7f35-4f8c-8a45-61b5f6a20da2" />
    <UnitTestResult executionId="5085027f-bab4-435e-ba4c-01dada4f1122" testId="ee15c17d-7652-b04e-71ad-c2c0200425a6" testName="Task.ServiceHosts.Tests.ProductEndpointsTests.EveryRouteDeniesMissingPermissionBeforeStore(method: &quot;GET&quot;, path: &quot;/api/v1/contacts/{id}&quot;)" computerName="TIM" duration="00:00:00.0873471" startTime="2026-09-06T01:14:19.8274971+03:00" endTime="2026-09-06T01:14:19.9153664+03:00" testType="13cdc9d9-ddb5-4fa4-a97d-d965ccfc6d4b" outcome="Passed" testListId="8c84fa94-04c1-424b-9868-57a2d4851a1d" relativeResultsDirectory="5085027f-bab4-435e-ba4c-01dada4f1122" />
    <UnitTestResult executionId="217d019f-3bf2-41ac-96f8-59761be3f604" testId="22f42c49-efc8-35ba-7a05-f9a5c79603d2" testName="Task.ServiceHosts.Tests.TaskJwtAuthenticationHandlerTests.Authenticate_WithScopeVersionMismatch_RejectsOnceWithSessionExpired" computerName="TIM" duration="00:00:00.0032343" startTime="2026-09-06T01:14:13.8491418+03:00" endTime="2026-09-06T01:14:13.8522828+03:00" testType="13cdc9d9-ddb5-4fa4-a97d-d965ccfc6d4b" outcome="Passed" testListId="8c84fa94-04c1-424b-9868-57a2d4851a1d" relativeResultsDirectory="217d019f-3bf2-41ac-96f8-59761be3f604" />
    <UnitTestResult executionId="1d93c183-484d-448c-a2f2-4e3d40f78d3e" testId="d1321600-5947-a5ff-12da-7c38710763df" testName="Task.ServiceHosts.Tests.ProductEndpointsTests.MissingKeyAndOversizedPayloadAreRejected" computerName="TIM" duration="00:00:00.0725442" startTime="2026-09-06T01:14:29.9059548+03:00" endTime="2026-09-06T01:14:29.9786759+03:00" testType="13cdc9d9-ddb5-4fa4-a97d-d965ccfc6d4b" outcome="Passed" testListId="8c84fa94-04c1-424b-9868-57a2d4851a1d" relativeResultsDirectory="1d93c183-484d-448c-a2f2-4e3d40f78d3e" />
    <UnitTestResult executionId="5bcf3b85-393c-4038-b636-bebcde4291ef" testId="0df71a38-c7c3-cb12-af6f-d243258aff5b" testName="Task.ServiceHosts.Tests.AuthEndpointsTests.Login_WhenRateLimited_Returns429_WithRetryAfter" computerName="TIM" duration="00:00:00.0097541" startTime="2026-09-06T01:14:13.9501858+03:00" endTime="2026-09-06T01:14:13.9604196+03:00" testType="13cdc9d9-ddb5-4fa4-a97d-d965ccfc6d4b" outcome="Passed" testListId="8c84fa94-04c1-424b-9868-57a2d4851a1d" relativeResultsDirectory="5bcf3b85-393c-4038-b636-bebcde4291ef" />
    <UnitTestResult executionId="b4ccb831-f31f-4ec7-bdd6-3431fa9eade7" testId="d4b44534-04e1-1a11-3612-d1109d1045e4" testName="Task.ServiceHosts.Tests.TaskEndpointsTests.PatchTask_WithMultipleFields_IncrementsVersionOnce" computerName="TIM" duration="00:00:00.0704168" startTime="2026-09-06T01:14:27.3522512+03:00" endTime="2026-09-06T01:14:27.4230742+03:00" testType="13cdc9d9-ddb5-4fa4-a97d-d965ccfc6d4b" outcome="Passed" testListId="8c84fa94-04c1-424b-9868-57a2d4851a1d" relativeResultsDirectory="b4ccb831-f31f-4ec7-bdd6-3431fa9eade7" />
    <UnitTestResult executionId="472a6729-4101-4e3a-93ea-3a4a9fbce7d9" testId="11e733e2-870b-211e-a678-7cff2103ca79" testName="Task.ServiceHosts.Tests.ProductEndpointsTests.EveryRouteDeclaresItsPermissionPolicy(method: &quot;DELETE&quot;, path: &quot;/api/v1/contacts/{id}/channels/{childId}&quot;, permission: &quot;Contact.Update&quot;)" computerName="TIM" duration="00:00:00.0338392" startTime="2026-09-06T01:14:28.7656307+03:00" endTime="2026-09-06T01:14:28.7993714+03:00" testType="13cdc9d9-ddb5-4fa4-a97d-d965ccfc6d4b" outcome="Passed" testListId="8c84fa94-04c1-424b-9868-57a2d4851a1d" relativeResultsDirectory="472a6729-4101-4e3a-93ea-3a4a9fbce7d9" />
    <UnitTestResult executionId="0901b585-f2be-4573-a23a-09b5e629d0c8" testId="84a2ca29-43bf-b403-70df-413f426b43fd" testName="Task.ServiceHosts.Tests.TaskEndpointsTests.DeviceHeartbeat_IsRestrictedToAuthenticatedOwner" computerName="TIM" duration="00:00:00.0686264" startTime="2026-09-06T01:14:27.6560791+03:00" endTime="2026-09-06T01:14:27.7249213+03:00" testType="13cdc9d9-ddb5-4fa4-a97d-d965ccfc6d4b" outcome="Passed" testListId="8c84fa94-04c1-424b-9868-57a2d4851a1d" relativeResultsDirectory="0901b585-f2be-4573-a23a-09b5e629d0c8" />
    <UnitTestResult executionId="9588b6d9-c393-4a37-add0-157ba4a29523" testId="fc6c618e-c703-fc85-7400-e52abd414b9b" testName="Task.ServiceHosts.Tests.ProductEndpointsTests.EveryRouteDeclaresItsPermissionPolicy(method: &quot;POST&quot;, path: &quot;/api/v1/contacts/{id}/addresses&quot;, permission: &quot;Contact.Update&quot;)" computerName="TIM" duration="00:00:00.0443346" startTime="2026-09-06T01:14:25.7407692+03:00" endTime="2026-09-06T01:14:25.7849654+03:00" testType="13cdc9d9-ddb5-4fa4-a97d-d965ccfc6d4b" outcome="Passed" testListId="8c84fa94-04c1-424b-9868-57a2d4851a1d" relativeResultsDirectory="9588b6d9-c393-4a37-add0-157ba4a29523" />
    <UnitTestResult executionId="6523bee5-8de3-4190-aaa9-c97ab01ddf82" testId="7e13ab73-0cf9-acaa-e914-5997fcedbf00" testName="Task.ServiceHosts.Tests.AuditEndpointsTests.GetAudit_WithoutToken_Returns401" computerName="TIM" duration="00:00:00.0368894" startTime="2026-09-06T01:14:13.9303831+03:00" endTime="2026-09-06T01:14:13.9675695+03:00" testType="13cdc9d9-ddb5-4fa4-a97d-d965ccfc6d4b" outcome="Passed" testListId="8c84fa94-04c1-424b-9868-57a2d4851a1d" relativeResultsDirectory="6523bee5-8de3-4190-aaa9-c97ab01ddf82" />
    <UnitTestResult executionId="10c38724-a957-4708-821f-896ef3853af5" testId="af3c1e54-529f-e90f-6017-617541276010" testName="Task.ServiceHosts.Tests.ProductEndpointsTests.EveryRouteDeniesMissingPermissionBeforeStore(method: &quot;POST&quot;, path: &quot;/api/v1/interactions/{id}/restore&quot;)" computerName="TIM" duration="00:00:00.0915660" startTime="2026-09-06T01:14:23.6180804+03:00" endTime="2026-09-06T01:14:23.7099843+03:00" testType="13cdc9d9-ddb5-4fa4-a97d-d965ccfc6d4b" outcome="Passed" testListId="8c84fa94-04c1-424b-9868-57a2d4851a1d" relativeResultsDirectory="10c38724-a957-4708-821f-896ef3853af5" />
    <UnitTestResult executionId="048abad9-d81d-4c45-b9e2-ced99792dbbc" testId="44ba9594-e2b9-8a2d-2540-05aba05a9ad3" testName="Task.ServiceHosts.Tests.ProductEndpointsTests.EveryRouteDeclaresItsPermissionPolicy(method: &quot;DELETE&quot;, path: &quot;/api/v1/companies/{id}&quot;, permission: &quot;Contact.Delete&quot;)" computerName="TIM" duration="00:00:00.0436937" startTime="2026-09-06T01:14:26.1755228+03:00" endTime="2026-09-06T01:14:26.2191219+03:00" testType="13cdc9d9-ddb5-4fa4-a97d-d965ccfc6d4b" outcome="Passed" testListId="8c84fa94-04c1-424b-9868-57a2d4851a1d" relativeResultsDirectory="048abad9-d81d-4c45-b9e2-ced99792dbbc" />
    <UnitTestResult executionId="841e5fbd-fc74-4cb6-a55c-556a84836b86" testId="4a8e05ef-ced2-ced2-279b-fe81233668f3" testName="Task.ServiceHosts.Tests.TaskJwtAuthenticationHandlerTests.Authenticate_WithIdentityHeadersAndValidBearer_IdentityComesFromTokenOnly" computerName="TIM" duration="00:00:00.0058317" startTime="2026-09-06T01:14:13.8558091+03:00" endTime="2026-09-06T01:14:13.8615312+03:00" testType="13cdc9d9-ddb5-4fa4-a97d-d965ccfc6d4b" outcome="Passed" testListId="8c84fa94-04c1-424b-9868-57a2d4851a1d" relativeResultsDirectory="841e5fbd-fc74-4cb6-a55c-556a84836b86" />
    <UnitTestResult executionId="ffba3240-d984-49f5-9b50-08f0b73eb71b" testId="de74a737-d957-bad6-ff4c-32e2a7fe8981" testName="Task.ServiceHosts.Tests.AuthSessionEndpointsTests.RevokeForeignSession_Returns404_NotVisible" computerName="TIM" duration="00:00:00.1182210" startTime="2026-09-06T01:14:16.5880876+03:00" endTime="2026-09-06T01:14:16.7293266+03:00" testType="13cdc9d9-ddb5-4fa4-a97d-d965ccfc6d4b" outcome="Passed" testListId="8c84fa94-04c1-424b-9868-57a2d4851a1d" relativeResultsDirectory="ffba3240-d984-49f5-9b50-08f0b73eb71b" />
    <UnitTestResult executionId="802e25dd-999c-4c1c-8f4d-c90f3e3bd2b8" testId="dfd083b2-026e-01d9-26a4-a21385977bfc" testName="Task.ServiceHosts.Tests.BackupScheduleTests.UnsafeConfiguration_IsRejected(hour: 1, check: 901, days: 7)" computerName="TIM" duration="00:00:00.0000648" startTime="2026-09-06T01:14:13.6313479+03:00" endTime="2026-09-06T01:14:13.6314199+03:00" testType="13cdc9d9-ddb5-4fa4-a97d-d965ccfc6d4b" outcome="Passed" testListId="8c84fa94-04c1-424b-9868-57a2d4851a1d" relativeResultsDirectory="802e25dd-999c-4c1c-8f4d-c90f3e3bd2b8" />
    <UnitTestResult executionId="6404dc54-cf01-4bd9-aacc-a15af7e06123" testId="9ce3e9a4-5875-a81b-be84-ff7541eb66cf" testName="Task.ServiceHosts.Tests.ProductEndpointsTests.EveryRouteDeclaresItsPermissionPolicy(method: &quot;PATCH&quot;, path: &quot;/api/v1/catalog-items/{id}&quot;, permission: &quot;FileCatalog.Update&quot;)" computerName="TIM" duration="00:00:00.0411322" startTime="2026-09-06T01:14:27.0355612+03:00" endTime="2026-09-06T01:14:27.0766245+03:00" testType="13cdc9d9-ddb5-4fa4-a97d-d965ccfc6d4b" outcome="Passed" testListId="8c84fa94-04c1-424b-9868-57a2d4851a1d" relativeResultsDirectory="6404dc54-cf01-4bd9-aacc-a15af7e06123" />
    <UnitTestResult executionId="e9494d58-802d-4f1b-a8dc-3c3c9c614c9e" testId="af80274c-9af2-284d-5dd6-5d9be93c0adc" testName="Task.ServiceHosts.Tests.ProductEndpointsTests.EveryRouteDeniesMissingPermissionBeforeStore(method: &quot;POST&quot;, path: &quot;/api/v1/catalog-items/{id}/move&quot;)" computerName="TIM" duration="00:00:00.1259963" startTime="2026-09-06T01:14:18.8274605+03:00" endTime="2026-09-06T01:14:18.9596277+03:00" testType="13cdc9d9-ddb5-4fa4-a97d-d965ccfc6d4b" outcome="Passed" testListId="8c84fa94-04c1-424b-9868-57a2d4851a1d" relativeResultsDirectory="e9494d58-802d-4f1b-a8dc-3c3c9c614c9e" />
    <UnitTestResult executionId="08def354-ecab-4a80-b569-ee958b4c69c7" testId="3b08c826-efbc-af30-422b-b2f0afbea7ff" testName="Task.ServiceHosts.Tests.ProductEndpointsTests.EveryRouteDeniesMissingPermissionBeforeStore(method: &quot;POST&quot;, path: &quot;/api/v1/projects&quot;)" computerName="TIM" duration="00:00:00.0601245" startTime="2026-09-06T01:14:24.4097322+03:00" endTime="2026-09-06T01:14:24.4701123+03:00" testType="13cdc9d9-ddb5-4fa4-a97d-d965ccfc6d4b" outcome="Passed" testListId="8c84fa94-04c1-424b-9868-57a2d4851a1d" relativeResultsDirectory="08def354-ecab-4a80-b569-ee958b4c69c7" />
    <UnitTestResult executionId="54710d2e-4b6d-4693-8084-3e408800c552" testId="ed74246c-5efa-bbd3-dfdb-a96800799e54" testName="Task.ServiceHosts.Tests.ProductEndpointsTests.EveryRouteDeniesMissingPermissionBeforeStore(method: &quot;GET&quot;, path: &quot;/api/v1/trash&quot;)" computerName="TIM" duration="00:00:00.1656961" startTime="2026-09-06T01:14:17.7979659+03:00" endTime="2026-09-06T01:14:17.9743831+03:00" testType="13cdc9d9-ddb5-4fa4-a97d-d965ccfc6d4b" outcome="Passed" testListId="8c84fa94-04c1-424b-9868-57a2d4851a1d" relativeResultsDirectory="54710d2e-4b6d-4693-8084-3e408800c552" />
    <UnitTestResult executionId="b0d85859-984b-4a26-a956-725f21fc41a8" testId="46f784c2-ba2f-863e-ea18-a1906944bb98" testName="Task.ServiceHosts.Tests.ProductEndpointsTests.InfrastructureErrorsDoNotDiscloseInternals" computerName="TIM" duration="00:00:00.0509733" startTime="2026-09-06T01:14:29.3059973+03:00" endTime="2026-09-06T01:14:29.3563861+03:00" testType="13cdc9d9-ddb5-4fa4-a97d-d965ccfc6d4b" outcome="Passed" testListId="8c84fa94-04c1-424b-9868-57a2d4851a1d" relativeResultsDirectory="b0d85859-984b-4a26-a956-725f21fc41a8" />
    <UnitTestResult executionId="87254532-b04d-4139-8157-50fba61ecf5e" testId="189b6d26-20ed-4e87-41af-b256e0970e60" testName="Task.ServiceHosts.Tests.TaskEndpointsTests.PatchTask_WithMalformedIfMatch_Returns400(ifMatch: &quot;\&quot;v7.5\&quot;&quot;)" computerName="TIM" duration="00:00:00.0522965" startTime="2026-09-06T01:14:20.5732870+03:00" endTime="2026-09-06T01:14:20.6257919+03:00" testType="13cdc9d9-ddb5-4fa4-a97d-d965ccfc6d4b" outcome="Passed" testListId="8c84fa94-04c1-424b-9868-57a2d4851a1d" relativeResultsDirectory="87254532-b04d-4139-8157-50fba61ecf5e" />
    <UnitTestResult executionId="fdd59fcf-fbc4-4681-a6da-0ace9138fbfe" testId="2fdedf81-15d6-cf5d-1014-31b16b3917e4" testName="Task.ServiceHosts.Tests.ProductEndpointsTests.EveryRouteDeniesMissingPermissionBeforeStore(method: &quot;PATCH&quot;, path: &quot;/api/v1/contacts/{id}&quot;)" computerName="TIM" duration="00:00:00.1053608" startTime="2026-09-06T01:14:19.3202703+03:00" endTime="2026-09-06T01:14:19.4257918+03:00" testType="13cdc9d9-ddb5-4fa4-a97d-d965ccfc6d4b" outcome="Passed" testListId="8c84fa94-04c1-424b-9868-57a2d4851a1d" relativeResultsDirectory="fdd59fcf-fbc4-4681-a6da-0ace9138fbfe" />
    <UnitTestResult executionId="878b0793-907c-4436-a8f7-74476153a6b2" testId="ce00011e-fe37-0c0a-f7c9-974e807b5328" testName="Task.ServiceHosts.Tests.ProductEndpointsTests.EveryRouteDeniesMissingPermissionBeforeStore(method: &quot;POST&quot;, path: &quot;/api/v1/network-resources&quot;)" computerName="TIM" duration="00:00:00.0764768" startTime="2026-09-06T01:14:20.9135591+03:00" endTime="2026-09-06T01:14:20.9902280+03:00" testType="13cdc9d9-ddb5-4fa4-a97d-d965ccfc6d4b" outcome="Passed" testListId="8c84fa94-04c1-424b-9868-57a2d4851a1d" relativeResultsDirectory="878b0793-907c-4436-a8f7-74476153a6b2" />
    <UnitTestResult executionId="c0151c9e-be51-49de-93b7-7c85d36cdf60" testId="fd237380-8797-4fa9-6ee5-2678fa08842f" testName="Task.ServiceHosts.Tests.ProductEndpointsTests.EveryRouteDeniesMissingPermissionBeforeStore(method: &quot;POST&quot;, path: &quot;/api/v1/archive/{id}/restore&quot;)" computerName="TIM" duration="00:00:00.1566444" startTime="2026-09-06T01:14:14.7781070+03:00" endTime="2026-09-06T01:14:14.9367302+03:00" testType="13cdc9d9-ddb5-4fa4-a97d-d965ccfc6d4b" outcome="Passed" testListId="8c84fa94-04c1-424b-9868-57a2d4851a1d" relativeResultsDirectory="c0151c9e-be51-49de-93b7-7c85d36cdf60" />
    <UnitTestResult executionId="985b41b5-1524-4990-bb09-79920d2a99b9" testId="6555bed0-b9af-5cc3-126c-7252d492f12c" testName="Task.ServiceHosts.Tests.TaskEndpointsTests.TransitionTask_AllOtherTransitionsReturn409(from: Cancelled, target: Cancelled)" computerName="TIM" duration="00:00:00.0572553" startTime="2026-09-06T01:14:19.9766406+03:00" endTime="2026-09-06T01:14:20.0340422+03:00" testType="13cdc9d9-ddb5-4fa4-a97d-d965ccfc6d4b" outcome="Passed" testListId="8c84fa94-04c1-424b-9868-57a2d4851a1d" relativeResultsDirectory="985b41b5-1524-4990-bb09-79920d2a99b9" />
    <UnitTestResult executionId="c70064dd-d687-4e61-86dd-4a78bb78b940" testId="db42c265-7bab-1396-5923-8b522efd468e" testName="Task.ServiceHosts.Tests.ProductEndpointsTests.EveryRouteDeclaresItsPermissionPolicy(method: &quot;GET&quot;, path: &quot;/api/v1/catalog-items&quot;, permission: &quot;FileCatalog.Read&quot;)" computerName="TIM" duration="00:00:00.0371425" startTime="2026-09-06T01:14:25.5429950+03:00" endTime="2026-09-06T01:14:25.5805188+03:00" testType="13cdc9d9-ddb5-4fa4-a97d-d965ccfc6d4b" outcome="Passed" testListId="8c84fa94-04c1-424b-9868-57a2d4851a1d" relativeResultsDirectory="c70064dd-d687-4e61-86dd-4a78bb78b940" />
    <UnitTestResult executionId="6e4f9b84-035d-4250-b2a4-0dd31d566021" testId="1f25e914-7eca-e0ea-4c0c-5b7dbe2c62f1" testName="Task.ServiceHosts.Tests.TaskEndpointsTests.PatchTask_WithInvalidFieldValues_Returns400(body: &quot;{\&quot;priority\&quot;:\&quot;urgent\&quot;}&quot;)" computerName="TIM" duration="00:00:00.1308886" startTime="2026-09-06T01:14:13.8008895+03:00" endTime="2026-09-06T01:14:13.9407052+03:00" testType="13cdc9d9-ddb5-4fa4-a97d-d965ccfc6d4b" outcome="Passed" testListId="8c84fa94-04c1-424b-9868-57a2d4851a1d" relativeResultsDirectory="6e4f9b84-035d-4250-b2a4-0dd31d566021" />
    <UnitTestResult executionId="1cebd644-412d-4579-b343-dade3b763fd3" testId="3ee33b8c-d744-02d1-9dbb-c94951bde20b" testName="Task.ServiceHosts.Tests.TaskEndpointsTests.PatchTask_WithoutUpdatePermission_Returns403" computerName="TIM" duration="00:00:00.0934962" startTime="2026-09-06T01:14:14.9335143+03:00" endTime="2026-09-06T01:14:15.0273039+03:00" testType="13cdc9d9-ddb5-4fa4-a97d-d965ccfc6d4b" outcome="Passed" testListId="8c84fa94-04c1-424b-9868-57a2d4851a1d" relativeResultsDirectory="1cebd644-412d-4579-b343-dade3b763fd3" />
    <UnitTestResult executionId="d23397ce-8195-4ce5-a3b1-23257b28180b" testId="82d921f2-0827-8f33-5739-9109aabafa45" testName="Task.ServiceHosts.Tests.DatabaseMigratorCommandTests.InvalidArguments_ReturnUsageError(arguments: [])" computerName="TIM" duration="00:00:00.0004451" startTime="2026-09-06T01:14:13.5432172+03:00" endTime="2026-09-06T01:14:13.5432802+03:00" testType="13cdc9d9-ddb5-4fa4-a97d-d965ccfc6d4b" outcome="Passed" testListId="8c84fa94-04c1-424b-9868-57a2d4851a1d" relativeResultsDirectory="d23397ce-8195-4ce5-a3b1-23257b28180b" />
    <UnitTestResult executionId="a6a89063-5998-4fc5-8601-5d4a790f373d" testId="e84503b3-7f92-fc0e-a149-43449c752dd9" testName="Task.ServiceHosts.Tests.BackupScheduleTests.FutureSuccess_IsRejectedAndCannotSuppressProtection(field: &quot;LastCheck&quot;)" computerName="TIM" duration="00:00:00.1418048" startTime="2026-09-06T01:14:13.4985495+03:00" endTime="2026-09-06T01:14:13.5800659+03:00" testType="13cdc9d9-ddb5-4fa4-a97d-d965ccfc6d4b" outcome="Passed" testListId="8c84fa94-04c1-424b-9868-57a2d4851a1d" relativeResultsDirectory="a6a89063-5998-4fc5-8601-5d4a790f373d" />
    <UnitTestResult executionId="7f61d105-70a8-4596-b9b0-81b686f182a2" testId="7b35d4d6-d734-c59e-0863-f7f10cad23fb" testName="Task.ServiceHosts.Tests.TaskEndpointsTests.TransitionTask_AllOtherTransitionsReturn409(from: InProgress, target: New)" computerName="TIM" duration="00:00:00.0759662" startTime="2026-09-06T01:14:19.4184949+03:00" endTime="2026-09-06T01:14:19.4943781+03:00" testType="13cdc9d9-ddb5-4fa4-a97d-d965ccfc6d4b" outcome="Passed" testListId="8c84fa94-04c1-424b-9868-57a2d4851a1d" relativeResultsDirectory="7f61d105-70a8-4596-b9b0-81b686f182a2" />
    <UnitTestResult executionId="35137e84-d333-4c4c-b22a-b40035499034" testId="87e99404-1d73-78d9-a317-3075fea3b65b" testName="Task.ServiceHosts.Tests.ProductEndpointsTests.EveryRouteDeniesMissingPermissionBeforeStore(method: &quot;GET&quot;, path: &quot;/api/v1/notifications/{id}&quot;)" computerName="TIM" duration="00:00:00.0755103" startTime="2026-09-06T01:14:19.9154795+03:00" endTime="2026-09-06T01:14:19.9910619+03:00" testType="13cdc9d9-ddb5-4fa4-a97d-d965ccfc6d4b" outcome="Passed" testListId="8c84fa94-04c1-424b-9868-57a2d4851a1d" relativeResultsDirectory="35137e84-d333-4c4c-b22a-b40035499034" />
    <UnitTestResult executionId="dec1c6ca-4a12-4bed-b553-93aba3351ff9" testId="f36382a1-f260-18dc-7859-e4ad010f4019" testName="Task.ServiceHosts.Tests.ProductEndpointsTests.EveryRouteDeclaresItsPermissionPolicy(method: &quot;POST&quot;, path: &quot;/api/v1/interactions&quot;, permission: &quot;Interaction.Create&quot;)" computerName="TIM" duration="00:00:00.0357452" startTime="2026-09-06T01:14:28.8620610+03:00" endTime="2026-09-06T01:14:28.8970223+03:00" testType="13cdc9d9-ddb5-4fa4-a97d-d965ccfc6d4b" outcome="Passed" testListId="8c84fa94-04c1-424b-9868-57a2d4851a1d" relativeResultsDirectory="dec1c6ca-4a12-4bed-b553-93aba3351ff9" />
    <UnitTestResult executionId="b06a85e0-91dd-4a71-b7be-d93e4758022a" testId="d9263405-b286-129a-c6db-8ce8fd32ea7d" testName="Task.ServiceHosts.Tests.TaskEndpointsTests.TransitionTask_InvalidBodyIsRejected(body: &quot;{&quot;, status: BadRequest)" computerName="TIM" duration="00:00:00.1044399" startTime="2026-09-06T01:14:22.7022466+03:00" endTime="2026-09-06T01:14:22.8068372+03:00" testType="13cdc9d9-ddb5-4fa4-a97d-d965ccfc6d4b" outcome="Passed" testListId="8c84fa94-04c1-424b-9868-57a2d4851a1d" relativeResultsDirectory="b06a85e0-91dd-4a71-b7be-d93e4758022a" />
    <UnitTestResult executionId="72c7c575-6884-48ae-9399-b98bbe4005b4" testId="45cd5ab7-06bb-cdd1-f5df-6b5d697e0d8a" testName="Task.ServiceHosts.Tests.TaskEndpointsTests.TransitionTask_AllOtherTransitionsReturn409(from: Review, target: Review)" computerName="TIM" duration="00:00:00.0884282" startTime="2026-09-06T01:14:18.9822623+03:00" endTime="2026-09-06T01:14:19.0739421+03:00" testType="13cdc9d9-ddb5-4fa4-a97d-d965ccfc6d4b" outcome="Passed" testListId="8c84fa94-04c1-424b-9868-57a2d4851a1d" relativeResultsDirectory="72c7c575-6884-48ae-9399-b98bbe4005b4" />
    <UnitTestResult executionId="03143918-752c-4d57-9d53-843ebba368e2" testId="48c1392a-893f-e8ba-a7e4-38655eb83058" testName="Task.ServiceHosts.Tests.ProductEndpointsTests.EveryRouteDeniesMissingPermissionBeforeStore(method: &quot;GET&quot;, path: &quot;/api/v1/objects/{id}/links&quot;)" computerName="TIM" duration="00:00:00.0910478" startTime="2026-09-06T01:14:22.8935645+03:00" endTime="2026-09-06T01:14:22.9848525+03:00" testType="13cdc9d9-ddb5-4fa4-a97d-d965ccfc6d4b" outcome="Passed" testListId="8c84fa94-04c1-424b-9868-57a2d4851a1d" relativeResultsDirectory="03143918-752c-4d57-9d53-843ebba368e2" />
    <UnitTestResult executionId="5803e78e-96c0-433e-8d00-211547a0f39b" testId="8f809c09-1f4f-c052-67e6-2247fd6ce97d" testName="Task.ServiceHosts.Tests.TaskJwtAuthenticationHandlerTests.Authenticate_WithMultiValueAudience_RejectsOnce" computerName="TIM" duration="00:00:00.0049562" startTime="2026-09-06T01:14:13.6335670+03:00" endTime="2026-09-06T01:14:13.6383934+03:00" testType="13cdc9d9-ddb5-4fa4-a97d-d965ccfc6d4b" outcome="Passed" testListId="8c84fa94-04c1-424b-9868-57a2d4851a1d" relativeResultsDirectory="5803e78e-96c0-433e-8d00-211547a0f39b" />
    <UnitTestResult executionId="c106a1c3-d308-416b-aead-15eb8f4a9fcc" testId="f4dfa91a-0f80-6194-693f-ad44d8446584" testName="Task.ServiceHosts.Tests.TaskEndpointsTests.DeviceRevoke_RequiresIdempotency_AndRevokesSessions" computerName="TIM" duration="00:00:00.0834471" startTime="2026-09-06T01:14:26.2515953+03:00" endTime="2026-09-06T01:14:26.3352300+03:00" testType="13cdc9d9-ddb5-4fa4-a97d-d965ccfc6d4b" outcome="Passed" testListId="8c84fa94-04c1-424b-9868-57a2d4851a1d" relativeResultsDirectory="c106a1c3-d308-416b-aead-15eb8f4a9fcc" />
[...]
    <TestEntry testId="0f3e4f76-7aab-e9ad-cc5d-58521466f002" executionId="7be1497b-d58f-4d7c-b108-a14c09e39c5b" testListId="8c84fa94-04c1-424b-9868-57a2d4851a1d" />
    <TestEntry testId="ad6d12f8-071a-2406-8c02-7857b9397139" executionId="cca973cc-d77c-4edc-9778-1fc82e8ec583" testListId="8c84fa94-04c1-424b-9868-57a2d4851a1d" />
    <TestEntry testId="d1f81720-8e92-a49f-9a05-0599548bdfee" executionId="28c0dc41-cf9b-426d-bad3-c0c27d264398" testListId="8c84fa94-04c1-424b-9868-57a2d4851a1d" />
    <TestEntry testId="733b4a72-9ada-ec24-7853-4b68059859b1" executionId="5e0101dd-29c6-4085-b078-900b5a1abbad" testListId="8c84fa94-04c1-424b-9868-57a2d4851a1d" />
    <TestEntry testId="5a0b7d43-68ad-9447-894b-d53629ab8e90" executionId="02a32119-0cc1-460f-826f-7c2e058cb334" testListId="8c84fa94-04c1-424b-9868-57a2d4851a1d" />
    <TestEntry testId="316ebd57-8627-f007-ed9e-0b054548f0a3" executionId="c7a84d05-504d-44ec-ae08-24d23cf29904" testListId="8c84fa94-04c1-424b-9868-57a2d4851a1d" />
    <TestEntry testId="a3dbdc97-3057-9b60-2a94-aac843a49b15" executionId="8aeefed7-d9a8-49c8-973d-3194166d889e" testListId="8c84fa94-04c1-424b-9868-57a2d4851a1d" />
    <TestEntry testId="3c83bcbd-6d89-4a1b-bc57-fd0035106c96" executionId="0c8ac795-a8c6-4456-a20b-45093d1bd412" testListId="8c84fa94-04c1-424b-9868-57a2d4851a1d" />
    <TestEntry testId="d16edc5d-bd01-ea4e-f64f-9b2a62896040" executionId="45050027-50c9-4358-9da2-8337c5884409" testListId="8c84fa94-04c1-424b-9868-57a2d4851a1d" />
    <TestEntry testId="49a11e2b-7204-19a9-4d8c-61b1b3bda419" executionId="83f09799-17af-414a-bf6b-7c11246be68a" testListId="8c84fa94-04c1-424b-9868-57a2d4851a1d" />
    <TestEntry testId="008fc585-37dc-e50e-74ae-354cbfd3fb43" executionId="b7809583-6e7f-4ad6-9f95-13c39d8a3d70" testListId="8c84fa94-04c1-424b-9868-57a2d4851a1d" />
    <TestEntry testId="49a1b013-614a-ec14-d0a4-c3f893b2705f" executionId="287ea3fa-47c4-4958-b7f2-823d0a4948af" testListId="8c84fa94-04c1-424b-9868-57a2d4851a1d" />
    <TestEntry testId="3c86349a-1f24-33ae-78d2-a1680b074311" executionId="fc89f565-819b-41a0-ad52-5a3a44ffd264" testListId="8c84fa94-04c1-424b-9868-57a2d4851a1d" />
    <TestEntry testId="e71c407d-8b47-ac81-dde4-1350daca399f" executionId="059df395-70f9-4b63-a0ef-a8c52e614653" testListId="8c84fa94-04c1-424b-9868-57a2d4851a1d" />
    <TestEntry testId="6425eea5-5d1a-ff04-aecc-207bc5fb99fe" executionId="c2619519-333f-4778-a423-43d71f3c4fac" testListId="8c84fa94-04c1-424b-9868-57a2d4851a1d" />
    <TestEntry testId="48b8b251-927b-d017-a743-cb0f15755267" executionId="3f9cecd1-eb7c-499e-87b4-e227bc330d99" testListId="8c84fa94-04c1-424b-9868-57a2d4851a1d" />
    <TestEntry testId="adc97d66-1b0b-fcfc-bb75-e0c8bed20d55" executionId="abfafc80-e168-4e9b-9135-4958e9e4f607" testListId="8c84fa94-04c1-424b-9868-57a2d4851a1d" />
    <TestEntry testId="a83a6056-a0bf-eeb8-9c79-3c9b7eec0df5" executionId="d8da8dd5-bc25-4b5e-8d3e-bbafa33c0af9" testListId="8c84fa94-04c1-424b-9868-57a2d4851a1d" />
    <TestEntry testId="52aa7ab3-7d00-103c-077b-79f72c721f72" executionId="df0c4ee8-8b32-42ba-9416-2f9cc10046c1" testListId="8c84fa94-04c1-424b-9868-57a2d4851a1d" />
    <TestEntry testId="c4968b74-bd7f-2d04-b095-363f862554ca" executionId="edb2d088-1946-40aa-8418-741153b0984d" testListId="8c84fa94-04c1-424b-9868-57a2d4851a1d" />
    <TestEntry testId="bc31f47b-3557-a7cd-a7c5-c47bea5f2479" executionId="854a2629-0fae-4ffb-b957-94788563a020" testListId="8c84fa94-04c1-424b-9868-57a2d4851a1d" />
    <TestEntry testId="591f4dbd-a2b2-f407-32f1-a6f63f6b00c4" executionId="070efea7-8fce-4461-babc-e8f59e833a41" testListId="8c84fa94-04c1-424b-9868-57a2d4851a1d" />
    <TestEntry testId="587e9891-9b1a-a3da-a25a-c820f6d58477" executionId="76d0be90-c3d5-4776-954d-1e71ab1fc1b4" testListId="8c84fa94-04c1-424b-9868-57a2d4851a1d" />
    <TestEntry testId="5898e62d-7a80-9114-6600-2b56ebfc06ea" executionId="f64d02a7-8f54-48bd-a5ec-83c703b84ba6" testListId="8c84fa94-04c1-424b-9868-57a2d4851a1d" />
    <TestEntry testId="1fb71cc6-9909-925d-9ee1-26ccf1de58c9" executionId="39bff301-2a64-4a4c-96cf-fcd854b8138b" testListId="8c84fa94-04c1-424b-9868-57a2d4851a1d" />
    <TestEntry testId="81d6953d-25be-c0eb-5638-f7385e47ef1a" executionId="aefb395a-238f-4796-ac43-3365f9749414" testListId="8c84fa94-04c1-424b-9868-57a2d4851a1d" />
    <TestEntry testId="23063e52-1bda-dd63-ba98-8a55f29dc97c" executionId="caa10c71-2cd2-44d2-b066-6221052691fb" testListId="8c84fa94-04c1-424b-9868-57a2d4851a1d" />
    <TestEntry testId="3a0f1664-4c71-6c24-592a-a45e9ade7168" executionId="ff19713b-0d8c-4015-a70e-1906d629041b" testListId="8c84fa94-04c1-424b-9868-57a2d4851a1d" />
    <TestEntry testId="d2de3eb0-466a-d8f6-4f00-3b5621ec6563" executionId="aabf8719-ad88-4ef7-84d0-354cbf3b52b7" testListId="8c84fa94-04c1-424b-9868-57a2d4851a1d" />
    <TestEntry testId="f4bd4b9a-bdca-e38a-508f-4c093157748f" executionId="c66ef604-cbaa-4003-8195-2c48ac9bbb89" testListId="8c84fa94-04c1-424b-9868-57a2d4851a1d" />
    <TestEntry testId="2c520aa9-752a-ecfe-a1fc-480642af1cdd" executionId="7d3879ab-fd44-4b27-891b-214704e29a59" testListId="8c84fa94-04c1-424b-9868-57a2d4851a1d" />
    <TestEntry testId="8a58074a-9c13-eff8-12a3-e7e86f33df9e" executionId="b02a9d31-5d84-49d7-a854-2ee3f203bef0" testListId="8c84fa94-04c1-424b-9868-57a2d4851a1d" />
    <TestEntry testId="76d132ba-b6b2-b5b7-7ad9-443377823481" executionId="2177eeb8-43cc-4bd2-8653-edd6646e136a" testListId="8c84fa94-04c1-424b-9868-57a2d4851a1d" />
    <TestEntry testId="01ecff95-fa82-3509-cf15-9349d7ca0df4" executionId="1bc3610c-63b2-4b59-97e4-a8afd1150e83" testListId="8c84fa94-04c1-424b-9868-57a2d4851a1d" />
    <TestEntry testId="2a8ff034-aabd-3cb9-5800-b7b79981f99b" executionId="88dad2e1-29bb-4c2c-a48d-23accfb7f83f" testListId="8c84fa94-04c1-424b-9868-57a2d4851a1d" />
    <TestEntry testId="0a3418f6-7c63-1dc2-806d-a2c94879bbec" executionId="a7d4c60a-330a-44e9-99d2-bf0f2b455413" testListId="8c84fa94-04c1-424b-9868-57a2d4851a1d" />
    <TestEntry testId="76d00a22-87fe-ccae-70a3-aa3407bdcc7a" executionId="f286e823-be48-4ff6-9521-0442bb2b2319" testListId="8c84fa94-04c1-424b-9868-57a2d4851a1d" />
    <TestEntry testId="024cb09a-b12d-f751-9574-98421a7fdb8c" executionId="b720ead8-957b-4e99-9ef0-fb8d664a7a1f" testListId="8c84fa94-04c1-424b-9868-57a2d4851a1d" />
    <TestEntry testId="d8a479f9-8f22-4a8e-acb4-9fd9f0a26a37" executionId="6d5d42b3-1365-4f90-a56f-8eda67b54cf7" testListId="8c84fa94-04c1-424b-9868-57a2d4851a1d" />
    <TestEntry testId="75015bdf-ba60-a7ee-de91-c7bacc03feae" executionId="2a1fd5f5-646a-4b05-854e-b2c218d82950" testListId="8c84fa94-04c1-424b-9868-57a2d4851a1d" />
    <TestEntry testId="7ad0993f-e114-5637-49de-5b8d495c28f2" executionId="ac40bc15-fa69-4733-b996-117b874628b3" testListId="8c84fa94-04c1-424b-9868-57a2d4851a1d" />
    <TestEntry testId="28d1f41c-57ac-7c54-1103-8882f367c683" executionId="bc60fa9b-cbfd-4163-81ea-cd27217bee2a" testListId="8c84fa94-04c1-424b-9868-57a2d4851a1d" />
    <TestEntry testId="d5998a9f-c4ca-1b4b-9e5c-a64a55fac40c" executionId="16084570-81bb-4bb6-9a1f-75a8ebc60909" testListId="8c84fa94-04c1-424b-9868-57a2d4851a1d" />
    <TestEntry testId="59c3c9a0-7095-b9c4-a596-4bcade1181ae" executionId="3f6aa07e-9a1d-461c-a4c3-57854663b139" testListId="8c84fa94-04c1-424b-9868-57a2d4851a1d" />
    <TestEntry testId="de8f070f-5807-e883-dd52-d3a9c9b3dee5" executionId="d113832d-0dff-44e7-bea0-177cba62e647" testListId="8c84fa94-04c1-424b-9868-57a2d4851a1d" />
    <TestEntry testId="97b22550-1370-2425-4c0d-3e3311dc857b" executionId="b930b709-8bf3-4c93-b85f-4c83ac7b99d3" testListId="8c84fa94-04c1-424b-9868-57a2d4851a1d" />
    <TestEntry testId="a2b1ec5d-5b45-e749-0230-87c00230310b" executionId="91a023e0-cf5d-49fe-a4fd-5d38480fb711" testListId="8c84fa94-04c1-424b-9868-57a2d4851a1d" />
    <TestEntry testId="49d9320d-0b1e-975a-e005-e170496f20a3" executionId="c4cee0df-653f-4fdf-b935-6d0ca61a365a" testListId="8c84fa94-04c1-424b-9868-57a2d4851a1d" />
    <TestEntry testId="627d2cb8-5a99-051b-bf62-d9e95f0ece95" executionId="eb3eccb1-34dc-48f6-8f44-332fcaae4463" testListId="8c84fa94-04c1-424b-9868-57a2d4851a1d" />
    <TestEntry testId="1820f5fb-64fd-2544-7b53-46ec67926661" executionId="55119f0c-7a1b-4da8-8a3f-d7eeac1a9fb9" testListId="8c84fa94-04c1-424b-9868-57a2d4851a1d" />
    <TestEntry testId="a2e569e2-c014-5b5b-cfd5-66802c064f71" executionId="dc709ddf-4e55-4612-b9ab-5fdc4548e14d" testListId="8c84fa94-04c1-424b-9868-57a2d4851a1d" />
    <TestEntry testId="2bef968c-909e-52ad-8544-18447d4b1abb" executionId="b1974ebf-c495-4a81-93c1-a8d6d1ee6ee1" testListId="8c84fa94-04c1-424b-9868-57a2d4851a1d" />
    <TestEntry testId="c842ec5a-68af-5be0-ea6d-5bc0fca75f8b" executionId="634e5614-4804-4b1d-b2c7-1ab8bec35fde" testListId="8c84fa94-04c1-424b-9868-57a2d4851a1d" />
    <TestEntry testId="546f82e5-dff7-8393-0fdd-756494ab6855" executionId="28ca3c94-e862-4ff6-8dce-177045d84a82" testListId="8c84fa94-04c1-424b-9868-57a2d4851a1d" />
    <TestEntry testId="5eabb6ff-fda1-9115-d887-f37cb9983b07" executionId="006da5a1-e100-426a-9ade-2ac9ae3b04dc" testListId="8c84fa94-04c1-424b-9868-57a2d4851a1d" />
    <TestEntry testId="4f39c375-4520-ca7c-1c28-4e6cfc5f20df" executionId="44956def-b587-4085-ad18-e594b8eff6d0" testListId="8c84fa94-04c1-424b-9868-57a2d4851a1d" />
    <TestEntry testId="8948dbf2-7fe1-62cd-77d1-b7e8baefc8e8" executionId="6afa3a7a-25ea-425b-973a-255693152d3e" testListId="8c84fa94-04c1-424b-9868-57a2d4851a1d" />
    <TestEntry testId="e746c49d-a08d-5e41-957e-f1dfe4f4261d" executionId="e16458f2-795f-413e-9ed5-2a7417aec3a4" testListId="8c84fa94-04c1-424b-9868-57a2d4851a1d" />
    <TestEntry testId="2ff3aebb-aa47-7285-349b-fcafe5f4cecb" executionId="11601837-04de-4e60-8e8f-3c82d4f95c70" testListId="8c84fa94-04c1-424b-9868-57a2d4851a1d" />
    <TestEntry testId="d9161d46-0c17-e8f6-2d79-36fd137a6fe6" executionId="5956af16-6fa1-4038-bb2a-81f406162cb6" testListId="8c84fa94-04c1-424b-9868-57a2d4851a1d" />
    <TestEntry testId="afd4d33e-78d1-b59e-6d70-2335bba6a8e0" executionId="3b9ad800-acb6-4602-938b-ea49dc70686f" testListId="8c84fa94-04c1-424b-9868-57a2d4851a1d" />
    <TestEntry testId="a1ae6e07-5a4d-abe4-3222-ac0f4e27a38b" executionId="2427d5ca-445b-4393-a04d-b7d5f69e0cd7" testListId="8c84fa94-04c1-424b-9868-57a2d4851a1d" />
    <TestEntry testId="724408d8-8e0e-f830-1488-99c8d82e98a0" executionId="f10bb07d-2a0f-4674-b8ff-a8c14c320a52" testListId="8c84fa94-04c1-424b-9868-57a2d4851a1d" />
    <TestEntry testId="da6e9950-d762-6fda-f23b-af05c042b65a" executionId="a7e5b032-1f5d-426b-88f9-f146ffb8896d" testListId="8c84fa94-04c1-424b-9868-57a2d4851a1d" />
    <TestEntry testId="76dd89df-0ede-fe07-3872-7c8ec7054e32" executionId="e759b393-f281-4b6d-b32d-0bd8bea7ab6b" testListId="8c84fa94-04c1-424b-9868-57a2d4851a1d" />
    <TestEntry testId="819bdfab-f28b-c5c2-5b1c-4888c214bc32" executionId="95530c32-0ee1-463e-b99e-d09fb151f8e4" testListId="8c84fa94-04c1-424b-9868-57a2d4851a1d" />
    <TestEntry testId="82b5e8c4-5709-e2f6-66e0-d5e3002576a2" executionId="aa3c4ac8-5368-494c-aefd-16121a2598a0" testListId="8c84fa94-04c1-424b-9868-57a2d4851a1d" />
    <TestEntry testId="38653738-b357-5832-43e5-3e10808ae1d6" executionId="ecd9141f-0dde-4990-a363-521ea08e31d3" testListId="8c84fa94-04c1-424b-9868-57a2d4851a1d" />
    <TestEntry testId="3eaa8ae2-e7f4-8fc8-6ee1-edbb34ba8c8a" executionId="c4c14f46-6985-4a90-9cd9-0a4a759c4763" testListId="8c84fa94-04c1-424b-9868-57a2d4851a1d" />
    <TestEntry testId="7eeed57c-6bc0-752a-c5ad-a10be7292f93" executionId="bfe065cf-9d8e-45ed-a0d3-df49fe64f85a" testListId="8c84fa94-04c1-424b-9868-57a2d4851a1d" />
    <TestEntry testId="34e0ecee-32e7-eb3d-df90-ffbbca3b9816" executionId="4ce1d6f5-765d-40ab-9bf8-59cd754e3ac6" testListId="8c84fa94-04c1-424b-9868-57a2d4851a1d" />
    <TestEntry testId="c10a1e75-8967-71cd-48c8-c1f44cd58b09" executionId="c5f873e8-c5d0-403d-86c0-3126dc1bbaaa" testListId="8c84fa94-04c1-424b-9868-57a2d4851a1d" />
    <TestEntry testId="bc5e96ed-630f-4bda-0eb9-d9e5ec348087" executionId="acfea9b3-54f3-4103-b22e-2b3084212b15" testListId="8c84fa94-04c1-424b-9868-57a2d4851a1d" />
    <TestEntry testId="ca35c579-0db2-721e-e918-944d176b7acc" executionId="6de2d975-e856-46a5-9f37-aa5079c177e1" testListId="8c84fa94-04c1-424b-9868-57a2d4851a1d" />
    <TestEntry testId="dee33257-670e-c7a6-ca6e-f0282f6b5224" executionId="880287a4-d5e4-4d62-a8b1-0101215d13df" testListId="8c84fa94-04c1-424b-9868-57a2d4851a1d" />
    <TestEntry testId="38d4dd18-edae-3b65-fc8d-c408c60547e4" executionId="14bd44d5-8542-44cd-bd5f-da08a2e969b1" testListId="8c84fa94-04c1-424b-9868-57a2d4851a1d" />
    <TestEntry testId="3d743b3d-6b73-6976-736a-f1f72e42f80a" executionId="624b4887-a658-4d26-8f68-786af80ad617" testListId="8c84fa94-04c1-424b-9868-57a2d4851a1d" />
    <TestEntry testId="a30135b4-da1e-a721-92f1-0220be880ef3" executionId="ee0d382f-4dc8-43bf-8b7e-45b759eef014" testListId="8c84fa94-04c1-424b-9868-57a2d4851a1d" />
    <TestEntry testId="d80d3e41-6e5e-ab3e-d208-e23a1122fee9" executionId="a5950e39-f367-4fe8-b130-d934cbac385e" testListId="8c84fa94-04c1-424b-9868-57a2d4851a1d" />
    <TestEntry testId="64ae9b04-55cc-557f-f609-a637157aea19" executionId="cbe06264-7f95-4e15-8e6b-9cc81ec7d090" testListId="8c84fa94-04c1-424b-9868-57a2d4851a1d" />
    <TestEntry testId="83fbc11c-6df9-cabf-97f8-0a3c00b3df37" executionId="8e3d916b-485c-4176-86bf-bdaa774a2ab4" testListId="8c84fa94-04c1-424b-9868-57a2d4851a1d" />
    <TestEntry testId="0e7029e2-9673-a383-3002-2478dff106d6" executionId="6f2df9e8-fd2f-41b0-8bf2-c54d902005fb" testListId="8c84fa94-04c1-424b-9868-57a2d4851a1d" />
    <TestEntry testId="e1e3cb44-962b-6ec5-d049-da5c0add3be5" executionId="da5388ed-cd42-45bf-8e5b-6cd6f97a6f5e" testListId="8c84fa94-04c1-424b-9868-57a2d4851a1d" />
    <TestEntry testId="19179c30-36ae-f1d9-20e7-36222eefcc5f" executionId="c662114c-41eb-49e5-a39f-7071d41dbd2a" testListId="8c84fa94-04c1-424b-9868-57a2d4851a1d" />
    <TestEntry testId="e4c73c2c-edc3-906e-dc90-970c59fb7756" executionId="00902fe8-276b-4f26-8f59-6666526e8f63" testListId="8c84fa94-04c1-424b-9868-57a2d4851a1d" />
    <TestEntry testId="88c32bd0-1c5a-7d5a-6301-0bc49b5cd3ae" executionId="cf73adb3-4577-484b-9f07-b14123bce1ee" testListId="8c84fa94-04c1-424b-9868-57a2d4851a1d" />
    <TestEntry testId="ff91a092-ba71-7c8f-7e42-3ef7681eff59" executionId="e8cbb5ac-68bd-43e8-947c-a2adc14f2a7d" testListId="8c84fa94-04c1-424b-9868-57a2d4851a1d" />
    <TestEntry testId="b5140c2d-2a12-7980-8a2c-5c7746b2e432" executionId="9275b6d3-1b54-4524-bd10-c85763d3bd54" testListId="8c84fa94-04c1-424b-9868-57a2d4851a1d" />
    <TestEntry testId="6c3c337c-9da7-0935-89c1-7b834716944e" executionId="3a0993ba-06f3-4a3f-b723-b279ccaccd31" testListId="8c84fa94-04c1-424b-9868-57a2d4851a1d" />
    <TestEntry testId="439d5c5c-8e7b-55d9-6d85-16f8a667d4cb" executionId="5aece974-6afe-4514-b5c3-86fc5afb7381" testListId="8c84fa94-04c1-424b-9868-57a2d4851a1d" />
    <TestEntry testId="059c176b-200c-dd38-ab4d-a8b99fd68a14" executionId="a7b3f9c9-7da0-4488-844c-10be541d8285" testListId="8c84fa94-04c1-424b-9868-57a2d4851a1d" />
    <TestEntry testId="ee6a9183-f068-d0e3-b4ac-aaca0636f00d" executionId="59b720b9-9853-4f9e-affa-6274336c45f3" testListId="8c84fa94-04c1-424b-9868-57a2d4851a1d" />
    <TestEntry testId="89aa11cb-a192-d1b5-fee1-e501ac68e789" executionId="280b1e99-2f5b-484e-9c50-30e6b3f09d68" testListId="8c84fa94-04c1-424b-9868-57a2d4851a1d" />
    <TestEntry testId="53201433-a227-0df4-d3c8-b600490752da" executionId="bb0591f2-e9e3-4943-8b3f-b34089edea6b" testListId="8c84fa94-04c1-424b-9868-57a2d4851a1d" />
    <TestEntry testId="d3880eed-0fcb-3c30-a406-0f3101f1b887" executionId="eaf4b0ea-16b7-49e4-a87b-78ae458175d2" testListId="8c84fa94-04c1-424b-9868-57a2d4851a1d" />
    <TestEntry testId="ec558164-7da1-02e5-71f3-b52c4cba7d0d" executionId="684370e8-11c8-4303-ae55-e753dbec6e2b" testListId="8c84fa94-04c1-424b-9868-57a2d4851a1d" />
    <TestEntry testId="52ae97fd-40fd-ffaf-e0da-83f595d4b269" executionId="1e4c5d1d-01a7-46f4-bea6-997508e36db3" testListId="8c84fa94-04c1-424b-9868-57a2d4851a1d" />
    <TestEntry testId="e5694dd0-4a16-c111-65d4-a0927bfd47b9" executionId="46438232-590e-41d9-be32-4fa89895bff8" testListId="8c84fa94-04c1-424b-9868-57a2d4851a1d" />
    <TestEntry testId="2157be9f-3f13-9cdb-b811-44b899188c2f" executionId="e4b0ad76-31e0-4a18-ba57-5f54c85b9c1d" testListId="8c84fa94-04c1-424b-9868-57a2d4851a1d" />
    <TestEntry testId="14264622-3920-0ef5-de01-a26ec676d6f9" executionId="42a3e09b-3b43-4247-8649-cdca98e423dc" testListId="8c84fa94-04c1-424b-9868-57a2d4851a1d" />
    <TestEntry testId="834efe75-2b98-e8cd-7b58-246094e5d520" executionId="bd9208b9-b27f-4637-8eff-68ebd95bf997" testListId="8c84fa94-04c1-424b-9868-57a2d4851a1d" />
    <TestEntry testId="70c8453c-7ae5-4436-472a-62bd499fe147" executionId="5a9596d7-950f-4df9-bc18-4d17ba1db365" testListId="8c84fa94-04c1-424b-9868-57a2d4851a1d" />
    <TestEntry testId="c9abe9d3-d17a-d29c-e58f-c2ee530473eb" executionId="059f8695-6c7b-4e64-818c-55c14c3050c6" testListId="8c84fa94-04c1-424b-9868-57a2d4851a1d" />
    <TestEntry testId="023393a0-aece-e96e-adc0-e4cfb2075d0c" executionId="4738f27f-f9c1-4ba3-88b2-be851eb16bb3" testListId="8c84fa94-04c1-424b-9868-57a2d4851a1d" />
    <TestEntry testId="aeb1746b-4f77-45d6-99a2-f3a55d120ea4" executionId="ffda53ee-a9ab-4e11-b096-07bd83eb7622" testListId="8c84fa94-04c1-424b-9868-57a2d4851a1d" />
    <TestEntry testId="350475fe-81e7-f8e3-3e30-bbbd3915a1a9" executionId="0decf614-3261-4660-aa0d-1a26c6ba9d1a" testListId="8c84fa94-04c1-424b-9868-57a2d4851a1d" />
    <TestEntry testId="420c5700-8f66-760f-24ea-c5b900ad256f" executionId="7ad545f0-fb98-421b-9eeb-bbbe32b32ff8" testListId="8c84fa94-04c1-424b-9868-57a2d4851a1d" />
    <TestEntry testId="1f20d216-2bcd-a2f5-ed7b-4bb711543039" executionId="9ec504e1-20bb-43fc-8c86-d1cf96e9fcf6" testListId="8c84fa94-04c1-424b-9868-57a2d4851a1d" />
    <TestEntry testId="d509693c-4e7b-ae41-d964-5443f8ac352e" executionId="09333add-4886-4398-814e-3b592c9a9b27" testListId="8c84fa94-04c1-424b-9868-57a2d4851a1d" />
    <TestEntry testId="c9840a71-36e6-e944-f9c9-c5113996181f" executionId="d705fa4d-1552-4605-9625-c111d48492ac" testListId="8c84fa94-04c1-424b-9868-57a2d4851a1d" />
    <TestEntry testId="700ab3b1-3791-a003-1b4d-4197e3893fd5" executionId="7479deb2-e5a8-42e7-a464-36870aba4944" testListId="8c84fa94-04c1-424b-9868-57a2d4851a1d" />
    <TestEntry testId="a3eaeda4-c4d7-2182-c566-f17e1c9708da" executionId="3abe298e-18ac-414f-be9b-a307e9865b34" testListId="8c84fa94-04c1-424b-9868-57a2d4851a1d" />
    <TestEntry testId="f34c3fc7-48f3-7d95-6d34-92fc5d00c898" executionId="caa47c89-e4c6-4f50-a3ff-a1e72db23556" testListId="8c84fa94-04c1-424b-9868-57a2d4851a1d" />
    <TestEntry testId="b92c9c2b-abae-6dd3-1eb2-94657ed31ba9" executionId="df076d60-ee2f-4720-982d-bcb01fd29f38" testListId="8c84fa94-04c1-424b-9868-57a2d4851a1d" />
    <TestEntry testId="05729ebd-72aa-7ea8-1aeb-de21c83906ab" executionId="24c46f11-07c9-49a7-ae2e-fdee167f86d2" testListId="8c84fa94-04c1-424b-9868-57a2d4851a1d" />
  </TestEntries>
  <TestLists>
    <TestList name="Список результатов" id="8c84fa94-04c1-424b-9868-57a2d4851a1d" />
    <TestList name="Все загруженные результаты" id="19431567-8539-422a-85d7-44ee4e166bda" />
  </TestLists>
  <ResultSummary outcome="Completed">
    <Counters total="554" executed="554" passed="554" failed="0" error="0" timeout="0" aborted="0" inconclusive="0" passedButRunAborted="0" notRunnable="0" notExecuted="0" disconnected="0" warning="0" completed="0" inProgress="0" pending="0" />
    <Output>
      <StdOut>[xUnit.net 00:00:00.00] xUnit.net VSTest Adapter v3.1.4+50e68bbb8b (64-bit .NET 10.0.11)&#xD;
[xUnit.net 00:00:00.72]   Discovering: Task.ServiceHosts.Tests&#xD;
[xUnit.net 00:00:00.88]   Discovered:  Task.ServiceHosts.Tests&#xD;
[xUnit.net 00:00:01.06]   Starting:    Task.ServiceHosts.Tests&#xD;
[xUnit.net 00:00:17.69]   Finished:    Task.ServiceHosts.Tests&#xD;
</StdOut>
    </Output>
  </ResultSummary>
</TestRun>