<?xml version="1.0" encoding="utf-8"?>
<TestRun id="f7a79f6b-5ea2-416d-84a4-4c5e59243053" name="novik@TIM 2026-09-06 01:12:46" runUser="TIM\novik" xmlns="http://microsoft.com/schemas/VisualStudio/TeamTest/2010">
  <Times creation="2026-09-06T01:12:46.1633757+03:00" queuing="2026-09-06T01:12:46.1633761+03:00" start="2026-09-06T01:12:44.7014698+03:00" finish="2026-09-06T01:12:48.7284860+03:00" />
  <TestSettings name="default" id="8adb39dc-e6f0-40f1-ad60-36e60c921a4f">
    <Deployment runDeploymentRoot="novik_TIM_2026-09-06_01_12_46" />
  </TestSettings>
  <Results>
    <UnitTestResult executionId="e0bdb888-a437-4771-8bdd-2ed43847e7e4" testId="4f112a31-c493-171b-131d-02d546f6ce24" testName="Task.Desktop.Tests.SessionServiceTests.Login_Success_FillsVault_StateSignedIn_AndSchedulesRefresh" computerName="TIM" duration="00:00:00.0102726" startTime="2026-09-06T01:12:46.6314235+03:00" endTime="2026-09-06T01:12:46.6417222+03:00" testType="13cdc9d9-ddb5-4fa4-a97d-d965ccfc6d4b" outcome="Passed" testListId="8c84fa94-04c1-424b-9868-57a2d4851a1d" relativeResultsDirectory="e0bdb888-a437-4771-8bdd-2ed43847e7e4" />
    <UnitTestResult executionId="cd09bef0-c3fa-4bf6-9c37-ebb5a7a28aaa" testId="711249e1-db7f-9833-eb11-ac5a871a574a" testName="Task.Desktop.Tests.TaskScreen.TasksViewModelTests.Disposal_CancelsMutationAndSuppressesStaleResponse" computerName="TIM" duration="00:00:00.0031609" startTime="2026-09-06T01:12:46.2418459+03:00" endTime="2026-09-06T01:12:46.2440339+03:00" testType="13cdc9d9-ddb5-4fa4-a97d-d965ccfc6d4b" outcome="Passed" testListId="8c84fa94-04c1-424b-9868-57a2d4851a1d" relativeResultsDirectory="cd09bef0-c3fa-4bf6-9c37-ebb5a7a28aaa" />
    <UnitTestResult executionId="19184c64-8290-4bdd-b78d-be67c9f49156" testId="9382352c-4a03-f386-d5e8-afbfb8298921" testName="Task.Desktop.Tests.AuthWorkflowViewModelTests.StartupRestore_Offline_ShowsRecoveryAndKeepsVault_ThenRetryCanSucceed" computerName="TIM" duration="00:00:00.0157460" startTime="2026-09-06T01:12:46.3623239+03:00" endTime="2026-09-06T01:12:46.3781926+03:00" testType="13cdc9d9-ddb5-4fa4-a97d-d965ccfc6d4b" outcome="Passed" testListId="8c84fa94-04c1-424b-9868-57a2d4851a1d" relativeResultsDirectory="19184c64-8290-4bdd-b78d-be67c9f49156" />
    <UnitTestResult executionId="0f245899-9cda-4c16-9df1-69807c8f70a4" testId="a73e97eb-192e-ee62-929c-4ca146e22760" testName="Task.Desktop.Tests.DesktopCredentialVaultTests.CorruptFile_NullDeviceKey_ReturnsNull_AndIsolatesFile" computerName="TIM" duration="00:00:00.0092295" startTime="2026-09-06T01:12:46.3702044+03:00" endTime="2026-09-06T01:12:46.3794695+03:00" testType="13cdc9d9-ddb5-4fa4-a97d-d965ccfc6d4b" outcome="Passed" testListId="8c84fa94-04c1-424b-9868-57a2d4851a1d" relativeResultsDirectory="0f245899-9cda-4c16-9df1-69807c8f70a4" />
    <UnitTestResult executionId="1b9ac73e-8ccb-4cec-a9a2-7ba2f64439fe" testId="725b0b89-d4c2-adc3-f609-3e523e47e8dd" testName="Task.Desktop.Tests.TaskApi.DesktopTasksApiClientTests.GetTaskById_UsesCanonicalRoute_AndParsesDetails" computerName="TIM" duration="00:00:00.0120897" startTime="2026-09-06T01:12:46.2800643+03:00" endTime="2026-09-06T01:12:46.2914629+03:00" testType="13cdc9d9-ddb5-4fa4-a97d-d965ccfc6d4b" outcome="Passed" testListId="8c84fa94-04c1-424b-9868-57a2d4851a1d" relativeResultsDirectory="1b9ac73e-8ccb-4cec-a9a2-7ba2f64439fe" />
    <UnitTestResult executionId="d5beb98e-b5dd-4203-98f1-c51631db575d" testId="8ea62629-b23c-8e30-d688-44896ecfdb6a" testName="Task.Desktop.Tests.DesktopAuthApiClientTests.ChangePassword_Problem_MapsStableCode(status: Unauthorized, code: &quot;SESSION_REVOKED&quot;, expected: SessionRevoked)" computerName="TIM" duration="00:00:00.3240549" startTime="2026-09-06T01:12:45.9279502+03:00" endTime="2026-09-06T01:12:46.2419084+03:00" testType="13cdc9d9-ddb5-4fa4-a97d-d965ccfc6d4b" outcome="Passed" testListId="8c84fa94-04c1-424b-9868-57a2d4851a1d" relativeResultsDirectory="d5beb98e-b5dd-4203-98f1-c51631db575d" />
    <UnitTestResult executionId="c6e25a28-688b-40b2-828c-4fe06c1dcbb9" testId="191cdec1-6fc1-2908-6f98-a0d84623ab69" testName="Task.Desktop.Tests.DesktopCredentialVaultTests.EncryptedFile_DoesNotContainPlaintextTokenOrIdentity" computerName="TIM" duration="00:00:00.0083351" startTime="2026-09-06T01:12:46.8866913+03:00" endTime="2026-09-06T01:12:46.8950277+03:00" testType="13cdc9d9-ddb5-4fa4-a97d-d965ccfc6d4b" outcome="Passed" testListId="8c84fa94-04c1-424b-9868-57a2d4851a1d" relativeResultsDirectory="c6e25a28-688b-40b2-828c-4fe06c1dcbb9" />
    <UnitTestResult executionId="eb4cd4f2-681d-462b-8ae7-70350dd4bf15" testId="e8a45bb8-c9fc-3cea-3ca1-22b6b07a16b3" testName="Task.Desktop.Tests.AuthWorkflowViewModelTests.StartupRestore_RevokedSession_ClearsVaultAndReturnsToLogin" computerName="TIM" duration="00:00:00.0110030" startTime="2026-09-06T01:12:46.4252301+03:00" endTime="2026-09-06T01:12:46.4364779+03:00" testType="13cdc9d9-ddb5-4fa4-a97d-d965ccfc6d4b" outcome="Passed" testListId="8c84fa94-04c1-424b-9868-57a2d4851a1d" relativeResultsDirectory="eb4cd4f2-681d-462b-8ae7-70350dd4bf15" />
    <UnitTestResult executionId="5a720522-2844-46ec-a629-51339a5aa476" testId="4d41a6b2-23bb-bb2b-ac9b-7e31c5a3985b" testName="Task.Desktop.Tests.Calendar.CalendarModesTests.Month_UsesMondayAlignedWholeWeeksIncludingAdjacentDates" computerName="TIM" duration="00:00:00.0053425" startTime="2026-09-06T01:12:46.1552430+03:00" endTime="2026-09-06T01:12:46.1580913+03:00" testType="13cdc9d9-ddb5-4fa4-a97d-d965ccfc6d4b" outcome="Passed" testListId="8c84fa94-04c1-424b-9868-57a2d4851a1d" relativeResultsDirectory="5a720522-2844-46ec-a629-51339a5aa476" />
    <UnitTestResult executionId="ba55d627-cbf5-4998-914a-1f1350ffda1e" testId="7df82a4c-c219-6323-b7c4-eedc6002686d" testName="Task.Desktop.Tests.AuthWorkflowViewModelTests.ServerSetup_ValidProbe_NormalizesAndSaves_ThenShowsLogin" computerName="TIM" duration="00:00:00.0046938" startTime="2026-09-06T01:12:46.3574653+03:00" endTime="2026-09-06T01:12:46.3620950+03:00" testType="13cdc9d9-ddb5-4fa4-a97d-d965ccfc6d4b" outcome="Passed" testListId="8c84fa94-04c1-424b-9868-57a2d4851a1d" relativeResultsDirectory="ba55d627-cbf5-4998-914a-1f1350ffda1e" />
    <UnitTestResult executionId="ca8de359-69ff-4742-865d-cad1e10f8001" testId="349b8954-50e4-6e84-ae79-ab7aad23ae41" testName="Task.Desktop.Tests.VisualFoundationTests.StatusMapping_IsTextPlusShapeAndSemanticTone(status: Review, expectedIcon: &quot;Task.Icon.Status.Review&quot;, expectedTone: Warning)" computerName="TIM" duration="00:00:00.0000065" startTime="2026-09-06T01:12:46.1604240+03:00" endTime="2026-09-06T01:12:46.1604500+03:00" testType="13cdc9d9-ddb5-4fa4-a97d-d965ccfc6d4b" outcome="Passed" testListId="8c84fa94-04c1-424b-9868-57a2d4851a1d" relativeResultsDirectory="ca8de359-69ff-4742-865d-cad1e10f8001" />
    <UnitTestResult executionId="4354acde-aa4f-4f39-bf30-3fe7f5500e92" testId="3a4d6a06-5813-d7d2-35e6-f9220f30def2" testName="Task.Desktop.Tests.Today.TodayViewModelTests.DayRange_UsesLocalMidnightsAcrossDst" computerName="TIM" duration="00:00:00.0007923" startTime="2026-09-06T01:12:46.1907186+03:00" endTime="2026-09-06T01:12:46.1914831+03:00" testType="13cdc9d9-ddb5-4fa4-a97d-d965ccfc6d4b" outcome="Passed" testListId="8c84fa94-04c1-424b-9868-57a2d4851a1d" relativeResultsDirectory="4354acde-aa4f-4f39-bf30-3fe7f5500e92" />
    <UnitTestResult executionId="06342046-10b3-42dd-b24e-0a8ed2e6400c" testId="9960c905-7d40-69fe-a95b-7e45261c89a2" testName="Task.Desktop.Tests.VisualFoundationTests.ResponsiveColumns_SelectExpectedWidth(windowWidth: 1100, parameter: &quot;1120:126&quot;, expected: 0)" computerName="TIM" duration="00:00:00.0000020" startTime="2026-09-06T01:12:46.1555115+03:00" endTime="2026-09-06T01:12:46.1555425+03:00" testType="13cdc9d9-ddb5-4fa4-a97d-d965ccfc6d4b" outcome="Passed" testListId="8c84fa94-04c1-424b-9868-57a2d4851a1d" relativeResultsDirectory="06342046-10b3-42dd-b24e-0a8ed2e6400c" />
    <UnitTestResult executionId="4d5c285a-2efa-4c75-aa0b-3c952824276d" testId="a199f6c0-6ca6-7952-234d-1d6c84d17d35" testName="Task.Desktop.Tests.VisualFoundationTests.StatusMapping_IsTextPlusShapeAndSemanticTone(status: Cancelled, expectedIcon: &quot;Task.Icon.Status.Cancelled&quot;, expectedTone: Neutral)" computerName="TIM" duration="00:00:00.0004056" startTime="2026-09-06T01:12:46.1600142+03:00" endTime="2026-09-06T01:12:46.1601491+03:00" testType="13cdc9d9-ddb5-4fa4-a97d-d965ccfc6d4b" outcome="Passed" testListId="8c84fa94-04c1-424b-9868-57a2d4851a1d" relativeResultsDirectory="4d5c285a-2efa-4c75-aa0b-3c952824276d" />
    <UnitTestResult executionId="9cd830a3-d831-4cd7-8293-5fb1aa6d9f85" testId="e412b367-0e63-d58d-edf3-e5069219b570" testName="Task.Desktop.Tests.Calendar.CalendarViewModelTests.MissingCapability_FailsClosedWithoutRequest" computerName="TIM" duration="00:00:00.0008502" startTime="2026-09-06T01:12:46.1774528+03:00" endTime="2026-09-06T01:12:46.1783433+03:00" testType="13cdc9d9-ddb5-4fa4-a97d-d965ccfc6d4b" outcome="Passed" testListId="8c84fa94-04c1-424b-9868-57a2d4851a1d" relativeResultsDirectory="9cd830a3-d831-4cd7-8293-5fb1aa6d9f85" />
    <UnitTestResult executionId="194b558d-8c55-4592-a992-f937a1fabe89" testId="db584739-7d03-5805-6fdf-a2769ada6329" testName="Task.Desktop.Tests.Security.DesktopServerConnectionTests.Settings_SaveLoad_IsAtomic_AndSameEndpointKeepsVault" computerName="TIM" duration="00:00:00.0148908" startTime="2026-09-06T01:12:46.2449971+03:00" endTime="2026-09-06T01:12:46.2594725+03:00" testType="13cdc9d9-ddb5-4fa4-a97d-d965ccfc6d4b" outcome="Passed" testListId="8c84fa94-04c1-424b-9868-57a2d4851a1d" relativeResultsDirectory="194b558d-8c55-4592-a992-f937a1fabe89" />
    <UnitTestResult executionId="b2583b1d-d5b6-4821-8d2f-4baf849915d7" testId="6be31440-c910-23ff-4312-6196bd0f11b6" testName="Task.Desktop.Tests.MainWindowViewModelTests.SectionText_DoesNotContainMojibakeCharacters" computerName="TIM" duration="00:00:00.0098351" startTime="2026-09-06T01:12:46.1745747+03:00" endTime="2026-09-06T01:12:46.1754737+03:00" testType="13cdc9d9-ddb5-4fa4-a97d-d965ccfc6d4b" outcome="Passed" testListId="8c84fa94-04c1-424b-9868-57a2d4851a1d" relativeResultsDirectory="b2583b1d-d5b6-4821-8d2f-4baf849915d7" />
    <UnitTestResult executionId="7877084d-dbfb-49a7-a6e9-e47245a16892" testId="e604ff93-1cb5-c7cf-d4a1-8d628f359ede" testName="Task.Desktop.Tests.Calendar.CalendarViewModelTests.SessionEnd_ClearsDataAndDisablesCommands" computerName="TIM" duration="00:00:00.0013810" startTime="2026-09-06T01:12:46.1770335+03:00" endTime="2026-09-06T01:12:46.1770579+03:00" testType="13cdc9d9-ddb5-4fa4-a97d-d965ccfc6d4b" outcome="Passed" testListId="8c84fa94-04c1-424b-9868-57a2d4851a1d" relativeResultsDirectory="7877084d-dbfb-49a7-a6e9-e47245a16892" />
    <UnitTestResult executionId="0d9b7dff-3b3b-4183-b0b0-f5a2c676779e" testId="1840313d-c393-d901-6463-0b4b847ac05b" testName="Task.Desktop.Tests.AuthWorkflowViewModelTests.LoginCommand_DoubleSubmit_MakesOnlyOneRequest" computerName="TIM" duration="00:00:00.0077624" startTime="2026-09-06T01:12:46.4366562+03:00" endTime="2026-09-06T01:12:46.4447939+03:00" testType="13cdc9d9-ddb5-4fa4-a97d-d965ccfc6d4b" outcome="Passed" testListId="8c84fa94-04c1-424b-9868-57a2d4851a1d" relativeResultsDirectory="0d9b7dff-3b3b-4183-b0b0-f5a2c676779e" />
    <UnitTestResult executionId="b9c2bb05-e07f-4a1b-8733-1cfb1386b84b" testId="bfd3b604-0fe9-69d6-2e54-bd381c4add5a" testName="Task.Desktop.Tests.Calendar.DesktopCalendarApiClientTests.Writes_SendIdempotencyAndStrongIfMatch" computerName="TIM" duration="00:00:00.3646743" startTime="2026-09-06T01:12:45.9286590+03:00" endTime="2026-09-06T01:12:46.2819054+03:00" testType="13cdc9d9-ddb5-4fa4-a97d-d965ccfc6d4b" outcome="Passed" testListId="8c84fa94-04c1-424b-9868-57a2d4851a1d" relativeResultsDirectory="b9c2bb05-e07f-4a1b-8733-1cfb1386b84b" />
    <UnitTestResult executionId="f7f5e9fc-5538-4f0e-8cb8-4ddccfa5989a" testId="899546f8-b7ba-91ab-8a69-fdcd6eced245" testName="Task.Desktop.Tests.TaskScreen.TaskCardEditorTests.SearchRetainsSelectionsAndExplicitClear" computerName="TIM" duration="00:00:00.0116496" startTime="2026-09-06T01:12:46.2344216+03:00" endTime="2026-09-06T01:12:46.2460594+03:00" testType="13cdc9d9-ddb5-4fa4-a97d-d965ccfc6d4b" outcome="Passed" testListId="8c84fa94-04c1-424b-9868-57a2d4851a1d" relativeResultsDirectory="f7f5e9fc-5538-4f0e-8cb8-4ddccfa5989a" />
    <UnitTestResult executionId="87d88161-13da-4de8-aa1b-57985aeecd67" testId="3ed04727-75cd-78b3-8969-add5de753ab0" testName="Task.Desktop.Tests.SessionServiceTests.Refresh_ConcurrentCalls_MakeSingleRequest" computerName="TIM" duration="00:00:00.2153487" startTime="2026-09-06T01:12:46.3129075+03:00" endTime="2026-09-06T01:12:46.5280739+03:00" testType="13cdc9d9-ddb5-4fa4-a97d-d965ccfc6d4b" outcome="Passed" testListId="8c84fa94-04c1-424b-9868-57a2d4851a1d" relativeResultsDirectory="87d88161-13da-4de8-aa1b-57985aeecd67" />
    <UnitTestResult executionId="96dd8a6e-a43f-4bfb-bf4e-21d250013202" testId="dd218172-58a8-9d02-445e-4c166130b004" testName="Task.Desktop.Tests.AuthWorkflowViewModelTests.Login_MustChangePassword_CannotReachReady" computerName="TIM" duration="00:00:00.0051675" startTime="2026-09-06T01:12:46.3887963+03:00" endTime="2026-09-06T01:12:46.3937752+03:00" testType="13cdc9d9-ddb5-4fa4-a97d-d965ccfc6d4b" outcome="Passed" testListId="8c84fa94-04c1-424b-9868-57a2d4851a1d" relativeResultsDirectory="96dd8a6e-a43f-4bfb-bf4e-21d250013202" />
    <UnitTestResult executionId="6a5480d5-34a8-4bea-a502-9e5e4ce16db9" testId="fde78142-fd7f-a412-3ebf-158a6fb7bba9" testName="Task.Desktop.Tests.MainWindowViewModelTests.AuthenticatedShell_ShowsConfirmedServerSession" computerName="TIM" duration="00:00:00.2182771" startTime="2026-09-06T01:12:45.9279160+03:00" endTime="2026-09-06T01:12:46.1582854+03:00" testType="13cdc9d9-ddb5-4fa4-a97d-d965ccfc6d4b" outcome="Passed" testListId="8c84fa94-04c1-424b-9868-57a2d4851a1d" relativeResultsDirectory="6a5480d5-34a8-4bea-a502-9e5e4ce16db9" />
    <UnitTestResult executionId="dc2dd470-3a51-4a97-ae8f-f5124de137ba" testId="ea3bc40a-c32c-6b09-87d3-96cb9de46906" testName="Task.Desktop.Tests.SessionServiceTests.Restore_MustChangePassword_IsNotReadyForMainShell" computerName="TIM" duration="00:00:00.0121309" startTime="2026-09-06T01:12:46.5460552+03:00" endTime="2026-09-06T01:12:46.5583490+03:00" testType="13cdc9d9-ddb5-4fa4-a97d-d965ccfc6d4b" outcome="Passed" testListId="8c84fa94-04c1-424b-9868-57a2d4851a1d" relativeResultsDirectory="dc2dd470-3a51-4a97-ae8f-f5124de137ba" />
    <UnitTestResult executionId="04d6a4c0-8714-4fb7-bc03-3a401970db6e" testId="cb3a65b4-6367-bb55-a69f-b99601a7c653" testName="Task.Desktop.Tests.TaskScreen.TasksViewModelTests.EmptyPage_CreateCommandTracksActivationAndRaisesCanExecuteChanged" computerName="TIM" duration="00:00:00.0014288" startTime="2026-09-06T01:12:46.2319294+03:00" endTime="2026-09-06T01:12:46.2331835+03:00" testType="13cdc9d9-ddb5-4fa4-a97d-d965ccfc6d4b" outcome="Passed" testListId="8c84fa94-04c1-424b-9868-57a2d4851a1d" relativeResultsDirectory="04d6a4c0-8714-4fb7-bc03-3a401970db6e" />
    <UnitTestResult executionId="ef5fd511-d269-4d90-831c-36ed78c29331" testId="2e8df467-4699-ab59-a98f-c4fd94e42190" testName="Task.Desktop.Tests.VisualFoundationTests.NavigationWidth_UsesCanonicalCompactBreakpoint(windowWidth: 1220, expected: 212)" computerName="TIM" duration="00:00:00.0001962" startTime="2026-09-06T01:12:46.1606110+03:00" endTime="2026-09-06T01:12:46.1606345+03:00" testType="13cdc9d9-ddb5-4fa4-a97d-d965ccfc6d4b" outcome="Passed" testListId="8c84fa94-04c1-424b-9868-57a2d4851a1d" relativeResultsDirectory="ef5fd511-d269-4d90-831c-36ed78c29331" />
    <UnitTestResult executionId="6adbb990-0ef3-4227-a20a-70fad5e7c635" testId="64b270a8-d9b9-eab1-47a5-0db3a8e20a4d" testName="Task.Desktop.Tests.DesktopAuthApiClientTests.GetSession_NetworkError_ReturnsNetworkFailure" computerName="TIM" duration="00:00:00.0005188" startTime="2026-09-06T01:12:46.3338493+03:00" endTime="2026-09-06T01:12:46.3338961+03:00" testType="13cdc9d9-ddb5-4fa4-a97d-d965ccfc6d4b" outcome="Passed" testListId="8c84fa94-04c1-424b-9868-57a2d4851a1d" relativeResultsDirectory="6adbb990-0ef3-4227-a20a-70fad5e7c635" />
    <UnitTestResult executionId="c1c4318d-2d60-4b38-89bf-557bd51be56b" testId="e39c1d9d-1288-deb3-02f6-0df22c722598" testName="Task.Desktop.Tests.DesktopCredentialVaultTests.AccessToken_IsOnlyInMemory_NeverOnDisk" computerName="TIM" duration="00:00:00.0087478" startTime="2026-09-06T01:12:46.3003892+03:00" endTime="2026-09-06T01:12:46.3087197+03:00" testType="13cdc9d9-ddb5-4fa4-a97d-d965ccfc6d4b" outcome="Passed" testListId="8c84fa94-04c1-424b-9868-57a2d4851a1d" relativeResultsDirectory="c1c4318d-2d60-4b38-89bf-557bd51be56b" />
    <UnitTestResult executionId="d3a7cdf3-b863-416f-a75b-9673f3cc9982" testId="b4f4d48b-f829-fdbb-da40-29491a70fa01" testName="Task.Desktop.Tests.DesktopAuthApiClientTests.Login_DevicePlatform_SerializesToContractString(platform: Linux, expected: &quot;linux&quot;)" computerName="TIM" duration="00:00:00.0017331" startTime="2026-09-06T01:12:46.2560526+03:00" endTime="2026-09-06T01:12:46.2577020+03:00" testType="13cdc9d9-ddb5-4fa4-a97d-d965ccfc6d4b" outcome="Passed" testListId="8c84fa94-04c1-424b-9868-57a2d4851a1d" relativeResultsDirectory="d3a7cdf3-b863-416f-a75b-9673f3cc9982" />
    <UnitTestResult executionId="2ab2d45b-acb9-4754-84f2-f4b1b848fd74" testId="0b44f3c4-9c38-7b27-491f-6c4becb5790a" testName="Task.Desktop.Tests.MainWindowViewModelTests.ChangingSelectedSection_RaisesPropertyChanged" computerName="TIM" duration="00:00:00.0007591" startTime="2026-09-06T01:12:46.1742164+03:00" endTime="2026-09-06T01:12:46.1744641+03:00" testType="13cdc9d9-ddb5-4fa4-a97d-d965ccfc6d4b" outcome="Passed" testListId="8c84fa94-04c1-424b-9868-57a2d4851a1d" relativeResultsDirectory="2ab2d45b-acb9-4754-84f2-f4b1b848fd74" />
    <UnitTestResult executionId="e0e640b8-6df5-4674-9e05-1cd50e36ad14" testId="6a8d3097-b1c1-f563-52e2-054f11e07e9e" testName="Task.Desktop.Tests.AuthWorkflowViewModelTests.PasswordChange_SuccessRequiresSecondSessionConfirmation" computerName="TIM" duration="00:00:00.0195654" startTime="2026-09-06T01:12:46.3156645+03:00" endTime="2026-09-06T01:12:46.3351943+03:00" testType="13cdc9d9-ddb5-4fa4-a97d-d965ccfc6d4b" outcome="Passed" testListId="8c84fa94-04c1-424b-9868-57a2d4851a1d" relativeResultsDirectory="e0e640b8-6df5-4674-9e05-1cd50e36ad14" />
    <UnitTestResult executionId="81c222cb-35d3-4a96-a6f4-87b7c9768bae" testId="86422f27-c9dc-fb28-bb10-7f31838e3c73" testName="Task.Desktop.Tests.SessionServiceTests.ChangePassword_TerminalRefresh_ClearsVaultAndSignsOut" computerName="TIM" duration="00:00:00.0074123" startTime="2026-09-06T01:12:46.3047183+03:00" endTime="2026-09-06T01:12:46.3121729+03:00" testType="13cdc9d9-ddb5-4fa4-a97d-d965ccfc6d4b" outcome="Passed" testListId="8c84fa94-04c1-424b-9868-57a2d4851a1d" relativeResultsDirectory="81c222cb-35d3-4a96-a6f4-87b7c9768bae" />
    <UnitTestResult executionId="b9733753-7222-4781-be97-3b7bdc0879b4" testId="67c3f2b3-d52e-496f-813b-5b931d0f8da0" testName="Task.Desktop.Tests.MainWindowViewModelTests.IsReadOnlyMode_IsAlwaysTrue" computerName="TIM" duration="00:00:00.0003575" startTime="2026-09-06T01:12:46.1594238+03:00" endTime="2026-09-06T01:12:46.1600468+03:00" testType="13cdc9d9-ddb5-4fa4-a97d-d965ccfc6d4b" outcome="Passed" testListId="8c84fa94-04c1-424b-9868-57a2d4851a1d" relativeResultsDirectory="b9733753-7222-4781-be97-3b7bdc0879b4" />
    <UnitTestResult executionId="ebb69db6-db2a-4396-976a-71e84900e308" testId="ddc30870-ba7f-ff40-9985-535b039e6343" testName="Task.Desktop.Tests.TaskApi.DesktopTasksApiClientTests.Writes_SendCanonicalContracts_AndReturnValidatedMetadata" computerName="TIM" duration="00:00:00.0087626" startTime="2026-09-06T01:12:46.3351232+03:00" endTime="2026-09-06T01:12:46.3439428+03:00" testType="13cdc9d9-ddb5-4fa4-a97d-d965ccfc6d4b" outcome="Passed" testListId="8c84fa94-04c1-424b-9868-57a2d4851a1d" relativeResultsDirectory="ebb69db6-db2a-4396-976a-71e84900e308" />
    <UnitTestResult executionId="3001bbbe-37c5-4dff-83cf-5e403e457dc9" testId="302464e7-ecd9-9ee6-3aec-90215b6c7e7e" testName="Task.Desktop.Tests.Calendar.CalendarViewModelTests.WeekRange_KeepsRussianLabelsAcrossHostCultures(cultureName: &quot;ru-RU&quot;)" computerName="TIM" duration="00:00:00.0005387" startTime="2026-09-06T01:12:46.1730975+03:00" endTime="2026-09-06T01:12:46.1731324+03:00" testType="13cdc9d9-ddb5-4fa4-a97d-d965ccfc6d4b" outcome="Passed" testListId="8c84fa94-04c1-424b-9868-57a2d4851a1d" relativeResultsDirectory="3001bbbe-37c5-4dff-83cf-5e403e457dc9" />
    <UnitTestResult executionId="00830e83-0d1e-48e6-98e3-374bf9a49a1e" testId="c80cdfac-0d94-ec0b-f266-226c9b825b49" testName="Task.Desktop.Tests.Calendar.DesktopCalendarApiClientTests.ProtocolAndHttpFailures_AreControlled" computerName="TIM" duration="00:00:00.0098012" startTime="2026-09-06T01:12:46.2820558+03:00" endTime="2026-09-06T01:12:46.2916992+03:00" testType="13cdc9d9-ddb5-4fa4-a97d-d965ccfc6d4b" outcome="Passed" testListId="8c84fa94-04c1-424b-9868-57a2d4851a1d" relativeResultsDirectory="00830e83-0d1e-48e6-98e3-374bf9a49a1e" />
    <UnitTestResult executionId="f6893134-5786-401d-b437-fc6df3e0b9d6" testId="b8a2a1bc-34fd-d04e-b79f-e4747648b8fb" testName="Task.Desktop.Tests.Security.DesktopServerConnectionTests.Address_InvalidValues_AreRejected(value: &quot;https://user:pw@task.local&quot;, expected: UserInfoNotAllowed)" computerName="TIM" duration="00:00:00.0007823" startTime="2026-09-06T01:12:46.1539231+03:00" endTime="2026-09-06T01:12:46.1556878+03:00" testType="13cdc9d9-ddb5-4fa4-a97d-d965ccfc6d4b" outcome="Passed" testListId="8c84fa94-04c1-424b-9868-57a2d4851a1d" relativeResultsDirectory="f6893134-5786-401d-b437-fc6df3e0b9d6" />
    <UnitTestResult executionId="d24535f7-0bb8-497d-a214-291f463277c0" testId="68e2caeb-04a9-d983-5697-d106a4dcdaab" testName="Task.Desktop.Tests.SessionServiceTests.Login_NetworkFailure_StateStaysSignedOut" computerName="TIM" duration="00:00:00.0012969" startTime="2026-09-06T01:12:46.6948692+03:00" endTime="2026-09-06T01:12:46.6959402+03:00" testType="13cdc9d9-ddb5-4fa4-a97d-d965ccfc6d4b" outcome="Passed" testListId="8c84fa94-04c1-424b-9868-57a2d4851a1d" relativeResultsDirectory="d24535f7-0bb8-497d-a214-291f463277c0" />
    <UnitTestResult executionId="2fa4d5ce-f01a-4b12-b41c-7516a6b5a08a" testId="281deee5-0795-63d9-800d-0dbb30af3869" testName="Task.Desktop.Tests.DesktopCredentialVaultTests.CorruptFile_TamperedBytes_ReturnsNull_AndIsolatesFile" computerName="TIM" duration="00:00:00.0160507" startTime="2026-09-06T01:12:46.3089382+03:00" endTime="2026-09-06T01:12:46.3249064+03:00" testType="13cdc9d9-ddb5-4fa4-a97d-d965ccfc6d4b" outcome="Passed" testListId="8c84fa94-04c1-424b-9868-57a2d4851a1d" relativeResultsDirectory="2fa4d5ce-f01a-4b12-b41c-7516a6b5a08a" />
    <UnitTestResult executionId="1f22d3e2-f7bd-48e3-8ba3-10ef450e4806" testId="99bc133b-7b45-9971-98da-d8e14ddb8b8e" testName="Task.Desktop.Tests.DesktopAuthApiClientTests.Login_CallerCancellation_IsPropagated_NotMappedToNetworkFailure" computerName="TIM" duration="00:00:00.0007967" startTime="2026-09-06T01:12:46.2687612+03:00" endTime="2026-09-06T01:12:46.2694343+03:00" testType="13cdc9d9-ddb5-4fa4-a97d-d965ccfc6d4b" outcome="Passed" testListId="8c84fa94-04c1-424b-9868-57a2d4851a1d" relativeResultsDirectory="1f22d3e2-f7bd-48e3-8ba3-10ef450e4806" />
    <UnitTestResult executionId="d51849b2-3291-451e-8c77-6e874f29bf0a" testId="fbd9d209-7991-e427-6255-fc2f712851e9" testName="Task.Desktop.Tests.Calendar.CalendarViewModelTests.EventSelection_LoadsDetails_TaskSelectionDoesNot" computerName="TIM" duration="00:00:00.0107581" startTime="2026-09-06T01:12:46.1748106+03:00" endTime="2026-09-06T01:12:46.1760120+03:00" testType="13cdc9d9-ddb5-4fa4-a97d-d965ccfc6d4b" outcome="Passed" testListId="8c84fa94-04c1-424b-9868-57a2d4851a1d" relativeResultsDirectory="d51849b2-3291-451e-8c77-6e874f29bf0a" />
    <UnitTestResult executionId="54a43f2b-3c1c-476f-b921-a7649333bcaa" testId="a083531b-56c9-b0ec-a1d4-d370bcb984c2" testName="Task.Desktop.Tests.DesktopAuthApiClientTests.ChangePassword_Problem_MapsStableCode(status: Unauthorized, code: &quot;INVALID_CREDENTIALS&quot;, expected: InvalidCredentials)" computerName="TIM" duration="00:00:00.0001574" startTime="2026-09-06T01:12:46.2425560+03:00" endTime="2026-09-06T01:12:46.2427325+03:00" testType="13cdc9d9-ddb5-4fa4-a97d-d965ccfc6d4b" outcome="Passed" testListId="8c84fa94-04c1-424b-9868-57a2d4851a1d" relativeResultsDirectory="54a43f2b-3c1c-476f-b921-a7649333bcaa" />
    <UnitTestResult executionId="ca451a01-57ec-47aa-8699-a2290a87fc5b" testId="01065cef-3ce7-a012-96aa-ef5df66fc899" testName="Task.Desktop.Tests.Calendar.CalendarModesTests.MonthNavigation_PreservesAnchorDayWherePossible" computerName="TIM" duration="00:00:00.0149216" startTime="2026-09-06T01:12:46.1582553+03:00" endTime="2026-09-06T01:12:46.1706227+03:00" testType="13cdc9d9-ddb5-4fa4-a97d-d965ccfc6d4b" outcome="Passed" testListId="8c84fa94-04c1-424b-9868-57a2d4851a1d" relativeResultsDirectory="ca451a01-57ec-47aa-8699-a2290a87fc5b" />
    <UnitTestResult executionId="0fb55fff-e15b-4755-93b6-c3de73070633" testId="c2917193-9188-d0d9-d70c-c37e9ecddb0a" testName="Task.Desktop.Tests.AuthWorkflowViewModelTests.Logout_FromReady_AlwaysClearsLocalSessionAndShowsLogin" computerName="TIM" duration="00:00:00.0144642" startTime="2026-09-06T01:12:46.4449687+03:00" endTime="2026-09-06T01:12:46.4599838+03:00" testType="13cdc9d9-ddb5-4fa4-a97d-d965ccfc6d4b" outcome="Passed" testListId="8c84fa94-04c1-424b-9868-57a2d4851a1d" relativeResultsDirectory="0fb55fff-e15b-4755-93b6-c3de73070633" />
    <UnitTestResult executionId="fe0eaa50-fb7b-4f95-a5eb-44135bfe69eb" testId="94662614-cc82-16fe-cc77-d3e7eb4fb0db" testName="Task.Desktop.Tests.TaskScreen.TasksViewModelTests.LoadMore_AppendsNextPage" computerName="TIM" duration="00:00:00.0022642" startTime="2026-09-06T01:12:46.2607776+03:00" endTime="2026-09-06T01:12:46.2633687+03:00" testType="13cdc9d9-ddb5-4fa4-a97d-d965ccfc6d4b" outcome="Passed" testListId="8c84fa94-04c1-424b-9868-57a2d4851a1d" relativeResultsDirectory="fe0eaa50-fb7b-4f95-a5eb-44135bfe69eb" />
    <UnitTestResult executionId="df0202b4-7823-4433-9462-f88df25e7b8a" testId="6367640f-5939-760b-9e18-45d081a8122c" testName="Task.Desktop.Tests.TaskApi.DesktopTasksApiClientTests.Write401_ReusesBodyHeadersAndKey_ForExactlyOneRetry" computerName="TIM" duration="00:00:00.0148429" startTime="2026-09-06T01:12:46.3069963+03:00" endTime="2026-09-06T01:12:46.3220845+03:00" testType="13cdc9d9-ddb5-4fa4-a97d-d965ccfc6d4b" outcome="Passed" testListId="8c84fa94-04c1-424b-9868-57a2d4851a1d" relativeResultsDirectory="df0202b4-7823-4433-9462-f88df25e7b8a" />
    <UnitTestResult executionId="ef8b912f-38ca-4425-a593-a7095562d99d" testId="11f8fb3f-240f-88c5-0c5d-3306e8bc7e17" testName="Task.Desktop.Tests.VisualFoundationTests.Theme_LoadsCanonicalResourcesAndIcons" computerName="TIM" duration="00:00:00.2632862" startTime="2026-09-06T01:12:46.1689371+03:00" endTime="2026-09-06T01:12:46.4048796+03:00" testType="13cdc9d9-ddb5-4fa4-a97d-d965ccfc6d4b" outcome="Passed" testListId="8c84fa94-04c1-424b-9868-57a2d4851a1d" relativeResultsDirectory="ef8b912f-38ca-4425-a593-a7095562d99d" />
    <UnitTestResult executionId="2f435a25-91ef-42ec-b5a6-84ebc401ed57" testId="4a19eefe-df4d-8c6e-a106-e79a4ee9d6bb" testName="Task.Desktop.Tests.MainWindowViewModelTests.SelectedSection_DefaultsToFirst" computerName="TIM" duration="00:00:00.0002339" startTime="2026-09-06T01:12:46.1583594+03:00" endTime="2026-09-06T01:12:46.1583915+03:00" testType="13cdc9d9-ddb5-4fa4-a97d-d965ccfc6d4b" outcome="Passed" testListId="8c84fa94-04c1-424b-9868-57a2d4851a1d" relativeResultsDirectory="2f435a25-91ef-42ec-b5a6-84ebc401ed57" />
    <UnitTestResult executionId="af9064c9-5213-4f56-b748-b88c4ce39f4f" testId="e825440b-ebf6-9799-6947-7aa66abd929a" testName="Task.Desktop.Tests.DesktopCredentialVaultTests.EveryCall_ReReadsFileFromDisk_NoCache" computerName="TIM" duration="00:00:00.0146395" startTime="2026-09-06T01:12:46.8955337+03:00" endTime="2026-09-06T01:12:46.9101506+03:00" testType="13cdc9d9-ddb5-4fa4-a97d-d965ccfc6d4b" outcome="Passed" testListId="8c84fa94-04c1-424b-9868-57a2d4851a1d" relativeResultsDirectory="af9064c9-5213-4f56-b748-b88c4ce39f4f" />
    <UnitTestResult executionId="5bc95970-5d65-42fe-b770-eaf4d257f6c5" testId="0568c32b-86a3-c34f-6fe3-04a75a35bd15" testName="Task.Desktop.Tests.AuthWorkflowViewModelTests.StartupRestore_MustChangePassword_ShowsMandatoryScreen" computerName="TIM" duration="00:00:00.0129459" startTime="2026-09-06T01:12:46.3947315+03:00" endTime="2026-09-06T01:12:46.4079139+03:00" testType="13cdc9d9-ddb5-4fa4-a97d-d965ccfc6d4b" outcome="Passed" testListId="8c84fa94-04c1-424b-9868-57a2d4851a1d" relativeResultsDirectory="5bc95970-5d65-42fe-b770-eaf4d257f6c5" />
    <UnitTestResult executionId="d8058d66-efb3-4e35-aa83-0a4505fb3525" testId="75d0a10a-b2a7-ad4a-4f3c-5ebcd253b496" testName="Task.Desktop.Tests.Calendar.CalendarViewModelTests.Navigation_LoadsAdjacentWeek" computerName="TIM" duration="00:00:00.0015215" startTime="2026-09-06T01:12:46.1767118+03:00" endTime="2026-09-06T01:12:46.1769585+03:00" testType="13cdc9d9-ddb5-4fa4-a97d-d965ccfc6d4b" outcome="Passed" testListId="8c84fa94-04c1-424b-9868-57a2d4851a1d" relativeResultsDirectory="d8058d66-efb3-4e35-aa83-0a4505fb3525" />
    <UnitTestResult executionId="8a68000c-ab41-41d8-b094-f81b36d813f2" testId="e640218d-e8f4-9a14-db1d-6601549ee3f5" testName="Task.Desktop.Tests.TaskApi.DesktopTasksApiClientTests.RequiredOrInvalidTaskFields_ReturnMalformedResponse" computerName="TIM" duration="00:00:00.0035462" startTime="2026-09-06T01:12:46.2960114+03:00" endTime="2026-09-06T01:12:46.2995399+03:00" testType="13cdc9d9-ddb5-4fa4-a97d-d965ccfc6d4b" outcome="Passed" testListId="8c84fa94-04c1-424b-9868-57a2d4851a1d" relativeResultsDirectory="8a68000c-ab41-41d8-b094-f81b36d813f2" />
    <UnitTestResult executionId="1c00b751-fc62-4d5b-8055-c52ea82fdb99" testId="6078ec74-c268-f9ac-c45f-66999e94d018" testName="Task.Desktop.Tests.TaskScreen.TasksViewModelTests.Refresh_ReplacesPageOnlyAfterResponseArrives" computerName="TIM" duration="00:00:00.0040857" startTime="2026-09-06T01:12:46.2697558+03:00" endTime="2026-09-06T01:12:46.2743259+03:00" testType="13cdc9d9-ddb5-4fa4-a97d-d965ccfc6d4b" outcome="Passed" testListId="8c84fa94-04c1-424b-9868-57a2d4851a1d" relativeResultsDirectory="1c00b751-fc62-4d5b-8055-c52ea82fdb99" />
    <UnitTestResult executionId="d23ab40a-2d05-401e-a45f-2cabf9d6a69f" testId="a89ca278-a569-846d-fb2f-c19b8b19eb1b" testName="Task.Desktop.Tests.DesktopAuthApiClientTests.ChangePassword_Problem_MapsStableCode(status: Unauthorized, code: &quot;AUTHENTICATION_REQUIRED&quot;, expected: AuthenticationRequired)" computerName="TIM" duration="00:00:00.0000613" startTime="2026-09-06T01:12:46.2431448+03:00" endTime="2026-09-06T01:12:46.2432204+03:00" testType="13cdc9d9-ddb5-4fa4-a97d-d965ccfc6d4b" outcome="Passed" testListId="8c84fa94-04c1-424b-9868-57a2d4851a1d" relativeResultsDirectory="d23ab40a-2d05-401e-a45f-2cabf9d6a69f" />
    <UnitTestResult executionId="9439ada3-bf6c-4be6-bf74-85223c4eb2e1" testId="2f783b1b-fc4b-6344-4108-6e222fc59a62" testName="Task.Desktop.Tests.Security.DesktopServerConnectionTests.Probe_LiveAndReady_ReturnsNormalizedEndpoint" computerName="TIM" duration="00:00:00.0012394" startTime="2026-09-06T01:12:46.2276040+03:00" endTime="2026-09-06T01:12:46.2287529+03:00" testType="13cdc9d9-ddb5-4fa4-a97d-d965ccfc6d4b" outcome="Passed" testListId="8c84fa94-04c1-424b-9868-57a2d4851a1d" relativeResultsDirectory="9439ada3-bf6c-4be6-bf74-85223c4eb2e1" />
    <UnitTestResult executionId="2ddb02ab-da8c-4a8f-8659-40933eb154f2" testId="75da1819-7dd3-e621-1e42-beee0b5f175c" testName="Task.Desktop.Tests.TaskApi.DesktopTasksApiClientTests.Write401Failures_AreTyped_AndNeverSendMoreThanOneRetry" computerName="TIM" duration="00:00:00.0206128" startTime="2026-09-06T01:12:46.3447196+03:00" endTime="2026-09-06T01:12:46.3649232+03:00" testType="13cdc9d9-ddb5-4fa4-a97d-d965ccfc6d4b" outcome="Passed" testListId="8c84fa94-04c1-424b-9868-57a2d4851a1d" relativeResultsDirectory="2ddb02ab-da8c-4a8f-8659-40933eb154f2" />
    <UnitTestResult executionId="281f48c7-428b-42ca-9d61-3a3267191691" testId="5ab164e0-04dd-c14b-615f-3cd2d5fd1b88" testName="Task.Desktop.Tests.MainWindowLifecycleTests.UserClose_DirtyEditor_CanBeCancelled" computerName="TIM" duration="00:00:00.0001324" startTime="2026-09-06T01:12:46.1843429+03:00" endTime="2026-09-06T01:12:46.1843800+03:00" testType="13cdc9d9-ddb5-4fa4-a97d-d965ccfc6d4b" outcome="Passed" testListId="8c84fa94-04c1-424b-9868-57a2d4851a1d" relativeResultsDirectory="281f48c7-428b-42ca-9d61-3a3267191691" />
    <UnitTestResult executionId="a3456eed-ee0c-49bd-8d46-87bb821e913b" testId="71191d7c-1062-d8de-293a-0ac9451da5be" testName="Task.Desktop.Tests.Today.TodayViewModelTests.Summary_LoadsAllPagesAndExcludesTerminalAndUnrelatedTasks" computerName="TIM" duration="00:00:00.0033997" startTime="2026-09-06T01:12:46.1812976+03:00" endTime="2026-09-06T01:12:46.1845837+03:00" testType="13cdc9d9-ddb5-4fa4-a97d-d965ccfc6d4b" outcome="Passed" testListId="8c84fa94-04c1-424b-9868-57a2d4851a1d" relativeResultsDirectory="a3456eed-ee0c-49bd-8d46-87bb821e913b" />
    <UnitTestResult executionId="4c736220-cb5a-463f-a8a1-4069ef57dc1b" testId="bba23f4b-f0f3-e5e3-ddf8-a7a45c7f3f8a" testName="Task.Desktop.Tests.TaskApi.DesktopTasksApiClientTests.Unauthorized_PerformsOneRefresh_AndOneGetRetry" computerName="TIM" duration="00:00:00.3615955" startTime="2026-09-06T01:12:45.9279266+03:00" endTime="2026-09-06T01:12:46.2793689+03:00" testType="13cdc9d9-ddb5-4fa4-a97d-d965ccfc6d4b" outcome="Passed" testListId="8c84fa94-04c1-424b-9868-57a2d4851a1d" relativeResultsDirectory="4c736220-cb5a-463f-a8a1-4069ef57dc1b" />
    <UnitTestResult executionId="85509f16-8e85-4fdf-921a-5ac72db0fdac" testId="6c215d64-df1f-c0f0-cf5e-daeea0002ab8" testName="Task.Desktop.Tests.VisualFoundationTests.NavigationWidth_UsesCanonicalCompactBreakpoint(windowWidth: 1487, expected: 212)" computerName="TIM" duration="00:00:00.0006646" startTime="2026-09-06T01:12:46.1605287+03:00" endTime="2026-09-06T01:12:46.1605606+03:00" testType="13cdc9d9-ddb5-4fa4-a97d-d965ccfc6d4b" outcome="Passed" testListId="8c84fa94-04c1-424b-9868-57a2d4851a1d" relativeResultsDirectory="85509f16-8e85-4fdf-921a-5ac72db0fdac" />
    <UnitTestResult executionId="98515ea0-fc16-4d6c-89f7-9cb85c00e496" testId="131cd3f8-da65-f328-fec6-7570d8e38575" testName="Task.Desktop.Tests.TaskScreen.TasksViewModelTests.TerminalReadFailure_DisablesAllMutationCommands(sessionEnded: False)" computerName="TIM" duration="00:00:00.0003891" startTime="2026-09-06T01:12:46.2541718+03:00" endTime="2026-09-06T01:12:46.2544773+03:00" testType="13cdc9d9-ddb5-4fa4-a97d-d965ccfc6d4b" outcome="Passed" testListId="8c84fa94-04c1-424b-9868-57a2d4851a1d" relativeResultsDirectory="98515ea0-fc16-4d6c-89f7-9cb85c00e496" />
    <UnitTestResult executionId="8617700d-d869-4695-b023-ae1198c7f7d9" testId="b8c7230b-0185-2dac-3f7b-188b4f0118ef" testName="Task.Desktop.Tests.MainWindowLifecycleTests.AuthenticationClose_DirtyEditor_CannotBeCancelled" computerName="TIM" duration="00:00:00.2668407" startTime="2026-09-06T01:12:45.9286189+03:00" endTime="2026-09-06T01:12:46.1841908+03:00" testType="13cdc9d9-ddb5-4fa4-a97d-d965ccfc6d4b" outcome="Passed" testListId="8c84fa94-04c1-424b-9868-57a2d4851a1d" relativeResultsDirectory="8617700d-d869-4695-b023-ae1198c7f7d9" />
    <UnitTestResult executionId="f277e235-4620-41af-8825-d909f498bc07" testId="20ee2cb0-3bdc-ac01-5400-2a29b9894c49" testName="Task.Desktop.Tests.SessionServiceTests.Login_AuthError_StateStaysSignedOut" computerName="TIM" duration="00:00:00.0010183" startTime="2026-09-06T01:12:46.5585661+03:00" endTime="2026-09-06T01:12:46.5595510+03:00" testType="13cdc9d9-ddb5-4fa4-a97d-d965ccfc6d4b" outcome="Passed" testListId="8c84fa94-04c1-424b-9868-57a2d4851a1d" relativeResultsDirectory="f277e235-4620-41af-8825-d909f498bc07" />
    <UnitTestResult executionId="5a55af3b-dd66-42d5-819a-162cbb9b1831" testId="8a865835-8536-7c47-7266-c96c8abf374d" testName="Task.Desktop.Tests.TaskScreen.TaskCardEditorTests.DescriptionOnlyPatchPreservesOtherFields" computerName="TIM" duration="00:00:00.3171751" startTime="2026-09-06T01:12:45.9278812+03:00" endTime="2026-09-06T01:12:46.2343012+03:00" testType="13cdc9d9-ddb5-4fa4-a97d-d965ccfc6d4b" outcome="Passed" testListId="8c84fa94-04c1-424b-9868-57a2d4851a1d" relativeResultsDirectory="5a55af3b-dd66-42d5-819a-162cbb9b1831" />
    <UnitTestResult executionId="00c04d3e-ade2-42ef-8c2c-3fb80ba3a00e" testId="1798a13d-33a0-57d2-e58f-08fe542f7aef" testName="Task.Desktop.Tests.DesktopCredentialVaultTests.SaveThenGet_UnicodeAndLongValues_RoundTrip" computerName="TIM" duration="00:00:00.0089536" startTime="2026-09-06T01:12:46.8776068+03:00" endTime="2026-09-06T01:12:46.8858548+03:00" testType="13cdc9d9-ddb5-4fa4-a97d-d965ccfc6d4b" outcome="Passed" testListId="8c84fa94-04c1-424b-9868-57a2d4851a1d" relativeResultsDirectory="00c04d3e-ade2-42ef-8c2c-3fb80ba3a00e" />
    <UnitTestResult executionId="25aff9f0-a896-4399-a205-a12911dda660" testId="8d19eaf4-3579-c71f-9908-edd475ee78bc" testName="Task.Desktop.Tests.Calendar.RecurrencePaneTests.DelayedLoadAfterClose_DoesNotRepopulatePane" computerName="TIM" duration="00:00:00.0275820" startTime="2026-09-06T01:12:46.2310137+03:00" endTime="2026-09-06T01:12:46.2585275+03:00" testType="13cdc9d9-ddb5-4fa4-a97d-d965ccfc6d4b" outcome="Passed" testListId="8c84fa94-04c1-424b-9868-57a2d4851a1d" relativeResultsDirectory="25aff9f0-a896-4399-a205-a12911dda660" />
    <UnitTestResult executionId="1092234b-d249-47f6-a86a-d17c991e20f1" testId="6e0cecdb-f159-72f4-53e6-bbed70976bac" testName="Task.Desktop.Tests.SessionServiceTests.Login_SessionReportsPasswordChange_SetsCurrentMustChangePassword" computerName="TIM" duration="00:00:00.0031847" startTime="2026-09-06T01:12:46.5955803+03:00" endTime="2026-09-06T01:12:46.5987425+03:00" testType="13cdc9d9-ddb5-4fa4-a97d-d965ccfc6d4b" outcome="Passed" testListId="8c84fa94-04c1-424b-9868-57a2d4851a1d" relativeResultsDirectory="1092234b-d249-47f6-a86a-d17c991e20f1" />
    <UnitTestResult executionId="a7574fc2-0381-469b-bd6c-49a1da386c84" testId="81f3631d-41ba-391e-770d-847d64f31555" testName="Task.Desktop.Tests.DesktopAuthApiClientTests.DeviceRegistrationInfo_RejectsNullOrWhitespaceMembers" computerName="TIM" duration="00:00:00.0005099" startTime="2026-09-06T01:12:46.2608636+03:00" endTime="2026-09-06T01:12:46.2611323+03:00" testType="13cdc9d9-ddb5-4fa4-a97d-d965ccfc6d4b" outcome="Passed" testListId="8c84fa94-04c1-424b-9868-57a2d4851a1d" relativeResultsDirectory="a7574fc2-0381-469b-bd6c-49a1da386c84" />
    <UnitTestResult executionId="69ac6ffa-bae7-496e-9080-06966dbe350c" testId="1c44352b-2ddf-fe45-58d2-476d74283a6a" testName="Task.Desktop.Tests.DesktopCredentialVaultTests.Save_OverwritesPreviousEntry" computerName="TIM" duration="00:00:00.0170613" startTime="2026-09-06T01:12:46.3250472+03:00" endTime="2026-09-06T01:12:46.3420081+03:00" testType="13cdc9d9-ddb5-4fa4-a97d-d965ccfc6d4b" outcome="Passed" testListId="8c84fa94-04c1-424b-9868-57a2d4851a1d" relativeResultsDirectory="69ac6ffa-bae7-496e-9080-06966dbe350c" />
    <UnitTestResult executionId="afd0cfa5-54f9-4bed-a24b-b8ec653c0ffc" testId="25b119aa-7fbd-4aae-8dc0-8fe971775aaf" testName="Task.Desktop.Tests.DesktopAuthApiClientTests.Login_DevicePlatform_SerializesToContractString(platform: MacOs, expected: &quot;macos&quot;)" computerName="TIM" duration="00:00:00.0001269" startTime="2026-09-06T01:12:46.2584836+03:00" endTime="2026-09-06T01:12:46.2586611+03:00" testType="13cdc9d9-ddb5-4fa4-a97d-d965ccfc6d4b" outcome="Passed" testListId="8c84fa94-04c1-424b-9868-57a2d4851a1d" relativeResultsDirectory="afd0cfa5-54f9-4bed-a24b-b8ec653c0ffc" />
    <UnitTestResult executionId="1a5a5657-d14c-4992-8da0-55b93d2ff907" testId="943edb66-e168-9109-7769-5438be8b9ae6" testName="Task.Desktop.Tests.DesktopAuthApiClientTests.Ctor_TrailingSlashBaseUrl_IsNormalized" computerName="TIM" duration="00:00:00.0007488" startTime="2026-09-06T01:12:46.3345847+03:00" endTime="2026-09-06T01:12:46.3351439+03:00" testType="13cdc9d9-ddb5-4fa4-a97d-d965ccfc6d4b" outcome="Passed" testListId="8c84fa94-04c1-424b-9868-57a2d4851a1d" relativeResultsDirectory="1a5a5657-d14c-4992-8da0-55b93d2ff907" />
    <UnitTestResult executionId="33b9443e-967b-4709-b096-288c1d4b01ea" testId="04f137da-e961-c03a-e81f-64a2a597bbf5" testName="Task.Desktop.Tests.Calendar.RecurrencePaneTests.RevokedAccess_ClosesPaneAndClearsProtectedData" computerName="TIM" duration="00:00:00.3128191" startTime="2026-09-06T01:12:45.9279048+03:00" endTime="2026-09-06T01:12:46.2308501+03:00" testType="13cdc9d9-ddb5-4fa4-a97d-d965ccfc6d4b" outcome="Passed" testListId="8c84fa94-04c1-424b-9868-57a2d4851a1d" relativeResultsDirectory="33b9443e-967b-4709-b096-288c1d4b01ea" />
    <UnitTestResult executionId="599bac24-6f8d-4094-b96c-0f91e78b006e" testId="bd789bd6-01f1-a0f8-c8b8-97fc28ede79e" testName="Task.Desktop.Tests.Today.TodayViewModelTests.CapabilityRevocation_CancelsAndClearsProtectedData" computerName="TIM" duration="00:00:00.0011921" startTime="2026-09-06T01:12:46.1746937+03:00" endTime="2026-09-06T01:12:46.1748431+03:00" testType="13cdc9d9-ddb5-4fa4-a97d-d965ccfc6d4b" outcome="Passed" testListId="8c84fa94-04c1-424b-9868-57a2d4851a1d" relativeResultsDirectory="599bac24-6f8d-4094-b96c-0f91e78b006e" />
    <UnitTestResult executionId="1ed0ed67-d93e-44d7-b5b9-7ee8e7985fe7" testId="945fa93b-fb44-9004-b9a2-cf79019c8d55" testName="Task.Desktop.Tests.TaskScreen.TasksViewModelTests.Edit_NoChanges_DoesNotSendRequest" computerName="TIM" duration="00:00:00.0019651" startTime="2026-09-06T01:12:46.2644499+03:00" endTime="2026-09-06T01:12:46.2661549+03:00" testType="13cdc9d9-ddb5-4fa4-a97d-d965ccfc6d4b" outcome="Passed" testListId="8c84fa94-04c1-424b-9868-57a2d4851a1d" relativeResultsDirectory="1ed0ed67-d93e-44d7-b5b9-7ee8e7985fe7" />
    <UnitTestResult executionId="6c5de0b6-8ea7-4e92-b45c-92271c7f0f49" testId="59793e35-5431-230a-d274-8d02a30e099b" testName="Task.Desktop.Tests.Today.TodayViewModelTests.Summary_PermissionRevocationRejectsLateResponse" computerName="TIM" duration="00:00:00.0029272" startTime="2026-09-06T01:12:46.1729969+03:00" endTime="2026-09-06T01:12:46.1739168+03:00" testType="13cdc9d9-ddb5-4fa4-a97d-d965ccfc6d4b" outcome="Passed" testListId="8c84fa94-04c1-424b-9868-57a2d4851a1d" relativeResultsDirectory="6c5de0b6-8ea7-4e92-b45c-92271c7f0f49" />
    <UnitTestResult executionId="c8d76d0f-19e7-4b07-b322-aba7beaf8a5a" testId="456e63cc-5538-c233-539c-8f688445a591" testName="Task.Desktop.Tests.DesktopAuthApiClientTests.ChangePassword_204_SendsBearerAndContractBody" computerName="TIM" duration="00:00:00.0019608" startTime="2026-09-06T01:12:46.2696251+03:00" endTime="2026-09-06T01:12:46.2714997+03:00" testType="13cdc9d9-ddb5-4fa4-a97d-d965ccfc6d4b" outcome="Passed" testListId="8c84fa94-04c1-424b-9868-57a2d4851a1d" relativeResultsDirectory="c8d76d0f-19e7-4b07-b322-aba7beaf8a5a" />
    <UnitTestResult executionId="a84272e0-2774-46e3-8f86-5a38890e7c27" testId="bdfd2be7-f6a6-e8e0-5472-cbcbbdc5e4cd" testName="Task.Desktop.Tests.Today.TodayViewModelTests.RefreshFailure_PreservesLastConfirmedData" computerName="TIM" duration="00:00:00.0007417" startTime="2026-09-06T01:12:46.1847024+03:00" endTime="2026-09-06T01:12:46.1853725+03:00" testType="13cdc9d9-ddb5-4fa4-a97d-d965ccfc6d4b" outcome="Passed" testListId="8c84fa94-04c1-424b-9868-57a2d4851a1d" relativeResultsDirectory="a84272e0-2774-46e3-8f86-5a38890e7c27" />
    <UnitTestResult executionId="22cae28b-69c8-4133-9d37-3b0eddad3a7c" testId="ed5a8de9-96f9-aeed-a314-0b52d5a644da" testName="Task.Desktop.Tests.TaskApi.DesktopTasksApiClientTests.HttpProblems_AreMappedToStableTypedOutcomes" computerName="TIM" duration="00:00:00.0046509" startTime="2026-09-06T01:12:46.3749510+03:00" endTime="2026-09-06T01:12:46.3796075+03:00" testType="13cdc9d9-ddb5-4fa4-a97d-d965ccfc6d4b" outcome="Passed" testListId="8c84fa94-04c1-424b-9868-57a2d4851a1d" relativeResultsDirectory="22cae28b-69c8-4133-9d37-3b0eddad3a7c" />
    <UnitTestResult executionId="4ad9045a-c8b2-4132-a20b-ebe8f0614484" testId="1c8d6126-01bb-983f-107d-c32dd3906080" testName="Task.Desktop.Tests.DesktopAuthApiClientTests.Ctor_RejectsNullOrWhitespaceBaseUrl" computerName="TIM" duration="00:00:00.0012701" startTime="2026-09-06T01:12:46.2450915+03:00" endTime="2026-09-06T01:12:46.2462769+03:00" testType="13cdc9d9-ddb5-4fa4-a97d-d965ccfc6d4b" outcome="Passed" testListId="8c84fa94-04c1-424b-9868-57a2d4851a1d" relativeResultsDirectory="4ad9045a-c8b2-4132-a20b-ebe8f0614484" />
    <UnitTestResult executionId="f3cd82b1-3f28-405e-b014-d995fd5c7924" testId="317351e6-8f63-15e1-6d22-f33400e6d946" testName="Task.Desktop.Tests.AuthWorkflowViewModelTests.Login_SessionMetadataUnavailable_ShowsRecoveryAndKeepsVault" computerName="TIM" duration="00:00:00.0109348" startTime="2026-09-06T01:12:46.3463377+03:00" endTime="2026-09-06T01:12:46.3572910+03:00" testType="13cdc9d9-ddb5-4fa4-a97d-d965ccfc6d4b" outcome="Passed" testListId="8c84fa94-04c1-424b-9868-57a2d4851a1d" relativeResultsDirectory="f3cd82b1-3f28-405e-b014-d995fd5c7924" />
    <UnitTestResult executionId="fde77e5b-de82-4777-8887-f8b5a5dd276a" testId="c3d8159b-375b-3cfe-6493-41caacfc4475" testName="Task.Desktop.Tests.DesktopAuthApiClientTests.ChangePassword_NetworkAndMalformed_AreTyped" computerName="TIM" duration="00:00:00.0015089" startTime="2026-09-06T01:12:46.2437988+03:00" endTime="2026-09-06T01:12:46.2450264+03:00" testType="13cdc9d9-ddb5-4fa4-a97d-d965ccfc6d4b" outcome="Passed" testListId="8c84fa94-04c1-424b-9868-57a2d4851a1d" relativeResultsDirectory="fde77e5b-de82-4777-8887-f8b5a5dd276a" />
    <UnitTestResult executionId="369d1336-7a0d-4390-9703-c569097dbe20" testId="07612dbb-5b65-6b2f-cc13-24a7683893bb" testName="Task.Desktop.Tests.Today.TodayViewModelTests.Summary_RepeatedCursorDoesNotPublishPartialData" computerName="TIM" duration="00:00:00.0009371" startTime="2026-09-06T01:12:46.1868098+03:00" endTime="2026-09-06T01:12:46.1868497+03:00" testType="13cdc9d9-ddb5-4fa4-a97d-d965ccfc6d4b" outcome="Passed" testListId="8c84fa94-04c1-424b-9868-57a2d4851a1d" relativeResultsDirectory="369d1336-7a0d-4390-9703-c569097dbe20" />
    <UnitTestResult executionId="5d1211bb-5c5d-4254-82f6-70fb046bac72" testId="0d8913a6-43b9-4edb-a25b-d00d78fb7062" testName="Task.Desktop.Tests.TaskScreen.TasksViewModelTests.SelectingTask_NotFound_ShowsObjectDisappearedState" computerName="TIM" duration="00:00:00.0009736" startTime="2026-09-06T01:12:46.2545917+03:00" endTime="2026-09-06T01:12:46.2555492+03:00" testType="13cdc9d9-ddb5-4fa4-a97d-d965ccfc6d4b" outcome="Passed" testListId="8c84fa94-04c1-424b-9868-57a2d4851a1d" relativeResultsDirectory="5d1211bb-5c5d-4254-82f6-70fb046bac72" />
    <UnitTestResult executionId="2a0791b7-5ca5-4bcd-bb89-432a276ce142" testId="f58dccc2-7700-a643-6416-8e8352e34951" testName="Task.Desktop.Tests.DesktopAuthApiClientTests.Login_EmptyArguments_Throw" computerName="TIM" duration="00:00:00.0019340" startTime="2026-09-06T01:12:46.3737280+03:00" endTime="2026-09-06T01:12:46.3755664+03:00" testType="13cdc9d9-ddb5-4fa4-a97d-d965ccfc6d4b" outcome="Passed" testListId="8c84fa94-04c1-424b-9868-57a2d4851a1d" relativeResultsDirectory="2a0791b7-5ca5-4bcd-bb89-432a276ce142" />
    <UnitTestResult executionId="ea957d2a-16d1-4cfd-8ebd-879850361ef9" testId="1ca9cfc3-1a83-71bb-3505-b192bef3630e" testName="Task.Desktop.Tests.AuthWorkflowViewModelTests.PasswordChange_PostChangeConfirmationOffline_BlocksReadyInRecovery" computerName="TIM" duration="00:00:00.0156808" startTime="2026-09-06T01:12:46.4766322+03:00" endTime="2026-09-06T01:12:46.4922657+03:00" testType="13cdc9d9-ddb5-4fa4-a97d-d965ccfc6d4b" outcome="Passed" testListId="8c84fa94-04c1-424b-9868-57a2d4851a1d" relativeResultsDirectory="ea957d2a-16d1-4cfd-8ebd-879850361ef9" />
    <UnitTestResult executionId="502c4bff-1c5f-4cc9-b910-63841ead4236" testId="4e207903-ae3f-8035-00e0-2a3e239fcece" testName="Task.Desktop.Tests.MainWindowViewModelTests.Sections_ExposeCanonicalRoutes_InExactOrder" computerName="TIM" duration="00:00:00.0077777" startTime="2026-09-06T01:12:46.1761782+03:00" endTime="2026-09-06T01:12:46.1793574+03:00" testType="13cdc9d9-ddb5-4fa4-a97d-d965ccfc6d4b" outcome="Passed" testListId="8c84fa94-04c1-424b-9868-57a2d4851a1d" relativeResultsDirectory="502c4bff-1c5f-4cc9-b910-63841ead4236" />
    <UnitTestResult executionId="d1f7d399-12ef-42e7-98de-92f4f2a9c596" testId="887fd546-edc1-ff5b-7fdc-15090896169b" testName="Task.Desktop.Tests.Calendar.CalendarViewModelTests.CreateAndUpdate_UseEditorAndReloadSchedule" computerName="TIM" duration="00:00:00.0040969" startTime="2026-09-06T01:12:46.1741293+03:00" endTime="2026-09-06T01:12:46.1747282+03:00" testType="13cdc9d9-ddb5-4fa4-a97d-d965ccfc6d4b" outcome="Passed" testListId="8c84fa94-04c1-424b-9868-57a2d4851a1d" relativeResultsDirectory="d1f7d399-12ef-42e7-98de-92f4f2a9c596" />
    <UnitTestResult executionId="0c783de0-680b-4148-9952-2994deecfca9" testId="ce06116c-5ca5-ef77-aa7d-7e65ec139319" testName="Task.Desktop.Tests.Calendar.CalendarModesTests.UtcRange_UsesLocalMidnightsForLeapDay" computerName="TIM" duration="00:00:00.0008895" startTime="2026-09-06T01:12:46.1581630+03:00" endTime="2026-09-06T01:12:46.1581895+03:00" testType="13cdc9d9-ddb5-4fa4-a97d-d965ccfc6d4b" outcome="Passed" testListId="8c84fa94-04c1-424b-9868-57a2d4851a1d" relativeResultsDirectory="0c783de0-680b-4148-9952-2994deecfca9" />
    <UnitTestResult executionId="4692884d-2bb9-4f3f-abfc-214f33014b84" testId="9c0dab3c-d195-1cdd-a695-7ba2e8fb5e9a" testName="Task.Desktop.Tests.MainWindowViewModelTests.LogoutCommand_BlocksSecondSubmission" computerName="TIM" duration="00:00:00.0093116" startTime="2026-09-06T01:12:46.1601218+03:00" endTime="2026-09-06T01:12:46.1733246+03:00" testType="13cdc9d9-ddb5-4fa4-a97d-d965ccfc6d4b" outcome="Passed" testListId="8c84fa94-04c1-424b-9868-57a2d4851a1d" relativeResultsDirectory="4692884d-2bb9-4f3f-abfc-214f33014b84" />
    <UnitTestResult executionId="06620554-07c4-4234-a33b-1fbfdd588ef9" testId="d4873ebc-19e8-2cce-cd2e-2ebf9aa4d047" testName="Task.Desktop.Tests.DesktopAuthApiClientTests.Logout_401_Problem_ReturnsAuthError" computerName="TIM" duration="00:00:00.0012907" startTime="2026-09-06T01:12:46.3374097+03:00" endTime="2026-09-06T01:12:46.3386786+03:00" testType="13cdc9d9-ddb5-4fa4-a97d-d965ccfc6d4b" outcome="Passed" testListId="8c84fa94-04c1-424b-9868-57a2d4851a1d" relativeResultsDirectory="06620554-07c4-4234-a33b-1fbfdd588ef9" />
    <UnitTestResult executionId="948f027e-1051-49d6-a691-cea8b170cf91" testId="f45b7558-7f8a-5953-4d20-32b232fffa66" testName="Task.Desktop.Tests.TaskScreen.TasksViewModelTests.MissingWriteCapabilities_DisablesAllWriteCommands" computerName="TIM" duration="00:00:00.0008533" startTime="2026-09-06T01:12:46.2604443+03:00" endTime="2026-09-06T01:12:46.2607092+03:00" testType="13cdc9d9-ddb5-4fa4-a97d-d965ccfc6d4b" outcome="Passed" testListId="8c84fa94-04c1-424b-9868-57a2d4851a1d" relativeResultsDirectory="948f027e-1051-49d6-a691-cea8b170cf91" />
    <UnitTestResult executionId="ea5ee131-d6a0-49e7-882a-9b978a6d4dc7" testId="3c6fec8b-7aff-fadd-37bf-ad6fb7e2c231" testName="Task.Desktop.Tests.TaskScreen.TasksViewModelTests.InvalidCursor_PreservesItemsAndResetsContinuation" computerName="TIM" duration="00:00:00.0006837" startTime="2026-09-06T01:12:46.2693161+03:00" endTime="2026-09-06T01:12:46.2696911+03:00" testType="13cdc9d9-ddb5-4fa4-a97d-d965ccfc6d4b" outcome="Passed" testListId="8c84fa94-04c1-424b-9868-57a2d4851a1d" relativeResultsDirectory="ea5ee131-d6a0-49e7-882a-9b978a6d4dc7" />
    <UnitTestResult executionId="9adea175-004d-4a7c-88c2-f52324f34f9b" testId="9dae2361-45a9-503d-7e6a-ee52d286de85" testName="Task.Desktop.Tests.DesktopAuthApiClientTests.Login_403_AccountBlocked_ReturnsAuthError" computerName="TIM" duration="00:00:00.0004621" startTime="2026-09-06T01:12:46.3708140+03:00" endTime="2026-09-06T01:12:46.3711821+03:00" testType="13cdc9d9-ddb5-4fa4-a97d-d965ccfc6d4b" outcome="Passed" testListId="8c84fa94-04c1-424b-9868-57a2d4851a1d" relativeResultsDirectory="9adea175-004d-4a7c-88c2-f52324f34f9b" />
    <UnitTestResult executionId="43cb98c1-6d79-4323-9c31-e72673f63453" testId="c74af0c0-f55f-cf59-c7ee-a696b1e3f31f" testName="Task.Desktop.Tests.DesktopCredentialVaultTests.CorruptPayload_InvalidButDecryptable_ReturnsNull_AndIsolatesFile(payload: &quot;{\&quot;DeviceId\&quot;:\&quot;d\&quot;,\&quot;OrgId\&quot;:\&quot;\&quot;,\&quot;Login\&quot;:\&quot;u\&quot;&quot;···)" computerName="TIM" duration="00:00:00.0099864" startTime="2026-09-06T01:12:46.2696596+03:00" endTime="2026-09-06T01:12:46.2801133+03:00" testType="13cdc9d9-ddb5-4fa4-a97d-d965ccfc6d4b" outcome="Passed" testListId="8c84fa94-04c1-424b-9868-57a2d4851a1d" relativeResultsDirectory="43cb98c1-6d79-4323-9c31-e72673f63453" />
    <UnitTestResult executionId="85394d31-2a56-4734-ab0e-c6358406c756" testId="22a7d5c1-0d10-07e7-361b-05a06e4e0385" testName="Task.Desktop.Tests.DesktopAuthApiClientTests.ChangePassword_Problem_MapsStableCode(status: TooManyRequests, code: &quot;RATE_LIMITED&quot;, expected: RateLimited)" computerName="TIM" duration="00:00:00.0000596" startTime="2026-09-06T01:12:46.2435426+03:00" endTime="2026-09-06T01:12:46.2436112+03:00" testType="13cdc9d9-ddb5-4fa4-a97d-d965ccfc6d4b" outcome="Passed" testListId="8c84fa94-04c1-424b-9868-57a2d4851a1d" relativeResultsDirectory="85394d31-2a56-4734-ab0e-c6358406c756" />
    <UnitTestResult executionId="48e6dd83-61b4-498c-8689-4533b041b8f0" testId="a677db05-cbbb-556f-59b8-aab16b92128c" testName="Task.Desktop.Tests.Today.TodayViewModelTests.MissingCapability_FailsClosedWithoutRequest" computerName="TIM" duration="00:00:00.0004408" startTime="2026-09-06T01:12:46.1854870+03:00" endTime="2026-09-06T01:12:46.1859578+03:00" testType="13cdc9d9-ddb5-4fa4-a97d-d965ccfc6d4b" outcome="Passed" testListId="8c84fa94-04c1-424b-9868-57a2d4851a1d" relativeResultsDirectory="48e6dd83-61b4-498c-8689-4533b041b8f0" />
    <UnitTestResult executionId="daaeaa96-2251-4001-bff9-57e55c688e62" testId="da182d2f-a690-d14a-5e22-5e2aa9261f98" testName="Task.Desktop.Tests.MainWindowViewModelTests.ReadOnlyNotice_DoesNotContainMojibakeCharacters" computerName="TIM" duration="00:00:00.0001393" startTime="2026-09-06T01:12:46.1800453+03:00" endTime="2026-09-06T01:12:46.1800867+03:00" testType="13cdc9d9-ddb5-4fa4-a97d-d965ccfc6d4b" outcome="Passed" testListId="8c84fa94-04c1-424b-9868-57a2d4851a1d" relativeResultsDirectory="daaeaa96-2251-4001-bff9-57e55c688e62" />
    <UnitTestResult executionId="3d1d3aa3-03d4-4aab-a4e5-c58e22756aa5" testId="6d0d08a1-9bd9-7bad-95b9-ea3deffd0892" testName="Task.Desktop.Tests.Calendar.CalendarAttendeeEditorTests.Attendees_AreCopiedAndTypedDuplicatesAreRejected" computerName="TIM" duration="00:00:00.2199862" startTime="2026-09-06T01:12:45.9256914+03:00" endTime="2026-09-06T01:12:46.1590162+03:00" testType="13cdc9d9-ddb5-4fa4-a97d-d965ccfc6d4b" outcome="Passed" testListId="8c84fa94-04c1-424b-9868-57a2d4851a1d" relativeResultsDirectory="3d1d3aa3-03d4-4aab-a4e5-c58e22756aa5" />
    <UnitTestResult executionId="0bc60933-e987-487a-9a96-1e5a3e68f9d1" testId="41830c30-c2b3-9766-6394-04b981d9eca7" testName="Task.Desktop.Tests.DesktopAuthApiClientTests.GetSession_401Problem_ReturnsAuthError" computerName="TIM" duration="00:00:00.0006043" startTime="2026-09-06T01:12:46.3736155+03:00" endTime="2026-09-06T01:12:46.3736498+03:00" testType="13cdc9d9-ddb5-4fa4-a97d-d965ccfc6d4b" outcome="Passed" testListId="8c84fa94-04c1-424b-9868-57a2d4851a1d" relativeResultsDirectory="0bc60933-e987-487a-9a96-1e5a3e68f9d1" />
    <UnitTestResult executionId="fab21c02-0f8d-444e-a3f6-782c7a4d3a38" testId="367fa43f-e349-ed7a-0904-473da7e10a9e" testName="Task.Desktop.Tests.Today.TodayViewModelTests.LateResponse_CannotRestoreStaleData(action: &quot;navigation&quot;)" computerName="TIM" duration="00:00:00.0039767" startTime="2026-09-06T01:12:46.1705937+03:00" endTime="2026-09-06T01:12:46.1727479+03:00" testType="13cdc9d9-ddb5-4fa4-a97d-d965ccfc6d4b" outcome="Passed" testListId="8c84fa94-04c1-424b-9868-57a2d4851a1d" relativeResultsDirectory="fab21c02-0f8d-444e-a3f6-782c7a4d3a38" />
    <UnitTestResult executionId="8a99591b-3fd9-46c5-ba73-d27e83528484" testId="e7c32975-9993-812f-de19-4e9fb930082f" testName="Task.Desktop.Tests.TaskScreen.TasksViewModelTests.ForbiddenWrite_PreservesDraftAndDisablesFurtherWrites" computerName="TIM" duration="00:00:00.0015002" startTime="2026-09-06T01:12:48.5251092+03:00" endTime="2026-09-06T01:12:48.5265396+03:00" testType="13cdc9d9-ddb5-4fa4-a97d-d965ccfc6d4b" outcome="Passed" testListId="8c84fa94-04c1-424b-9868-57a2d4851a1d" relativeResultsDirectory="8a99591b-3fd9-46c5-ba73-d27e83528484" />
    <UnitTestResult executionId="8228f960-cbc5-431e-909a-5a541927f3c5" testId="de8e52e6-d645-8980-49f1-934604e12b7a" testName="Task.Desktop.Tests.AuthWorkflowViewModelTests.LoginCommand_Cancellation_IsContainedAndClearsPassword" computerName="TIM" duration="00:00:00.0063859" startTime="2026-09-06T01:12:46.3826976+03:00" endTime="2026-09-06T01:12:46.3885142+03:00" testType="13cdc9d9-ddb5-4fa4-a97d-d965ccfc6d4b" outcome="Passed" testListId="8c84fa94-04c1-424b-9868-57a2d4851a1d" relativeResultsDirectory="8228f960-cbc5-431e-909a-5a541927f3c5" />
    <UnitTestResult executionId="725ac3a1-45e3-4890-a2b3-e1676ba7a78b" testId="d142964a-28e1-31ef-f078-65ede920107a" testName="Task.Desktop.Tests.VisualFoundationTests.Xaml_PreservesAutomationContractAndNonColorSelectionIndicators" computerName="TIM" duration="00:00:00.0277314" startTime="2026-09-06T01:12:46.4051786+03:00" endTime="2026-09-06T01:12:46.4327488+03:00" testType="13cdc9d9-ddb5-4fa4-a97d-d965ccfc6d4b" outcome="Passed" testListId="8c84fa94-04c1-424b-9868-57a2d4851a1d" relativeResultsDirectory="725ac3a1-45e3-4890-a2b3-e1676ba7a78b" />
    <UnitTestResult executionId="39c19b39-43c3-4d1f-8219-789e2dfdf4fe" testId="2f3db7e2-8fec-4e6e-8978-d1cbc9680b89" testName="Task.Desktop.Tests.VisualFoundationTests.PriorityMapping_IsTextPlusDirectionalShapeAndSemanticTone(priority: Low, expectedIcon: &quot;Task.Icon.Priority.Low&quot;, expectedTone: Success)" computerName="TIM" duration="00:00:00.0002970" startTime="2026-09-06T01:12:46.1592890+03:00" endTime="2026-09-06T01:12:46.1593843+03:00" testType="13cdc9d9-ddb5-4fa4-a97d-d965ccfc6d4b" outcome="Passed" testListId="8c84fa94-04c1-424b-9868-57a2d4851a1d" relativeResultsDirectory="39c19b39-43c3-4d1f-8219-789e2dfdf4fe" />
    <UnitTestResult executionId="b7b0e509-4fd0-4763-a493-04d9ecf4acb6" testId="b23c9797-729e-3416-d2f0-5b6501356c7e" testName="Task.Desktop.Tests.TaskScreen.TasksViewModelTests.InitialLoad_EmptyPage_ShowsEmptyState" computerName="TIM" duration="00:00:00.0015089" startTime="2026-09-06T01:12:46.2556808+03:00" endTime="2026-09-06T01:12:46.2570783+03:00" testType="13cdc9d9-ddb5-4fa4-a97d-d965ccfc6d4b" outcome="Passed" testListId="8c84fa94-04c1-424b-9868-57a2d4851a1d" relativeResultsDirectory="b7b0e509-4fd0-4763-a493-04d9ecf4acb6" />
    <UnitTestResult executionId="4ca638fa-32d6-4951-9107-d17328d903c2" testId="d7e823c7-1f42-75ad-bb66-bdd63cd6eb9f" testName="Task.Desktop.Tests.DesktopAuthApiClientTests.ChangePassword_Problem_MapsStableCode(status: Locked, code: &quot;ACCOUNT_BLOCKED&quot;, expected: AccountBlocked)" computerName="TIM" duration="00:00:00.0000771" startTime="2026-09-06T01:12:46.2429388+03:00" endTime="2026-09-06T01:12:46.2430122+03:00" testType="13cdc9d9-ddb5-4fa4-a97d-d965ccfc6d4b" outcome="Passed" testListId="8c84fa94-04c1-424b-9868-57a2d4851a1d" relativeResultsDirectory="4ca638fa-32d6-4951-9107-d17328d903c2" />
    <UnitTestResult executionId="c1b2485b-ae62-40da-bbaf-b4864363bdae" testId="2e641536-8d2f-d723-58e1-5f1de4d8f49b" testName="Task.Desktop.Tests.TaskScreen.TasksViewModelTests.Forbidden_ClearsPreviouslyVisibleData" computerName="TIM" duration="00:00:00.0012020" startTime="2026-09-06T01:12:46.2634619+03:00" endTime="2026-09-06T01:12:46.2640955+03:00" testType="13cdc9d9-ddb5-4fa4-a97d-d965ccfc6d4b" outcome="Passed" testListId="8c84fa94-04c1-424b-9868-57a2d4851a1d" relativeResultsDirectory="c1b2485b-ae62-40da-bbaf-b4864363bdae" />
    <UnitTestResult executionId="9ec1bda3-7775-4b1c-8359-cb638e048ef7" testId="5d5758a5-7da1-28e6-9ce3-17901f2e8e4f" testName="Task.Desktop.Tests.VisualFoundationTests.StatusMapping_IsTextPlusShapeAndSemanticTone(status: Completed, expectedIcon: &quot;Task.Icon.Status.Completed&quot;, expectedTone: Success)" computerName="TIM" duration="00:00:00.0000066" startTime="2026-09-06T01:12:46.1603504+03:00" endTime="2026-09-06T01:12:46.1603768+03:00" testType="13cdc9d9-ddb5-4fa4-a97d-d965ccfc6d4b" outcome="Passed" testListId="8c84fa94-04c1-424b-9868-57a2d4851a1d" relativeResultsDirectory="9ec1bda3-7775-4b1c-8359-cb638e048ef7" />
    <UnitTestResult executionId="13cc2a9e-5f51-44bd-81c4-c9b23924d4c3" testId="2922ffe6-c5f4-7705-a6be-a35305e310ff" testName="Task.Desktop.Tests.SessionServiceTests.ServerChange_ClearsCompleteLocalSessionAndDeliversReason" computerName="TIM" duration="00:00:00.0056089" startTime="2026-09-06T01:12:46.6889395+03:00" endTime="2026-09-06T01:12:46.6945535+03:00" testType="13cdc9d9-ddb5-4fa4-a97d-d965ccfc6d4b" outcome="Passed" testListId="8c84fa94-04c1-424b-9868-57a2d4851a1d" relativeResultsDirectory="13cc2a9e-5f51-44bd-81c4-c9b23924d4c3" />
    <UnitTestResult executionId="ee709572-dcad-4bea-946d-34040d2b858d" testId="03fd4e8f-0a2a-bde7-c580-167aa80f91c4" testName="Task.Desktop.Tests.Calendar.CalendarViewModelTests.WeekRange_KeepsRussianLabelsAcrossHostCultures(cultureName: &quot;en-US&quot;)" computerName="TIM" duration="00:00:00.0002641" startTime="2026-09-06T01:12:46.1731880+03:00" endTime="2026-09-06T01:12:46.1732190+03:00" testType="13cdc9d9-ddb5-4fa4-a97d-d965ccfc6d4b" outcome="Passed" testListId="8c84fa94-04c1-424b-9868-57a2d4851a1d" relativeResultsDirectory="ee709572-dcad-4bea-946d-34040d2b858d" />
    <UnitTestResult executionId="6f08c0fc-2183-46fa-b665-3c5390338706" testId="cacaff0d-90d2-f091-25a8-0fca76722eac" testName="Task.Desktop.Tests.Security.DesktopServerConnectionTests.Probe_Ready503_ReturnsNotReady" computerName="TIM" duration="00:00:00.0231683" startTime="2026-09-06T01:12:46.1769274+03:00" endTime="2026-09-06T01:12:46.1965275+03:00" testType="13cdc9d9-ddb5-4fa4-a97d-d965ccfc6d4b" outcome="Passed" testListId="8c84fa94-04c1-424b-9868-57a2d4851a1d" relativeResultsDirectory="6f08c0fc-2183-46fa-b665-3c5390338706" />
    <UnitTestResult executionId="fc95b638-67fe-424e-934d-316a71c80547" testId="4d42fc34-1ff8-49e4-9f45-4d3deefbf1f5" testName="Task.Desktop.Tests.SessionServiceTests.Restore_Success_ConfirmsReadySession" computerName="TIM" duration="00:00:00.0142856" startTime="2026-09-06T01:12:46.6738359+03:00" endTime="2026-09-06T01:12:46.6887618+03:00" testType="13cdc9d9-ddb5-4fa4-a97d-d965ccfc6d4b" outcome="Passed" testListId="8c84fa94-04c1-424b-9868-57a2d4851a1d" relativeResultsDirectory="fc95b638-67fe-424e-934d-316a71c80547" />
    <UnitTestResult executionId="06b38bc5-d9e4-4e7e-9e00-7f835dcd34ed" testId="eb5673ef-a1ed-010f-c572-6e7c9ed5798c" testName="Task.Desktop.Tests.SessionServiceTests.Refresh_RefreshTokenReuse_SignsOut" computerName="TIM" duration="00:00:00.0048124" startTime="2026-09-06T01:12:46.6259596+03:00" endTime="2026-09-06T01:12:46.6312011+03:00" testType="13cdc9d9-ddb5-4fa4-a97d-d965ccfc6d4b" outcome="Passed" testListId="8c84fa94-04c1-424b-9868-57a2d4851a1d" relativeResultsDirectory="06b38bc5-d9e4-4e7e-9e00-7f835dcd34ed" />
    <UnitTestResult executionId="e16d93d2-0c57-438c-9aaa-f0426a54d664" testId="3c74c8ec-c471-5efe-c8d7-e24a299806e2" testName="Task.Desktop.Tests.Calendar.CalendarAttendeeEditorTests.ResponseTimestamp_IsPreservedUntilResponseChanges" computerName="TIM" duration="00:00:00.0062006" startTime="2026-09-06T01:12:46.1698078+03:00" endTime="2026-09-06T01:12:46.1727051+03:00" testType="13cdc9d9-ddb5-4fa4-a97d-d965ccfc6d4b" outcome="Passed" testListId="8c84fa94-04c1-424b-9868-57a2d4851a1d" relativeResultsDirectory="e16d93d2-0c57-438c-9aaa-f0426a54d664" />
    <UnitTestResult executionId="754bc6bb-68fa-4756-97cd-59cacffd9f38" testId="da94c42d-361f-b42c-11db-ffbec6ed6f65" testName="Task.Desktop.Tests.DesktopAuthApiClientTests.Refresh_200_ParsesTokens" computerName="TIM" duration="00:00:00.0004911" startTime="2026-09-06T01:12:46.3352707+03:00" endTime="2026-09-06T01:12:46.3356880+03:00" testType="13cdc9d9-ddb5-4fa4-a97d-d965ccfc6d4b" outcome="Passed" testListId="8c84fa94-04c1-424b-9868-57a2d4851a1d" relativeResultsDirectory="754bc6bb-68fa-4756-97cd-59cacffd9f38" />
    <UnitTestResult executionId="e47f0654-cbd2-4e52-bc3d-190355550b84" testId="9acd0f12-3c3b-ec59-5dd2-5757b20e4570" testName="Task.Desktop.Tests.Security.DesktopServerConnectionTests.Settings_ChangingEndpoint_ClearsPersistedAndMemoryCredentials" computerName="TIM" duration="00:00:00.0143699" startTime="2026-09-06T01:12:46.2309229+03:00" endTime="2026-09-06T01:12:46.2449255+03:00" testType="13cdc9d9-ddb5-4fa4-a97d-d965ccfc6d4b" outcome="Passed" testListId="8c84fa94-04c1-424b-9868-57a2d4851a1d" relativeResultsDirectory="e47f0654-cbd2-4e52-bc3d-190355550b84" />
    <UnitTestResult executionId="fff7773a-6484-4f14-ad25-0c824819c64c" testId="c607af1d-e63d-80e0-f65d-ec79d62a4048" testName="Task.Desktop.Tests.AuthWorkflowViewModelTests.Login_NetworkFailure_StaysRetryableWithoutPersistingSession" computerName="TIM" duration="00:00:00.0027749" startTime="2026-09-06T01:12:46.4085591+03:00" endTime="2026-09-06T01:12:46.4107984+03:00" testType="13cdc9d9-ddb5-4fa4-a97d-d965ccfc6d4b" outcome="Passed" testListId="8c84fa94-04c1-424b-9868-57a2d4851a1d" relativeResultsDirectory="fff7773a-6484-4f14-ad25-0c824819c64c" />
    <UnitTestResult executionId="c9bbcde0-6e3b-4250-930d-6626589fb63e" testId="bc82ee34-23cf-84b3-ee0f-f9e48af9ea22" testName="Task.Desktop.Tests.DesktopAuthApiClientTests.Login_DevicePlatform_SerializesToContractString(platform: Windows, expected: &quot;windows&quot;)" computerName="TIM" duration="00:00:00.0006018" startTime="2026-09-06T01:12:46.2577701+03:00" endTime="2026-09-06T01:12:46.2582632+03:00" testType="13cdc9d9-ddb5-4fa4-a97d-d965ccfc6d4b" outcome="Passed" testListId="8c84fa94-04c1-424b-9868-57a2d4851a1d" relativeResultsDirectory="c9bbcde0-6e3b-4250-930d-6626589fb63e" />
    <UnitTestResult executionId="a7b781f7-81a0-4563-9d0f-ba9fbd195578" testId="1ecf7954-b079-f7bb-579b-f341ba27ac71" testName="Task.Desktop.Tests.AuthWorkflowViewModelTests.Login_SuccessWithConfirmedSession_TransitionsToReady" computerName="TIM" duration="00:00:00.0127753" startTime="2026-09-06T01:12:46.2871508+03:00" endTime="2026-09-06T01:12:46.3001728+03:00" testType="13cdc9d9-ddb5-4fa4-a97d-d965ccfc6d4b" outcome="Passed" testListId="8c84fa94-04c1-424b-9868-57a2d4851a1d" relativeResultsDirectory="a7b781f7-81a0-4563-9d0f-ba9fbd195578" />
    <UnitTestResult executionId="33544566-adef-48f7-95f5-636bdc1bc5e9" testId="c9cce939-dc7c-0455-4b7e-32b180ea52f5" testName="Task.Desktop.Tests.SessionServiceTests.ChangePassword_Success_ClearsRequirementOnlyAfterConfirmation" computerName="TIM" duration="00:00:00.0136295" startTime="2026-09-06T01:12:46.6121723+03:00" endTime="2026-09-06T01:12:46.6257964+03:00" testType="13cdc9d9-ddb5-4fa4-a97d-d965ccfc6d4b" outcome="Passed" testListId="8c84fa94-04c1-424b-9868-57a2d4851a1d" relativeResultsDirectory="33544566-adef-48f7-95f5-636bdc1bc5e9" />
    <UnitTestResult executionId="161e0422-8a35-4654-a147-6148e7afd974" testId="0d99694a-72f1-687a-c6dc-6d7fccb78be3" testName="Task.Desktop.Tests.AuthWorkflowViewModelTests.Login_InvalidCredentials_StaysOnLogin_KeepsLoginAndClearsPassword" computerName="TIM" duration="00:00:00.0038927" startTime="2026-09-06T01:12:46.4601694+03:00" endTime="2026-09-06T01:12:46.4640107+03:00" testType="13cdc9d9-ddb5-4fa4-a97d-d965ccfc6d4b" outcome="Passed" testListId="8c84fa94-04c1-424b-9868-57a2d4851a1d" relativeResultsDirectory="161e0422-8a35-4654-a147-6148e7afd974" />
    <UnitTestResult executionId="e5efc499-24e9-4374-98da-0a46730d57f1" testId="d3c6ff2e-4808-366f-704a-6c98e3bc923b" testName="Task.Desktop.Tests.Calendar.CalendarViewModelTests.Activate_MapsSevenDaysMixedItemsAndConflicts" computerName="TIM" duration="00:00:00.2360487" startTime="2026-09-06T01:12:45.9278156+03:00" endTime="2026-09-06T01:12:46.1729772+03:00" testType="13cdc9d9-ddb5-4fa4-a97d-d965ccfc6d4b" outcome="Passed" testListId="8c84fa94-04c1-424b-9868-57a2d4851a1d" relativeResultsDirectory="e5efc499-24e9-4374-98da-0a46730d57f1" />
    <UnitTestResult executionId="1c4aa831-308d-4b42-94d1-59c0551c67a9" testId="735424a7-effa-5415-ada0-6064a99f9f16" testName="Task.Desktop.Tests.DesktopAuthApiClientTests.Logout_NetworkError_ReturnsNetworkFailure" computerName="TIM" duration="00:00:00.0004028" startTime="2026-09-06T01:12:46.3339984+03:00" endTime="2026-09-06T01:12:46.3340251+03:00" testType="13cdc9d9-ddb5-4fa4-a97d-d965ccfc6d4b" outcome="Passed" testListId="8c84fa94-04c1-424b-9868-57a2d4851a1d" relativeResultsDirectory="1c4aa831-308d-4b42-94d1-59c0551c67a9" />
    <UnitTestResult executionId="4b433163-6de2-48a4-97e1-c8f6136fa360" testId="7d43f6af-cd76-8b40-a2b4-4e80fffd59bc" testName="Task.Desktop.Tests.AuthWorkflowViewModelTests.PasswordChange_AccountBlocked_ClearsVaultAndReturnsToLogin" computerName="TIM" duration="00:00:00.0055178" startTime="2026-09-06T01:12:46.3353117+03:00" endTime="2026-09-06T01:12:46.3407373+03:00" testType="13cdc9d9-ddb5-4fa4-a97d-d965ccfc6d4b" outcome="Passed" testListId="8c84fa94-04c1-424b-9868-57a2d4851a1d" relativeResultsDirectory="4b433163-6de2-48a4-97e1-c8f6136fa360" />
    <UnitTestResult executionId="414754ac-daa5-41f9-bbfd-aecd1f2314a8" testId="db88df72-ccfa-e02a-183b-bfe067f79a7a" testName="Task.Desktop.Tests.Security.DesktopServerConnectionTests.Address_InvalidValues_AreRejected(value: &quot;http://task.local&quot;, expected: NotHttps)" computerName="TIM" duration="00:00:00.0000849" startTime="2026-09-06T01:12:46.1577918+03:00" endTime="2026-09-06T01:12:46.1578590+03:00" testType="13cdc9d9-ddb5-4fa4-a97d-d965ccfc6d4b" outcome="Passed" testListId="8c84fa94-04c1-424b-9868-57a2d4851a1d" relativeResultsDirectory="414754ac-daa5-41f9-bbfd-aecd1f2314a8" />
    <UnitTestResult executionId="6bd13f13-4770-4553-9c34-6280e5cafecb" testId="b73ea535-f7a8-b841-06aa-b896d134793c" testName="Task.Desktop.Tests.Security.DesktopServerConnectionTests.Probe_CallerCancellation_IsPropagated" computerName="TIM" duration="00:00:00.0031520" startTime="2026-09-06T01:12:46.2602993+03:00" endTime="2026-09-06T01:12:46.2626238+03:00" testType="13cdc9d9-ddb5-4fa4-a97d-d965ccfc6d4b" outcome="Passed" testListId="8c84fa94-04c1-424b-9868-57a2d4851a1d" relativeResultsDirectory="6bd13f13-4770-4553-9c34-6280e5cafecb" />
    <UnitTestResult executionId="d8d085fc-46bf-406f-812b-e93e6ac6857d" testId="b53a45e2-f5df-f63a-febb-ce34225afd28" testName="Task.Desktop.Tests.TaskApi.DesktopTasksApiClientTests.WriteProblems_MapToExhaustiveSafeOutcomes" computerName="TIM" duration="00:00:00.0064659" startTime="2026-09-06T01:12:46.4017307+03:00" endTime="2026-09-06T01:12:46.4085939+03:00" testType="13cdc9d9-ddb5-4fa4-a97d-d965ccfc6d4b" outcome="Passed" testListId="8c84fa94-04c1-424b-9868-57a2d4851a1d" relativeResultsDirectory="d8d085fc-46bf-406f-812b-e93e6ac6857d" />
    <UnitTestResult executionId="35e65fa7-f44e-4ed3-ab49-621b8d8a6f31" testId="64e33822-df38-f3d3-485f-67ec44e8eddf" testName="Task.Desktop.Tests.SessionServiceTests.Login_SessionNetworkFailure_BlocksReadiness_AndKeepsVault" computerName="TIM" duration="00:00:00.0068212" startTime="2026-09-06T01:12:46.5391708+03:00" endTime="2026-09-06T01:12:46.5458605+03:00" testType="13cdc9d9-ddb5-4fa4-a97d-d965ccfc6d4b" outcome="Passed" testListId="8c84fa94-04c1-424b-9868-57a2d4851a1d" relativeResultsDirectory="35e65fa7-f44e-4ed3-ab49-621b8d8a6f31" />
    <UnitTestResult executionId="7c3fbcea-f786-4506-a741-0456e019963d" testId="c83f7e42-ba93-133e-dab0-8788d9ab0977" testName="Task.Desktop.Tests.TaskScreen.TasksViewModelTests.OpenById_PreservesExistingDraft" computerName="TIM" duration="00:00:00.0044595" startTime="2026-09-06T01:12:46.2333333+03:00" endTime="2026-09-06T01:12:46.2377956+03:00" testType="13cdc9d9-ddb5-4fa4-a97d-d965ccfc6d4b" outcome="Passed" testListId="8c84fa94-04c1-424b-9868-57a2d4851a1d" relativeResultsDirectory="7c3fbcea-f786-4506-a741-0456e019963d" />
    <UnitTestResult executionId="85353136-c219-49e5-9b9c-22b75ba71e86" testId="3e79e57c-d5e9-9f65-fc48-eb8ba0209de0" testName="Task.Desktop.Tests.DesktopAuthApiClientTests.Logout_NonProblemBody_ReturnsMalformedResponse" computerName="TIM" duration="00:00:00.0076072" startTime="2026-09-06T01:12:46.3323572+03:00" endTime="2026-09-06T01:12:46.3327062+03:00" testType="13cdc9d9-ddb5-4fa4-a97d-d965ccfc6d4b" outcome="Passed" testListId="8c84fa94-04c1-424b-9868-57a2d4851a1d" relativeResultsDirectory="85353136-c219-49e5-9b9c-22b75ba71e86" />
    <UnitTestResult executionId="7cbd0374-50d5-4dbb-b042-b9845c0c7597" testId="55d7e535-80f0-2cf1-c546-635d7b7dfe87" testName="Task.Desktop.Tests.DesktopCredentialVaultTests.Clear_RemovesFileAndAccessToken" computerName="TIM" duration="00:00:00.0020023" startTime="2026-09-06T01:12:46.3689539+03:00" endTime="2026-09-06T01:12:46.3701379+03:00" testType="13cdc9d9-ddb5-4fa4-a97d-d965ccfc6d4b" outcome="Passed" testListId="8c84fa94-04c1-424b-9868-57a2d4851a1d" relativeResultsDirectory="7cbd0374-50d5-4dbb-b042-b9845c0c7597" />
    <UnitTestResult executionId="f5788066-99c8-41b9-935a-af4a770a3cba" testId="7fdbbc20-ca59-ed44-1638-093f8de89b70" testName="Task.Desktop.Tests.SessionServiceTests.Refresh_StoredEntryWithoutDeviceKey_SignsOut" computerName="TIM" duration="00:00:00.0094368" startTime="2026-09-06T01:12:46.5285262+03:00" endTime="2026-09-06T01:12:46.5389074+03:00" testType="13cdc9d9-ddb5-4fa4-a97d-d965ccfc6d4b" outcome="Passed" testListId="8c84fa94-04c1-424b-9868-57a2d4851a1d" relativeResultsDirectory="f5788066-99c8-41b9-935a-af4a770a3cba" />
    <UnitTestResult executionId="ba4faa6f-474d-4799-9ccf-476c42d696e3" testId="824b2cd3-daa2-ab89-cafc-a36391722634" testName="Task.Desktop.Tests.AuthWorkflowViewModelTests.ChangeServer_ClearsOldVaultBeforeShowingSetup" computerName="TIM" duration="00:00:00.0118919" startTime="2026-09-06T01:12:46.2752673+03:00" endTime="2026-09-06T01:12:46.2870335+03:00" testType="13cdc9d9-ddb5-4fa4-a97d-d965ccfc6d4b" outcome="Passed" testListId="8c84fa94-04c1-424b-9868-57a2d4851a1d" relativeResultsDirectory="ba4faa6f-474d-4799-9ccf-476c42d696e3" />
    <UnitTestResult executionId="54c45f7d-e482-46eb-9f2d-178b34cca5ad" testId="d187816d-1629-e4c3-fc47-878ec679e927" testName="Task.Desktop.Tests.SessionServiceTests.Refresh_SessionExpired_SignsOutAndClearsVault" computerName="TIM" duration="00:00:00.0045369" startTime="2026-09-06T01:12:46.6419016+03:00" endTime="2026-09-06T01:12:46.6467529+03:00" testType="13cdc9d9-ddb5-4fa4-a97d-d965ccfc6d4b" outcome="Passed" testListId="8c84fa94-04c1-424b-9868-57a2d4851a1d" relativeResultsDirectory="54c45f7d-e482-46eb-9f2d-178b34cca5ad" />
    <UnitTestResult executionId="9f294227-e8d6-4ad1-a752-e58846c9b591" testId="daffee0a-c608-830e-c94e-a65dd08dc78e" testName="Task.Desktop.Tests.SessionServiceTests.Refresh_RateLimited_StaysSignedIn_AndSchedulesRetry" computerName="TIM" duration="00:00:00.0095122" startTime="2026-09-06T01:12:46.5703955+03:00" endTime="2026-09-06T01:12:46.5797739+03:00" testType="13cdc9d9-ddb5-4fa4-a97d-d965ccfc6d4b" outcome="Passed" testListId="8c84fa94-04c1-424b-9868-57a2d4851a1d" relativeResultsDirectory="9f294227-e8d6-4ad1-a752-e58846c9b591" />
    <UnitTestResult executionId="f58dc297-91a8-4d86-bed2-8c78b6c0b947" testId="2a063370-a9d1-d4fe-28ea-c4c5659b9059" testName="Task.Desktop.Tests.SessionServiceTests.Logout_DuringRefresh_LateRotationCannotRepopulateVault" computerName="TIM" duration="00:00:00.0172660" startTime="2026-09-06T01:12:46.2605624+03:00" endTime="2026-09-06T01:12:46.2791443+03:00" testType="13cdc9d9-ddb5-4fa4-a97d-d965ccfc6d4b" outcome="Passed" testListId="8c84fa94-04c1-424b-9868-57a2d4851a1d" relativeResultsDirectory="f58dc297-91a8-4d86-bed2-8c78b6c0b947" />
    <UnitTestResult executionId="61832118-577a-4312-8efd-8945589100af" testId="211c2adb-e9ba-b9f8-7f49-6914ec5e351d" testName="Task.Desktop.Tests.Security.DesktopServerConnectionTests.Address_InvalidValues_AreRejected(value: &quot;https://task.local#part&quot;, expected: FragmentNotAllowed)" computerName="TIM" duration="00:00:00.0001263" startTime="2026-09-06T01:12:46.1579414+03:00" endTime="2026-09-06T01:12:46.1579882+03:00" testType="13cdc9d9-ddb5-4fa4-a97d-d965ccfc6d4b" outcome="Passed" testListId="8c84fa94-04c1-424b-9868-57a2d4851a1d" relativeResultsDirectory="61832118-577a-4312-8efd-8945589100af" />
    <UnitTestResult executionId="50ea059e-1072-4bd9-a5a0-6f95cf46ec97" testId="993d6c37-9d29-6561-4764-0d6518564648" testName="Task.Desktop.Tests.DesktopCredentialVaultTests.CorruptFile_WrongVersion_ReturnsNull_AndIsolatesFile" computerName="TIM" duration="00:00:00.0173553" startTime="2026-09-06T01:12:46.3508109+03:00" endTime="2026-09-06T01:12:46.3688385+03:00" testType="13cdc9d9-ddb5-4fa4-a97d-d965ccfc6d4b" outcome="Passed" testListId="8c84fa94-04c1-424b-9868-57a2d4851a1d" relativeResultsDirectory="50ea059e-1072-4bd9-a5a0-6f95cf46ec97" />
    <UnitTestResult executionId="44cd2952-bb88-414f-8d1b-f1e0c3e96dd0" testId="e00c9dc4-7919-81ae-97c1-0c02f6791a0c" testName="Task.Desktop.Tests.AuthWorkflowViewModelTests.FirstLaunch_ShowsServerSetup_AndBlocksReady" computerName="TIM" duration="00:00:00.0005520" startTime="2026-09-06T01:12:46.3457225+03:00" endTime="2026-09-06T01:12:46.3462253+03:00" testType="13cdc9d9-ddb5-4fa4-a97d-d965ccfc6d4b" outcome="Passed" testListId="8c84fa94-04c1-424b-9868-57a2d4851a1d" relativeResultsDirectory="44cd2952-bb88-414f-8d1b-f1e0c3e96dd0" />
    <UnitTestResult executionId="b7e870d8-4185-405b-bce7-198f0c3b4e41" testId="5ce1bfa0-f7b0-f8b5-7bd8-8d9627f4d473" testName="Task.Desktop.Tests.VisualFoundationTests.NavigationWidth_UsesCanonicalCompactBreakpoint(windowWidth: 800, expected: 178)" computerName="TIM" duration="00:00:00.0000018" startTime="2026-09-06T01:12:46.1686326+03:00" endTime="2026-09-06T01:12:46.1686606+03:00" testType="13cdc9d9-ddb5-4fa4-a97d-d965ccfc6d4b" outcome="Passed" testListId="8c84fa94-04c1-424b-9868-57a2d4851a1d" relativeResultsDirectory="b7e870d8-4185-405b-bce7-198f0c3b4e41" />
    <UnitTestResult executionId="01c948f9-185f-4c9b-b33a-3b4ba35fa892" testId="f634f3aa-f28c-5ccf-fd7b-10c65842eab2" testName="Task.Desktop.Tests.SessionServiceTests.Refresh_SessionRevoked_DeliversReasonOutsideLock" computerName="TIM" duration="00:00:00.0096399" startTime="2026-09-06T01:12:46.5596780+03:00" endTime="2026-09-06T01:12:46.5696825+03:00" testType="13cdc9d9-ddb5-4fa4-a97d-d965ccfc6d4b" outcome="Passed" testListId="8c84fa94-04c1-424b-9868-57a2d4851a1d" relativeResultsDirectory="01c948f9-185f-4c9b-b33a-3b4ba35fa892" />
    <UnitTestResult executionId="f9301944-236d-4234-88d5-c524f365e708" testId="f2729453-a0d2-6eff-835e-ed31b05ac417" testName="Task.Desktop.Tests.DesktopCredentialVaultTests.CorruptFile_VersionOneFileWithoutDeviceKey_ReturnsNull_AndIsolatesFile" computerName="TIM" duration="00:00:00.3271928" startTime="2026-09-06T01:12:45.9279376+03:00" endTime="2026-09-06T01:12:46.2447975+03:00" testType="13cdc9d9-ddb5-4fa4-a97d-d965ccfc6d4b" outcome="Passed" testListId="8c84fa94-04c1-424b-9868-57a2d4851a1d" relativeResultsDirectory="f9301944-236d-4234-88d5-c524f365e708" />
    <UnitTestResult executionId="97d4d910-51fb-4a67-af18-bf5b5ce85bf3" testId="e4038893-d430-2683-7cee-8e5f2045917e" testName="Task.Desktop.Tests.MainWindowViewModelTests.ReadOnlyNotice_IsRussianAndCoversAllRestrictions" computerName="TIM" duration="00:00:00.0001257" startTime="2026-09-06T01:12:46.1801748+03:00" endTime="2026-09-06T01:12:46.1802052+03:00" testType="13cdc9d9-ddb5-4fa4-a97d-d965ccfc6d4b" outcome="Passed" testListId="8c84fa94-04c1-424b-9868-57a2d4851a1d" relativeResultsDirectory="97d4d910-51fb-4a67-af18-bf5b5ce85bf3" />
[...]
    <TestEntry testId="944ce58c-b648-2b96-2115-d915fc909f1d" executionId="da7d74fc-1c8d-4b5c-8507-232515372da5" testListId="8c84fa94-04c1-424b-9868-57a2d4851a1d" />
    <TestEntry testId="b42dca97-5913-da46-e081-71ab8ba5aba3" executionId="4e679975-6ea3-40f4-90bc-1f3636b13594" testListId="8c84fa94-04c1-424b-9868-57a2d4851a1d" />
    <TestEntry testId="c9bd6d23-ddfd-9397-a05f-fc9b416af685" executionId="879686e8-d4b6-44ab-bcfe-b9fe07b31cc8" testListId="8c84fa94-04c1-424b-9868-57a2d4851a1d" />
    <TestEntry testId="14a2923e-724e-c189-f530-fcc445072660" executionId="857a6c40-c9ee-484b-97f2-1c1966b4b858" testListId="8c84fa94-04c1-424b-9868-57a2d4851a1d" />
    <TestEntry testId="ba53e51a-5170-562a-f283-1f70e8b32dea" executionId="177b0817-ac62-4aa6-bf67-13bceb6e6018" testListId="8c84fa94-04c1-424b-9868-57a2d4851a1d" />
    <TestEntry testId="5134ae91-0289-1036-e5f0-37f0428285cb" executionId="d30af78c-52dd-4d03-ba72-1255448497c2" testListId="8c84fa94-04c1-424b-9868-57a2d4851a1d" />
    <TestEntry testId="921442e6-a2b7-1af4-c225-50d18b9f62ed" executionId="8945f064-a88b-4f4b-85c4-f8c7099409b5" testListId="8c84fa94-04c1-424b-9868-57a2d4851a1d" />
    <TestEntry testId="6b514437-5661-56ae-6e7e-393dc81c7e34" executionId="4f92a728-1600-4eac-a2f2-78f2fb65c253" testListId="8c84fa94-04c1-424b-9868-57a2d4851a1d" />
    <TestEntry testId="8922c0fb-1ca0-35bf-786c-fb6c804769cd" executionId="48a46ff5-95be-40c8-987d-00a32e19f045" testListId="8c84fa94-04c1-424b-9868-57a2d4851a1d" />
    <TestEntry testId="7f79958b-760e-bad7-1596-53cca7d968b3" executionId="b8103cc9-d512-4ebd-9bb6-23dd00d1945d" testListId="8c84fa94-04c1-424b-9868-57a2d4851a1d" />
    <TestEntry testId="7b07a194-b23c-027a-f481-1f5e8cfcda11" executionId="5828ecf3-50c0-464c-b73c-4778a7abe3a1" testListId="8c84fa94-04c1-424b-9868-57a2d4851a1d" />
    <TestEntry testId="2dbf75c7-72b7-660e-a5e9-6a42414afd3f" executionId="44f02331-adaa-4c2b-8341-9f92fac0d7f4" testListId="8c84fa94-04c1-424b-9868-57a2d4851a1d" />
    <TestEntry testId="b7022640-3268-a79f-e3c1-fa3388bb91bd" executionId="11c4ec30-7a00-493e-bcf0-b2711b180996" testListId="8c84fa94-04c1-424b-9868-57a2d4851a1d" />
    <TestEntry testId="2df344e4-4027-9ec1-e72b-93d444382a66" executionId="5fef7fe7-18d7-4acb-8174-3e071884f9cf" testListId="8c84fa94-04c1-424b-9868-57a2d4851a1d" />
    <TestEntry testId="57eaf7a4-6b88-b948-9c2b-e9095c092a93" executionId="7e136cc8-1d6e-43e8-b372-b92d29395a72" testListId="8c84fa94-04c1-424b-9868-57a2d4851a1d" />
    <TestEntry testId="1cc9d7c2-d8be-7617-007f-f25ddda03e4c" executionId="b0b9778b-d434-40da-a61d-91c818dfd60b" testListId="8c84fa94-04c1-424b-9868-57a2d4851a1d" />
    <TestEntry testId="59af65ef-e701-c042-6198-f7c42e152e9a" executionId="b63821ba-a0c0-4804-b754-02d07d27b58f" testListId="8c84fa94-04c1-424b-9868-57a2d4851a1d" />
    <TestEntry testId="74ae83dc-8cbb-ed0c-0be9-90e38239ebcf" executionId="80f1b6c0-2b3c-440f-b35c-ef07ef8e6013" testListId="8c84fa94-04c1-424b-9868-57a2d4851a1d" />
    <TestEntry testId="89d490fe-e485-a20e-5194-b89c054047d1" executionId="556dcfc7-80a2-4a8b-bdef-949073096064" testListId="8c84fa94-04c1-424b-9868-57a2d4851a1d" />
    <TestEntry testId="62a40c55-17a2-21d9-4aef-0c0204c3a3d0" executionId="6dfa025c-ccbb-47ae-9cb8-66ae5466c691" testListId="8c84fa94-04c1-424b-9868-57a2d4851a1d" />
    <TestEntry testId="78a46a07-6efa-9647-73dc-c5654cad704c" executionId="78b598ed-d9ad-4bb6-bbff-61ea7529eb8d" testListId="8c84fa94-04c1-424b-9868-57a2d4851a1d" />
    <TestEntry testId="dab0085d-4d95-45a7-c2fb-73c3bec14fae" executionId="3b354501-5ec8-48c8-a95d-d220d693d7de" testListId="8c84fa94-04c1-424b-9868-57a2d4851a1d" />
    <TestEntry testId="13f911e4-b665-e748-7793-c51d1cbb3939" executionId="bb3967b6-e753-480c-8b77-dfafc94d68e3" testListId="8c84fa94-04c1-424b-9868-57a2d4851a1d" />
    <TestEntry testId="e7088740-8794-23b5-94bb-d1257f09a694" executionId="f13e651b-0df1-4490-a175-cca058eee956" testListId="8c84fa94-04c1-424b-9868-57a2d4851a1d" />
    <TestEntry testId="56ea7543-f387-77fc-b441-764d2f805c54" executionId="67435626-7d9d-45cb-8584-19678bbd5430" testListId="8c84fa94-04c1-424b-9868-57a2d4851a1d" />
    <TestEntry testId="2b28c2d3-5494-ee8a-02ed-8322b524e666" executionId="be0b35ed-8bc0-4331-b09f-f8b81b0c1e8b" testListId="8c84fa94-04c1-424b-9868-57a2d4851a1d" />
    <TestEntry testId="8869487e-56cb-26b3-39f5-a5e693874bf9" executionId="93412f16-c898-4e05-a3f7-d0c890d1f1bf" testListId="8c84fa94-04c1-424b-9868-57a2d4851a1d" />
    <TestEntry testId="069bf8e0-3f73-4ad2-48e0-90e71ddb2ab3" executionId="ebffb6e5-5e9a-47a1-822a-da5ac03df71b" testListId="8c84fa94-04c1-424b-9868-57a2d4851a1d" />
    <TestEntry testId="05117786-0ba5-8710-3f63-17c7b16720cf" executionId="816dd6da-3231-4531-9f1c-b1c85b1e56ef" testListId="8c84fa94-04c1-424b-9868-57a2d4851a1d" />
    <TestEntry testId="02df02b7-586c-2eb5-efed-01fec38cc313" executionId="6b8bae67-60a9-4d3d-9b3e-7515a14b1e74" testListId="8c84fa94-04c1-424b-9868-57a2d4851a1d" />
    <TestEntry testId="6d638548-8e41-6fb1-f98e-fc2582aa694c" executionId="f0a1f773-0226-4637-b7dd-8f68a641c772" testListId="8c84fa94-04c1-424b-9868-57a2d4851a1d" />
    <TestEntry testId="790c6fa1-0e00-b0f1-a531-5626088dc550" executionId="167d850c-df31-4957-8785-7be42eb1cf34" testListId="8c84fa94-04c1-424b-9868-57a2d4851a1d" />
    <TestEntry testId="b62d6e74-297e-e176-9434-d59092a2c3d9" executionId="083719cd-aa31-439f-a860-32864bcdce48" testListId="8c84fa94-04c1-424b-9868-57a2d4851a1d" />
    <TestEntry testId="d5270f45-de07-8cd5-5c04-c22881d040d4" executionId="6b300df4-fd7c-43eb-b9cd-1c52a5cbb85a" testListId="8c84fa94-04c1-424b-9868-57a2d4851a1d" />
    <TestEntry testId="bc1a1633-1fe8-8521-b408-95896a4d4e4b" executionId="b1bf176b-cf05-4bcb-85f6-6c408972fc91" testListId="8c84fa94-04c1-424b-9868-57a2d4851a1d" />
    <TestEntry testId="f3bbedf8-3645-59e3-87de-e081690c5126" executionId="1c57c716-9302-45cc-8e3a-eb840a1b86f9" testListId="8c84fa94-04c1-424b-9868-57a2d4851a1d" />
    <TestEntry testId="e267faac-fc6c-0fec-e43f-24b9f2de2cb6" executionId="a25d6b11-cdd3-4db9-b464-fa0d816da7f7" testListId="8c84fa94-04c1-424b-9868-57a2d4851a1d" />
    <TestEntry testId="e3216c8e-3e47-14d5-b4c7-c18df93ed65f" executionId="997ab8e0-420d-4300-a815-5adf12ed496b" testListId="8c84fa94-04c1-424b-9868-57a2d4851a1d" />
    <TestEntry testId="80b1f30c-540a-51c5-73fe-b57a988b0301" executionId="118b9cb0-6084-4a9d-a4cf-0f45e8b8eedb" testListId="8c84fa94-04c1-424b-9868-57a2d4851a1d" />
    <TestEntry testId="45811efe-691d-b2fe-b254-76f69b2b1936" executionId="6fa99592-932c-411b-be95-a64230df2cea" testListId="8c84fa94-04c1-424b-9868-57a2d4851a1d" />
    <TestEntry testId="9abbc2b3-2ef8-d0bb-db18-2a7bfd10dcb4" executionId="11f79633-d41f-43d3-8708-d8eb29ccc3c2" testListId="8c84fa94-04c1-424b-9868-57a2d4851a1d" />
    <TestEntry testId="0feaea67-3197-66fe-5ad8-0662568dfb34" executionId="97cb77c0-16ba-4d9d-aa73-869fed25c6b5" testListId="8c84fa94-04c1-424b-9868-57a2d4851a1d" />
    <TestEntry testId="8586bf44-3c31-4885-bd31-d4a69cc3ed3a" executionId="ec74427f-89e5-4422-bbf6-23010c123a07" testListId="8c84fa94-04c1-424b-9868-57a2d4851a1d" />
    <TestEntry testId="87eda9e8-3bfb-e04d-e25b-8207836b38db" executionId="2d8ab380-152d-4544-b562-f40874ba6617" testListId="8c84fa94-04c1-424b-9868-57a2d4851a1d" />
    <TestEntry testId="787b1d5f-cbac-3eaf-1314-7a6681fb9f36" executionId="fc7bd85a-152d-40be-a0b7-ec57fe6411e8" testListId="8c84fa94-04c1-424b-9868-57a2d4851a1d" />
    <TestEntry testId="19f1b1cb-ee1d-563c-9e6c-5f5ea2a2aba2" executionId="744984de-942c-4efd-a8d7-abf84c684848" testListId="8c84fa94-04c1-424b-9868-57a2d4851a1d" />
    <TestEntry testId="2e60936e-1920-d5d0-3e17-0446bd85e23f" executionId="c44e1744-d8d6-4e92-958a-d32f56a2a42d" testListId="8c84fa94-04c1-424b-9868-57a2d4851a1d" />
    <TestEntry testId="d25dfba3-5f59-08bf-c2cb-5958b71f54a3" executionId="93093000-17ef-4223-872f-fe69ac5bca5d" testListId="8c84fa94-04c1-424b-9868-57a2d4851a1d" />
    <TestEntry testId="a8c40c01-f374-af37-f278-884d33997e4c" executionId="78f095cb-844b-4b0f-9faf-f1fe9ba2a674" testListId="8c84fa94-04c1-424b-9868-57a2d4851a1d" />
    <TestEntry testId="35c7232e-8898-41db-5fb5-430cfd515f43" executionId="85c7f2a9-7198-4c12-b4bd-8e1f92ee3d02" testListId="8c84fa94-04c1-424b-9868-57a2d4851a1d" />
    <TestEntry testId="c4468fa2-d9f7-6c4a-d92a-81b812de9fd9" executionId="dda0b579-58bd-460c-b27b-f151b14cf96b" testListId="8c84fa94-04c1-424b-9868-57a2d4851a1d" />
    <TestEntry testId="5f1339ad-82d1-288e-2b45-e36caf394181" executionId="3c844aa6-b3fc-4c44-9876-5cf020ea9a49" testListId="8c84fa94-04c1-424b-9868-57a2d4851a1d" />
    <TestEntry testId="163fa2a8-3710-83c9-635e-18d0cb4ee76f" executionId="b11666bc-e9ce-4c00-a8fc-fb6042e469f0" testListId="8c84fa94-04c1-424b-9868-57a2d4851a1d" />
    <TestEntry testId="b7727c8f-db5a-3546-e71e-3d2b2834ec3d" executionId="ad5262a2-5dd8-4c8b-80bf-cd5cb0c31cd4" testListId="8c84fa94-04c1-424b-9868-57a2d4851a1d" />
    <TestEntry testId="33f9e388-c060-4573-ff3b-5a18b4d07a67" executionId="9784e0f6-5c6e-49c9-9e61-92e5428319e2" testListId="8c84fa94-04c1-424b-9868-57a2d4851a1d" />
    <TestEntry testId="f2a36873-88d8-932d-82df-4200d7446426" executionId="1c913eeb-f55f-4766-b53d-650c62abcd1c" testListId="8c84fa94-04c1-424b-9868-57a2d4851a1d" />
    <TestEntry testId="d1fe2a79-d2a3-1f82-c177-d2a210ac6e0d" executionId="965ff9e9-0913-4ceb-af83-b30782baab34" testListId="8c84fa94-04c1-424b-9868-57a2d4851a1d" />
    <TestEntry testId="88f2043f-8781-04a1-d468-aa51a5f453a2" executionId="deebb12f-73a5-4806-966e-77143c1f9c04" testListId="8c84fa94-04c1-424b-9868-57a2d4851a1d" />
    <TestEntry testId="5ebd2a10-2e57-0d94-94b1-b89fa5798af4" executionId="190d401c-f5c2-484c-b446-7875d15e0482" testListId="8c84fa94-04c1-424b-9868-57a2d4851a1d" />
    <TestEntry testId="29bf7ff7-9451-2552-8e06-127b9b34165d" executionId="593a7c14-040e-488b-ba5e-5e10fa17f1c7" testListId="8c84fa94-04c1-424b-9868-57a2d4851a1d" />
    <TestEntry testId="2d67a645-8105-cd87-aa5a-53ba15764060" executionId="71fdcedc-15d6-4338-8210-d84b939eb387" testListId="8c84fa94-04c1-424b-9868-57a2d4851a1d" />
    <TestEntry testId="287a853c-9961-372d-9f78-b2949b7e36f2" executionId="e8e1a43d-14ed-4750-8e13-55c09fe3819a" testListId="8c84fa94-04c1-424b-9868-57a2d4851a1d" />
    <TestEntry testId="4f3fa097-4005-4d3b-9921-c936e2489381" executionId="c2fd0b1a-0393-4ef7-a689-9fa9cab8b6db" testListId="8c84fa94-04c1-424b-9868-57a2d4851a1d" />
    <TestEntry testId="8866a2e2-0ab9-08a7-2fba-f188ff0d9def" executionId="742fa744-b0f7-4057-950d-73a5ed1c01f5" testListId="8c84fa94-04c1-424b-9868-57a2d4851a1d" />
    <TestEntry testId="96ebd57e-1821-6008-ef4a-be441307b294" executionId="d7a461ef-5b0d-4708-879b-ae6699bce722" testListId="8c84fa94-04c1-424b-9868-57a2d4851a1d" />
    <TestEntry testId="97de22c7-0ef5-dffb-b716-ee1a46f7a38b" executionId="ecb85122-0884-43fd-b20f-6f247226efac" testListId="8c84fa94-04c1-424b-9868-57a2d4851a1d" />
    <TestEntry testId="30348672-8664-3147-313d-742040d7f644" executionId="89785786-0a60-45aa-a8a8-38aa0199e336" testListId="8c84fa94-04c1-424b-9868-57a2d4851a1d" />
    <TestEntry testId="4bdcd143-f3b0-3118-a344-fe9f5b447639" executionId="1d85fe23-20fc-4435-8b87-c4b9f43ee038" testListId="8c84fa94-04c1-424b-9868-57a2d4851a1d" />
    <TestEntry testId="0d9545aa-c03c-27a2-bc10-6a8cd291a986" executionId="66b65a08-5bc4-427b-b7b7-513a8664abb1" testListId="8c84fa94-04c1-424b-9868-57a2d4851a1d" />
    <TestEntry testId="5f2b2722-0b2a-c23e-c7b6-dabc2e311f99" executionId="2710a344-163c-49cc-b6fa-a4dda5aa599d" testListId="8c84fa94-04c1-424b-9868-57a2d4851a1d" />
    <TestEntry testId="b4ce9fdd-cff0-fb4b-3a3e-de0842a9cc8a" executionId="d007df8a-ac02-40b7-83c6-d96e78c7f75f" testListId="8c84fa94-04c1-424b-9868-57a2d4851a1d" />
    <TestEntry testId="4326c47f-10be-8956-757f-cdf32ae57057" executionId="bf7d810e-94c5-4d38-9696-911504bb0bed" testListId="8c84fa94-04c1-424b-9868-57a2d4851a1d" />
    <TestEntry testId="336ab4f0-2522-cb79-1525-42bc1a86e8b2" executionId="a21b4848-dd0f-40e5-886b-4a7657e62698" testListId="8c84fa94-04c1-424b-9868-57a2d4851a1d" />
    <TestEntry testId="80f4295c-bb9e-f0f8-541a-f72995b6e97c" executionId="3f05f60f-5854-4e2e-8dec-86749dd256cb" testListId="8c84fa94-04c1-424b-9868-57a2d4851a1d" />
    <TestEntry testId="e7a9a731-eed0-855c-53f3-9656716db298" executionId="302ec90c-7c2e-4f57-821a-042b2f43de6d" testListId="8c84fa94-04c1-424b-9868-57a2d4851a1d" />
    <TestEntry testId="8c93eb10-43c7-0f4b-4b09-8157072ab5a3" executionId="1d0e15e3-2ad9-4094-95d7-07fd9bd0747e" testListId="8c84fa94-04c1-424b-9868-57a2d4851a1d" />
    <TestEntry testId="2f916946-db21-0054-321a-b874320b0ff5" executionId="c02b9b83-8dde-4c69-bcc0-5606cd49be41" testListId="8c84fa94-04c1-424b-9868-57a2d4851a1d" />
    <TestEntry testId="a1deb016-908a-e9bd-032c-ec935029d322" executionId="83d248ca-907f-485b-a719-780cd28a999c" testListId="8c84fa94-04c1-424b-9868-57a2d4851a1d" />
    <TestEntry testId="afe366d6-719d-21fb-807f-a29b43f9a01b" executionId="1fcabe57-bf85-47e0-852f-377669a4f35d" testListId="8c84fa94-04c1-424b-9868-57a2d4851a1d" />
    <TestEntry testId="51fed36a-aab5-e7c5-f837-17c4b66ad799" executionId="83057d4e-d079-4cdb-beaf-905ba90eef3d" testListId="8c84fa94-04c1-424b-9868-57a2d4851a1d" />
    <TestEntry testId="d1d0c781-c9c9-eb48-ee23-ce13aa79ba76" executionId="80ab39f6-5f58-4aef-8cd5-4ebe1a12a8d2" testListId="8c84fa94-04c1-424b-9868-57a2d4851a1d" />
    <TestEntry testId="d56e0ed1-dc41-c1b1-f1ed-89b5810e53d0" executionId="a1992324-aa0d-49b5-ad26-40ff0ba78705" testListId="8c84fa94-04c1-424b-9868-57a2d4851a1d" />
    <TestEntry testId="69d2dd46-7214-affb-7ac5-6503196cdb05" executionId="60c8dcb4-69c6-4240-95ff-5f9852610153" testListId="8c84fa94-04c1-424b-9868-57a2d4851a1d" />
    <TestEntry testId="43f30076-ca1f-2344-9002-64b5236abd35" executionId="d9ffc6f2-f4d4-4c69-b61e-5c8a42d2af9f" testListId="8c84fa94-04c1-424b-9868-57a2d4851a1d" />
    <TestEntry testId="99b9645e-a4af-6092-a468-d03aaf64f280" executionId="a2805c77-011b-42d8-89ad-53dd1517cba9" testListId="8c84fa94-04c1-424b-9868-57a2d4851a1d" />
    <TestEntry testId="01dec992-533c-771a-7446-1cb47ec8bd97" executionId="56aecd79-5699-4734-9aaf-a6815151b1ea" testListId="8c84fa94-04c1-424b-9868-57a2d4851a1d" />
    <TestEntry testId="423db34c-03cd-c9fe-955f-2a79efd752f9" executionId="4f360055-91c4-4cf4-925e-26b2a61f92fe" testListId="8c84fa94-04c1-424b-9868-57a2d4851a1d" />
    <TestEntry testId="c1720af1-0ce8-2f66-549e-d3607ba7ec66" executionId="df8874cf-9a41-48d9-9545-4f5e6c98ebc9" testListId="8c84fa94-04c1-424b-9868-57a2d4851a1d" />
    <TestEntry testId="fd4322ef-1eb6-bc95-430e-ad118085d422" executionId="e753e8fe-d290-406c-9e66-7451ea61d1f3" testListId="8c84fa94-04c1-424b-9868-57a2d4851a1d" />
    <TestEntry testId="4e59dc9b-abf9-1e3d-69c0-07f4cf30dd62" executionId="4a3e3821-23fb-4f63-88af-795e2218474e" testListId="8c84fa94-04c1-424b-9868-57a2d4851a1d" />
    <TestEntry testId="7fc8c444-59de-f058-d813-293e48741f84" executionId="7e119601-d1c2-4c34-bd17-ae81284a645b" testListId="8c84fa94-04c1-424b-9868-57a2d4851a1d" />
    <TestEntry testId="7272dc63-4cd1-d276-e3db-41b08a0a65ba" executionId="fdc1db37-b047-446d-8da9-ad9463be4797" testListId="8c84fa94-04c1-424b-9868-57a2d4851a1d" />
    <TestEntry testId="d53992b5-80cc-bba7-4a1a-68a647f9f584" executionId="90285e55-a243-4c9c-a790-cf9f9da770aa" testListId="8c84fa94-04c1-424b-9868-57a2d4851a1d" />
    <TestEntry testId="870094f1-c565-d535-50a8-e132daf3228d" executionId="0147e7a5-b4e3-4167-9419-31da8708598f" testListId="8c84fa94-04c1-424b-9868-57a2d4851a1d" />
    <TestEntry testId="a7ec4bac-3e46-736b-24f0-c1fd4b08ee3e" executionId="9bf5341a-464c-4850-af35-cc888e64ec0c" testListId="8c84fa94-04c1-424b-9868-57a2d4851a1d" />
    <TestEntry testId="7ab85740-baf5-14d1-d67f-6414b26b5aaa" executionId="78a7e168-81b8-4438-9293-ad137f9a051d" testListId="8c84fa94-04c1-424b-9868-57a2d4851a1d" />
    <TestEntry testId="bf23896a-7a77-b466-2b5f-4c874becf5dd" executionId="86f94188-6616-40c8-beeb-25bf6f5aeb66" testListId="8c84fa94-04c1-424b-9868-57a2d4851a1d" />
    <TestEntry testId="5d65ae98-2580-6457-862a-e8791c8e4f91" executionId="08d47c28-145f-45de-a020-b93b89d42ef6" testListId="8c84fa94-04c1-424b-9868-57a2d4851a1d" />
    <TestEntry testId="2194f438-2ece-1930-5867-53115e19bb0f" executionId="3d7ffa48-8054-4a69-b42c-9ecf342b3d00" testListId="8c84fa94-04c1-424b-9868-57a2d4851a1d" />
    <TestEntry testId="e1b845a9-9479-219e-9c1c-d22dc05c14da" executionId="259c772a-ca7f-41d8-b973-9005224102cd" testListId="8c84fa94-04c1-424b-9868-57a2d4851a1d" />
    <TestEntry testId="dce07d09-99f7-87d4-e886-29e936cf55ca" executionId="fcba72d3-2147-47e5-add9-29508f426aca" testListId="8c84fa94-04c1-424b-9868-57a2d4851a1d" />
    <TestEntry testId="951dc79b-0c3f-8138-60de-fe4102b5845b" executionId="2e282b59-8e2b-49b9-a005-dd18e00af5e1" testListId="8c84fa94-04c1-424b-9868-57a2d4851a1d" />
    <TestEntry testId="88c265f4-10d4-97de-dda8-86c002881f3b" executionId="b56dba80-11f9-4007-ae9b-c0430b490d4a" testListId="8c84fa94-04c1-424b-9868-57a2d4851a1d" />
    <TestEntry testId="ed17dc6f-14fb-2d3f-5b31-ba18f46b87c7" executionId="1da09329-505d-4815-82ca-68a036921e33" testListId="8c84fa94-04c1-424b-9868-57a2d4851a1d" />
    <TestEntry testId="3d0c5d06-788f-6770-a837-f117716fc771" executionId="d8ffca73-e6fe-42fa-8406-2ef54354e44b" testListId="8c84fa94-04c1-424b-9868-57a2d4851a1d" />
    <TestEntry testId="d888890c-9cf2-f0fd-7d83-122bf8a9c4e2" executionId="2959021e-83f6-401a-af98-ee4086551100" testListId="8c84fa94-04c1-424b-9868-57a2d4851a1d" />
    <TestEntry testId="726013e0-ad33-2881-d164-a416815d70d7" executionId="d0987f26-37de-47ca-82c8-f29e128274b7" testListId="8c84fa94-04c1-424b-9868-57a2d4851a1d" />
    <TestEntry testId="36a13565-f0ea-533a-3216-25818bf3baf9" executionId="dd5b080b-648b-47eb-884c-f4dd2c8897ef" testListId="8c84fa94-04c1-424b-9868-57a2d4851a1d" />
    <TestEntry testId="b84d2496-0752-0f9e-ba1c-eaedf4406e14" executionId="24d4e7ae-0d64-45ec-a352-30bbc95bad65" testListId="8c84fa94-04c1-424b-9868-57a2d4851a1d" />
    <TestEntry testId="346def2f-5325-9339-d177-6d33549c4b2c" executionId="46f11c27-d2aa-452e-a8d6-817fe2d1fa3e" testListId="8c84fa94-04c1-424b-9868-57a2d4851a1d" />
    <TestEntry testId="3fbe6c07-f05a-5271-03e8-5c4b63ac942b" executionId="d086e5e0-5326-43cf-b311-11b5da80ea9f" testListId="8c84fa94-04c1-424b-9868-57a2d4851a1d" />
    <TestEntry testId="61774726-f036-8830-effb-8c059f94b56b" executionId="7447cc29-a0ce-4267-bdd7-35a2145e0240" testListId="8c84fa94-04c1-424b-9868-57a2d4851a1d" />
    <TestEntry testId="f08df435-4e8e-d471-1f12-a55d0e92ce72" executionId="20677afe-9484-4552-9062-a787309b7026" testListId="8c84fa94-04c1-424b-9868-57a2d4851a1d" />
    <TestEntry testId="a91f5eba-fff0-6c6a-1d42-6dc7ac58465e" executionId="73c34239-be0d-4f5d-8521-6fe4ac02ad5c" testListId="8c84fa94-04c1-424b-9868-57a2d4851a1d" />
    <TestEntry testId="3b8a2199-b778-a717-d5ea-f4994d3ec9aa" executionId="6eb82e8c-dbae-4ada-a588-87efc3b8aeac" testListId="8c84fa94-04c1-424b-9868-57a2d4851a1d" />
  </TestEntries>
  <TestLists>
    <TestList name="Список результатов" id="8c84fa94-04c1-424b-9868-57a2d4851a1d" />
    <TestList name="Все загруженные результаты" id="19431567-8539-422a-85d7-44ee4e166bda" />
  </TestLists>
  <ResultSummary outcome="Completed">
    <Counters total="269" executed="269" passed="269" failed="0" error="0" timeout="0" aborted="0" inconclusive="0" passedButRunAborted="0" notRunnable="0" notExecuted="0" disconnected="0" warning="0" completed="0" inProgress="0" pending="0" />
    <Output>
      <StdOut>[xUnit.net 00:00:00.00] xUnit.net VSTest Adapter v3.1.4+50e68bbb8b (64-bit .NET 10.0.11)&#xD;
[xUnit.net 00:00:00.35]   Discovering: Task.Desktop.Tests&#xD;
[xUnit.net 00:00:00.41]   Discovered:  Task.Desktop.Tests&#xD;
[xUnit.net 00:00:00.44]   Starting:    Task.Desktop.Tests&#xD;
[xUnit.net 00:00:03.09]   Finished:    Task.Desktop.Tests&#xD;
</StdOut>
    </Output>
  </ResultSummary>
</TestRun>